{"date":"2019-11-06T11:59:56.896","level":"DEBUG","category":"check_eth_account.js","host":"ubuntu","pid":"25152","data":'the param is:{"transfer_from_address":"0x9571D6c7bBE67DD4655a9B7C65b1a4a0C95A7A90","transfer_amount":"10"}'}
{"date":"2019-11-06T12:59:17.876","level":"DEBUG","category":"check_eth_account.js","host":"ubuntu","pid":"27005","data":'the param is:{"transfer_from_address":"0x9571D6c7bBE67DD4655a9B7C65b1a4a0C95A7A90","transfer_amount":"10"}'}
{"date":"2019-11-06T13:18:31.635","level":"DEBUG","category":"check_eth_account.js","host":"ubuntu","pid":"27593","data":'the param is:{"transfer_from_address":"0x9571D6c7bBE67DD4655a9B7C65b1a4a0C95A7A90","transfer_amount":"10"}'}
{"date":"2019-11-06T13:55:50.434","level":"DEBUG","category":"check_eth_account.js","host":"ubuntu","pid":"28095","data":'the param is:{"transfer_from_address":"0x1f5862a717Fa55bc529C8445D524b84ed153ffcB","transfer_amount":"15"}'}
{"date":"2019-11-06T13:57:29.159","level":"DEBUG","category":"check_eth_account.js","host":"ubuntu","pid":"28095","data":'the param is:{"transfer_from_address":"0x1f5862a717Fa55bc529C8445D524b84ed153ffcB","transfer_amount":"15"}'}
{"date":"2019-11-06T14:02:18.613","level":"DEBUG","category":"check_eth_account.js","host":"ubuntu","pid":"28095","data":'the param is:{"transfer_from_address":"0x1f5862a717Fa55bc529C8445D524b84ed153ffcB","transfer_amount":"15"}'}
{"date":"2019-11-06T14:15:07.597","level":"DEBUG","category":"check_eth_account.js","host":"ubuntu","pid":"28095","data":'the param is:{"transfer_from_address":"0x3A046ECba14fF5221cc9ab00026A118FB2821eE8","transfer_amount":"1"}'}
{"date":"2019-11-06T14:15:13.100","level":"DEBUG","category":"check_eth_account.js","host":"ubuntu","pid":"28095","data":'the param is:{"transfer_from_address":"0x3A046ECba14fF5221cc9ab00026A118FB2821eE8","transfer_amount":"1"}'}
{"date":"2019-11-06T14:15:16.952","level":"DEBUG","category":"check_eth_account.js","host":"ubuntu","pid":"28095","data":'the param is:{"transfer_from_address":"0x3A046ECba14fF5221cc9ab00026A118FB2821eE8","transfer_amount":"1"}'}
{"date":"2019-11-06T14:15:20.608","level":"DEBUG","category":"check_eth_account.js","host":"ubuntu","pid":"28095","data":'the param is:{"transfer_from_address":"0x3A046ECba14fF5221cc9ab00026A118FB2821eE8","transfer_amount":"1"}'}
{"date":"2019-11-06T14:15:24.236","level":"DEBUG","category":"check_eth_account.js","host":"ubuntu","pid":"28095","data":'the param is:{"transfer_from_address":"0x3A046ECba14fF5221cc9ab00026A118FB2821eE8","transfer_amount":"1"}'}
{"date":"2019-11-06T14:15:28.036","level":"DEBUG","category":"check_eth_account.js","host":"ubuntu","pid":"28095","data":'the param is:{"transfer_from_address":"0x3A046ECba14fF5221cc9ab00026A118FB2821eE8","transfer_amount":"1"}'}
{"date":"2019-11-06T14:17:48.078","level":"DEBUG","category":"check_eth_account.js","host":"ubuntu","pid":"28095","data":'the param is:{"transfer_from_address":"0x3A046ECba14fF5221cc9ab00026A118FB2821eE8","transfer_amount":"1"}'}
{"date":"2019-11-06T14:17:51.138","level":"DEBUG","category":"check_eth_account.js","host":"ubuntu","pid":"28095","data":'the param is:{"transfer_from_address":"0x3A046ECba14fF5221cc9ab00026A118FB2821eE8","transfer_amount":"1"}'}
{"date":"2019-11-06T14:17:53.786","level":"DEBUG","category":"check_eth_account.js","host":"ubuntu","pid":"28095","data":'the param is:{"transfer_from_address":"0x3A046ECba14fF5221cc9ab00026A118FB2821eE8","transfer_amount":"1"}'}
{"date":"2019-11-06T14:17:56.391","level":"DEBUG","category":"check_eth_account.js","host":"ubuntu","pid":"28095","data":'the param is:{"transfer_from_address":"0x3A046ECba14fF5221cc9ab00026A118FB2821eE8","transfer_amount":"1"}'}
{"date":"2019-11-06T14:17:59.253","level":"DEBUG","category":"check_eth_account.js","host":"ubuntu","pid":"28095","data":'the param is:{"transfer_from_address":"0x3A046ECba14fF5221cc9ab00026A118FB2821eE8","transfer_amount":"1"}'}
{"date":"2019-11-06T14:18:01.949","level":"DEBUG","category":"check_eth_account.js","host":"ubuntu","pid":"28095","data":'the param is:{"transfer_from_address":"0x3A046ECba14fF5221cc9ab00026A118FB2821eE8","transfer_amount":"1"}'}
{"date":"2019-11-06T14:18:06.372","level":"DEBUG","category":"check_eth_account.js","host":"ubuntu","pid":"28095","data":'the param is:{"transfer_from_address":"0x3A046ECba14fF5221cc9ab00026A118FB2821eE8","transfer_amount":"1"}'}
{"date":"2019-11-06T14:18:10.534","level":"DEBUG","category":"check_eth_account.js","host":"ubuntu","pid":"28095","data":'the param is:{"transfer_from_address":"0x3A046ECba14fF5221cc9ab00026A118FB2821eE8","transfer_amount":"1"}'}
{"date":"2019-11-06T14:18:14.312","level":"DEBUG","category":"check_eth_account.js","host":"ubuntu","pid":"28095","data":'the param is:{"transfer_from_address":"0x3A046ECba14fF5221cc9ab00026A118FB2821eE8","transfer_amount":"1"}'}
{"date":"2019-11-06T14:18:17.080","level":"DEBUG","category":"check_eth_account.js","host":"ubuntu","pid":"28095","data":'the param is:{"transfer_from_address":"0x3A046ECba14fF5221cc9ab00026A118FB2821eE8","transfer_amount":"1"}'}
{"date":"2019-11-06T14:49:21.853","level":"DEBUG","category":"check_eth_account.js","host":"ubuntu","pid":"28095","data":'the param is:{"transfer_from_address":"0x3A046ECba14fF5221cc9ab00026A118FB2821eE8","transfer_amount":"1"}'}
{"date":"2019-11-06T14:56:36.928","level":"DEBUG","category":"check_eth_account.js","host":"ubuntu","pid":"28095","data":'the param is:{"transfer_from_address":"0x3A046ECba14fF5221cc9ab00026A118FB2821eE8","transfer_amount":"1"}'}
{"date":"2019-11-06T14:59:46.954","level":"DEBUG","category":"check_eth_account.js","host":"ubuntu","pid":"28095","data":'the param is:{"transfer_from_address":"0x3A046ECba14fF5221cc9ab00026A118FB2821eE8","transfer_amount":"1"}'}
{"date":"2019-11-06T15:01:16.254","level":"DEBUG","category":"check_eth_account.js","host":"ubuntu","pid":"28095","data":'the param is:{"transfer_from_address":"0x3A046ECba14fF5221cc9ab00026A118FB2821eE8","transfer_amount":"2"}'}
{"date":"2019-11-06T15:03:26.990","level":"DEBUG","category":"check_eth_account.js","host":"ubuntu","pid":"28095","data":'the param is:{"transfer_from_address":"0xe19B4e7FbCb4eeD988D0E97FDBa33e7094180834","transfer_amount":"2"}'}
{"date":"2019-11-06T15:04:08.376","level":"DEBUG","category":"check_eth_account.js","host":"ubuntu","pid":"28095","data":'the param is:{"transfer_from_address":"0xe19B4e7FbCb4eeD988D0E97FDBa33e7094180834","transfer_amount":"2"}'}
{"date":"2019-11-06T15:19:30.651","level":"DEBUG","category":"check_eth_account.js","host":"ubuntu","pid":"30362","data":'the param is:{"transfer_from_address":"0xe19B4e7FbCb4eeD988D0E97FDBa33e7094180834","transfer_amount":"2"}'}
{"date":"2019-11-06T19:01:47.185","level":"DEBUG","category":"check_eth_account.js","host":"ubuntu","pid":"30362","data":'the param is:{"transfer_from_address":"0x1f5862a717Fa55bc529C8445D524b84ed153ffcB","transfer_amount":"15"}'}
{"date":"2019-11-06T19:08:53.353","level":"DEBUG","category":"check_eth_account.js","host":"ubuntu","pid":"30362","data":'the param is:{"transfer_from_address":"0x1f5862a717Fa55bc529C8445D524b84ed153ffcB","transfer_amount":"15"}'}
{"date":"2019-11-06T21:05:17.237","level":"DEBUG","category":"check_eth_account.js","host":"ubuntu","pid":"3693","data":'the param is:{"transfer_from_address":"0x1f5862a717Fa55bc529C8445D524b84ed153ffcB","transfer_amount":"11"}'}
{"date":"2019-11-06T22:34:41.630","level":"DEBUG","category":"check_eth_account.js","host":"ubuntu","pid":"11138","data":'the param is:{"transfer_from_address":"0x1f5862a717Fa55bc529C8445D524b84ed153ffcB","transfer_amount":"17"}'}
{"date":"2019-11-06T23:00:52.700","level":"DEBUG","category":"check_eth_account.js","host":"ubuntu","pid":"19024","data":'the param is:{"transfer_from_address":"0x1f5862a717Fa55bc529C8445D524b84ed153ffcB","transfer_amount":"10"}'}
{"date":"2019-11-06T23:00:53.185","level":"DEBUG","category":"check_eth_account.js","host":"ubuntu","pid":"19024","data":'the param is:{"transfer_from_address":"0xC79Abd1729496677b338B42e251DBf2120F5b23E","transfer_amount":"10"}'}
