{"date":"2019-10-31T10:47:56.862","level":"DEBUG","category":"check_eth_account.js","host":"frank-hp","pid":"10200","data":'the param is:{"transfer_from_address":"0x9571d6c7bbe67dd4655a9b7c65b1a4a0c95a7a90","transfer_amount":"1"}'}
{"date":"2019-10-31T10:50:15.867","level":"DEBUG","category":"check_eth_account.js","host":"frank-hp","pid":"10200","data":'the param is:{"transfer_from_address":"0x9571d6c7bbe67dd4655a9b7c65b1a4a0c95a7a90","transfer_amount":"1"}'}
{"date":"2019-10-31T10:51:13.983","level":"DEBUG","category":"check_eth_account.js","host":"frank-hp","pid":"10200","data":'the param is:{"transfer_from_address":"0x9571d6c7bbe67dd4655a9b7c65b1a4a0c95a7a90","transfer_amount":"1"}'}
{"date":"2019-10-31T10:52:10.965","level":"DEBUG","category":"check_eth_account.js","host":"frank-hp","pid":"10200","data":'the param is:{"transfer_from_address":"0x9571d6c7bbe67dd4655a9b7c65b1a4a0c95a7a90","transfer_amount":"1"}'}
{"date":"2019-10-31T10:52:15.711","level":"DEBUG","category":"check_eth_account.js","host":"frank-hp","pid":"10200","data":'the param is:{"transfer_from_address":"0x9571d6c7bbe67dd4655a9b7c65b1a4a0c95a7a90","transfer_amount":"1"}'}
{"date":"2019-10-31T10:52:42.928","level":"DEBUG","category":"check_eth_account.js","host":"frank-hp","pid":"10200","data":'the param is:{"transfer_from_address":"0x9571d6c7bbe67dd4655a9b7c65b1a4a0c95a7a90","transfer_amount":"1"}'}
{"date":"2019-10-31T10:53:22.542","level":"DEBUG","category":"check_eth_account.js","host":"frank-hp","pid":"10200","data":'the param is:{"transfer_from_address":"0x9571d6c7bbe67dd4655a9b7c65b1a4a0c95a7a90","transfer_amount":"1"}'}
{"date":"2019-10-31T10:54:06.404","level":"DEBUG","category":"check_eth_account.js","host":"frank-hp","pid":"10200","data":'the param is:{"transfer_from_address":"0x9571d6c7bbe67dd4655a9b7c65b1a4a0c95a7a90","transfer_amount":"1"}'}
{"date":"2019-10-31T10:57:08.839","level":"DEBUG","category":"check_eth_account.js","host":"frank-hp","pid":"10200","data":'the param is:{"transfer_from_address":"0x9571d6c7bbe67dd4655a9b7c65b1a4a0c95a7a90","transfer_amount":"1"}'}
{"date":"2019-10-31T10:57:33.809","level":"DEBUG","category":"check_eth_account.js","host":"frank-hp","pid":"10200","data":'the param is:{"transfer_from_address":"0x9571d6c7bbe67dd4655a9b7c65b1a4a0c95a7a90","transfer_amount":"1"}'}
{"date":"2019-10-31T10:57:39.535","level":"DEBUG","category":"check_eth_account.js","host":"frank-hp","pid":"10200","data":'the param is:{"transfer_from_address":"0x9571d6c7bbe67dd4655a9b7c65b1a4a0c95a7a90","transfer_amount":"1"}'}
{"date":"2019-10-31T10:58:14.030","level":"DEBUG","category":"check_eth_account.js","host":"frank-hp","pid":"10200","data":'the param is:{"transfer_from_address":"0x9571d6c7bbe67dd4655a9b7c65b1a4a0c95a7a90","transfer_amount":"1"}'}
{"date":"2019-10-31T11:03:44.825","level":"DEBUG","category":"check_eth_account.js","host":"frank-hp","pid":"10200","data":'the param is:{"transfer_from_address":"0x9571d6c7bbe67dd4655a9b7c65b1a4a0c95a7a90","transfer_amount":"1"}'}
{"date":"2019-10-31T11:03:46.764","level":"DEBUG","category":"check_eth_account.js","host":"frank-hp","pid":"10200","data":'the param is:{"transfer_from_address":"0x9571d6c7bbe67dd4655a9b7c65b1a4a0c95a7a90","transfer_amount":"1"}'}
{"date":"2019-10-31T11:06:01.736","level":"DEBUG","category":"check_eth_account.js","host":"frank-hp","pid":"10200","data":'the param is:{"transfer_from_address":"0x9571d6c7bbe67dd4655a9b7c65b1a4a0c95a7a90","transfer_amount":"1"}'}
{"date":"2019-10-31T11:06:28.864","level":"DEBUG","category":"check_eth_account.js","host":"frank-hp","pid":"10200","data":'the param is:{"transfer_from_address":"0x9571d6c7bbe67dd4655a9b7c65b1a4a0c95a7a90","transfer_amount":"1"}'}
{"date":"2019-10-31T11:15:34.263","level":"DEBUG","category":"check_eth_account.js","host":"frank-hp","pid":"10200","data":'the param is:{"transfer_from_address":"0x9571d6c7bbe67dd4655a9b7c65b1a4a0c95a7a90","transfer_amount":"1"}'}
{"date":"2019-10-31T11:15:34.283","level":"ERROR","category":"check_eth_account.js","host":"frank-hp","pid":"10200","data":'this error from check_eth_account(),the error trace is Error: connection not open
    at WebsocketProvider.send (D:\work_space\yuezhi\eos\exchange\node_modules\web3-providers-ws\src\index.js:282:18)
    at RequestManager.send (D:\work_space\yuezhi\eos\exchange\node_modules\web3-core-requestmanager\src\index.js:132:66)
    at sendRequest (D:\work_space\yuezhi\eos\exchange\node_modules\web3-core-method\src\index.js:560:42)
    at send (D:\work_space\yuezhi\eos\exchange\node_modules\web3-core-method\src\index.js:581:13)
    at Object._executeMethod (D:\work_space\yuezhi\eos\exchange\node_modules\web3-eth-contract\src\index.js:826:24)
    at getTokenBalance (D:\work_space\yuezhi\eos\exchange\src\job\getEthTrxAction.js:129:71)
    at acceptTransferEthAccount (D:\work_space\yuezhi\eos\exchange\src\job\getEthTrxAction.js:166:59)
    at check_eth_account (D:\work_space\yuezhi\eos\exchange\src\job\checkEthAccount.js:17:43)
    at check_eth_account (D:\work_space\yuezhi\eos\exchange\src\controllers\exchange\check_eth_account.js:14:30)
    at process._tickCallback (internal/process/next_tick.js:68:7)'}
{"date":"2019-10-31T11:15:34.285","level":"ERROR","category":"check_eth_account.js","host":"frank-hp","pid":"10200","data":'request check_eth_account error, the error stock is Error: connection not open
    at WebsocketProvider.send (D:\work_space\yuezhi\eos\exchange\node_modules\web3-providers-ws\src\index.js:282:18)
    at RequestManager.send (D:\work_space\yuezhi\eos\exchange\node_modules\web3-core-requestmanager\src\index.js:132:66)
    at sendRequest (D:\work_space\yuezhi\eos\exchange\node_modules\web3-core-method\src\index.js:560:42)
    at send (D:\work_space\yuezhi\eos\exchange\node_modules\web3-core-method\src\index.js:581:13)
    at Object._executeMethod (D:\work_space\yuezhi\eos\exchange\node_modules\web3-eth-contract\src\index.js:826:24)
    at getTokenBalance (D:\work_space\yuezhi\eos\exchange\src\job\getEthTrxAction.js:129:71)
    at acceptTransferEthAccount (D:\work_space\yuezhi\eos\exchange\src\job\getEthTrxAction.js:166:59)
    at check_eth_account (D:\work_space\yuezhi\eos\exchange\src\job\checkEthAccount.js:17:43)
    at check_eth_account (D:\work_space\yuezhi\eos\exchange\src\controllers\exchange\check_eth_account.js:14:30)
    at process._tickCallback (internal/process/next_tick.js:68:7)'}
{"date":"2019-10-31T11:15:37.029","level":"DEBUG","category":"check_eth_account.js","host":"frank-hp","pid":"10200","data":'the param is:{"transfer_from_address":"0x9571d6c7bbe67dd4655a9b7c65b1a4a0c95a7a90","transfer_amount":"1"}'}
{"date":"2019-10-31T11:15:37.041","level":"ERROR","category":"check_eth_account.js","host":"frank-hp","pid":"10200","data":'this error from check_eth_account(),the error trace is Error: connection not open
    at WebsocketProvider.send (D:\work_space\yuezhi\eos\exchange\node_modules\web3-providers-ws\src\index.js:282:18)
    at RequestManager.send (D:\work_space\yuezhi\eos\exchange\node_modules\web3-core-requestmanager\src\index.js:132:66)
    at sendRequest (D:\work_space\yuezhi\eos\exchange\node_modules\web3-core-method\src\index.js:560:42)
    at send (D:\work_space\yuezhi\eos\exchange\node_modules\web3-core-method\src\index.js:581:13)
    at Object._executeMethod (D:\work_space\yuezhi\eos\exchange\node_modules\web3-eth-contract\src\index.js:826:24)
    at getTokenBalance (D:\work_space\yuezhi\eos\exchange\src\job\getEthTrxAction.js:129:71)
    at acceptTransferEthAccount (D:\work_space\yuezhi\eos\exchange\src\job\getEthTrxAction.js:166:59)
    at check_eth_account (D:\work_space\yuezhi\eos\exchange\src\job\checkEthAccount.js:17:43)
    at check_eth_account (D:\work_space\yuezhi\eos\exchange\src\controllers\exchange\check_eth_account.js:14:30)
    at process._tickCallback (internal/process/next_tick.js:68:7)'}
{"date":"2019-10-31T11:15:37.042","level":"ERROR","category":"check_eth_account.js","host":"frank-hp","pid":"10200","data":'request check_eth_account error, the error stock is Error: connection not open
    at WebsocketProvider.send (D:\work_space\yuezhi\eos\exchange\node_modules\web3-providers-ws\src\index.js:282:18)
    at RequestManager.send (D:\work_space\yuezhi\eos\exchange\node_modules\web3-core-requestmanager\src\index.js:132:66)
    at sendRequest (D:\work_space\yuezhi\eos\exchange\node_modules\web3-core-method\src\index.js:560:42)
    at send (D:\work_space\yuezhi\eos\exchange\node_modules\web3-core-method\src\index.js:581:13)
    at Object._executeMethod (D:\work_space\yuezhi\eos\exchange\node_modules\web3-eth-contract\src\index.js:826:24)
    at getTokenBalance (D:\work_space\yuezhi\eos\exchange\src\job\getEthTrxAction.js:129:71)
    at acceptTransferEthAccount (D:\work_space\yuezhi\eos\exchange\src\job\getEthTrxAction.js:166:59)
    at check_eth_account (D:\work_space\yuezhi\eos\exchange\src\job\checkEthAccount.js:17:43)
    at check_eth_account (D:\work_space\yuezhi\eos\exchange\src\controllers\exchange\check_eth_account.js:14:30)
    at process._tickCallback (internal/process/next_tick.js:68:7)'}
{"date":"2019-10-31T11:15:49.163","level":"DEBUG","category":"check_eth_account.js","host":"frank-hp","pid":"10200","data":'the param is:{"transfer_from_address":"0x9571d6c7bbe67dd4655a9b7c65b1a4a0c95a7a90","transfer_amount":"1"}'}
{"date":"2019-10-31T11:15:49.169","level":"ERROR","category":"check_eth_account.js","host":"frank-hp","pid":"10200","data":'this error from check_eth_account(),the error trace is Error: connection not open
    at WebsocketProvider.send (D:\work_space\yuezhi\eos\exchange\node_modules\web3-providers-ws\src\index.js:282:18)
    at RequestManager.send (D:\work_space\yuezhi\eos\exchange\node_modules\web3-core-requestmanager\src\index.js:132:66)
    at sendRequest (D:\work_space\yuezhi\eos\exchange\node_modules\web3-core-method\src\index.js:560:42)
    at send (D:\work_space\yuezhi\eos\exchange\node_modules\web3-core-method\src\index.js:581:13)
    at Object._executeMethod (D:\work_space\yuezhi\eos\exchange\node_modules\web3-eth-contract\src\index.js:826:24)
    at getTokenBalance (D:\work_space\yuezhi\eos\exchange\src\job\getEthTrxAction.js:129:71)
    at acceptTransferEthAccount (D:\work_space\yuezhi\eos\exchange\src\job\getEthTrxAction.js:166:59)
    at check_eth_account (D:\work_space\yuezhi\eos\exchange\src\job\checkEthAccount.js:17:43)
    at check_eth_account (D:\work_space\yuezhi\eos\exchange\src\controllers\exchange\check_eth_account.js:14:30)
    at process._tickCallback (internal/process/next_tick.js:68:7)'}
{"date":"2019-10-31T11:15:49.171","level":"ERROR","category":"check_eth_account.js","host":"frank-hp","pid":"10200","data":'request check_eth_account error, the error stock is Error: connection not open
    at WebsocketProvider.send (D:\work_space\yuezhi\eos\exchange\node_modules\web3-providers-ws\src\index.js:282:18)
    at RequestManager.send (D:\work_space\yuezhi\eos\exchange\node_modules\web3-core-requestmanager\src\index.js:132:66)
    at sendRequest (D:\work_space\yuezhi\eos\exchange\node_modules\web3-core-method\src\index.js:560:42)
    at send (D:\work_space\yuezhi\eos\exchange\node_modules\web3-core-method\src\index.js:581:13)
    at Object._executeMethod (D:\work_space\yuezhi\eos\exchange\node_modules\web3-eth-contract\src\index.js:826:24)
    at getTokenBalance (D:\work_space\yuezhi\eos\exchange\src\job\getEthTrxAction.js:129:71)
    at acceptTransferEthAccount (D:\work_space\yuezhi\eos\exchange\src\job\getEthTrxAction.js:166:59)
    at check_eth_account (D:\work_space\yuezhi\eos\exchange\src\job\checkEthAccount.js:17:43)
    at check_eth_account (D:\work_space\yuezhi\eos\exchange\src\controllers\exchange\check_eth_account.js:14:30)
    at process._tickCallback (internal/process/next_tick.js:68:7)'}
{"date":"2019-10-31T11:16:09.712","level":"DEBUG","category":"check_eth_account.js","host":"frank-hp","pid":"10200","data":'the param is:{"transfer_from_address":"0x9571d6c7bbe67dd4655a9b7c65b1a4a0c95a7a90","transfer_amount":"1"}'}
{"date":"2019-10-31T11:16:09.715","level":"ERROR","category":"check_eth_account.js","host":"frank-hp","pid":"10200","data":'this error from check_eth_account(),the error trace is Error: connection not open
    at WebsocketProvider.send (D:\work_space\yuezhi\eos\exchange\node_modules\web3-providers-ws\src\index.js:282:18)
    at RequestManager.send (D:\work_space\yuezhi\eos\exchange\node_modules\web3-core-requestmanager\src\index.js:132:66)
    at sendRequest (D:\work_space\yuezhi\eos\exchange\node_modules\web3-core-method\src\index.js:560:42)
    at send (D:\work_space\yuezhi\eos\exchange\node_modules\web3-core-method\src\index.js:581:13)
    at Object._executeMethod (D:\work_space\yuezhi\eos\exchange\node_modules\web3-eth-contract\src\index.js:826:24)
    at getTokenBalance (D:\work_space\yuezhi\eos\exchange\src\job\getEthTrxAction.js:129:71)
    at acceptTransferEthAccount (D:\work_space\yuezhi\eos\exchange\src\job\getEthTrxAction.js:166:59)
    at check_eth_account (D:\work_space\yuezhi\eos\exchange\src\job\checkEthAccount.js:17:43)
    at check_eth_account (D:\work_space\yuezhi\eos\exchange\src\controllers\exchange\check_eth_account.js:14:30)
    at process._tickCallback (internal/process/next_tick.js:68:7)'}
{"date":"2019-10-31T11:16:09.716","level":"ERROR","category":"check_eth_account.js","host":"frank-hp","pid":"10200","data":'request check_eth_account error, the error stock is Error: connection not open
    at WebsocketProvider.send (D:\work_space\yuezhi\eos\exchange\node_modules\web3-providers-ws\src\index.js:282:18)
    at RequestManager.send (D:\work_space\yuezhi\eos\exchange\node_modules\web3-core-requestmanager\src\index.js:132:66)
    at sendRequest (D:\work_space\yuezhi\eos\exchange\node_modules\web3-core-method\src\index.js:560:42)
    at send (D:\work_space\yuezhi\eos\exchange\node_modules\web3-core-method\src\index.js:581:13)
    at Object._executeMethod (D:\work_space\yuezhi\eos\exchange\node_modules\web3-eth-contract\src\index.js:826:24)
    at getTokenBalance (D:\work_space\yuezhi\eos\exchange\src\job\getEthTrxAction.js:129:71)
    at acceptTransferEthAccount (D:\work_space\yuezhi\eos\exchange\src\job\getEthTrxAction.js:166:59)
    at check_eth_account (D:\work_space\yuezhi\eos\exchange\src\job\checkEthAccount.js:17:43)
    at check_eth_account (D:\work_space\yuezhi\eos\exchange\src\controllers\exchange\check_eth_account.js:14:30)
    at process._tickCallback (internal/process/next_tick.js:68:7)'}
{"date":"2019-10-31T11:16:12.521","level":"DEBUG","category":"check_eth_account.js","host":"frank-hp","pid":"10200","data":'the param is:{"transfer_from_address":"0x9571d6c7bbe67dd4655a9b7c65b1a4a0c95a7a90","transfer_amount":"1"}'}
{"date":"2019-10-31T11:16:12.530","level":"ERROR","category":"check_eth_account.js","host":"frank-hp","pid":"10200","data":'this error from check_eth_account(),the error trace is Error: connection not open
    at WebsocketProvider.send (D:\work_space\yuezhi\eos\exchange\node_modules\web3-providers-ws\src\index.js:282:18)
    at RequestManager.send (D:\work_space\yuezhi\eos\exchange\node_modules\web3-core-requestmanager\src\index.js:132:66)
    at sendRequest (D:\work_space\yuezhi\eos\exchange\node_modules\web3-core-method\src\index.js:560:42)
    at send (D:\work_space\yuezhi\eos\exchange\node_modules\web3-core-method\src\index.js:581:13)
    at Object._executeMethod (D:\work_space\yuezhi\eos\exchange\node_modules\web3-eth-contract\src\index.js:826:24)
    at getTokenBalance (D:\work_space\yuezhi\eos\exchange\src\job\getEthTrxAction.js:129:71)
    at acceptTransferEthAccount (D:\work_space\yuezhi\eos\exchange\src\job\getEthTrxAction.js:166:59)
    at check_eth_account (D:\work_space\yuezhi\eos\exchange\src\job\checkEthAccount.js:17:43)
    at check_eth_account (D:\work_space\yuezhi\eos\exchange\src\controllers\exchange\check_eth_account.js:14:30)
    at process._tickCallback (internal/process/next_tick.js:68:7)'}
{"date":"2019-10-31T11:16:12.532","level":"ERROR","category":"check_eth_account.js","host":"frank-hp","pid":"10200","data":'request check_eth_account error, the error stock is Error: connection not open
    at WebsocketProvider.send (D:\work_space\yuezhi\eos\exchange\node_modules\web3-providers-ws\src\index.js:282:18)
    at RequestManager.send (D:\work_space\yuezhi\eos\exchange\node_modules\web3-core-requestmanager\src\index.js:132:66)
    at sendRequest (D:\work_space\yuezhi\eos\exchange\node_modules\web3-core-method\src\index.js:560:42)
    at send (D:\work_space\yuezhi\eos\exchange\node_modules\web3-core-method\src\index.js:581:13)
    at Object._executeMethod (D:\work_space\yuezhi\eos\exchange\node_modules\web3-eth-contract\src\index.js:826:24)
    at getTokenBalance (D:\work_space\yuezhi\eos\exchange\src\job\getEthTrxAction.js:129:71)
    at acceptTransferEthAccount (D:\work_space\yuezhi\eos\exchange\src\job\getEthTrxAction.js:166:59)
    at check_eth_account (D:\work_space\yuezhi\eos\exchange\src\job\checkEthAccount.js:17:43)
    at check_eth_account (D:\work_space\yuezhi\eos\exchange\src\controllers\exchange\check_eth_account.js:14:30)
    at process._tickCallback (internal/process/next_tick.js:68:7)'}
{"date":"2019-10-31T11:16:21.115","level":"DEBUG","category":"check_eth_account.js","host":"frank-hp","pid":"10200","data":'the param is:{"transfer_from_address":"0x9571d6c7bbe67dd4655a9b7c65b1a4a0c95a7a90","transfer_amount":"1"}'}
{"date":"2019-10-31T11:16:21.131","level":"ERROR","category":"check_eth_account.js","host":"frank-hp","pid":"10200","data":'this error from check_eth_account(),the error trace is Error: connection not open
    at WebsocketProvider.send (D:\work_space\yuezhi\eos\exchange\node_modules\web3-providers-ws\src\index.js:282:18)
    at RequestManager.send (D:\work_space\yuezhi\eos\exchange\node_modules\web3-core-requestmanager\src\index.js:132:66)
    at sendRequest (D:\work_space\yuezhi\eos\exchange\node_modules\web3-core-method\src\index.js:560:42)
    at send (D:\work_space\yuezhi\eos\exchange\node_modules\web3-core-method\src\index.js:581:13)
    at Object._executeMethod (D:\work_space\yuezhi\eos\exchange\node_modules\web3-eth-contract\src\index.js:826:24)
    at getTokenBalance (D:\work_space\yuezhi\eos\exchange\src\job\getEthTrxAction.js:129:71)
    at acceptTransferEthAccount (D:\work_space\yuezhi\eos\exchange\src\job\getEthTrxAction.js:166:59)
    at check_eth_account (D:\work_space\yuezhi\eos\exchange\src\job\checkEthAccount.js:17:43)
    at check_eth_account (D:\work_space\yuezhi\eos\exchange\src\controllers\exchange\check_eth_account.js:14:30)
    at process._tickCallback (internal/process/next_tick.js:68:7)'}
{"date":"2019-10-31T11:16:21.133","level":"ERROR","category":"check_eth_account.js","host":"frank-hp","pid":"10200","data":'request check_eth_account error, the error stock is Error: connection not open
    at WebsocketProvider.send (D:\work_space\yuezhi\eos\exchange\node_modules\web3-providers-ws\src\index.js:282:18)
    at RequestManager.send (D:\work_space\yuezhi\eos\exchange\node_modules\web3-core-requestmanager\src\index.js:132:66)
    at sendRequest (D:\work_space\yuezhi\eos\exchange\node_modules\web3-core-method\src\index.js:560:42)
    at send (D:\work_space\yuezhi\eos\exchange\node_modules\web3-core-method\src\index.js:581:13)
    at Object._executeMethod (D:\work_space\yuezhi\eos\exchange\node_modules\web3-eth-contract\src\index.js:826:24)
    at getTokenBalance (D:\work_space\yuezhi\eos\exchange\src\job\getEthTrxAction.js:129:71)
    at acceptTransferEthAccount (D:\work_space\yuezhi\eos\exchange\src\job\getEthTrxAction.js:166:59)
    at check_eth_account (D:\work_space\yuezhi\eos\exchange\src\job\checkEthAccount.js:17:43)
    at check_eth_account (D:\work_space\yuezhi\eos\exchange\src\controllers\exchange\check_eth_account.js:14:30)
    at process._tickCallback (internal/process/next_tick.js:68:7)'}
{"date":"2019-10-31T11:16:26.418","level":"DEBUG","category":"check_eth_account.js","host":"frank-hp","pid":"10200","data":'the param is:{"transfer_from_address":"0x9571d6c7bbe67dd4655a9b7c65b1a4a0c95a7a90","transfer_amount":"1"}'}
{"date":"2019-10-31T11:16:26.502","level":"ERROR","category":"check_eth_account.js","host":"frank-hp","pid":"10200","data":'this error from check_eth_account(),the error trace is Error: connection not open
    at WebsocketProvider.send (D:\work_space\yuezhi\eos\exchange\node_modules\web3-providers-ws\src\index.js:282:18)
    at RequestManager.send (D:\work_space\yuezhi\eos\exchange\node_modules\web3-core-requestmanager\src\index.js:132:66)
    at sendRequest (D:\work_space\yuezhi\eos\exchange\node_modules\web3-core-method\src\index.js:560:42)
    at send (D:\work_space\yuezhi\eos\exchange\node_modules\web3-core-method\src\index.js:581:13)
    at Object._executeMethod (D:\work_space\yuezhi\eos\exchange\node_modules\web3-eth-contract\src\index.js:826:24)
    at getTokenBalance (D:\work_space\yuezhi\eos\exchange\src\job\getEthTrxAction.js:129:71)
    at acceptTransferEthAccount (D:\work_space\yuezhi\eos\exchange\src\job\getEthTrxAction.js:166:59)
    at check_eth_account (D:\work_space\yuezhi\eos\exchange\src\job\checkEthAccount.js:17:43)
    at check_eth_account (D:\work_space\yuezhi\eos\exchange\src\controllers\exchange\check_eth_account.js:14:30)
    at process._tickCallback (internal/process/next_tick.js:68:7)'}
{"date":"2019-10-31T11:16:26.520","level":"ERROR","category":"check_eth_account.js","host":"frank-hp","pid":"10200","data":'request check_eth_account error, the error stock is Error: connection not open
    at WebsocketProvider.send (D:\work_space\yuezhi\eos\exchange\node_modules\web3-providers-ws\src\index.js:282:18)
    at RequestManager.send (D:\work_space\yuezhi\eos\exchange\node_modules\web3-core-requestmanager\src\index.js:132:66)
    at sendRequest (D:\work_space\yuezhi\eos\exchange\node_modules\web3-core-method\src\index.js:560:42)
    at send (D:\work_space\yuezhi\eos\exchange\node_modules\web3-core-method\src\index.js:581:13)
    at Object._executeMethod (D:\work_space\yuezhi\eos\exchange\node_modules\web3-eth-contract\src\index.js:826:24)
    at getTokenBalance (D:\work_space\yuezhi\eos\exchange\src\job\getEthTrxAction.js:129:71)
    at acceptTransferEthAccount (D:\work_space\yuezhi\eos\exchange\src\job\getEthTrxAction.js:166:59)
    at check_eth_account (D:\work_space\yuezhi\eos\exchange\src\job\checkEthAccount.js:17:43)
    at check_eth_account (D:\work_space\yuezhi\eos\exchange\src\controllers\exchange\check_eth_account.js:14:30)
    at process._tickCallback (internal/process/next_tick.js:68:7)'}
{"date":"2019-10-31T11:17:38.487","level":"DEBUG","category":"check_eth_account.js","host":"frank-hp","pid":"10200","data":'the param is:{"transfer_from_address":"0x9571d6c7bbe67dd4655a9b7c65b1a4a0c95a7a90","transfer_amount":"1"}'}
{"date":"2019-10-31T11:17:38.499","level":"ERROR","category":"check_eth_account.js","host":"frank-hp","pid":"10200","data":'this error from check_eth_account(),the error trace is Error: connection not open
    at WebsocketProvider.send (D:\work_space\yuezhi\eos\exchange\node_modules\web3-providers-ws\src\index.js:282:18)
    at RequestManager.send (D:\work_space\yuezhi\eos\exchange\node_modules\web3-core-requestmanager\src\index.js:132:66)
    at sendRequest (D:\work_space\yuezhi\eos\exchange\node_modules\web3-core-method\src\index.js:560:42)
    at send (D:\work_space\yuezhi\eos\exchange\node_modules\web3-core-method\src\index.js:581:13)
    at Object._executeMethod (D:\work_space\yuezhi\eos\exchange\node_modules\web3-eth-contract\src\index.js:826:24)
    at getTokenBalance (D:\work_space\yuezhi\eos\exchange\src\job\getEthTrxAction.js:129:71)
    at acceptTransferEthAccount (D:\work_space\yuezhi\eos\exchange\src\job\getEthTrxAction.js:166:59)
    at check_eth_account (D:\work_space\yuezhi\eos\exchange\src\job\checkEthAccount.js:17:43)
    at check_eth_account (D:\work_space\yuezhi\eos\exchange\src\controllers\exchange\check_eth_account.js:14:30)
    at process._tickCallback (internal/process/next_tick.js:68:7)'}
{"date":"2019-10-31T11:17:38.501","level":"ERROR","category":"check_eth_account.js","host":"frank-hp","pid":"10200","data":'request check_eth_account error, the error stock is Error: connection not open
    at WebsocketProvider.send (D:\work_space\yuezhi\eos\exchange\node_modules\web3-providers-ws\src\index.js:282:18)
    at RequestManager.send (D:\work_space\yuezhi\eos\exchange\node_modules\web3-core-requestmanager\src\index.js:132:66)
    at sendRequest (D:\work_space\yuezhi\eos\exchange\node_modules\web3-core-method\src\index.js:560:42)
    at send (D:\work_space\yuezhi\eos\exchange\node_modules\web3-core-method\src\index.js:581:13)
    at Object._executeMethod (D:\work_space\yuezhi\eos\exchange\node_modules\web3-eth-contract\src\index.js:826:24)
    at getTokenBalance (D:\work_space\yuezhi\eos\exchange\src\job\getEthTrxAction.js:129:71)
    at acceptTransferEthAccount (D:\work_space\yuezhi\eos\exchange\src\job\getEthTrxAction.js:166:59)
    at check_eth_account (D:\work_space\yuezhi\eos\exchange\src\job\checkEthAccount.js:17:43)
    at check_eth_account (D:\work_space\yuezhi\eos\exchange\src\controllers\exchange\check_eth_account.js:14:30)
    at process._tickCallback (internal/process/next_tick.js:68:7)'}
{"date":"2019-10-31T11:17:40.588","level":"DEBUG","category":"check_eth_account.js","host":"frank-hp","pid":"10200","data":'the param is:{"transfer_from_address":"0x9571d6c7bbe67dd4655a9b7c65b1a4a0c95a7a90","transfer_amount":"1"}'}
{"date":"2019-10-31T11:17:40.596","level":"ERROR","category":"check_eth_account.js","host":"frank-hp","pid":"10200","data":'this error from check_eth_account(),the error trace is Error: connection not open
    at WebsocketProvider.send (D:\work_space\yuezhi\eos\exchange\node_modules\web3-providers-ws\src\index.js:282:18)
    at RequestManager.send (D:\work_space\yuezhi\eos\exchange\node_modules\web3-core-requestmanager\src\index.js:132:66)
    at sendRequest (D:\work_space\yuezhi\eos\exchange\node_modules\web3-core-method\src\index.js:560:42)
    at send (D:\work_space\yuezhi\eos\exchange\node_modules\web3-core-method\src\index.js:581:13)
    at Object._executeMethod (D:\work_space\yuezhi\eos\exchange\node_modules\web3-eth-contract\src\index.js:826:24)
    at getTokenBalance (D:\work_space\yuezhi\eos\exchange\src\job\getEthTrxAction.js:129:71)
    at acceptTransferEthAccount (D:\work_space\yuezhi\eos\exchange\src\job\getEthTrxAction.js:166:59)
    at check_eth_account (D:\work_space\yuezhi\eos\exchange\src\job\checkEthAccount.js:17:43)
    at check_eth_account (D:\work_space\yuezhi\eos\exchange\src\controllers\exchange\check_eth_account.js:14:30)
    at process._tickCallback (internal/process/next_tick.js:68:7)'}
{"date":"2019-10-31T11:17:40.603","level":"ERROR","category":"check_eth_account.js","host":"frank-hp","pid":"10200","data":'request check_eth_account error, the error stock is Error: connection not open
    at WebsocketProvider.send (D:\work_space\yuezhi\eos\exchange\node_modules\web3-providers-ws\src\index.js:282:18)
    at RequestManager.send (D:\work_space\yuezhi\eos\exchange\node_modules\web3-core-requestmanager\src\index.js:132:66)
    at sendRequest (D:\work_space\yuezhi\eos\exchange\node_modules\web3-core-method\src\index.js:560:42)
    at send (D:\work_space\yuezhi\eos\exchange\node_modules\web3-core-method\src\index.js:581:13)
    at Object._executeMethod (D:\work_space\yuezhi\eos\exchange\node_modules\web3-eth-contract\src\index.js:826:24)
    at getTokenBalance (D:\work_space\yuezhi\eos\exchange\src\job\getEthTrxAction.js:129:71)
    at acceptTransferEthAccount (D:\work_space\yuezhi\eos\exchange\src\job\getEthTrxAction.js:166:59)
    at check_eth_account (D:\work_space\yuezhi\eos\exchange\src\job\checkEthAccount.js:17:43)
    at check_eth_account (D:\work_space\yuezhi\eos\exchange\src\controllers\exchange\check_eth_account.js:14:30)
    at process._tickCallback (internal/process/next_tick.js:68:7)'}
{"date":"2019-10-31T11:17:57.473","level":"DEBUG","category":"check_eth_account.js","host":"frank-hp","pid":"10200","data":'the param is:{"transfer_from_address":"0x9571d6c7bbe67dd4655a9b7c65b1a4a0c95a7a90","transfer_amount":"1"}'}
{"date":"2019-10-31T11:17:57.480","level":"ERROR","category":"check_eth_account.js","host":"frank-hp","pid":"10200","data":'this error from check_eth_account(),the error trace is Error: connection not open
    at WebsocketProvider.send (D:\work_space\yuezhi\eos\exchange\node_modules\web3-providers-ws\src\index.js:282:18)
    at RequestManager.send (D:\work_space\yuezhi\eos\exchange\node_modules\web3-core-requestmanager\src\index.js:132:66)
    at sendRequest (D:\work_space\yuezhi\eos\exchange\node_modules\web3-core-method\src\index.js:560:42)
    at send (D:\work_space\yuezhi\eos\exchange\node_modules\web3-core-method\src\index.js:581:13)
    at Object._executeMethod (D:\work_space\yuezhi\eos\exchange\node_modules\web3-eth-contract\src\index.js:826:24)
    at getTokenBalance (D:\work_space\yuezhi\eos\exchange\src\job\getEthTrxAction.js:129:71)
    at acceptTransferEthAccount (D:\work_space\yuezhi\eos\exchange\src\job\getEthTrxAction.js:166:59)
    at check_eth_account (D:\work_space\yuezhi\eos\exchange\src\job\checkEthAccount.js:17:43)
    at check_eth_account (D:\work_space\yuezhi\eos\exchange\src\controllers\exchange\check_eth_account.js:14:30)
    at process._tickCallback (internal/process/next_tick.js:68:7)'}
{"date":"2019-10-31T11:17:57.482","level":"ERROR","category":"check_eth_account.js","host":"frank-hp","pid":"10200","data":'request check_eth_account error, the error stock is Error: connection not open
    at WebsocketProvider.send (D:\work_space\yuezhi\eos\exchange\node_modules\web3-providers-ws\src\index.js:282:18)
    at RequestManager.send (D:\work_space\yuezhi\eos\exchange\node_modules\web3-core-requestmanager\src\index.js:132:66)
    at sendRequest (D:\work_space\yuezhi\eos\exchange\node_modules\web3-core-method\src\index.js:560:42)
    at send (D:\work_space\yuezhi\eos\exchange\node_modules\web3-core-method\src\index.js:581:13)
    at Object._executeMethod (D:\work_space\yuezhi\eos\exchange\node_modules\web3-eth-contract\src\index.js:826:24)
    at getTokenBalance (D:\work_space\yuezhi\eos\exchange\src\job\getEthTrxAction.js:129:71)
    at acceptTransferEthAccount (D:\work_space\yuezhi\eos\exchange\src\job\getEthTrxAction.js:166:59)
    at check_eth_account (D:\work_space\yuezhi\eos\exchange\src\job\checkEthAccount.js:17:43)
    at check_eth_account (D:\work_space\yuezhi\eos\exchange\src\controllers\exchange\check_eth_account.js:14:30)
    at process._tickCallback (internal/process/next_tick.js:68:7)'}
{"date":"2019-10-31T11:21:55.373","level":"DEBUG","category":"check_eth_account.js","host":"frank-hp","pid":"10200","data":'the param is:{"transfer_from_address":"0x9571d6c7bbe67dd4655a9b7c65b1a4a0c95a7a90","transfer_amount":"1"}'}
{"date":"2019-10-31T11:21:55.380","level":"ERROR","category":"check_eth_account.js","host":"frank-hp","pid":"10200","data":'this error from check_eth_account(),the error trace is Error: connection not open
    at WebsocketProvider.send (D:\work_space\yuezhi\eos\exchange\node_modules\web3-providers-ws\src\index.js:282:18)
    at RequestManager.send (D:\work_space\yuezhi\eos\exchange\node_modules\web3-core-requestmanager\src\index.js:132:66)
    at sendRequest (D:\work_space\yuezhi\eos\exchange\node_modules\web3-core-method\src\index.js:560:42)
    at send (D:\work_space\yuezhi\eos\exchange\node_modules\web3-core-method\src\index.js:581:13)
    at Object._executeMethod (D:\work_space\yuezhi\eos\exchange\node_modules\web3-eth-contract\src\index.js:826:24)
    at getTokenBalance (D:\work_space\yuezhi\eos\exchange\src\job\getEthTrxAction.js:129:71)
    at acceptTransferEthAccount (D:\work_space\yuezhi\eos\exchange\src\job\getEthTrxAction.js:166:59)
    at check_eth_account (D:\work_space\yuezhi\eos\exchange\src\job\checkEthAccount.js:17:43)
    at check_eth_account (D:\work_space\yuezhi\eos\exchange\src\controllers\exchange\check_eth_account.js:14:30)
    at process._tickCallback (internal/process/next_tick.js:68:7)'}
{"date":"2019-10-31T11:21:55.381","level":"ERROR","category":"check_eth_account.js","host":"frank-hp","pid":"10200","data":'request check_eth_account error, the error stock is Error: connection not open
    at WebsocketProvider.send (D:\work_space\yuezhi\eos\exchange\node_modules\web3-providers-ws\src\index.js:282:18)
    at RequestManager.send (D:\work_space\yuezhi\eos\exchange\node_modules\web3-core-requestmanager\src\index.js:132:66)
    at sendRequest (D:\work_space\yuezhi\eos\exchange\node_modules\web3-core-method\src\index.js:560:42)
    at send (D:\work_space\yuezhi\eos\exchange\node_modules\web3-core-method\src\index.js:581:13)
    at Object._executeMethod (D:\work_space\yuezhi\eos\exchange\node_modules\web3-eth-contract\src\index.js:826:24)
    at getTokenBalance (D:\work_space\yuezhi\eos\exchange\src\job\getEthTrxAction.js:129:71)
    at acceptTransferEthAccount (D:\work_space\yuezhi\eos\exchange\src\job\getEthTrxAction.js:166:59)
    at check_eth_account (D:\work_space\yuezhi\eos\exchange\src\job\checkEthAccount.js:17:43)
    at check_eth_account (D:\work_space\yuezhi\eos\exchange\src\controllers\exchange\check_eth_account.js:14:30)
    at process._tickCallback (internal/process/next_tick.js:68:7)'}
{"date":"2019-10-31T11:23:07.201","level":"DEBUG","category":"check_eth_account.js","host":"frank-hp","pid":"9252","data":'the param is:{"transfer_from_address":"0x9571d6c7bbe67dd4655a9b7c65b1a4a0c95a7a90","transfer_amount":"1"}'}
{"date":"2019-10-31T11:23:09.351","level":"DEBUG","category":"check_eth_account.js","host":"frank-hp","pid":"9252","data":'the param is:{"transfer_from_address":"0x9571d6c7bbe67dd4655a9b7c65b1a4a0c95a7a90","transfer_amount":"1"}'}
{"date":"2019-10-31T11:23:26.209","level":"DEBUG","category":"check_eth_account.js","host":"frank-hp","pid":"9252","data":'the param is:{"transfer_from_address":"0x9571d6c7bbe67dd4655a9b7c65b1a4a0c95a7a90","transfer_amount":"1"}'}
{"date":"2019-10-31T11:24:57.600","level":"DEBUG","category":"check_eth_account.js","host":"frank-hp","pid":"9252","data":'the param is:{"transfer_from_address":"0x9571d6c7bbe67dd4655a9b7c65b1a4a0c95a7a90","transfer_amount":"1"}'}
{"date":"2019-10-31T11:25:06.144","level":"DEBUG","category":"check_eth_account.js","host":"frank-hp","pid":"9252","data":'the param is:{"transfer_from_address":"0x9571d6c7bbe67dd4655a9b7c65b1a4a0c95a7a90","transfer_amount":"1"}'}
{"date":"2019-10-31T11:25:08.493","level":"DEBUG","category":"check_eth_account.js","host":"frank-hp","pid":"9252","data":'the param is:{"transfer_from_address":"0x9571d6c7bbe67dd4655a9b7c65b1a4a0c95a7a90","transfer_amount":"1"}'}
{"date":"2019-10-31T11:25:16.113","level":"DEBUG","category":"check_eth_account.js","host":"frank-hp","pid":"9252","data":'the param is:{"transfer_from_address":"0x9571d6c7bbe67dd4655a9b7c65b1a4a0c95a7a90","transfer_amount":"1"}'}
{"date":"2019-10-31T11:25:18.237","level":"DEBUG","category":"check_eth_account.js","host":"frank-hp","pid":"9252","data":'the param is:{"transfer_from_address":"0x9571d6c7bbe67dd4655a9b7c65b1a4a0c95a7a90","transfer_amount":"1"}'}
{"date":"2019-10-31T11:25:23.080","level":"DEBUG","category":"check_eth_account.js","host":"frank-hp","pid":"9252","data":'the param is:{"transfer_from_address":"0x9571d6c7bbe67dd4655a9b7c65b1a4a0c95a7a90","transfer_amount":"1"}'}
{"date":"2019-10-31T12:05:43.033","level":"DEBUG","category":"check_eth_account.js","host":"frank-hp","pid":"9252","data":'the param is:{"transfer_from_address":"0x9571d6c7bbe67dd4655a9b7c65b1a4a0c95a7a90","transfer_amount":"1"}'}
{"date":"2019-10-31T12:06:50.438","level":"DEBUG","category":"check_eth_account.js","host":"frank-hp","pid":"9252","data":'the param is:{"transfer_from_address":"0x9571d6c7bbe67dd4655a9b7c65b1a4a0c95a7a90","transfer_amount":"1"}'}
{"date":"2019-10-31T12:06:52.257","level":"DEBUG","category":"check_eth_account.js","host":"frank-hp","pid":"9252","data":'the param is:{"transfer_from_address":"0x9571d6c7bbe67dd4655a9b7c65b1a4a0c95a7a90","transfer_amount":"1"}'}
{"date":"2019-10-31T12:08:06.573","level":"DEBUG","category":"check_eth_account.js","host":"frank-hp","pid":"9252","data":'the param is:{"transfer_from_address":"0x9571d6c7bbe67dd4655a9b7c65b1a4a0c95a7a90","transfer_amount":"1"}'}
{"date":"2019-10-31T12:14:17.466","level":"DEBUG","category":"check_eth_account.js","host":"frank-hp","pid":"9252","data":'the param is:{"transfer_from_address":"0x9571d6c7bbe67dd4655a9b7c65b1a4a0c95a7a90","transfer_amount":"1"}'}
{"date":"2019-10-31T12:15:57.479","level":"DEBUG","category":"check_eth_account.js","host":"frank-hp","pid":"9252","data":'the param is:{"transfer_from_address":"0x9571d6c7bbe67dd4655a9b7c65b1a4a0c95a7a90","transfer_amount":"1"}'}
{"date":"2019-10-31T12:16:27.688","level":"DEBUG","category":"check_eth_account.js","host":"frank-hp","pid":"9252","data":'the param is:{"transfer_from_address":"0x9571d6c7bbe67dd4655a9b7c65b1a4a0c95a7a90","transfer_amount":"1"}'}
{"date":"2019-10-31T12:16:27.740","level":"DEBUG","category":"check_eth_account.js","host":"frank-hp","pid":"9252","data":'the param is:{"transfer_from_address":"0x9571d6c7bbe67dd4655a9b7c65b1a4a0c95a7a90","transfer_amount":"1"}'}
{"date":"2019-10-31T12:16:57.779","level":"DEBUG","category":"check_eth_account.js","host":"frank-hp","pid":"9252","data":'the param is:{"transfer_from_address":"0x9571d6c7bbe67dd4655a9b7c65b1a4a0c95a7a90","transfer_amount":"1"}'}
{"date":"2019-10-31T12:17:16.303","level":"DEBUG","category":"check_eth_account.js","host":"frank-hp","pid":"9252","data":'the param is:{"transfer_from_address":"0x9571d6c7bbe67dd4655a9b7c65b1a4a0c95a7a90","transfer_amount":"1"}'}
{"date":"2019-10-31T12:17:29.199","level":"DEBUG","category":"check_eth_account.js","host":"frank-hp","pid":"9252","data":'the param is:{"transfer_from_address":"0x9571d6c7bbe67dd4655a9b7c65b1a4a0c95a7a90","transfer_amount":"1"}'}
{"date":"2019-10-31T12:21:48.314","level":"DEBUG","category":"check_eth_account.js","host":"frank-hp","pid":"9252","data":'the param is:{"transfer_from_address":"0x9571d6c7bbe67dd4655a9b7c65b1a4a0c95a7a90","transfer_amount":"1"}'}
{"date":"2019-10-31T12:21:59.884","level":"DEBUG","category":"check_eth_account.js","host":"frank-hp","pid":"9252","data":'the param is:{"transfer_from_address":"0x9571d6c7bbe67dd4655a9b7c65b1a4a0c95a7a90","transfer_amount":"1"}'}
{"date":"2019-10-31T12:22:01.563","level":"DEBUG","category":"check_eth_account.js","host":"frank-hp","pid":"9252","data":'the param is:{"transfer_from_address":"0x9571d6c7bbe67dd4655a9b7c65b1a4a0c95a7a90","transfer_amount":"1"}'}
{"date":"2019-10-31T12:22:11.164","level":"DEBUG","category":"check_eth_account.js","host":"frank-hp","pid":"9252","data":'the param is:{"transfer_from_address":"0x9571d6c7bbe67dd4655a9b7c65b1a4a0c95a7a90","transfer_amount":"1"}'}
{"date":"2019-10-31T12:22:12.174","level":"DEBUG","category":"check_eth_account.js","host":"frank-hp","pid":"9252","data":'the param is:{"transfer_from_address":"0x9571d6c7bbe67dd4655a9b7c65b1a4a0c95a7a90","transfer_amount":"1"}'}
{"date":"2019-10-31T12:22:19.209","level":"DEBUG","category":"check_eth_account.js","host":"frank-hp","pid":"9252","data":'the param is:{"transfer_from_address":"0x9571d6c7bbe67dd4655a9b7c65b1a4a0c95a7a90","transfer_amount":"1"}'}
{"date":"2019-10-31T12:22:22.943","level":"DEBUG","category":"check_eth_account.js","host":"frank-hp","pid":"9252","data":'the param is:{"transfer_from_address":"0x9571d6c7bbe67dd4655a9b7c65b1a4a0c95a7a90","transfer_amount":"1"}'}
{"date":"2019-10-31T12:22:25.308","level":"DEBUG","category":"check_eth_account.js","host":"frank-hp","pid":"9252","data":'the param is:{"transfer_from_address":"0x9571d6c7bbe67dd4655a9b7c65b1a4a0c95a7a90","transfer_amount":"1"}'}
{"date":"2019-10-31T12:22:33.796","level":"DEBUG","category":"check_eth_account.js","host":"frank-hp","pid":"9252","data":'the param is:{"transfer_from_address":"0x9571d6c7bbe67dd4655a9b7c65b1a4a0c95a7a90","transfer_amount":"1"}'}
{"date":"2019-10-31T12:22:41.687","level":"DEBUG","category":"check_eth_account.js","host":"frank-hp","pid":"9252","data":'the param is:{"transfer_from_address":"0x9571d6c7bbe67dd4655a9b7c65b1a4a0c95a7a90","transfer_amount":"1"}'}
{"date":"2019-10-31T12:23:05.601","level":"DEBUG","category":"check_eth_account.js","host":"frank-hp","pid":"9252","data":'the param is:{"transfer_from_address":"0x9571d6c7bbe67dd4655a9b7c65b1a4a0c95a7a90","transfer_amount":"1"}'}
{"date":"2019-10-31T12:24:35.778","level":"DEBUG","category":"check_eth_account.js","host":"frank-hp","pid":"9252","data":'the param is:{"transfer_from_address":"0x9571d6c7bbe67dd4655a9b7c65b1a4a0c95a7a90","transfer_amount":"1"}'}
{"date":"2019-10-31T12:25:25.156","level":"DEBUG","category":"check_eth_account.js","host":"frank-hp","pid":"9252","data":'the param is:{"transfer_from_address":"0x9571d6c7bbe67dd4655a9b7c65b1a4a0c95a7a90","transfer_amount":"1"}'}
{"date":"2019-10-31T12:27:25.382","level":"DEBUG","category":"check_eth_account.js","host":"frank-hp","pid":"9252","data":'the param is:{"transfer_from_address":"0x9571d6c7bbe67dd4655a9b7c65b1a4a0c95a7a90","transfer_amount":"1"}'}
{"date":"2019-10-31T12:27:37.625","level":"DEBUG","category":"check_eth_account.js","host":"frank-hp","pid":"9252","data":'the param is:{"transfer_from_address":"0x9571d6c7bbe67dd4655a9b7c65b1a4a0c95a7a90","transfer_amount":"1"}'}
{"date":"2019-10-31T12:27:42.422","level":"DEBUG","category":"check_eth_account.js","host":"frank-hp","pid":"9252","data":'the param is:{"transfer_from_address":"0x9571d6c7bbe67dd4655a9b7c65b1a4a0c95a7a90","transfer_amount":"1"}'}
{"date":"2019-10-31T12:33:03.081","level":"DEBUG","category":"check_eth_account.js","host":"frank-hp","pid":"9252","data":'the param is:{"transfer_from_address":"0x9571d6c7bbe67dd4655a9b7c65b1a4a0c95a7a90","transfer_amount":"1"}'}
{"date":"2019-10-31T12:33:09.949","level":"DEBUG","category":"check_eth_account.js","host":"frank-hp","pid":"9252","data":'the param is:{"transfer_from_address":"0x9571d6c7bbe67dd4655a9b7c65b1a4a0c95a7a90","transfer_amount":"1"}'}
{"date":"2019-10-31T12:33:30.545","level":"DEBUG","category":"check_eth_account.js","host":"frank-hp","pid":"9252","data":'the param is:{"transfer_from_address":"0x9571d6c7bbe67dd4655a9b7c65b1a4a0c95a7a90","transfer_amount":"1"}'}
{"date":"2019-10-31T12:33:30.593","level":"DEBUG","category":"check_eth_account.js","host":"frank-hp","pid":"9252","data":'the param is:{"transfer_from_address":"0x9571d6c7bbe67dd4655a9b7c65b1a4a0c95a7a90","transfer_amount":"1"}'}
{"date":"2019-10-31T14:39:40.434","level":"DEBUG","category":"check_eth_account.js","host":"frank-hp","pid":"9252","data":'the param is:{"transfer_from_address":"0x9571d6c7bbe67dd4655a9b7c65b1a4a0c95a7a90","transfer_amount":"1"}'}
{"date":"2019-10-31T14:44:00.032","level":"DEBUG","category":"check_eth_account.js","host":"frank-hp","pid":"9252","data":'the param is:{"transfer_from_address":"0x9571d6c7bbe67dd4655a9b7c65b1a4a0c95a7a90","transfer_amount":"1"}'}
{"date":"2019-10-31T14:44:30.313","level":"DEBUG","category":"check_eth_account.js","host":"frank-hp","pid":"9252","data":'the param is:{"transfer_from_address":"0x9571d6c7bbe67dd4655a9b7c65b1a4a0c95a7a90","transfer_amount":"1"}'}
{"date":"2019-10-31T14:44:35.632","level":"DEBUG","category":"check_eth_account.js","host":"frank-hp","pid":"9252","data":'the param is:{"transfer_from_address":"0x9571d6c7bbe67dd4655a9b7c65b1a4a0c95a7a90","transfer_amount":"1"}'}
{"date":"2019-10-31T14:44:46.772","level":"DEBUG","category":"check_eth_account.js","host":"frank-hp","pid":"9252","data":'the param is:{"transfer_from_address":"0x9571d6c7bbe67dd4655a9b7c65b1a4a0c95a7a90","transfer_amount":"1"}'}
{"date":"2019-10-31T14:45:12.012","level":"DEBUG","category":"check_eth_account.js","host":"frank-hp","pid":"9252","data":'the param is:{"transfer_from_address":"0x9571d6c7bbe67dd4655a9b7c65b1a4a0c95a7a90","transfer_amount":"1"}'}
{"date":"2019-10-31T14:49:11.524","level":"DEBUG","category":"check_eth_account.js","host":"frank-hp","pid":"9252","data":'the param is:{"transfer_from_address":"0x9571d6c7bbe67dd4655a9b7c65b1a4a0c95a7a90","transfer_amount":"1"}'}
{"date":"2019-10-31T14:49:24.156","level":"DEBUG","category":"check_eth_account.js","host":"frank-hp","pid":"9252","data":'the param is:{"transfer_from_address":"0x9571d6c7bbe67dd4655a9b7c65b1a4a0c95a7a90","transfer_amount":"1"}'}
{"date":"2019-10-31T14:49:57.814","level":"DEBUG","category":"check_eth_account.js","host":"frank-hp","pid":"9252","data":'the param is:{"transfer_from_address":"0x9571d6c7bbe67dd4655a9b7c65b1a4a0c95a7a90","transfer_amount":"1"}'}
{"date":"2019-10-31T14:50:39.995","level":"DEBUG","category":"check_eth_account.js","host":"frank-hp","pid":"9252","data":'the param is:{"transfer_from_address":"0x9571d6c7bbe67dd4655a9b7c65b1a4a0c95a7a90","transfer_amount":"1"}'}
{"date":"2019-10-31T14:52:23.779","level":"DEBUG","category":"check_eth_account.js","host":"frank-hp","pid":"9252","data":'the param is:{"transfer_from_address":"0x9571d6c7bbe67dd4655a9b7c65b1a4a0c95a7a90","transfer_amount":"1"}'}
{"date":"2019-10-31T14:54:59.320","level":"DEBUG","category":"check_eth_account.js","host":"frank-hp","pid":"9252","data":'the param is:{"transfer_from_address":"0x9571d6c7bbe67dd4655a9b7c65b1a4a0c95a7a90","transfer_amount":"1"}'}
{"date":"2019-10-31T14:55:01.450","level":"DEBUG","category":"check_eth_account.js","host":"frank-hp","pid":"9252","data":'the param is:{"transfer_from_address":"0x9571d6c7bbe67dd4655a9b7c65b1a4a0c95a7a90","transfer_amount":"1"}'}
{"date":"2019-10-31T14:55:23.412","level":"DEBUG","category":"check_eth_account.js","host":"frank-hp","pid":"9252","data":'the param is:{"transfer_from_address":"0x9571d6c7bbe67dd4655a9b7c65b1a4a0c95a7a90","transfer_amount":"1"}'}
{"date":"2019-10-31T14:55:25.079","level":"DEBUG","category":"check_eth_account.js","host":"frank-hp","pid":"9252","data":'the param is:{"transfer_from_address":"0x9571d6c7bbe67dd4655a9b7c65b1a4a0c95a7a90","transfer_amount":"1"}'}
{"date":"2019-10-31T14:55:25.997","level":"DEBUG","category":"check_eth_account.js","host":"frank-hp","pid":"9252","data":'the param is:{"transfer_from_address":"0x9571d6c7bbe67dd4655a9b7c65b1a4a0c95a7a90","transfer_amount":"1"}'}
{"date":"2019-10-31T14:55:41.228","level":"DEBUG","category":"check_eth_account.js","host":"frank-hp","pid":"9252","data":'the param is:{"transfer_from_address":"0x9571d6c7bbe67dd4655a9b7c65b1a4a0c95a7a90","transfer_amount":"1"}'}
{"date":"2019-10-31T14:55:45.387","level":"DEBUG","category":"check_eth_account.js","host":"frank-hp","pid":"9252","data":'the param is:{"transfer_from_address":"0x9571d6c7bbe67dd4655a9b7c65b1a4a0c95a7a90","transfer_amount":"1"}'}
{"date":"2019-10-31T14:55:48.908","level":"DEBUG","category":"check_eth_account.js","host":"frank-hp","pid":"9252","data":'the param is:{"transfer_from_address":"0x9571d6c7bbe67dd4655a9b7c65b1a4a0c95a7a90","transfer_amount":"1"}'}
{"date":"2019-10-31T14:56:39.086","level":"DEBUG","category":"check_eth_account.js","host":"frank-hp","pid":"9252","data":'the param is:{"transfer_from_address":"0x9571d6c7bbe67dd4655a9b7c65b1a4a0c95a7a90","transfer_amount":"1"}'}
{"date":"2019-10-31T14:56:43.694","level":"DEBUG","category":"check_eth_account.js","host":"frank-hp","pid":"9252","data":'the param is:{"transfer_from_address":"0x9571d6c7bbe67dd4655a9b7c65b1a4a0c95a7a90","transfer_amount":"1"}'}
{"date":"2019-10-31T14:57:24.157","level":"DEBUG","category":"check_eth_account.js","host":"frank-hp","pid":"9252","data":'the param is:{"transfer_from_address":"0x9571d6c7bbe67dd4655a9b7c65b1a4a0c95a7a90","transfer_amount":"1"}'}
{"date":"2019-10-31T14:58:12.382","level":"DEBUG","category":"check_eth_account.js","host":"frank-hp","pid":"9252","data":'the param is:{"transfer_from_address":"0x9571d6c7bbe67dd4655a9b7c65b1a4a0c95a7a90","transfer_amount":"1"}'}
{"date":"2019-10-31T14:58:17.102","level":"DEBUG","category":"check_eth_account.js","host":"frank-hp","pid":"9252","data":'the param is:{"transfer_from_address":"0x9571d6c7bbe67dd4655a9b7c65b1a4a0c95a7a90","transfer_amount":"1"}'}
