{"date":"2019-10-07T09:57:24.183","level":"INFO","category":"exchange.js","host":"frank-hp","pid":"5800","data":'init server of pools server.'}
{"date":"2019-10-07T09:57:24.262","level":"WARN","category":"exchange.js","host":"frank-hp","pid":"5800","data":'**** server of pools running at http://localhost:7758/  ****'}
{"date":"2019-10-07T09:57:25.284","level":"ERROR","category":"exchange.js","host":"frank-hp","pid":"5800","data":'the error from sequelize.sync(),the erroe:SequelizeConnectionRefusedError: connect ECONNREFUSED 192.168.92.128:3306'}
{"date":"2019-10-07T09:58:02.157","level":"INFO","category":"exchange.js","host":"frank-hp","pid":"5800","data":'GET /PAX'}
{"date":"2019-10-07T09:58:52.286","level":"INFO","category":"exchange.js","host":"frank-hp","pid":"3216","data":'init server of pools server.'}
{"date":"2019-10-07T09:58:52.336","level":"WARN","category":"exchange.js","host":"frank-hp","pid":"3216","data":'**** server of pools running at http://localhost:7758/  ****'}
{"date":"2019-10-07T09:58:53.351","level":"ERROR","category":"exchange.js","host":"frank-hp","pid":"3216","data":'the error from sequelize.sync(),the erroe:SequelizeConnectionRefusedError: connect ECONNREFUSED 192.168.92.128:3306'}
{"date":"2019-10-07T09:58:54.821","level":"INFO","category":"exchange.js","host":"frank-hp","pid":"3216","data":'GET /PAX'}
{"date":"2019-10-07T09:59:41.364","level":"INFO","category":"exchange.js","host":"frank-hp","pid":"1516","data":'init server of pools server.'}
{"date":"2019-10-07T09:59:41.414","level":"WARN","category":"exchange.js","host":"frank-hp","pid":"1516","data":'**** server of pools running at http://localhost:7758/  ****'}
{"date":"2019-10-07T09:59:42.433","level":"ERROR","category":"exchange.js","host":"frank-hp","pid":"1516","data":'the error from sequelize.sync(),the erroe:SequelizeConnectionRefusedError: connect ECONNREFUSED 192.168.92.128:3306'}
{"date":"2019-10-07T09:59:44.524","level":"INFO","category":"exchange.js","host":"frank-hp","pid":"1516","data":'GET /PAX'}
{"date":"2019-10-07T10:00:53.252","level":"INFO","category":"exchange.js","host":"frank-hp","pid":"5940","data":'init server of pools server.'}
{"date":"2019-10-07T10:00:53.302","level":"WARN","category":"exchange.js","host":"frank-hp","pid":"5940","data":'**** server of pools running at http://localhost:7758/  ****'}
{"date":"2019-10-07T10:00:54.323","level":"ERROR","category":"exchange.js","host":"frank-hp","pid":"5940","data":'the error from sequelize.sync(),the erroe:SequelizeConnectionRefusedError: connect ECONNREFUSED 192.168.92.128:3306'}
{"date":"2019-10-07T10:02:13.641","level":"INFO","category":"exchange.js","host":"frank-hp","pid":"5884","data":'init server of pools server.'}
{"date":"2019-10-07T10:02:13.693","level":"WARN","category":"exchange.js","host":"frank-hp","pid":"5884","data":'**** server of pools running at http://localhost:7758/  ****'}
{"date":"2019-10-07T10:02:14.708","level":"ERROR","category":"exchange.js","host":"frank-hp","pid":"5884","data":'the error from sequelize.sync(),the erroe:SequelizeConnectionRefusedError: connect ECONNREFUSED 192.168.92.128:3306'}
{"date":"2019-10-07T10:18:28.884","level":"INFO","category":"exchange.js","host":"frank-hp","pid":"13224","data":'init server of pools server.'}
{"date":"2019-10-07T10:18:28.936","level":"WARN","category":"exchange.js","host":"frank-hp","pid":"13224","data":'**** server of pools running at http://localhost:7758/  ****'}
{"date":"2019-10-07T10:18:29.069","level":"INFO","category":"exchange.js","host":"frank-hp","pid":"13224","data":'数据库同步成功'}
{"date":"2019-10-07T10:18:33.621","level":"INFO","category":"exchange.js","host":"frank-hp","pid":"13224","data":'GET /PAX'}
{"date":"2019-10-07T10:19:39.607","level":"INFO","category":"exchange.js","host":"frank-hp","pid":"7488","data":'init server of pools server.'}
{"date":"2019-10-07T10:19:39.658","level":"WARN","category":"exchange.js","host":"frank-hp","pid":"7488","data":'**** server of pools running at http://localhost:7758/  ****'}
{"date":"2019-10-07T10:19:39.714","level":"INFO","category":"exchange.js","host":"frank-hp","pid":"7488","data":'数据库同步成功'}
{"date":"2019-10-07T10:19:42.194","level":"INFO","category":"exchange.js","host":"frank-hp","pid":"7488","data":'GET /get_PAXAccount'}
{"date":"2019-10-07T10:19:42.201","level":"ERROR","category":"exchange.js","host":"frank-hp","pid":"7488","data":'unhandledRejection current request url : /get_paxaccount is not exist in api. pls check.'}
{"date":"2019-10-07T10:20:39.639","level":"INFO","category":"exchange.js","host":"frank-hp","pid":"6888","data":'init server of pools server.'}
{"date":"2019-10-07T10:20:39.692","level":"WARN","category":"exchange.js","host":"frank-hp","pid":"6888","data":'**** server of pools running at http://localhost:7758/  ****'}
{"date":"2019-10-07T10:20:39.752","level":"INFO","category":"exchange.js","host":"frank-hp","pid":"6888","data":'数据库同步成功'}
{"date":"2019-10-07T10:20:49.087","level":"INFO","category":"exchange.js","host":"frank-hp","pid":"6888","data":'GET /get_PAXAccount'}
{"date":"2019-10-07T10:20:49.093","level":"ERROR","category":"exchange.js","host":"frank-hp","pid":"6888","data":'unhandledRejection current request url : /get_paxaccount is not exist in api. pls check.'}
{"date":"2019-10-07T10:21:43.606","level":"INFO","category":"exchange.js","host":"frank-hp","pid":"5160","data":'init server of pools server.'}
{"date":"2019-10-07T10:21:43.662","level":"WARN","category":"exchange.js","host":"frank-hp","pid":"5160","data":'**** server of pools running at http://localhost:7758/  ****'}
{"date":"2019-10-07T10:21:43.718","level":"INFO","category":"exchange.js","host":"frank-hp","pid":"5160","data":'数据库同步成功'}
{"date":"2019-10-07T10:21:57.373","level":"INFO","category":"exchange.js","host":"frank-hp","pid":"5160","data":'GET /get_paxaccount'}
{"date":"2019-10-07T10:21:57.378","level":"ERROR","category":"exchange.js","host":"frank-hp","pid":"5160","data":'unhandledRejection current request url : /get_paxaccount is not exist in api. pls check.'}
{"date":"2019-10-07T10:23:02.822","level":"WARN","category":"exchange.js","host":"frank-hp","pid":"2124","data":'**** server of pools running at http://localhost:7758/  ****'}
{"date":"2019-10-07T10:23:02.766","level":"INFO","category":"exchange.js","host":"frank-hp","pid":"2124","data":'init server of pools server.'}
{"date":"2019-10-07T10:23:02.877","level":"INFO","category":"exchange.js","host":"frank-hp","pid":"2124","data":'数据库同步成功'}
{"date":"2019-10-07T10:23:04.511","level":"INFO","category":"exchange.js","host":"frank-hp","pid":"2124","data":'GET /get_paxaccount'}
{"date":"2019-10-07T10:23:04.541","level":"ERROR","category":"exchange.js","host":"frank-hp","pid":"2124","data":'unhandledRejection current request url : /get_paxaccount is not exist in api. pls check.'}
{"date":"2019-10-07T10:23:46.471","level":"INFO","category":"exchange.js","host":"frank-hp","pid":"2124","data":'GET /get_paxaccount'}
{"date":"2019-10-07T10:23:46.483","level":"ERROR","category":"exchange.js","host":"frank-hp","pid":"2124","data":'unhandledRejection current request url : /get_paxaccount is not exist in api. pls check.'}
{"date":"2019-10-07T10:23:52.988","level":"INFO","category":"exchange.js","host":"frank-hp","pid":"2124","data":'GET /get_paxaccount'}
{"date":"2019-10-07T10:23:53.007","level":"ERROR","category":"exchange.js","host":"frank-hp","pid":"2124","data":'unhandledRejection current request url : /get_paxaccount is not exist in api. pls check.'}
{"date":"2019-10-07T10:24:30.716","level":"WARN","category":"exchange.js","host":"frank-hp","pid":"4412","data":'**** server of pools running at http://localhost:7758/  ****'}
{"date":"2019-10-07T10:24:30.666","level":"INFO","category":"exchange.js","host":"frank-hp","pid":"4412","data":'init server of pools server.'}
{"date":"2019-10-07T10:24:30.769","level":"INFO","category":"exchange.js","host":"frank-hp","pid":"4412","data":'数据库同步成功'}
{"date":"2019-10-07T10:24:31.805","level":"INFO","category":"exchange.js","host":"frank-hp","pid":"4412","data":'GET /get_account'}
{"date":"2019-10-07T10:24:31.823","level":"ERROR","category":"exchange.js","host":"frank-hp","pid":"4412","data":'unhandledRejection current request url : /get_account is not exist in api. pls check.'}
{"date":"2019-10-07T10:26:53.963","level":"INFO","category":"exchange.js","host":"frank-hp","pid":"7532","data":'init server of pools server.'}
{"date":"2019-10-07T10:26:54.017","level":"WARN","category":"exchange.js","host":"frank-hp","pid":"7532","data":'**** server of pools running at http://localhost:7758/  ****'}
{"date":"2019-10-07T10:26:54.073","level":"INFO","category":"exchange.js","host":"frank-hp","pid":"7532","data":'数据库同步成功'}
{"date":"2019-10-07T10:26:56.369","level":"INFO","category":"exchange.js","host":"frank-hp","pid":"7532","data":'GET /get_account'}
{"date":"2019-10-07T10:27:11.140","level":"INFO","category":"exchange.js","host":"frank-hp","pid":"7532","data":'GET /get_account'}
{"date":"2019-10-07T10:28:06.592","level":"INFO","category":"exchange.js","host":"frank-hp","pid":"7532","data":'GET /get_account'}
{"date":"2019-10-07T10:28:09.967","level":"INFO","category":"exchange.js","host":"frank-hp","pid":"7532","data":'GET /get_account'}
{"date":"2019-10-07T10:29:03.785","level":"INFO","category":"exchange.js","host":"frank-hp","pid":"11204","data":'init server of pools server.'}
{"date":"2019-10-07T10:29:03.850","level":"WARN","category":"exchange.js","host":"frank-hp","pid":"11204","data":'**** server of pools running at http://localhost:7758/  ****'}
{"date":"2019-10-07T10:29:03.904","level":"INFO","category":"exchange.js","host":"frank-hp","pid":"11204","data":'数据库同步成功'}
{"date":"2019-10-07T10:29:05.126","level":"INFO","category":"exchange.js","host":"frank-hp","pid":"11204","data":'GET /get_account'}
{"date":"2019-10-07T10:30:51.193","level":"INFO","category":"exchange.js","host":"frank-hp","pid":"6320","data":'init server of pools server.'}
{"date":"2019-10-07T10:30:51.243","level":"WARN","category":"exchange.js","host":"frank-hp","pid":"6320","data":'**** server of pools running at http://localhost:7758/  ****'}
{"date":"2019-10-07T10:30:51.298","level":"INFO","category":"exchange.js","host":"frank-hp","pid":"6320","data":'数据库同步成功'}
{"date":"2019-10-07T10:30:55.322","level":"INFO","category":"exchange.js","host":"frank-hp","pid":"6320","data":'GET /get_account'}
{"date":"2019-10-07T10:32:18.898","level":"INFO","category":"exchange.js","host":"frank-hp","pid":"12888","data":'init server of pools server.'}
{"date":"2019-10-07T10:32:18.948","level":"WARN","category":"exchange.js","host":"frank-hp","pid":"12888","data":'**** server of pools running at http://localhost:7758/  ****'}
{"date":"2019-10-07T10:32:19.004","level":"INFO","category":"exchange.js","host":"frank-hp","pid":"12888","data":'数据库同步成功'}
{"date":"2019-10-07T10:32:21.714","level":"INFO","category":"exchange.js","host":"frank-hp","pid":"12888","data":'GET /get_account'}
{"date":"2019-10-07T10:33:11.035","level":"WARN","category":"exchange.js","host":"frank-hp","pid":"5964","data":'**** server of pools running at http://localhost:7758/  ****'}
{"date":"2019-10-07T10:33:10.986","level":"INFO","category":"exchange.js","host":"frank-hp","pid":"5964","data":'init server of pools server.'}
{"date":"2019-10-07T10:33:11.089","level":"INFO","category":"exchange.js","host":"frank-hp","pid":"5964","data":'数据库同步成功'}
{"date":"2019-10-07T10:33:14.839","level":"INFO","category":"exchange.js","host":"frank-hp","pid":"5964","data":'GET /get_account'}
{"date":"2019-10-07T10:57:11.011","level":"INFO","category":"exchange.js","host":"frank-hp","pid":"8212","data":'init server of pools server.'}
{"date":"2019-10-07T10:57:11.412","level":"WARN","category":"exchange.js","host":"frank-hp","pid":"8212","data":'**** server of pools running at http://localhost:7758/  ****'}
{"date":"2019-10-07T10:57:11.489","level":"INFO","category":"exchange.js","host":"frank-hp","pid":"8212","data":'数据库同步成功'}
{"date":"2019-10-07T10:57:12.744","level":"INFO","category":"exchange.js","host":"frank-hp","pid":"8212","data":'GET /get_account'}
{"date":"2019-10-07T11:25:44.142","level":"INFO","category":"exchange.js","host":"frank-hp","pid":"1912","data":'init server of pools server.'}
{"date":"2019-10-07T11:25:44.462","level":"WARN","category":"exchange.js","host":"frank-hp","pid":"1912","data":'**** server of pools running at http://localhost:7758/  ****'}
{"date":"2019-10-07T11:25:44.543","level":"INFO","category":"exchange.js","host":"frank-hp","pid":"1912","data":'数据库同步成功'}
{"date":"2019-10-07T11:25:46.542","level":"INFO","category":"exchange.js","host":"frank-hp","pid":"1912","data":'GET /get_account'}
{"date":"2019-10-07T11:57:25.739","level":"INFO","category":"exchange.js","host":"frank-hp","pid":"7004","data":'init server of pools server.'}
{"date":"2019-10-07T11:57:26.281","level":"WARN","category":"exchange.js","host":"frank-hp","pid":"7004","data":'**** server of pools running at http://localhost:7758/  ****'}
{"date":"2019-10-07T11:57:26.351","level":"INFO","category":"exchange.js","host":"frank-hp","pid":"7004","data":'数据库同步成功'}
{"date":"2019-10-07T11:57:28.896","level":"INFO","category":"exchange.js","host":"frank-hp","pid":"7004","data":'GET /get_account'}
{"date":"2019-10-07T11:58:20.852","level":"INFO","category":"exchange.js","host":"frank-hp","pid":"11576","data":'init server of pools server.'}
{"date":"2019-10-07T11:58:21.344","level":"WARN","category":"exchange.js","host":"frank-hp","pid":"11576","data":'**** server of pools running at http://localhost:7758/  ****'}
{"date":"2019-10-07T11:58:21.411","level":"INFO","category":"exchange.js","host":"frank-hp","pid":"11576","data":'数据库同步成功'}
{"date":"2019-10-07T11:58:22.472","level":"INFO","category":"exchange.js","host":"frank-hp","pid":"11576","data":'GET /get_account'}
{"date":"2019-10-07T12:00:14.371","level":"INFO","category":"exchange.js","host":"frank-hp","pid":"13796","data":'init server of pools server.'}
{"date":"2019-10-07T12:00:14.865","level":"WARN","category":"exchange.js","host":"frank-hp","pid":"13796","data":'**** server of pools running at http://localhost:7758/  ****'}
{"date":"2019-10-07T12:00:14.937","level":"INFO","category":"exchange.js","host":"frank-hp","pid":"13796","data":'数据库同步成功'}
{"date":"2019-10-07T12:00:16.316","level":"INFO","category":"exchange.js","host":"frank-hp","pid":"13796","data":'GET /get_account'}
{"date":"2019-10-07T14:55:23.233","level":"INFO","category":"exchange.js","host":"frank-hp","pid":"648","data":'init server of pools server.'}
{"date":"2019-10-07T14:55:23.701","level":"WARN","category":"exchange.js","host":"frank-hp","pid":"648","data":'**** server of pools running at http://localhost:7758/  ****'}
{"date":"2019-10-07T14:55:23.769","level":"INFO","category":"exchange.js","host":"frank-hp","pid":"648","data":'数据库同步成功'}
{"date":"2019-10-07T14:55:35.966","level":"INFO","category":"exchange.js","host":"frank-hp","pid":"648","data":'GET /get_account'}
{"date":"2019-10-07T15:11:19.066","level":"INFO","category":"exchange.js","host":"frank-hp","pid":"9248","data":'init server of pools server.'}
{"date":"2019-10-07T15:11:19.561","level":"ERROR","category":"exchange.js","host":"frank-hp","pid":"9248","data":'unhandledRejection sequelize.sync is not a function'}
{"date":"2019-10-07T15:11:21.367","level":"INFO","category":"exchange.js","host":"frank-hp","pid":"9248","data":'GET /get_account'}
{"date":"2019-10-07T15:11:21.526","level":"ERROR","category":"exchange.js","host":"frank-hp","pid":"9248","data":'unhandledRejection notNull Violation: PAXAccount.Ue_value cannot be null'}
{"date":"2019-10-07T15:12:04.780","level":"INFO","category":"exchange.js","host":"frank-hp","pid":"5864","data":'init server of pools server.'}
{"date":"2019-10-07T15:12:05.248","level":"ERROR","category":"exchange.js","host":"frank-hp","pid":"5864","data":'unhandledRejection sequelize.sync is not a function'}
{"date":"2019-10-07T15:20:07.901","level":"INFO","category":"exchange.js","host":"frank-hp","pid":"1180","data":'init server of pools server.'}
{"date":"2019-10-07T15:20:08.390","level":"WARN","category":"exchange.js","host":"frank-hp","pid":"1180","data":'**** server of pools running at http://localhost:7758/  ****'}
{"date":"2019-10-07T15:20:08.463","level":"INFO","category":"exchange.js","host":"frank-hp","pid":"1180","data":'数据库同步成功'}
{"date":"2019-10-07T15:20:09.647","level":"INFO","category":"exchange.js","host":"frank-hp","pid":"1180","data":'GET /get_account'}
{"date":"2019-10-07T15:20:09.753","level":"ERROR","category":"exchange.js","host":"frank-hp","pid":"1180","data":'unhandledRejection notNull Violation: PAXAccount.Ue_value cannot be null'}
{"date":"2019-10-07T15:21:35.623","level":"INFO","category":"exchange.js","host":"frank-hp","pid":"1828","data":'init server of pools server.'}
{"date":"2019-10-07T15:21:36.102","level":"WARN","category":"exchange.js","host":"frank-hp","pid":"1828","data":'**** server of pools running at http://localhost:7758/  ****'}
{"date":"2019-10-07T15:21:36.171","level":"INFO","category":"exchange.js","host":"frank-hp","pid":"1828","data":'数据库同步成功'}
{"date":"2019-10-07T15:21:37.138","level":"INFO","category":"exchange.js","host":"frank-hp","pid":"1828","data":'GET /get_account'}
{"date":"2019-10-07T15:22:16.736","level":"INFO","category":"exchange.js","host":"frank-hp","pid":"7952","data":'init server of pools server.'}
{"date":"2019-10-07T15:22:17.222","level":"WARN","category":"exchange.js","host":"frank-hp","pid":"7952","data":'**** server of pools running at http://localhost:7758/  ****'}
{"date":"2019-10-07T15:22:17.294","level":"INFO","category":"exchange.js","host":"frank-hp","pid":"7952","data":'数据库同步成功'}
{"date":"2019-10-07T15:22:18.382","level":"INFO","category":"exchange.js","host":"frank-hp","pid":"7952","data":'GET /get_account'}
{"date":"2019-10-07T15:22:19.149","level":"ERROR","category":"exchange.js","host":"frank-hp","pid":"7952","data":'unhandledRejection notNull Violation: PAXAccount.Ue_value cannot be null'}
{"date":"2019-10-07T15:22:45.152","level":"INFO","category":"exchange.js","host":"frank-hp","pid":"3432","data":'init server of pools server.'}
{"date":"2019-10-07T15:22:45.662","level":"WARN","category":"exchange.js","host":"frank-hp","pid":"3432","data":'**** server of pools running at http://localhost:7758/  ****'}
{"date":"2019-10-07T15:22:45.739","level":"INFO","category":"exchange.js","host":"frank-hp","pid":"3432","data":'数据库同步成功'}
{"date":"2019-10-07T15:22:47.285","level":"INFO","category":"exchange.js","host":"frank-hp","pid":"3432","data":'GET /get_account'}
{"date":"2019-10-07T15:22:48.491","level":"ERROR","category":"exchange.js","host":"frank-hp","pid":"3432","data":'unhandledRejection Incorrect decimal value: '[object Promise]' for column 'pax_value' at row 1'}
{"date":"2019-10-07T15:27:11.752","level":"INFO","category":"exchange.js","host":"frank-hp","pid":"9984","data":'init server of pools server.'}
{"date":"2019-10-07T15:27:12.227","level":"WARN","category":"exchange.js","host":"frank-hp","pid":"9984","data":'**** server of pools running at http://localhost:7758/  ****'}
{"date":"2019-10-07T15:27:12.293","level":"INFO","category":"exchange.js","host":"frank-hp","pid":"9984","data":'数据库同步成功'}
{"date":"2019-10-07T15:27:15.185","level":"INFO","category":"exchange.js","host":"frank-hp","pid":"9984","data":'GET /get_account'}
{"date":"2019-10-07T15:27:15.294","level":"ERROR","category":"exchange.js","host":"frank-hp","pid":"9984","data":'unhandledRejection Incorrect decimal value: '[object Promise]' for column 'pax_value' at row 1'}
{"date":"2019-10-07T15:32:33.726","level":"INFO","category":"exchange.js","host":"frank-hp","pid":"2128","data":'init server of pools server.'}
{"date":"2019-10-07T15:32:34.212","level":"WARN","category":"exchange.js","host":"frank-hp","pid":"2128","data":'**** server of pools running at http://localhost:7758/  ****'}
{"date":"2019-10-07T15:32:34.302","level":"INFO","category":"exchange.js","host":"frank-hp","pid":"2128","data":'数据库同步成功'}
{"date":"2019-10-07T15:32:36.161","level":"INFO","category":"exchange.js","host":"frank-hp","pid":"2128","data":'GET /get_account'}
{"date":"2019-10-07T15:32:36.287","level":"ERROR","category":"exchange.js","host":"frank-hp","pid":"2128","data":'unhandledRejection Incorrect decimal value: '[object Promise]' for column 'pax_value' at row 1'}
{"date":"2019-10-07T15:34:03.362","level":"INFO","category":"exchange.js","host":"frank-hp","pid":"8232","data":'init server of pools server.'}
{"date":"2019-10-07T15:34:03.858","level":"WARN","category":"exchange.js","host":"frank-hp","pid":"8232","data":'**** server of pools running at http://localhost:7758/  ****'}
{"date":"2019-10-07T15:34:03.931","level":"INFO","category":"exchange.js","host":"frank-hp","pid":"8232","data":'数据库同步成功'}
{"date":"2019-10-07T15:34:04.843","level":"INFO","category":"exchange.js","host":"frank-hp","pid":"8232","data":'GET /get_account'}
{"date":"2019-10-07T15:34:04.965","level":"ERROR","category":"exchange.js","host":"frank-hp","pid":"8232","data":'unhandledRejection Incorrect decimal value: '[object Promise]' for column 'pax_value' at row 1'}
{"date":"2019-10-07T15:38:50.517","level":"WARN","category":"exchange.js","host":"frank-hp","pid":"14004","data":'**** server of pools running at http://localhost:7758/  ****'}
{"date":"2019-10-07T15:38:50.016","level":"INFO","category":"exchange.js","host":"frank-hp","pid":"14004","data":'init server of pools server.'}
{"date":"2019-10-07T15:38:50.605","level":"INFO","category":"exchange.js","host":"frank-hp","pid":"14004","data":'数据库同步成功'}
{"date":"2019-10-07T15:38:51.307","level":"INFO","category":"exchange.js","host":"frank-hp","pid":"14004","data":'GET /get_account'}
{"date":"2019-10-07T15:38:51.463","level":"ERROR","category":"exchange.js","host":"frank-hp","pid":"14004","data":'unhandledRejection Incorrect datetime value: 'Invalid date' for column 'map_time' at row 1'}
{"date":"2019-10-07T15:41:06.567","level":"INFO","category":"exchange.js","host":"frank-hp","pid":"6712","data":'init server of pools server.'}
{"date":"2019-10-07T15:41:07.043","level":"WARN","category":"exchange.js","host":"frank-hp","pid":"6712","data":'**** server of pools running at http://localhost:7758/  ****'}
{"date":"2019-10-07T15:41:07.111","level":"INFO","category":"exchange.js","host":"frank-hp","pid":"6712","data":'数据库同步成功'}
{"date":"2019-10-07T15:41:08.650","level":"INFO","category":"exchange.js","host":"frank-hp","pid":"6712","data":'GET /get_account'}
{"date":"2019-10-07T15:42:27.784","level":"INFO","category":"exchange.js","host":"frank-hp","pid":"12408","data":'init server of pools server.'}
{"date":"2019-10-07T15:42:28.299","level":"WARN","category":"exchange.js","host":"frank-hp","pid":"12408","data":'**** server of pools running at http://localhost:7758/  ****'}
{"date":"2019-10-07T15:42:28.377","level":"INFO","category":"exchange.js","host":"frank-hp","pid":"12408","data":'数据库同步成功'}
{"date":"2019-10-07T15:42:29.099","level":"INFO","category":"exchange.js","host":"frank-hp","pid":"12408","data":'GET /get_account'}
{"date":"2019-10-07T15:43:22.697","level":"INFO","category":"exchange.js","host":"frank-hp","pid":"10184","data":'init server of pools server.'}
{"date":"2019-10-07T15:43:23.254","level":"WARN","category":"exchange.js","host":"frank-hp","pid":"10184","data":'**** server of pools running at http://localhost:7758/  ****'}
{"date":"2019-10-07T15:43:23.335","level":"INFO","category":"exchange.js","host":"frank-hp","pid":"10184","data":'数据库同步成功'}
{"date":"2019-10-07T15:43:24.030","level":"INFO","category":"exchange.js","host":"frank-hp","pid":"10184","data":'GET /get_account'}
{"date":"2019-10-07T15:47:49.872","level":"INFO","category":"exchange.js","host":"frank-hp","pid":"7688","data":'init server of pools server.'}
{"date":"2019-10-07T15:47:50.345","level":"WARN","category":"exchange.js","host":"frank-hp","pid":"7688","data":'**** server of pools running at http://localhost:7758/  ****'}
{"date":"2019-10-07T15:47:50.414","level":"INFO","category":"exchange.js","host":"frank-hp","pid":"7688","data":'数据库同步成功'}
{"date":"2019-10-07T15:47:54.292","level":"INFO","category":"exchange.js","host":"frank-hp","pid":"7688","data":'GET /get_account'}
{"date":"2019-10-07T15:47:54.470","level":"ERROR","category":"exchange.js","host":"frank-hp","pid":"7688","data":'unhandledRejection Incorrect decimal value: '48.2400 UE' for column 'ue_value' at row 1'}
{"date":"2019-10-07T15:48:21.166","level":"INFO","category":"exchange.js","host":"frank-hp","pid":"9540","data":'init server of pools server.'}
{"date":"2019-10-07T15:48:21.668","level":"WARN","category":"exchange.js","host":"frank-hp","pid":"9540","data":'**** server of pools running at http://localhost:7758/  ****'}
{"date":"2019-10-07T15:48:21.816","level":"INFO","category":"exchange.js","host":"frank-hp","pid":"9540","data":'数据库同步成功'}
{"date":"2019-10-07T15:48:25.233","level":"INFO","category":"exchange.js","host":"frank-hp","pid":"9540","data":'GET /get_account'}
{"date":"2019-10-07T15:48:52.769","level":"INFO","category":"exchange.js","host":"frank-hp","pid":"8904","data":'init server of pools server.'}
{"date":"2019-10-07T15:48:53.298","level":"WARN","category":"exchange.js","host":"frank-hp","pid":"8904","data":'**** server of pools running at http://localhost:7758/  ****'}
{"date":"2019-10-07T15:48:53.373","level":"INFO","category":"exchange.js","host":"frank-hp","pid":"8904","data":'数据库同步成功'}
{"date":"2019-10-07T15:48:53.634","level":"INFO","category":"exchange.js","host":"frank-hp","pid":"8904","data":'GET /get_account'}
{"date":"2019-10-07T15:48:53.760","level":"ERROR","category":"exchange.js","host":"frank-hp","pid":"8904","data":'unhandledRejection Incorrect datetime value: 'Invalid date' for column 'map_time' at row 1'}
{"date":"2019-10-07T15:49:38.292","level":"INFO","category":"exchange.js","host":"frank-hp","pid":"8044","data":'init server of pools server.'}
{"date":"2019-10-07T15:49:38.808","level":"WARN","category":"exchange.js","host":"frank-hp","pid":"8044","data":'**** server of pools running at http://localhost:7758/  ****'}
{"date":"2019-10-07T15:49:38.883","level":"INFO","category":"exchange.js","host":"frank-hp","pid":"8044","data":'数据库同步成功'}
{"date":"2019-10-07T15:49:39.947","level":"INFO","category":"exchange.js","host":"frank-hp","pid":"8044","data":'GET /get_account'}
{"date":"2019-10-07T15:49:41.105","level":"ERROR","category":"exchange.js","host":"frank-hp","pid":"8044","data":'unhandledRejection Incorrect datetime value: 'Invalid date' for column 'map_time' at row 1'}
{"date":"2019-10-07T15:56:42.895","level":"INFO","category":"exchange.js","host":"frank-hp","pid":"12596","data":'init server of pools server.'}
{"date":"2019-10-07T15:56:43.393","level":"WARN","category":"exchange.js","host":"frank-hp","pid":"12596","data":'**** server of pools running at http://localhost:7758/  ****'}
{"date":"2019-10-07T15:56:43.468","level":"INFO","category":"exchange.js","host":"frank-hp","pid":"12596","data":'数据库同步成功'}
{"date":"2019-10-07T15:56:44.540","level":"INFO","category":"exchange.js","host":"frank-hp","pid":"12596","data":'GET /get_account'}
{"date":"2019-10-07T16:07:19.153","level":"INFO","category":"exchange.js","host":"frank-hp","pid":"12312","data":'init server of pools server.'}
{"date":"2019-10-07T16:07:19.618","level":"WARN","category":"exchange.js","host":"frank-hp","pid":"12312","data":'**** server of pools running at http://localhost:7758/  ****'}
{"date":"2019-10-07T16:07:19.685","level":"INFO","category":"exchange.js","host":"frank-hp","pid":"12312","data":'数据库同步成功'}
{"date":"2019-10-07T16:07:20.255","level":"INFO","category":"exchange.js","host":"frank-hp","pid":"12312","data":'GET /get_account'}
{"date":"2019-10-07T16:13:57.963","level":"INFO","category":"exchange.js","host":"frank-hp","pid":"13088","data":'init server of pools server.'}
{"date":"2019-10-07T16:13:58.460","level":"WARN","category":"exchange.js","host":"frank-hp","pid":"13088","data":'**** server of pools running at http://localhost:7758/  ****'}
{"date":"2019-10-07T16:13:58.538","level":"INFO","category":"exchange.js","host":"frank-hp","pid":"13088","data":'数据库同步成功'}
{"date":"2019-10-07T16:13:59.725","level":"INFO","category":"exchange.js","host":"frank-hp","pid":"13088","data":'GET /get_account'}
{"date":"2019-10-07T16:21:05.067","level":"INFO","category":"exchange.js","host":"frank-hp","pid":"10328","data":'init server of pools server.'}
{"date":"2019-10-07T16:21:05.534","level":"WARN","category":"exchange.js","host":"frank-hp","pid":"10328","data":'**** server of pools running at http://localhost:7758/  ****'}
{"date":"2019-10-07T16:21:05.602","level":"INFO","category":"exchange.js","host":"frank-hp","pid":"10328","data":'数据库同步成功'}
{"date":"2019-10-07T16:23:18.772","level":"INFO","category":"exchange.js","host":"frank-hp","pid":"10328","data":'GET /get_account'}
{"date":"2019-10-07T16:25:05.767","level":"INFO","category":"exchange.js","host":"frank-hp","pid":"10328","data":'GET /get_account'}
{"date":"2019-10-07T16:27:05.534","level":"INFO","category":"exchange.js","host":"frank-hp","pid":"11248","data":'init server of pools server.'}
{"date":"2019-10-07T16:27:06.013","level":"WARN","category":"exchange.js","host":"frank-hp","pid":"11248","data":'**** server of pools running at http://localhost:7758/  ****'}
{"date":"2019-10-07T16:27:06.094","level":"INFO","category":"exchange.js","host":"frank-hp","pid":"11248","data":'数据库同步成功'}
{"date":"2019-10-07T16:27:07.638","level":"INFO","category":"exchange.js","host":"frank-hp","pid":"11248","data":'GET /get_account'}
{"date":"2019-10-07T16:28:27.187","level":"INFO","category":"exchange.js","host":"frank-hp","pid":"6560","data":'init server of pools server.'}
{"date":"2019-10-07T16:28:27.649","level":"WARN","category":"exchange.js","host":"frank-hp","pid":"6560","data":'**** server of pools running at http://localhost:7758/  ****'}
{"date":"2019-10-07T16:28:27.724","level":"INFO","category":"exchange.js","host":"frank-hp","pid":"6560","data":'数据库同步成功'}
{"date":"2019-10-07T16:28:47.881","level":"INFO","category":"exchange.js","host":"frank-hp","pid":"6560","data":'GET /get_account'}
{"date":"2019-10-07T16:36:34.498","level":"INFO","category":"exchange.js","host":"frank-hp","pid":"10792","data":'init server of pools server.'}
{"date":"2019-10-07T16:36:34.980","level":"WARN","category":"exchange.js","host":"frank-hp","pid":"10792","data":'**** server of pools running at http://localhost:7758/  ****'}
{"date":"2019-10-07T16:36:35.255","level":"INFO","category":"exchange.js","host":"frank-hp","pid":"10792","data":'数据库同步成功'}
{"date":"2019-10-07T16:37:44.066","level":"INFO","category":"exchange.js","host":"frank-hp","pid":"10792","data":'GET /get_account'}
{"date":"2019-10-07T16:47:29.169","level":"INFO","category":"exchange.js","host":"frank-hp","pid":"10792","data":'GET /get_account'}
{"date":"2019-10-07T16:51:57.230","level":"INFO","category":"exchange.js","host":"frank-hp","pid":"13044","data":'init server of pools server.'}
{"date":"2019-10-07T16:51:57.714","level":"WARN","category":"exchange.js","host":"frank-hp","pid":"13044","data":'**** server of pools running at http://localhost:7758/  ****'}
{"date":"2019-10-07T16:51:57.791","level":"INFO","category":"exchange.js","host":"frank-hp","pid":"13044","data":'数据库同步成功'}
{"date":"2019-10-07T16:52:17.666","level":"INFO","category":"exchange.js","host":"frank-hp","pid":"13044","data":'GET /get_account'}
{"date":"2019-10-07T16:55:00.019","level":"INFO","category":"exchange.js","host":"frank-hp","pid":"13044","data":'GET /get_account'}
{"date":"2019-10-07T16:56:11.874","level":"INFO","category":"exchange.js","host":"frank-hp","pid":"13044","data":'GET /get_account'}
{"date":"2019-10-07T16:56:35.333","level":"INFO","category":"exchange.js","host":"frank-hp","pid":"12164","data":'init server of pools server.'}
{"date":"2019-10-07T16:56:35.834","level":"WARN","category":"exchange.js","host":"frank-hp","pid":"12164","data":'**** server of pools running at http://localhost:7758/  ****'}
{"date":"2019-10-07T16:56:35.923","level":"INFO","category":"exchange.js","host":"frank-hp","pid":"12164","data":'数据库同步成功'}
{"date":"2019-10-07T16:56:36.507","level":"INFO","category":"exchange.js","host":"frank-hp","pid":"12164","data":'GET /get_account'}
{"date":"2019-10-07T16:56:55.792","level":"INFO","category":"exchange.js","host":"frank-hp","pid":"7448","data":'init server of pools server.'}
{"date":"2019-10-07T16:56:56.335","level":"WARN","category":"exchange.js","host":"frank-hp","pid":"7448","data":'**** server of pools running at http://localhost:7758/  ****'}
{"date":"2019-10-07T16:56:56.405","level":"INFO","category":"exchange.js","host":"frank-hp","pid":"7448","data":'数据库同步成功'}
{"date":"2019-10-07T16:56:56.612","level":"INFO","category":"exchange.js","host":"frank-hp","pid":"7448","data":'GET /get_account'}
{"date":"2019-10-07T16:58:26.358","level":"INFO","category":"exchange.js","host":"frank-hp","pid":"9712","data":'init server of pools server.'}
{"date":"2019-10-07T16:58:26.848","level":"WARN","category":"exchange.js","host":"frank-hp","pid":"9712","data":'**** server of pools running at http://localhost:7758/  ****'}
{"date":"2019-10-07T16:58:26.921","level":"INFO","category":"exchange.js","host":"frank-hp","pid":"9712","data":'数据库同步成功'}
{"date":"2019-10-07T16:58:27.961","level":"INFO","category":"exchange.js","host":"frank-hp","pid":"9712","data":'GET /get_account'}
{"date":"2019-10-07T17:01:36.660","level":"INFO","category":"exchange.js","host":"frank-hp","pid":"4640","data":'init server of pools server.'}
{"date":"2019-10-07T17:01:37.144","level":"WARN","category":"exchange.js","host":"frank-hp","pid":"4640","data":'**** server of pools running at http://localhost:7758/  ****'}
{"date":"2019-10-07T17:01:37.214","level":"INFO","category":"exchange.js","host":"frank-hp","pid":"4640","data":'数据库同步成功'}
{"date":"2019-10-07T17:01:38.031","level":"INFO","category":"exchange.js","host":"frank-hp","pid":"4640","data":'GET /get_account'}
{"date":"2019-10-07T17:04:38.409","level":"INFO","category":"exchange.js","host":"frank-hp","pid":"11464","data":'init server of pools server.'}
{"date":"2019-10-07T17:04:38.919","level":"WARN","category":"exchange.js","host":"frank-hp","pid":"11464","data":'**** server of pools running at http://localhost:7758/  ****'}
{"date":"2019-10-07T17:04:39.000","level":"INFO","category":"exchange.js","host":"frank-hp","pid":"11464","data":'数据库同步成功'}
{"date":"2019-10-07T17:04:40.732","level":"INFO","category":"exchange.js","host":"frank-hp","pid":"11464","data":'GET /get_account'}
{"date":"2019-10-07T17:06:28.847","level":"INFO","category":"exchange.js","host":"frank-hp","pid":"13080","data":'init server of pools server.'}
{"date":"2019-10-07T17:06:29.451","level":"WARN","category":"exchange.js","host":"frank-hp","pid":"13080","data":'**** server of pools running at http://localhost:7758/  ****'}
{"date":"2019-10-07T17:06:29.585","level":"INFO","category":"exchange.js","host":"frank-hp","pid":"13080","data":'数据库同步成功'}
{"date":"2019-10-07T17:06:30.453","level":"INFO","category":"exchange.js","host":"frank-hp","pid":"13080","data":'GET /get_account'}
{"date":"2019-10-07T17:07:10.954","level":"INFO","category":"exchange.js","host":"frank-hp","pid":"4224","data":'init server of pools server.'}
{"date":"2019-10-07T17:07:11.453","level":"WARN","category":"exchange.js","host":"frank-hp","pid":"4224","data":'**** server of pools running at http://localhost:7758/  ****'}
{"date":"2019-10-07T17:07:11.535","level":"INFO","category":"exchange.js","host":"frank-hp","pid":"4224","data":'数据库同步成功'}
{"date":"2019-10-07T17:07:13.519","level":"INFO","category":"exchange.js","host":"frank-hp","pid":"4224","data":'GET /get_account'}
{"date":"2019-10-07T17:11:45.365","level":"INFO","category":"exchange.js","host":"frank-hp","pid":"10632","data":'init server of pools server.'}
{"date":"2019-10-07T17:11:45.841","level":"WARN","category":"exchange.js","host":"frank-hp","pid":"10632","data":'**** server of pools running at http://localhost:7758/  ****'}
{"date":"2019-10-07T17:11:45.926","level":"INFO","category":"exchange.js","host":"frank-hp","pid":"10632","data":'数据库同步成功'}
{"date":"2019-10-07T17:11:50.740","level":"INFO","category":"exchange.js","host":"frank-hp","pid":"10632","data":'GET /get_account'}
{"date":"2019-10-07T17:13:17.645","level":"INFO","category":"exchange.js","host":"frank-hp","pid":"8312","data":'init server of pools server.'}
{"date":"2019-10-07T17:13:18.144","level":"WARN","category":"exchange.js","host":"frank-hp","pid":"8312","data":'**** server of pools running at http://localhost:7758/  ****'}
{"date":"2019-10-07T17:13:18.229","level":"INFO","category":"exchange.js","host":"frank-hp","pid":"8312","data":'数据库同步成功'}
{"date":"2019-10-07T17:13:19.827","level":"INFO","category":"exchange.js","host":"frank-hp","pid":"8312","data":'GET /get_account'}
{"date":"2019-10-07T17:13:38.512","level":"INFO","category":"exchange.js","host":"frank-hp","pid":"3648","data":'init server of pools server.'}
{"date":"2019-10-07T17:13:38.978","level":"WARN","category":"exchange.js","host":"frank-hp","pid":"3648","data":'**** server of pools running at http://localhost:7758/  ****'}
{"date":"2019-10-07T17:13:39.047","level":"INFO","category":"exchange.js","host":"frank-hp","pid":"3648","data":'数据库同步成功'}
{"date":"2019-10-07T17:13:41.253","level":"INFO","category":"exchange.js","host":"frank-hp","pid":"3648","data":'GET /get_account'}
{"date":"2019-10-07T17:15:01.985","level":"INFO","category":"exchange.js","host":"frank-hp","pid":"6628","data":'init server of pools server.'}
{"date":"2019-10-07T17:15:02.479","level":"WARN","category":"exchange.js","host":"frank-hp","pid":"6628","data":'**** server of pools running at http://localhost:7758/  ****'}
{"date":"2019-10-07T17:15:02.554","level":"INFO","category":"exchange.js","host":"frank-hp","pid":"6628","data":'数据库同步成功'}
{"date":"2019-10-07T17:15:20.455","level":"INFO","category":"exchange.js","host":"frank-hp","pid":"6628","data":'GET /get_account'}
{"date":"2019-10-07T17:18:12.461","level":"INFO","category":"exchange.js","host":"frank-hp","pid":"12796","data":'init server of pools server.'}
{"date":"2019-10-07T17:18:12.963","level":"WARN","category":"exchange.js","host":"frank-hp","pid":"12796","data":'**** server of pools running at http://localhost:7758/  ****'}
{"date":"2019-10-07T17:18:13.043","level":"INFO","category":"exchange.js","host":"frank-hp","pid":"12796","data":'数据库同步成功'}
{"date":"2019-10-07T17:18:13.829","level":"INFO","category":"exchange.js","host":"frank-hp","pid":"12796","data":'GET /get_account'}
{"date":"2019-10-07T17:20:38.639","level":"INFO","category":"exchange.js","host":"frank-hp","pid":"13336","data":'init server of pools server.'}
{"date":"2019-10-07T17:20:39.134","level":"WARN","category":"exchange.js","host":"frank-hp","pid":"13336","data":'**** server of pools running at http://localhost:7758/  ****'}
{"date":"2019-10-07T17:20:39.211","level":"INFO","category":"exchange.js","host":"frank-hp","pid":"13336","data":'数据库同步成功'}
{"date":"2019-10-07T17:20:39.523","level":"INFO","category":"exchange.js","host":"frank-hp","pid":"13336","data":'GET /get_account'}
{"date":"2019-10-07T17:25:14.019","level":"INFO","category":"exchange.js","host":"frank-hp","pid":"8960","data":'init server of pools server.'}
{"date":"2019-10-07T17:25:14.520","level":"WARN","category":"exchange.js","host":"frank-hp","pid":"8960","data":'**** server of pools running at http://localhost:7758/  ****'}
{"date":"2019-10-07T17:25:14.584","level":"INFO","category":"exchange.js","host":"frank-hp","pid":"8960","data":'数据库同步成功'}
{"date":"2019-10-07T17:25:15.441","level":"INFO","category":"exchange.js","host":"frank-hp","pid":"8960","data":'GET /get_account'}
{"date":"2019-10-07T17:25:39.224","level":"INFO","category":"exchange.js","host":"frank-hp","pid":"8960","data":'GET /get_account'}
{"date":"2019-10-07T17:29:03.853","level":"INFO","category":"exchange.js","host":"frank-hp","pid":"12584","data":'init server of pools server.'}
{"date":"2019-10-07T17:29:04.349","level":"WARN","category":"exchange.js","host":"frank-hp","pid":"12584","data":'**** server of pools running at http://localhost:7758/  ****'}
{"date":"2019-10-07T17:29:04.435","level":"INFO","category":"exchange.js","host":"frank-hp","pid":"12584","data":'数据库同步成功'}
{"date":"2019-10-07T17:29:09.347","level":"INFO","category":"exchange.js","host":"frank-hp","pid":"12584","data":'GET /get_account'}
{"date":"2019-10-07T17:30:35.342","level":"INFO","category":"exchange.js","host":"frank-hp","pid":"10248","data":'init server of pools server.'}
{"date":"2019-10-07T17:30:35.837","level":"WARN","category":"exchange.js","host":"frank-hp","pid":"10248","data":'**** server of pools running at http://localhost:7758/  ****'}
{"date":"2019-10-07T17:30:35.910","level":"INFO","category":"exchange.js","host":"frank-hp","pid":"10248","data":'数据库同步成功'}
{"date":"2019-10-07T17:30:37.165","level":"INFO","category":"exchange.js","host":"frank-hp","pid":"10248","data":'GET /get_account'}
{"date":"2019-10-07T17:33:17.237","level":"INFO","category":"exchange.js","host":"frank-hp","pid":"4420","data":'init server of pools server.'}
{"date":"2019-10-07T17:33:17.759","level":"WARN","category":"exchange.js","host":"frank-hp","pid":"4420","data":'**** server of pools running at http://localhost:7758/  ****'}
{"date":"2019-10-07T17:33:17.839","level":"INFO","category":"exchange.js","host":"frank-hp","pid":"4420","data":'数据库同步成功'}
{"date":"2019-10-07T17:33:18.208","level":"INFO","category":"exchange.js","host":"frank-hp","pid":"4420","data":'GET /get_account'}
{"date":"2019-10-07T17:33:34.081","level":"INFO","category":"exchange.js","host":"frank-hp","pid":"4420","data":'GET /get_account'}
{"date":"2019-10-07T17:34:20.791","level":"INFO","category":"exchange.js","host":"frank-hp","pid":"9724","data":'init server of pools server.'}
{"date":"2019-10-07T17:34:21.305","level":"WARN","category":"exchange.js","host":"frank-hp","pid":"9724","data":'**** server of pools running at http://localhost:7758/  ****'}
{"date":"2019-10-07T17:34:21.377","level":"INFO","category":"exchange.js","host":"frank-hp","pid":"9724","data":'数据库同步成功'}
{"date":"2019-10-07T17:34:21.754","level":"INFO","category":"exchange.js","host":"frank-hp","pid":"9724","data":'GET /get_account'}
{"date":"2019-10-07T17:38:07.881","level":"INFO","category":"exchange.js","host":"frank-hp","pid":"9488","data":'init server of pools server.'}
{"date":"2019-10-07T17:38:08.392","level":"WARN","category":"exchange.js","host":"frank-hp","pid":"9488","data":'**** server of pools running at http://localhost:7758/  ****'}
{"date":"2019-10-07T17:38:08.470","level":"INFO","category":"exchange.js","host":"frank-hp","pid":"9488","data":'数据库同步成功'}
{"date":"2019-10-07T17:38:09.424","level":"INFO","category":"exchange.js","host":"frank-hp","pid":"9488","data":'GET /get_account'}
{"date":"2019-10-07T17:39:12.718","level":"WARN","category":"exchange.js","host":"frank-hp","pid":"11216","data":'**** server of pools running at http://localhost:7758/  ****'}
{"date":"2019-10-07T17:39:12.236","level":"INFO","category":"exchange.js","host":"frank-hp","pid":"11216","data":'init server of pools server.'}
{"date":"2019-10-07T17:39:12.790","level":"INFO","category":"exchange.js","host":"frank-hp","pid":"11216","data":'数据库同步成功'}
{"date":"2019-10-07T17:39:13.441","level":"INFO","category":"exchange.js","host":"frank-hp","pid":"11216","data":'GET /get_account'}
{"date":"2019-10-07T17:39:45.662","level":"INFO","category":"exchange.js","host":"frank-hp","pid":"12784","data":'init server of pools server.'}
{"date":"2019-10-07T17:39:46.155","level":"WARN","category":"exchange.js","host":"frank-hp","pid":"12784","data":'**** server of pools running at http://localhost:7758/  ****'}
{"date":"2019-10-07T17:39:46.225","level":"INFO","category":"exchange.js","host":"frank-hp","pid":"12784","data":'数据库同步成功'}
{"date":"2019-10-07T17:39:46.947","level":"INFO","category":"exchange.js","host":"frank-hp","pid":"12784","data":'GET /get_account'}
{"date":"2019-10-07T17:43:06.897","level":"INFO","category":"exchange.js","host":"frank-hp","pid":"6592","data":'init server of pools server.'}
{"date":"2019-10-07T17:43:07.404","level":"WARN","category":"exchange.js","host":"frank-hp","pid":"6592","data":'**** server of pools running at http://localhost:7758/  ****'}
{"date":"2019-10-07T17:43:07.485","level":"INFO","category":"exchange.js","host":"frank-hp","pid":"6592","data":'数据库同步成功'}
{"date":"2019-10-07T17:43:08.109","level":"INFO","category":"exchange.js","host":"frank-hp","pid":"6592","data":'GET /get_account'}
{"date":"2019-10-07T17:44:07.605","level":"INFO","category":"exchange.js","host":"frank-hp","pid":"14008","data":'init server of pools server.'}
{"date":"2019-10-07T17:44:08.086","level":"WARN","category":"exchange.js","host":"frank-hp","pid":"14008","data":'**** server of pools running at http://localhost:7758/  ****'}
{"date":"2019-10-07T17:44:08.170","level":"INFO","category":"exchange.js","host":"frank-hp","pid":"14008","data":'数据库同步成功'}
{"date":"2019-10-07T17:44:09.206","level":"INFO","category":"exchange.js","host":"frank-hp","pid":"14008","data":'GET /get_account'}
{"date":"2019-10-07T17:47:56.874","level":"INFO","category":"exchange.js","host":"frank-hp","pid":"12300","data":'init server of pools server.'}
{"date":"2019-10-07T17:47:57.363","level":"WARN","category":"exchange.js","host":"frank-hp","pid":"12300","data":'**** server of pools running at http://localhost:7758/  ****'}
{"date":"2019-10-07T17:47:57.433","level":"INFO","category":"exchange.js","host":"frank-hp","pid":"12300","data":'数据库同步成功'}
{"date":"2019-10-07T17:48:05.998","level":"INFO","category":"exchange.js","host":"frank-hp","pid":"12300","data":'GET /get_account'}
{"date":"2019-10-07T17:48:57.914","level":"INFO","category":"exchange.js","host":"frank-hp","pid":"13864","data":'init server of pools server.'}
{"date":"2019-10-07T17:48:58.413","level":"WARN","category":"exchange.js","host":"frank-hp","pid":"13864","data":'**** server of pools running at http://localhost:7758/  ****'}
{"date":"2019-10-07T17:48:58.509","level":"INFO","category":"exchange.js","host":"frank-hp","pid":"13864","data":'数据库同步成功'}
{"date":"2019-10-07T17:48:59.210","level":"INFO","category":"exchange.js","host":"frank-hp","pid":"13864","data":'GET /get_account'}
{"date":"2019-10-07T17:53:49.340","level":"INFO","category":"exchange.js","host":"frank-hp","pid":"13164","data":'init server of pools server.'}
{"date":"2019-10-07T17:53:49.827","level":"WARN","category":"exchange.js","host":"frank-hp","pid":"13164","data":'**** server of pools running at http://localhost:7758/  ****'}
{"date":"2019-10-07T17:53:49.896","level":"INFO","category":"exchange.js","host":"frank-hp","pid":"13164","data":'数据库同步成功'}
{"date":"2019-10-07T17:53:53.719","level":"INFO","category":"exchange.js","host":"frank-hp","pid":"13164","data":'GET /get_account'}
{"date":"2019-10-07T17:55:51.092","level":"INFO","category":"exchange.js","host":"frank-hp","pid":"6976","data":'init server of pools server.'}
{"date":"2019-10-07T17:55:51.580","level":"WARN","category":"exchange.js","host":"frank-hp","pid":"6976","data":'**** server of pools running at http://localhost:7758/  ****'}
{"date":"2019-10-07T17:55:51.662","level":"INFO","category":"exchange.js","host":"frank-hp","pid":"6976","data":'数据库同步成功'}
{"date":"2019-10-07T17:55:52.712","level":"INFO","category":"exchange.js","host":"frank-hp","pid":"6976","data":'GET /get_account'}
{"date":"2019-10-07T17:56:59.502","level":"INFO","category":"exchange.js","host":"frank-hp","pid":"6976","data":'GET /get_account'}
{"date":"2019-10-07T18:00:34.652","level":"INFO","category":"exchange.js","host":"frank-hp","pid":"6976","data":'GET /get_account'}
{"date":"2019-10-07T18:04:54.207","level":"INFO","category":"exchange.js","host":"frank-hp","pid":"6976","data":'GET /get_account'}
{"date":"2019-10-07T18:06:42.624","level":"INFO","category":"exchange.js","host":"frank-hp","pid":"6976","data":'GET /get_account'}
{"date":"2019-10-07T18:10:26.609","level":"INFO","category":"exchange.js","host":"frank-hp","pid":"6976","data":'GET /get_account'}
{"date":"2019-10-07T18:12:14.897","level":"INFO","category":"exchange.js","host":"frank-hp","pid":"5304","data":'init server of pools server.'}
{"date":"2019-10-07T18:12:15.416","level":"WARN","category":"exchange.js","host":"frank-hp","pid":"5304","data":'**** server of pools running at http://localhost:7758/  ****'}
{"date":"2019-10-07T18:12:15.493","level":"INFO","category":"exchange.js","host":"frank-hp","pid":"5304","data":'数据库同步成功'}
{"date":"2019-10-07T18:12:16.625","level":"INFO","category":"exchange.js","host":"frank-hp","pid":"5304","data":'GET /get_account'}
{"date":"2019-10-07T18:13:27.491","level":"INFO","category":"exchange.js","host":"frank-hp","pid":"14940","data":'init server of pools server.'}
{"date":"2019-10-07T18:13:27.984","level":"WARN","category":"exchange.js","host":"frank-hp","pid":"14940","data":'**** server of pools running at http://localhost:7758/  ****'}
{"date":"2019-10-07T18:13:28.057","level":"INFO","category":"exchange.js","host":"frank-hp","pid":"14940","data":'数据库同步成功'}
{"date":"2019-10-07T18:13:35.729","level":"INFO","category":"exchange.js","host":"frank-hp","pid":"14940","data":'GET /get_account'}
{"date":"2019-10-07T18:17:09.822","level":"INFO","category":"exchange.js","host":"frank-hp","pid":"9516","data":'init server of pools server.'}
{"date":"2019-10-07T18:17:10.306","level":"WARN","category":"exchange.js","host":"frank-hp","pid":"9516","data":'**** server of pools running at http://localhost:7758/  ****'}
{"date":"2019-10-07T18:17:10.384","level":"INFO","category":"exchange.js","host":"frank-hp","pid":"9516","data":'数据库同步成功'}
{"date":"2019-10-07T18:17:12.142","level":"INFO","category":"exchange.js","host":"frank-hp","pid":"9516","data":'GET /get_account'}
{"date":"2019-10-07T18:19:39.431","level":"INFO","category":"exchange.js","host":"frank-hp","pid":"15312","data":'init server of pools server.'}
{"date":"2019-10-07T18:19:39.905","level":"WARN","category":"exchange.js","host":"frank-hp","pid":"15312","data":'**** server of pools running at http://localhost:7758/  ****'}
{"date":"2019-10-07T18:19:39.981","level":"INFO","category":"exchange.js","host":"frank-hp","pid":"15312","data":'数据库同步成功'}
{"date":"2019-10-07T18:20:14.612","level":"INFO","category":"exchange.js","host":"frank-hp","pid":"15312","data":'GET /get_account'}
{"date":"2019-10-07T18:25:05.624","level":"WARN","category":"exchange.js","host":"frank-hp","pid":"14496","data":'**** server of pools running at http://localhost:7758/  ****'}
{"date":"2019-10-07T18:25:05.149","level":"INFO","category":"exchange.js","host":"frank-hp","pid":"14496","data":'init server of pools server.'}
{"date":"2019-10-07T18:25:05.731","level":"INFO","category":"exchange.js","host":"frank-hp","pid":"14496","data":'数据库同步成功'}
{"date":"2019-10-07T18:25:07.015","level":"INFO","category":"exchange.js","host":"frank-hp","pid":"14496","data":'GET /get_account'}
{"date":"2019-10-07T18:25:13.579","level":"INFO","category":"exchange.js","host":"frank-hp","pid":"14496","data":'GET /get_account'}
{"date":"2019-10-07T18:26:12.344","level":"INFO","category":"exchange.js","host":"frank-hp","pid":"14392","data":'init server of pools server.'}
{"date":"2019-10-07T18:26:12.821","level":"WARN","category":"exchange.js","host":"frank-hp","pid":"14392","data":'**** server of pools running at http://localhost:7758/  ****'}
{"date":"2019-10-07T18:26:12.891","level":"INFO","category":"exchange.js","host":"frank-hp","pid":"14392","data":'数据库同步成功'}
{"date":"2019-10-07T18:26:14.921","level":"INFO","category":"exchange.js","host":"frank-hp","pid":"14392","data":'GET /get_account'}
{"date":"2019-10-07T18:27:22.564","level":"INFO","category":"exchange.js","host":"frank-hp","pid":"10276","data":'init server of pools server.'}
{"date":"2019-10-07T18:27:23.069","level":"WARN","category":"exchange.js","host":"frank-hp","pid":"10276","data":'**** server of pools running at http://localhost:7758/  ****'}
{"date":"2019-10-07T18:27:23.151","level":"INFO","category":"exchange.js","host":"frank-hp","pid":"10276","data":'数据库同步成功'}
{"date":"2019-10-07T18:27:28.226","level":"INFO","category":"exchange.js","host":"frank-hp","pid":"10276","data":'GET /get_account'}
{"date":"2019-10-07T18:27:38.132","level":"INFO","category":"exchange.js","host":"frank-hp","pid":"10276","data":'GET /get_account'}
{"date":"2019-10-07T18:28:10.196","level":"INFO","category":"exchange.js","host":"frank-hp","pid":"14872","data":'init server of pools server.'}
{"date":"2019-10-07T18:28:10.683","level":"WARN","category":"exchange.js","host":"frank-hp","pid":"14872","data":'**** server of pools running at http://localhost:7758/  ****'}
{"date":"2019-10-07T18:28:10.757","level":"INFO","category":"exchange.js","host":"frank-hp","pid":"14872","data":'数据库同步成功'}
{"date":"2019-10-07T18:28:13.376","level":"INFO","category":"exchange.js","host":"frank-hp","pid":"14872","data":'GET /get_account'}
{"date":"2019-10-07T18:30:42.140","level":"INFO","category":"exchange.js","host":"frank-hp","pid":"5720","data":'init server of pools server.'}
{"date":"2019-10-07T18:30:42.636","level":"WARN","category":"exchange.js","host":"frank-hp","pid":"5720","data":'**** server of pools running at http://localhost:7758/  ****'}
{"date":"2019-10-07T18:30:42.708","level":"INFO","category":"exchange.js","host":"frank-hp","pid":"5720","data":'数据库同步成功'}
{"date":"2019-10-07T18:31:05.612","level":"INFO","category":"exchange.js","host":"frank-hp","pid":"5720","data":'GET /get_account'}
{"date":"2019-10-07T18:31:44.094","level":"INFO","category":"exchange.js","host":"frank-hp","pid":"5720","data":'GET /get_account'}
{"date":"2019-10-07T18:33:21.357","level":"INFO","category":"exchange.js","host":"frank-hp","pid":"5720","data":'GET /get_account'}
{"date":"2019-10-07T18:35:06.525","level":"INFO","category":"exchange.js","host":"frank-hp","pid":"14372","data":'init server of pools server.'}
{"date":"2019-10-07T18:35:07.028","level":"WARN","category":"exchange.js","host":"frank-hp","pid":"14372","data":'**** server of pools running at http://localhost:7758/  ****'}
{"date":"2019-10-07T18:35:07.101","level":"INFO","category":"exchange.js","host":"frank-hp","pid":"14372","data":'数据库同步成功'}
{"date":"2019-10-07T18:35:09.797","level":"INFO","category":"exchange.js","host":"frank-hp","pid":"14372","data":'GET /get_account'}
{"date":"2019-10-07T18:35:18.373","level":"INFO","category":"exchange.js","host":"frank-hp","pid":"14372","data":'GET /get_account'}
{"date":"2019-10-07T18:35:31.840","level":"INFO","category":"exchange.js","host":"frank-hp","pid":"10500","data":'init server of pools server.'}
{"date":"2019-10-07T18:35:32.344","level":"WARN","category":"exchange.js","host":"frank-hp","pid":"10500","data":'**** server of pools running at http://localhost:7758/  ****'}
{"date":"2019-10-07T18:35:32.422","level":"INFO","category":"exchange.js","host":"frank-hp","pid":"10500","data":'数据库同步成功'}
{"date":"2019-10-07T18:35:35.149","level":"INFO","category":"exchange.js","host":"frank-hp","pid":"10500","data":'GET /get_account'}
{"date":"2019-10-07T18:35:37.403","level":"INFO","category":"exchange.js","host":"frank-hp","pid":"10500","data":'GET /get_account'}
{"date":"2019-10-07T18:35:39.054","level":"INFO","category":"exchange.js","host":"frank-hp","pid":"10500","data":'GET /get_account'}
{"date":"2019-10-07T18:35:45.483","level":"INFO","category":"exchange.js","host":"frank-hp","pid":"10500","data":'GET /get_account'}
{"date":"2019-10-07T18:36:09.388","level":"INFO","category":"exchange.js","host":"frank-hp","pid":"9516","data":'init server of pools server.'}
{"date":"2019-10-07T18:36:09.870","level":"WARN","category":"exchange.js","host":"frank-hp","pid":"9516","data":'**** server of pools running at http://localhost:7758/  ****'}
{"date":"2019-10-07T18:36:09.942","level":"INFO","category":"exchange.js","host":"frank-hp","pid":"9516","data":'数据库同步成功'}
{"date":"2019-10-07T18:36:13.105","level":"INFO","category":"exchange.js","host":"frank-hp","pid":"9516","data":'GET /get_account'}
{"date":"2019-10-07T18:37:14.698","level":"INFO","category":"exchange.js","host":"frank-hp","pid":"9516","data":'GET /get_account'}
{"date":"2019-10-07T18:37:22.422","level":"INFO","category":"exchange.js","host":"frank-hp","pid":"9516","data":'GET /get_account'}
{"date":"2019-10-07T18:40:09.361","level":"INFO","category":"exchange.js","host":"frank-hp","pid":"3408","data":'init server of pools server.'}
{"date":"2019-10-07T18:40:09.833","level":"WARN","category":"exchange.js","host":"frank-hp","pid":"3408","data":'**** server of pools running at http://localhost:7758/  ****'}
{"date":"2019-10-07T18:40:09.911","level":"INFO","category":"exchange.js","host":"frank-hp","pid":"3408","data":'数据库同步成功'}
{"date":"2019-10-07T18:40:11.486","level":"INFO","category":"exchange.js","host":"frank-hp","pid":"3408","data":'GET /get_account'}
{"date":"2019-10-07T18:40:21.890","level":"INFO","category":"exchange.js","host":"frank-hp","pid":"3408","data":'GET /get_account'}
