{"date":"2019-11-01T00:00:02.416","level":"INFO","category":"exchange.js","host":"frank-hp","pid":"2428","data":'GET /exchange/get_eth_account'}
{"date":"2019-11-01T00:02:12.785","level":"INFO","category":"exchange.js","host":"frank-hp","pid":"2828","data":'init server of pools server.'}
{"date":"2019-11-01T00:02:13.396","level":"WARN","category":"exchange.js","host":"frank-hp","pid":"2828","data":'**** server of pools running at http://0.0.0.0:7758/  ****'}
{"date":"2019-11-01T00:02:13.494","level":"INFO","category":"exchange.js","host":"frank-hp","pid":"2828","data":'数据库同步成功'}
{"date":"2019-11-01T00:16:12.690","level":"WARN","category":"exchange.js","host":"frank-hp","pid":"9676","data":'**** server of pools running at http://0.0.0.0:7758/  ****'}
{"date":"2019-11-01T00:16:12.175","level":"INFO","category":"exchange.js","host":"frank-hp","pid":"9676","data":'init server of pools server.'}
{"date":"2019-11-01T00:16:12.770","level":"INFO","category":"exchange.js","host":"frank-hp","pid":"9676","data":'数据库同步成功'}
{"date":"2019-11-01T11:57:24.319","level":"INFO","category":"exchange.js","host":"frank-hp","pid":"13348","data":'init server of pools server.'}
{"date":"2019-11-01T11:57:24.953","level":"WARN","category":"exchange.js","host":"frank-hp","pid":"13348","data":'**** server of pools running at http://0.0.0.0:7758/  ****'}
{"date":"2019-11-01T11:57:25.036","level":"INFO","category":"exchange.js","host":"frank-hp","pid":"13348","data":'数据库同步成功'}
{"date":"2019-11-01T12:00:31.748","level":"INFO","category":"exchange.js","host":"frank-hp","pid":"13348","data":'POST /exchange/record_trx'}
{"date":"2019-11-01T12:01:38.475","level":"INFO","category":"exchange.js","host":"frank-hp","pid":"13348","data":'POST /exchange/record_trx'}
{"date":"2019-11-01T12:02:04.871","level":"INFO","category":"exchange.js","host":"frank-hp","pid":"13348","data":'POST /exchange/record_trx'}
{"date":"2019-11-01T14:15:04.620","level":"INFO","category":"exchange.js","host":"frank-hp","pid":"8680","data":'init server of pools server.'}
{"date":"2019-11-01T14:15:05.599","level":"WARN","category":"exchange.js","host":"frank-hp","pid":"8680","data":'**** server of pools running at http://0.0.0.0:7758/  ****'}
{"date":"2019-11-01T14:15:05.752","level":"INFO","category":"exchange.js","host":"frank-hp","pid":"8680","data":'数据库同步成功'}
{"date":"2019-11-01T14:17:15.263","level":"INFO","category":"exchange.js","host":"frank-hp","pid":"8680","data":'GET /exchange/get_eth_account'}
{"date":"2019-11-01T14:23:11.406","level":"INFO","category":"exchange.js","host":"frank-hp","pid":"8680","data":'POST /exchange/record_trx'}
{"date":"2019-11-01T14:23:39.730","level":"INFO","category":"exchange.js","host":"frank-hp","pid":"8680","data":'POST /exchange/record_trx'}
{"date":"2019-11-01T14:24:07.018","level":"INFO","category":"exchange.js","host":"frank-hp","pid":"8680","data":'POST /exchange/record_trx'}
{"date":"2019-11-01T14:24:30.330","level":"INFO","category":"exchange.js","host":"frank-hp","pid":"8680","data":'POST /exchange/record_trx'}
{"date":"2019-11-01T14:24:47.878","level":"INFO","category":"exchange.js","host":"frank-hp","pid":"8680","data":'GET /exchange/history_exchange_records'}
{"date":"2019-11-01T14:59:32.287","level":"INFO","category":"exchange.js","host":"frank-hp","pid":"8680","data":'POST /exchange/record_trx'}
{"date":"2019-11-01T14:59:44.187","level":"INFO","category":"exchange.js","host":"frank-hp","pid":"8680","data":'POST /exchange/record_trx'}
{"date":"2019-11-01T14:59:53.340","level":"INFO","category":"exchange.js","host":"frank-hp","pid":"8680","data":'POST /exchange/record_trx'}
{"date":"2019-11-01T15:00:43.112","level":"INFO","category":"exchange.js","host":"frank-hp","pid":"8680","data":'GET /exchange/history_exchange_records'}
{"date":"2019-11-01T15:02:09.345","level":"INFO","category":"exchange.js","host":"frank-hp","pid":"8680","data":'POST /exchange/record_trx'}
{"date":"2019-11-01T15:07:49.680","level":"INFO","category":"exchange.js","host":"frank-hp","pid":"8680","data":'POST /exchange/record_trx'}
{"date":"2019-11-01T15:09:52.844","level":"INFO","category":"exchange.js","host":"frank-hp","pid":"3576","data":'init server of pools server.'}
{"date":"2019-11-01T15:09:53.507","level":"WARN","category":"exchange.js","host":"frank-hp","pid":"3576","data":'**** server of pools running at http://0.0.0.0:7758/  ****'}
{"date":"2019-11-01T15:09:53.612","level":"INFO","category":"exchange.js","host":"frank-hp","pid":"3576","data":'数据库同步成功'}
{"date":"2019-11-01T15:09:55.461","level":"INFO","category":"exchange.js","host":"frank-hp","pid":"3576","data":'POST /exchange/record_trx'}
{"date":"2019-11-01T15:12:47.167","level":"INFO","category":"exchange.js","host":"frank-hp","pid":"4784","data":'init server of pools server.'}
{"date":"2019-11-01T15:12:47.830","level":"WARN","category":"exchange.js","host":"frank-hp","pid":"4784","data":'**** server of pools running at http://0.0.0.0:7758/  ****'}
{"date":"2019-11-01T15:12:47.899","level":"INFO","category":"exchange.js","host":"frank-hp","pid":"4784","data":'数据库同步成功'}
{"date":"2019-11-01T15:12:51.502","level":"INFO","category":"exchange.js","host":"frank-hp","pid":"4784","data":'POST /exchange/record_trx'}
{"date":"2019-11-01T15:16:29.239","level":"INFO","category":"exchange.js","host":"frank-hp","pid":"4784","data":'POST /exchange/record_trx'}
{"date":"2019-11-01T15:16:58.054","level":"INFO","category":"exchange.js","host":"frank-hp","pid":"4784","data":'POST /exchange/record_trx'}
{"date":"2019-11-01T15:17:05.426","level":"INFO","category":"exchange.js","host":"frank-hp","pid":"4784","data":'POST /exchange/record_trx'}
{"date":"2019-11-01T15:29:51.141","level":"INFO","category":"exchange.js","host":"frank-hp","pid":"7472","data":'init server of pools server.'}
{"date":"2019-11-01T15:29:51.831","level":"WARN","category":"exchange.js","host":"frank-hp","pid":"7472","data":'**** server of pools running at http://0.0.0.0:7758/  ****'}
{"date":"2019-11-01T15:29:51.904","level":"INFO","category":"exchange.js","host":"frank-hp","pid":"7472","data":'数据库同步成功'}
{"date":"2019-11-01T15:29:52.643","level":"INFO","category":"exchange.js","host":"frank-hp","pid":"7472","data":'POST /exchange/record_trx'}
{"date":"2019-11-01T15:30:27.259","level":"INFO","category":"exchange.js","host":"frank-hp","pid":"7472","data":'POST /exchange/record_trx'}
{"date":"2019-11-01T15:30:58.962","level":"INFO","category":"exchange.js","host":"frank-hp","pid":"7472","data":'POST /exchange/record_trx'}
{"date":"2019-11-01T15:35:50.380","level":"WARN","category":"exchange.js","host":"frank-hp","pid":"10020","data":'**** server of pools running at http://0.0.0.0:7758/  ****'}
{"date":"2019-11-01T15:35:49.697","level":"INFO","category":"exchange.js","host":"frank-hp","pid":"10020","data":'init server of pools server.'}
{"date":"2019-11-01T15:35:50.448","level":"ERROR","category":"exchange.js","host":"frank-hp","pid":"10020","data":'the error from sequelize.sync(),the erroe:SequelizeDatabaseError: BLOB/TEXT column 'eth_txid' used in key specification without a key length'}
{"date":"2019-11-01T15:52:03.663","level":"INFO","category":"exchange.js","host":"frank-hp","pid":"1480","data":'init server of pools server.'}
{"date":"2019-11-01T15:52:04.292","level":"WARN","category":"exchange.js","host":"frank-hp","pid":"1480","data":'**** server of pools running at http://0.0.0.0:7758/  ****'}
{"date":"2019-11-01T15:52:04.544","level":"INFO","category":"exchange.js","host":"frank-hp","pid":"1480","data":'数据库同步成功'}
{"date":"2019-11-01T15:55:56.013","level":"INFO","category":"exchange.js","host":"frank-hp","pid":"1480","data":'GET /exchange/get_eth_account'}
{"date":"2019-11-01T16:00:48.927","level":"INFO","category":"exchange.js","host":"frank-hp","pid":"1480","data":'GET /exchange/get_eth_account'}
{"date":"2019-11-01T16:06:07.244","level":"INFO","category":"exchange.js","host":"frank-hp","pid":"1480","data":'GET /exchange/get_eth_account'}
{"date":"2019-11-01T16:07:15.240","level":"INFO","category":"exchange.js","host":"frank-hp","pid":"1480","data":'POST /exchange/record_trx'}
{"date":"2019-11-01T16:07:17.179","level":"INFO","category":"exchange.js","host":"frank-hp","pid":"1480","data":'POST /exchange/record_trx'}
{"date":"2019-11-01T16:50:58.006","level":"INFO","category":"exchange.js","host":"frank-hp","pid":"1480","data":'GET /exchange/get_eth_account'}
{"date":"2019-11-01T17:22:52.319","level":"INFO","category":"exchange.js","host":"frank-hp","pid":"1480","data":'POST /exchange/record_trx'}
{"date":"2019-11-01T17:23:08.819","level":"INFO","category":"exchange.js","host":"frank-hp","pid":"1480","data":'POST /exchange/record_trx'}
{"date":"2019-11-01T19:11:20.933","level":"INFO","category":"exchange.js","host":"frank-hp","pid":"1480","data":'GET /exchange/history_exchange_records'}
