{"date":"2019-10-26T10:51:30.965","level":"INFO","category":"exchange.js","host":"frank-hp","pid":"11704","data":'init server of pools server.'}
{"date":"2019-10-26T10:51:31.345","level":"WARN","category":"exchange.js","host":"frank-hp","pid":"11704","data":'**** server of pools running at http://localhost:7758/  ****'}
{"date":"2019-10-26T10:51:31.509","level":"INFO","category":"exchange.js","host":"frank-hp","pid":"11704","data":'数据库同步成功'}
{"date":"2019-10-26T10:54:26.523","level":"INFO","category":"exchange.js","host":"frank-hp","pid":"11704","data":'GET /history_exchange_records'}
{"date":"2019-10-26T10:54:26.534","level":"ERROR","category":"exchange.js","host":"frank-hp","pid":"11704","data":'unhandledRejection undefined'}
{"date":"2019-10-26T10:54:30.968","level":"INFO","category":"exchange.js","host":"frank-hp","pid":"11704","data":'GET /history_exchange_records'}
{"date":"2019-10-26T10:54:31.206","level":"INFO","category":"exchange.js","host":"frank-hp","pid":"11704","data":'GET /favicon.ico'}
{"date":"2019-10-26T10:54:43.765","level":"INFO","category":"exchange.js","host":"frank-hp","pid":"11704","data":'GET /get_eth_account'}
{"date":"2019-10-26T10:55:15.565","level":"INFO","category":"exchange.js","host":"frank-hp","pid":"11704","data":'GET /history_exchange_records'}
{"date":"2019-10-26T10:55:44.058","level":"INFO","category":"exchange.js","host":"frank-hp","pid":"11704","data":'GET /history_exchange_records'}
{"date":"2019-10-26T11:07:36.480","level":"INFO","category":"exchange.js","host":"frank-hp","pid":"9608","data":'init server of pools server.'}
{"date":"2019-10-26T11:07:36.858","level":"WARN","category":"exchange.js","host":"frank-hp","pid":"9608","data":'**** server of pools running at http://localhost:7758/  ****'}
{"date":"2019-10-26T11:07:36.965","level":"INFO","category":"exchange.js","host":"frank-hp","pid":"9608","data":'数据库同步成功'}
{"date":"2019-10-26T11:07:44.547","level":"INFO","category":"exchange.js","host":"frank-hp","pid":"9608","data":'GET /history_exchange_records'}
{"date":"2019-10-26T14:28:08.913","level":"INFO","category":"exchange.js","host":"frank-hp","pid":"6444","data":'init server of pools server.'}
{"date":"2019-10-26T14:28:09.300","level":"WARN","category":"exchange.js","host":"frank-hp","pid":"6444","data":'**** server of pools running at http://localhost:7758/  ****'}
{"date":"2019-10-26T14:28:09.392","level":"INFO","category":"exchange.js","host":"frank-hp","pid":"6444","data":'数据库同步成功'}
{"date":"2019-10-26T14:29:23.049","level":"WARN","category":"exchange.js","host":"frank-hp","pid":"368","data":'**** server of pools running at http://localhost:7758/  ****'}
{"date":"2019-10-26T14:29:22.662","level":"INFO","category":"exchange.js","host":"frank-hp","pid":"368","data":'init server of pools server.'}
{"date":"2019-10-26T14:29:23.143","level":"INFO","category":"exchange.js","host":"frank-hp","pid":"368","data":'数据库同步成功'}
{"date":"2019-10-26T14:54:49.113","level":"INFO","category":"exchange.js","host":"frank-hp","pid":"9444","data":'init server of pools server.'}
{"date":"2019-10-26T14:54:49.506","level":"WARN","category":"exchange.js","host":"frank-hp","pid":"9444","data":'**** server of pools running at http://localhost:7758/  ****'}
{"date":"2019-10-26T14:54:49.593","level":"INFO","category":"exchange.js","host":"frank-hp","pid":"9444","data":'数据库同步成功'}
{"date":"2019-10-26T15:06:47.481","level":"INFO","category":"exchange.js","host":"frank-hp","pid":"4152","data":'init server of pools server.'}
{"date":"2019-10-26T15:06:47.869","level":"WARN","category":"exchange.js","host":"frank-hp","pid":"4152","data":'**** server of pools running at http://localhost:7758/  ****'}
{"date":"2019-10-26T15:06:47.966","level":"INFO","category":"exchange.js","host":"frank-hp","pid":"4152","data":'数据库同步成功 7758'}
{"date":"2019-10-26T15:06:57.260","level":"INFO","category":"exchange.js","host":"frank-hp","pid":"2596","data":'init server of pools server.'}
{"date":"2019-10-26T15:06:57.640","level":"WARN","category":"exchange.js","host":"frank-hp","pid":"2596","data":'**** server of pools running at http://localhost:7758/  ****'}
{"date":"2019-10-26T15:06:57.729","level":"INFO","category":"exchange.js","host":"frank-hp","pid":"2596","data":'数据库同步成功 7758'}
{"date":"2019-10-26T15:08:32.242","level":"INFO","category":"exchange.js","host":"frank-hp","pid":"5956","data":'init server of pools server.'}
{"date":"2019-10-26T15:08:32.626","level":"WARN","category":"exchange.js","host":"frank-hp","pid":"5956","data":'**** server of pools running at http://localhost:7758/  ****'}
{"date":"2019-10-26T15:08:32.708","level":"INFO","category":"exchange.js","host":"frank-hp","pid":"5956","data":'数据库同步成功 undefined'}
{"date":"2019-10-26T15:08:49.262","level":"INFO","category":"exchange.js","host":"frank-hp","pid":"10912","data":'init server of pools server.'}
{"date":"2019-10-26T15:08:49.646","level":"WARN","category":"exchange.js","host":"frank-hp","pid":"10912","data":'**** server of pools running at http://localhost:7758/  ****'}
{"date":"2019-10-26T15:08:49.727","level":"INFO","category":"exchange.js","host":"frank-hp","pid":"10912","data":'数据库同步成功 7758'}
{"date":"2019-10-26T15:09:59.925","level":"INFO","category":"exchange.js","host":"frank-hp","pid":"11136","data":'init server of pools server.'}
{"date":"2019-10-26T15:10:00.307","level":"WARN","category":"exchange.js","host":"frank-hp","pid":"11136","data":'**** server of pools running at http://localhost:7758/  ****'}
{"date":"2019-10-26T15:10:00.397","level":"INFO","category":"exchange.js","host":"frank-hp","pid":"11136","data":'数据库同步成功 undefined'}
{"date":"2019-10-26T15:11:01.197","level":"INFO","category":"exchange.js","host":"frank-hp","pid":"8800","data":'init server of pools server.'}
{"date":"2019-10-26T15:11:01.576","level":"WARN","category":"exchange.js","host":"frank-hp","pid":"8800","data":'**** server of pools running at http://localhost:7758/  ****'}
{"date":"2019-10-26T15:11:01.652","level":"INFO","category":"exchange.js","host":"frank-hp","pid":"8800","data":'数据库同步成功 undefined'}
{"date":"2019-10-26T15:11:25.848","level":"INFO","category":"exchange.js","host":"frank-hp","pid":"12248","data":'init server of pools server.'}
{"date":"2019-10-26T15:11:26.227","level":"WARN","category":"exchange.js","host":"frank-hp","pid":"12248","data":'**** server of pools running at http://localhost:7758/  ****'}
{"date":"2019-10-26T15:11:26.324","level":"INFO","category":"exchange.js","host":"frank-hp","pid":"12248","data":'数据库同步成功 0.0.0.0'}
{"date":"2019-10-26T15:13:17.096","level":"INFO","category":"exchange.js","host":"frank-hp","pid":"12248","data":'GET /get_record_detail'}
{"date":"2019-10-26T15:14:39.181","level":"INFO","category":"exchange.js","host":"frank-hp","pid":"4280","data":'init server of pools server.'}
{"date":"2019-10-26T15:14:39.566","level":"WARN","category":"exchange.js","host":"frank-hp","pid":"4280","data":'**** server of pools running at http://localhost:7758/  ****'}
{"date":"2019-10-26T15:14:39.644","level":"INFO","category":"exchange.js","host":"frank-hp","pid":"4280","data":'数据库同步成功'}
{"date":"2019-10-26T15:14:46.713","level":"INFO","category":"exchange.js","host":"frank-hp","pid":"4280","data":'GET /get_record_detail'}
{"date":"2019-10-26T15:14:46.729","level":"ERROR","category":"exchange.js","host":"frank-hp","pid":"4280","data":'unhandledRejection WHERE parameter "pog_account" has invalid "undefined" value'}
{"date":"2019-10-26T15:26:10.383","level":"WARN","category":"exchange.js","host":"frank-hp","pid":"13296","data":'**** server of pools running at http://localhost:7758/  ****'}
{"date":"2019-10-26T15:26:09.983","level":"INFO","category":"exchange.js","host":"frank-hp","pid":"13296","data":'init server of pools server.'}
{"date":"2019-10-26T15:26:10.465","level":"INFO","category":"exchange.js","host":"frank-hp","pid":"13296","data":'数据库同步成功'}
{"date":"2019-10-26T15:26:13.269","level":"INFO","category":"exchange.js","host":"frank-hp","pid":"13296","data":'GET /get_record_detail'}
{"date":"2019-10-26T15:26:13.340","level":"ERROR","category":"exchange.js","host":"frank-hp","pid":"13296","data":'unhandledRejection WHERE parameter "id" has invalid "undefined" value'}
{"date":"2019-10-26T15:27:09.196","level":"INFO","category":"exchange.js","host":"frank-hp","pid":"4200","data":'init server of pools server.'}
{"date":"2019-10-26T15:27:09.611","level":"WARN","category":"exchange.js","host":"frank-hp","pid":"4200","data":'**** server of pools running at http://localhost:7758/  ****'}
{"date":"2019-10-26T15:27:09.718","level":"INFO","category":"exchange.js","host":"frank-hp","pid":"4200","data":'数据库同步成功'}
{"date":"2019-10-26T15:27:12.053","level":"INFO","category":"exchange.js","host":"frank-hp","pid":"4200","data":'GET /get_record_detail'}
{"date":"2019-10-26T20:17:49.703","level":"INFO","category":"exchange.js","host":"frank-hp","pid":"10324","data":'init server of pools server.'}
{"date":"2019-10-26T20:17:50.096","level":"WARN","category":"exchange.js","host":"frank-hp","pid":"10324","data":'**** server of pools running at http://localhost:7758/  ****'}
{"date":"2019-10-26T20:17:50.250","level":"INFO","category":"exchange.js","host":"frank-hp","pid":"10324","data":'数据库同步成功'}
{"date":"2019-10-26T20:18:46.847","level":"INFO","category":"exchange.js","host":"frank-hp","pid":"10324","data":'GET /get_eth_account'}
{"date":"2019-10-26T20:18:51.710","level":"INFO","category":"exchange.js","host":"frank-hp","pid":"10324","data":'GET /history_exchange_records'}
{"date":"2019-10-26T20:18:54.311","level":"INFO","category":"exchange.js","host":"frank-hp","pid":"10324","data":'GET /get_eth_account'}
{"date":"2019-10-26T20:18:56.337","level":"INFO","category":"exchange.js","host":"frank-hp","pid":"10324","data":'GET /history_exchange_records'}
{"date":"2019-10-26T20:19:01.327","level":"INFO","category":"exchange.js","host":"frank-hp","pid":"10324","data":'GET /get_record_detail'}
