{"date":"2019-10-18T10:37:33.988","level":"ERROR","category":"get_data","host":"frank-hp","pid":"3904","data":'current request url : /get_ethaccount is not exist in api. pls check. Error: current request url : /get_ethaccount is not exist in api. pls check.
    at get_data (D:\work_space\yuezhi\eos\exchange\src\common\check_data\get_data.js:27:17)
    at inspect_req_data (D:\work_space\yuezhi\eos\exchange\src\common\inspect_req_data.js:18:16)
    at getPAXForPOG (D:\work_space\yuezhi\eos\exchange\src\controllers\exchange\get_EthAccount.js:10:29)
    at Layer.handle [as handle_request] (D:\work_space\yuezhi\eos\exchange\node_modules\express\lib\router\layer.js:95:5)
    at next (D:\work_space\yuezhi\eos\exchange\node_modules\express\lib\router\route.js:137:13)
    at Route.dispatch (D:\work_space\yuezhi\eos\exchange\node_modules\express\lib\router\route.js:112:3)
    at Layer.handle [as handle_request] (D:\work_space\yuezhi\eos\exchange\node_modules\express\lib\router\layer.js:95:5)
    at D:\work_space\yuezhi\eos\exchange\node_modules\express\lib\router\index.js:281:22
    at Function.process_params (D:\work_space\yuezhi\eos\exchange\node_modules\express\lib\router\index.js:335:12)
    at next (D:\work_space\yuezhi\eos\exchange\node_modules\express\lib\router\index.js:275:10)
    at Function.handle (D:\work_space\yuezhi\eos\exchange\node_modules\express\lib\router\index.js:174:3)
    at router (D:\work_space\yuezhi\eos\exchange\node_modules\express\lib\router\index.js:47:12)
    at Layer.handle [as handle_request] (D:\work_space\yuezhi\eos\exchange\node_modules\express\lib\router\layer.js:95:5)
    at trim_prefix (D:\work_space\yuezhi\eos\exchange\node_modules\express\lib\router\index.js:317:13)
    at D:\work_space\yuezhi\eos\exchange\node_modules\express\lib\router\index.js:284:7
    at Function.process_params (D:\work_space\yuezhi\eos\exchange\node_modules\express\lib\router\index.js:335:12)
    at next (D:\work_space\yuezhi\eos\exchange\node_modules\express\lib\router\index.js:275:10)
    at urlencodedParser (D:\work_space\yuezhi\eos\exchange\node_modules\body-parser\lib\types\urlencoded.js:91:7)
    at Layer.handle [as handle_request] (D:\work_space\yuezhi\eos\exchange\node_modules\express\lib\router\layer.js:95:5)
    at trim_prefix (D:\work_space\yuezhi\eos\exchange\node_modules\express\lib\router\index.js:317:13)
    at D:\work_space\yuezhi\eos\exchange\node_modules\express\lib\router\index.js:284:7
    at Function.process_params (D:\work_space\yuezhi\eos\exchange\node_modules\express\lib\router\index.js:335:12)'}
{"date":"2019-10-18T10:38:10.664","level":"ERROR","category":"get_data","host":"frank-hp","pid":"9840","data":'current request url : /get_ethaccount is not exist in api. pls check. Error: current request url : /get_ethaccount is not exist in api. pls check.
    at get_data (D:\work_space\yuezhi\eos\exchange\src\common\check_data\get_data.js:27:17)
    at inspect_req_data (D:\work_space\yuezhi\eos\exchange\src\common\inspect_req_data.js:18:16)
    at getPAXForPOG (D:\work_space\yuezhi\eos\exchange\src\controllers\exchange\get_EthAccount.js:10:29)
    at Layer.handle [as handle_request] (D:\work_space\yuezhi\eos\exchange\node_modules\express\lib\router\layer.js:95:5)
    at next (D:\work_space\yuezhi\eos\exchange\node_modules\express\lib\router\route.js:137:13)
    at Route.dispatch (D:\work_space\yuezhi\eos\exchange\node_modules\express\lib\router\route.js:112:3)
    at Layer.handle [as handle_request] (D:\work_space\yuezhi\eos\exchange\node_modules\express\lib\router\layer.js:95:5)
    at D:\work_space\yuezhi\eos\exchange\node_modules\express\lib\router\index.js:281:22
    at Function.process_params (D:\work_space\yuezhi\eos\exchange\node_modules\express\lib\router\index.js:335:12)
    at next (D:\work_space\yuezhi\eos\exchange\node_modules\express\lib\router\index.js:275:10)
    at Function.handle (D:\work_space\yuezhi\eos\exchange\node_modules\express\lib\router\index.js:174:3)
    at router (D:\work_space\yuezhi\eos\exchange\node_modules\express\lib\router\index.js:47:12)
    at Layer.handle [as handle_request] (D:\work_space\yuezhi\eos\exchange\node_modules\express\lib\router\layer.js:95:5)
    at trim_prefix (D:\work_space\yuezhi\eos\exchange\node_modules\express\lib\router\index.js:317:13)
    at D:\work_space\yuezhi\eos\exchange\node_modules\express\lib\router\index.js:284:7
    at Function.process_params (D:\work_space\yuezhi\eos\exchange\node_modules\express\lib\router\index.js:335:12)
    at next (D:\work_space\yuezhi\eos\exchange\node_modules\express\lib\router\index.js:275:10)
    at urlencodedParser (D:\work_space\yuezhi\eos\exchange\node_modules\body-parser\lib\types\urlencoded.js:91:7)
    at Layer.handle [as handle_request] (D:\work_space\yuezhi\eos\exchange\node_modules\express\lib\router\layer.js:95:5)
    at trim_prefix (D:\work_space\yuezhi\eos\exchange\node_modules\express\lib\router\index.js:317:13)
    at D:\work_space\yuezhi\eos\exchange\node_modules\express\lib\router\index.js:284:7
    at Function.process_params (D:\work_space\yuezhi\eos\exchange\node_modules\express\lib\router\index.js:335:12)'}
{"date":"2019-10-18T10:38:47.788","level":"ERROR","category":"get_data","host":"frank-hp","pid":"6392","data":'current request url : /get_eth_account is not exist in api. pls check. Error: current request url : /get_eth_account is not exist in api. pls check.
    at get_data (D:\work_space\yuezhi\eos\exchange\src\common\check_data\get_data.js:27:17)
    at inspect_req_data (D:\work_space\yuezhi\eos\exchange\src\common\inspect_req_data.js:18:16)
    at getPAXForPOG (D:\work_space\yuezhi\eos\exchange\src\controllers\exchange\get_EthAccount.js:10:29)
    at Layer.handle [as handle_request] (D:\work_space\yuezhi\eos\exchange\node_modules\express\lib\router\layer.js:95:5)
    at next (D:\work_space\yuezhi\eos\exchange\node_modules\express\lib\router\route.js:137:13)
    at Route.dispatch (D:\work_space\yuezhi\eos\exchange\node_modules\express\lib\router\route.js:112:3)
    at Layer.handle [as handle_request] (D:\work_space\yuezhi\eos\exchange\node_modules\express\lib\router\layer.js:95:5)
    at D:\work_space\yuezhi\eos\exchange\node_modules\express\lib\router\index.js:281:22
    at Function.process_params (D:\work_space\yuezhi\eos\exchange\node_modules\express\lib\router\index.js:335:12)
    at next (D:\work_space\yuezhi\eos\exchange\node_modules\express\lib\router\index.js:275:10)
    at Function.handle (D:\work_space\yuezhi\eos\exchange\node_modules\express\lib\router\index.js:174:3)
    at router (D:\work_space\yuezhi\eos\exchange\node_modules\express\lib\router\index.js:47:12)
    at Layer.handle [as handle_request] (D:\work_space\yuezhi\eos\exchange\node_modules\express\lib\router\layer.js:95:5)
    at trim_prefix (D:\work_space\yuezhi\eos\exchange\node_modules\express\lib\router\index.js:317:13)
    at D:\work_space\yuezhi\eos\exchange\node_modules\express\lib\router\index.js:284:7
    at Function.process_params (D:\work_space\yuezhi\eos\exchange\node_modules\express\lib\router\index.js:335:12)
    at next (D:\work_space\yuezhi\eos\exchange\node_modules\express\lib\router\index.js:275:10)
    at urlencodedParser (D:\work_space\yuezhi\eos\exchange\node_modules\body-parser\lib\types\urlencoded.js:91:7)
    at Layer.handle [as handle_request] (D:\work_space\yuezhi\eos\exchange\node_modules\express\lib\router\layer.js:95:5)
    at trim_prefix (D:\work_space\yuezhi\eos\exchange\node_modules\express\lib\router\index.js:317:13)
    at D:\work_space\yuezhi\eos\exchange\node_modules\express\lib\router\index.js:284:7
    at Function.process_params (D:\work_space\yuezhi\eos\exchange\node_modules\express\lib\router\index.js:335:12)'}
