{"date":"2019-10-07T10:20:49.091","level":"ERROR","category":"get_PAXAccount.js","host":"frank-hp","pid":"6888","data":'request get_banker error, the error stock is Error: current request url : /get_paxaccount is not exist in api. pls check.
    at get_data (D:\work_space\yuezhi\eos\exchange\src\common\check_data\get_data.js:27:17)
    at inspect_req_data (D:\work_space\yuezhi\eos\exchange\src\common\inspect_req_data.js:18:16)
    at getPAXForPOG (D:\work_space\yuezhi\eos\exchange\src\controllers\exchange\get_PAXAccount.js:7:29)
    at Layer.handle [as handle_request] (D:\work_space\yuezhi\eos\exchange\node_modules\express\lib\router\layer.js:95:5)
    at next (D:\work_space\yuezhi\eos\exchange\node_modules\express\lib\router\route.js:137:13)
    at Route.dispatch (D:\work_space\yuezhi\eos\exchange\node_modules\express\lib\router\route.js:112:3)
    at Layer.handle [as handle_request] (D:\work_space\yuezhi\eos\exchange\node_modules\express\lib\router\layer.js:95:5)
    at D:\work_space\yuezhi\eos\exchange\node_modules\express\lib\router\index.js:281:22
    at Function.process_params (D:\work_space\yuezhi\eos\exchange\node_modules\express\lib\router\index.js:335:12)
    at next (D:\work_space\yuezhi\eos\exchange\node_modules\express\lib\router\index.js:275:10)
    at Function.handle (D:\work_space\yuezhi\eos\exchange\node_modules\express\lib\router\index.js:174:3)
    at router (D:\work_space\yuezhi\eos\exchange\node_modules\express\lib\router\index.js:47:12)
    at Layer.handle [as handle_request] (D:\work_space\yuezhi\eos\exchange\node_modules\express\lib\router\layer.js:95:5)
    at trim_prefix (D:\work_space\yuezhi\eos\exchange\node_modules\express\lib\router\index.js:317:13)
    at D:\work_space\yuezhi\eos\exchange\node_modules\express\lib\router\index.js:284:7
    at Function.process_params (D:\work_space\yuezhi\eos\exchange\node_modules\express\lib\router\index.js:335:12)
    at next (D:\work_space\yuezhi\eos\exchange\node_modules\express\lib\router\index.js:275:10)
    at urlencodedParser (D:\work_space\yuezhi\eos\exchange\node_modules\body-parser\lib\types\urlencoded.js:91:7)
    at Layer.handle [as handle_request] (D:\work_space\yuezhi\eos\exchange\node_modules\express\lib\router\layer.js:95:5)
    at trim_prefix (D:\work_space\yuezhi\eos\exchange\node_modules\express\lib\router\index.js:317:13)
    at D:\work_space\yuezhi\eos\exchange\node_modules\express\lib\router\index.js:284:7
    at Function.process_params (D:\work_space\yuezhi\eos\exchange\node_modules\express\lib\router\index.js:335:12)'}
{"date":"2019-10-07T10:21:57.377","level":"ERROR","category":"get_PAXAccount.js","host":"frank-hp","pid":"5160","data":'request get_banker error, the error stock is Error: current request url : /get_paxaccount is not exist in api. pls check.
    at get_data (D:\work_space\yuezhi\eos\exchange\src\common\check_data\get_data.js:27:17)
    at inspect_req_data (D:\work_space\yuezhi\eos\exchange\src\common\inspect_req_data.js:18:16)
    at getPAXForPOG (D:\work_space\yuezhi\eos\exchange\src\controllers\exchange\get_PAXAccount.js:7:29)
    at Layer.handle [as handle_request] (D:\work_space\yuezhi\eos\exchange\node_modules\express\lib\router\layer.js:95:5)
    at next (D:\work_space\yuezhi\eos\exchange\node_modules\express\lib\router\route.js:137:13)
    at Route.dispatch (D:\work_space\yuezhi\eos\exchange\node_modules\express\lib\router\route.js:112:3)
    at Layer.handle [as handle_request] (D:\work_space\yuezhi\eos\exchange\node_modules\express\lib\router\layer.js:95:5)
    at D:\work_space\yuezhi\eos\exchange\node_modules\express\lib\router\index.js:281:22
    at Function.process_params (D:\work_space\yuezhi\eos\exchange\node_modules\express\lib\router\index.js:335:12)
    at next (D:\work_space\yuezhi\eos\exchange\node_modules\express\lib\router\index.js:275:10)
    at Function.handle (D:\work_space\yuezhi\eos\exchange\node_modules\express\lib\router\index.js:174:3)
    at router (D:\work_space\yuezhi\eos\exchange\node_modules\express\lib\router\index.js:47:12)
    at Layer.handle [as handle_request] (D:\work_space\yuezhi\eos\exchange\node_modules\express\lib\router\layer.js:95:5)
    at trim_prefix (D:\work_space\yuezhi\eos\exchange\node_modules\express\lib\router\index.js:317:13)
    at D:\work_space\yuezhi\eos\exchange\node_modules\express\lib\router\index.js:284:7
    at Function.process_params (D:\work_space\yuezhi\eos\exchange\node_modules\express\lib\router\index.js:335:12)
    at next (D:\work_space\yuezhi\eos\exchange\node_modules\express\lib\router\index.js:275:10)
    at urlencodedParser (D:\work_space\yuezhi\eos\exchange\node_modules\body-parser\lib\types\urlencoded.js:91:7)
    at Layer.handle [as handle_request] (D:\work_space\yuezhi\eos\exchange\node_modules\express\lib\router\layer.js:95:5)
    at trim_prefix (D:\work_space\yuezhi\eos\exchange\node_modules\express\lib\router\index.js:317:13)
    at D:\work_space\yuezhi\eos\exchange\node_modules\express\lib\router\index.js:284:7
    at Function.process_params (D:\work_space\yuezhi\eos\exchange\node_modules\express\lib\router\index.js:335:12)'}
{"date":"2019-10-07T10:23:04.539","level":"ERROR","category":"get_PAXAccount.js","host":"frank-hp","pid":"2124","data":'request get_banker error, the error stock is Error: current request url : /get_paxaccount is not exist in api. pls check.
    at get_data (D:\work_space\yuezhi\eos\exchange\src\common\check_data\get_data.js:27:17)
    at inspect_req_data (D:\work_space\yuezhi\eos\exchange\src\common\inspect_req_data.js:18:16)
    at getPAXForPOG (D:\work_space\yuezhi\eos\exchange\src\controllers\exchange\get_PAXAccount.js:7:29)
    at Layer.handle [as handle_request] (D:\work_space\yuezhi\eos\exchange\node_modules\express\lib\router\layer.js:95:5)
    at next (D:\work_space\yuezhi\eos\exchange\node_modules\express\lib\router\route.js:137:13)
    at Route.dispatch (D:\work_space\yuezhi\eos\exchange\node_modules\express\lib\router\route.js:112:3)
    at Layer.handle [as handle_request] (D:\work_space\yuezhi\eos\exchange\node_modules\express\lib\router\layer.js:95:5)
    at D:\work_space\yuezhi\eos\exchange\node_modules\express\lib\router\index.js:281:22
    at Function.process_params (D:\work_space\yuezhi\eos\exchange\node_modules\express\lib\router\index.js:335:12)
    at next (D:\work_space\yuezhi\eos\exchange\node_modules\express\lib\router\index.js:275:10)
    at Function.handle (D:\work_space\yuezhi\eos\exchange\node_modules\express\lib\router\index.js:174:3)
    at router (D:\work_space\yuezhi\eos\exchange\node_modules\express\lib\router\index.js:47:12)
    at Layer.handle [as handle_request] (D:\work_space\yuezhi\eos\exchange\node_modules\express\lib\router\layer.js:95:5)
    at trim_prefix (D:\work_space\yuezhi\eos\exchange\node_modules\express\lib\router\index.js:317:13)
    at D:\work_space\yuezhi\eos\exchange\node_modules\express\lib\router\index.js:284:7
    at Function.process_params (D:\work_space\yuezhi\eos\exchange\node_modules\express\lib\router\index.js:335:12)
    at next (D:\work_space\yuezhi\eos\exchange\node_modules\express\lib\router\index.js:275:10)
    at urlencodedParser (D:\work_space\yuezhi\eos\exchange\node_modules\body-parser\lib\types\urlencoded.js:91:7)
    at Layer.handle [as handle_request] (D:\work_space\yuezhi\eos\exchange\node_modules\express\lib\router\layer.js:95:5)
    at trim_prefix (D:\work_space\yuezhi\eos\exchange\node_modules\express\lib\router\index.js:317:13)
    at D:\work_space\yuezhi\eos\exchange\node_modules\express\lib\router\index.js:284:7
    at Function.process_params (D:\work_space\yuezhi\eos\exchange\node_modules\express\lib\router\index.js:335:12)'}
{"date":"2019-10-07T10:23:46.482","level":"ERROR","category":"get_PAXAccount.js","host":"frank-hp","pid":"2124","data":'request get_banker error, the error stock is Error: current request url : /get_paxaccount is not exist in api. pls check.
    at get_data (D:\work_space\yuezhi\eos\exchange\src\common\check_data\get_data.js:27:17)
    at inspect_req_data (D:\work_space\yuezhi\eos\exchange\src\common\inspect_req_data.js:18:16)
    at getPAXForPOG (D:\work_space\yuezhi\eos\exchange\src\controllers\exchange\get_PAXAccount.js:7:29)
    at Layer.handle [as handle_request] (D:\work_space\yuezhi\eos\exchange\node_modules\express\lib\router\layer.js:95:5)
    at next (D:\work_space\yuezhi\eos\exchange\node_modules\express\lib\router\route.js:137:13)
    at Route.dispatch (D:\work_space\yuezhi\eos\exchange\node_modules\express\lib\router\route.js:112:3)
    at Layer.handle [as handle_request] (D:\work_space\yuezhi\eos\exchange\node_modules\express\lib\router\layer.js:95:5)
    at D:\work_space\yuezhi\eos\exchange\node_modules\express\lib\router\index.js:281:22
    at Function.process_params (D:\work_space\yuezhi\eos\exchange\node_modules\express\lib\router\index.js:335:12)
    at next (D:\work_space\yuezhi\eos\exchange\node_modules\express\lib\router\index.js:275:10)
    at Function.handle (D:\work_space\yuezhi\eos\exchange\node_modules\express\lib\router\index.js:174:3)
    at router (D:\work_space\yuezhi\eos\exchange\node_modules\express\lib\router\index.js:47:12)
    at Layer.handle [as handle_request] (D:\work_space\yuezhi\eos\exchange\node_modules\express\lib\router\layer.js:95:5)
    at trim_prefix (D:\work_space\yuezhi\eos\exchange\node_modules\express\lib\router\index.js:317:13)
    at D:\work_space\yuezhi\eos\exchange\node_modules\express\lib\router\index.js:284:7
    at Function.process_params (D:\work_space\yuezhi\eos\exchange\node_modules\express\lib\router\index.js:335:12)
    at next (D:\work_space\yuezhi\eos\exchange\node_modules\express\lib\router\index.js:275:10)
    at urlencodedParser (D:\work_space\yuezhi\eos\exchange\node_modules\body-parser\lib\types\urlencoded.js:91:7)
    at Layer.handle [as handle_request] (D:\work_space\yuezhi\eos\exchange\node_modules\express\lib\router\layer.js:95:5)
    at trim_prefix (D:\work_space\yuezhi\eos\exchange\node_modules\express\lib\router\index.js:317:13)
    at D:\work_space\yuezhi\eos\exchange\node_modules\express\lib\router\index.js:284:7
    at Function.process_params (D:\work_space\yuezhi\eos\exchange\node_modules\express\lib\router\index.js:335:12)'}
{"date":"2019-10-07T10:23:52.993","level":"ERROR","category":"get_PAXAccount.js","host":"frank-hp","pid":"2124","data":'request get_banker error, the error stock is Error: current request url : /get_paxaccount is not exist in api. pls check.
    at get_data (D:\work_space\yuezhi\eos\exchange\src\common\check_data\get_data.js:27:17)
    at inspect_req_data (D:\work_space\yuezhi\eos\exchange\src\common\inspect_req_data.js:18:16)
    at getPAXForPOG (D:\work_space\yuezhi\eos\exchange\src\controllers\exchange\get_PAXAccount.js:7:29)
    at Layer.handle [as handle_request] (D:\work_space\yuezhi\eos\exchange\node_modules\express\lib\router\layer.js:95:5)
    at next (D:\work_space\yuezhi\eos\exchange\node_modules\express\lib\router\route.js:137:13)
    at Route.dispatch (D:\work_space\yuezhi\eos\exchange\node_modules\express\lib\router\route.js:112:3)
    at Layer.handle [as handle_request] (D:\work_space\yuezhi\eos\exchange\node_modules\express\lib\router\layer.js:95:5)
    at D:\work_space\yuezhi\eos\exchange\node_modules\express\lib\router\index.js:281:22
    at Function.process_params (D:\work_space\yuezhi\eos\exchange\node_modules\express\lib\router\index.js:335:12)
    at next (D:\work_space\yuezhi\eos\exchange\node_modules\express\lib\router\index.js:275:10)
    at Function.handle (D:\work_space\yuezhi\eos\exchange\node_modules\express\lib\router\index.js:174:3)
    at router (D:\work_space\yuezhi\eos\exchange\node_modules\express\lib\router\index.js:47:12)
    at Layer.handle [as handle_request] (D:\work_space\yuezhi\eos\exchange\node_modules\express\lib\router\layer.js:95:5)
    at trim_prefix (D:\work_space\yuezhi\eos\exchange\node_modules\express\lib\router\index.js:317:13)
    at D:\work_space\yuezhi\eos\exchange\node_modules\express\lib\router\index.js:284:7
    at Function.process_params (D:\work_space\yuezhi\eos\exchange\node_modules\express\lib\router\index.js:335:12)
    at next (D:\work_space\yuezhi\eos\exchange\node_modules\express\lib\router\index.js:275:10)
    at urlencodedParser (D:\work_space\yuezhi\eos\exchange\node_modules\body-parser\lib\types\urlencoded.js:91:7)
    at Layer.handle [as handle_request] (D:\work_space\yuezhi\eos\exchange\node_modules\express\lib\router\layer.js:95:5)
    at trim_prefix (D:\work_space\yuezhi\eos\exchange\node_modules\express\lib\router\index.js:317:13)
    at D:\work_space\yuezhi\eos\exchange\node_modules\express\lib\router\index.js:284:7
    at Function.process_params (D:\work_space\yuezhi\eos\exchange\node_modules\express\lib\router\index.js:335:12)'}
{"date":"2019-10-07T10:24:31.815","level":"ERROR","category":"get_PAXAccount.js","host":"frank-hp","pid":"4412","data":'request get_banker error, the error stock is Error: current request url : /get_account is not exist in api. pls check.
    at get_data (D:\work_space\yuezhi\eos\exchange\src\common\check_data\get_data.js:27:17)
    at inspect_req_data (D:\work_space\yuezhi\eos\exchange\src\common\inspect_req_data.js:18:16)
    at getPAXForPOG (D:\work_space\yuezhi\eos\exchange\src\controllers\exchange\get_PAXAccount.js:7:29)
    at Layer.handle [as handle_request] (D:\work_space\yuezhi\eos\exchange\node_modules\express\lib\router\layer.js:95:5)
    at next (D:\work_space\yuezhi\eos\exchange\node_modules\express\lib\router\route.js:137:13)
    at Route.dispatch (D:\work_space\yuezhi\eos\exchange\node_modules\express\lib\router\route.js:112:3)
    at Layer.handle [as handle_request] (D:\work_space\yuezhi\eos\exchange\node_modules\express\lib\router\layer.js:95:5)
    at D:\work_space\yuezhi\eos\exchange\node_modules\express\lib\router\index.js:281:22
    at Function.process_params (D:\work_space\yuezhi\eos\exchange\node_modules\express\lib\router\index.js:335:12)
    at next (D:\work_space\yuezhi\eos\exchange\node_modules\express\lib\router\index.js:275:10)
    at Function.handle (D:\work_space\yuezhi\eos\exchange\node_modules\express\lib\router\index.js:174:3)
    at router (D:\work_space\yuezhi\eos\exchange\node_modules\express\lib\router\index.js:47:12)
    at Layer.handle [as handle_request] (D:\work_space\yuezhi\eos\exchange\node_modules\express\lib\router\layer.js:95:5)
    at trim_prefix (D:\work_space\yuezhi\eos\exchange\node_modules\express\lib\router\index.js:317:13)
    at D:\work_space\yuezhi\eos\exchange\node_modules\express\lib\router\index.js:284:7
    at Function.process_params (D:\work_space\yuezhi\eos\exchange\node_modules\express\lib\router\index.js:335:12)
    at next (D:\work_space\yuezhi\eos\exchange\node_modules\express\lib\router\index.js:275:10)
    at urlencodedParser (D:\work_space\yuezhi\eos\exchange\node_modules\body-parser\lib\types\urlencoded.js:91:7)
    at Layer.handle [as handle_request] (D:\work_space\yuezhi\eos\exchange\node_modules\express\lib\router\layer.js:95:5)
    at trim_prefix (D:\work_space\yuezhi\eos\exchange\node_modules\express\lib\router\index.js:317:13)
    at D:\work_space\yuezhi\eos\exchange\node_modules\express\lib\router\index.js:284:7
    at Function.process_params (D:\work_space\yuezhi\eos\exchange\node_modules\express\lib\router\index.js:335:12)'}
{"date":"2019-10-07T10:26:56.377","level":"DEBUG","category":"get_PAXAccount.js","host":"frank-hp","pid":"7532","data":'the param is:{}'}
{"date":"2019-10-07T10:27:11.145","level":"DEBUG","category":"get_PAXAccount.js","host":"frank-hp","pid":"7532","data":'the param is:{}'}
{"date":"2019-10-07T10:28:06.599","level":"DEBUG","category":"get_PAXAccount.js","host":"frank-hp","pid":"7532","data":'the param is:{}'}
{"date":"2019-10-07T10:28:09.970","level":"DEBUG","category":"get_PAXAccount.js","host":"frank-hp","pid":"7532","data":'the param is:{}'}
{"date":"2019-10-07T10:29:05.413","level":"DEBUG","category":"get_PAXAccount.js","host":"frank-hp","pid":"11204","data":'the param is:{}'}
{"date":"2019-10-07T10:30:55.329","level":"DEBUG","category":"get_PAXAccount.js","host":"frank-hp","pid":"6320","data":'the param is:{}'}
{"date":"2019-10-07T10:32:21.717","level":"DEBUG","category":"get_PAXAccount.js","host":"frank-hp","pid":"12888","data":'the param is:{}'}
{"date":"2019-10-07T10:33:14.846","level":"DEBUG","category":"get_PAXAccount.js","host":"frank-hp","pid":"5964","data":'the param is:{"account_name":"abc"}'}
{"date":"2019-10-07T10:57:12.758","level":"DEBUG","category":"get_PAXAccount.js","host":"frank-hp","pid":"8212","data":'the param is:{"account_name":"abc"}'}
{"date":"2019-10-07T11:25:46.546","level":"DEBUG","category":"get_PAXAccount.js","host":"frank-hp","pid":"1912","data":'the param is:{"account_name":"abc"}'}
{"date":"2019-10-07T11:57:28.899","level":"DEBUG","category":"get_PAXAccount.js","host":"frank-hp","pid":"7004","data":'the param is:{"account_name":"dicebanker"}'}
{"date":"2019-10-07T11:58:22.476","level":"DEBUG","category":"get_PAXAccount.js","host":"frank-hp","pid":"11576","data":'the param is:{"account_name":"dicebanker"}'}
{"date":"2019-10-07T12:00:16.320","level":"DEBUG","category":"get_PAXAccount.js","host":"frank-hp","pid":"13796","data":'the param is:{"account_name":"dicebanker"}'}
{"date":"2019-10-07T14:55:35.972","level":"DEBUG","category":"get_PAXAccount.js","host":"frank-hp","pid":"648","data":'the param is:{"account_name":"dicebanker"}'}
{"date":"2019-10-07T15:11:21.371","level":"DEBUG","category":"get_PAXAccount.js","host":"frank-hp","pid":"9248","data":'the param is:{"account_name":"dicebanker"}'}
{"date":"2019-10-07T15:20:09.650","level":"DEBUG","category":"get_PAXAccount.js","host":"frank-hp","pid":"1180","data":'the param is:{"account_name":"dicebanker"}'}
{"date":"2019-10-07T15:21:37.146","level":"DEBUG","category":"get_PAXAccount.js","host":"frank-hp","pid":"1828","data":'the param is:{"account_name":"dicebanker"}'}
{"date":"2019-10-07T15:22:18.385","level":"DEBUG","category":"get_PAXAccount.js","host":"frank-hp","pid":"7952","data":'the param is:{"account_name":"dicebanker"}'}
{"date":"2019-10-07T15:22:47.289","level":"DEBUG","category":"get_PAXAccount.js","host":"frank-hp","pid":"3432","data":'the param is:{"account_name":"dicebanker"}'}
{"date":"2019-10-07T15:27:15.189","level":"DEBUG","category":"get_PAXAccount.js","host":"frank-hp","pid":"9984","data":'the param is:{"account_name":"dicebanker"}'}
{"date":"2019-10-07T15:32:36.173","level":"DEBUG","category":"get_PAXAccount.js","host":"frank-hp","pid":"2128","data":'the param is:{"account_name":"dicebanker"}'}
{"date":"2019-10-07T15:34:04.846","level":"DEBUG","category":"get_PAXAccount.js","host":"frank-hp","pid":"8232","data":'the param is:{"account_name":"dicebanker"}'}
{"date":"2019-10-07T15:38:51.316","level":"DEBUG","category":"get_PAXAccount.js","host":"frank-hp","pid":"14004","data":'the param is:{"account_name":"dicebanker"}'}
{"date":"2019-10-07T15:41:08.653","level":"DEBUG","category":"get_PAXAccount.js","host":"frank-hp","pid":"6712","data":'the param is:{"account_name":"dicebanker"}'}
{"date":"2019-10-07T15:42:29.103","level":"DEBUG","category":"get_PAXAccount.js","host":"frank-hp","pid":"12408","data":'the param is:{"account_name":"dicebanker"}'}
{"date":"2019-10-07T15:43:24.033","level":"DEBUG","category":"get_PAXAccount.js","host":"frank-hp","pid":"10184","data":'the param is:{"account_name":"dicebanker"}'}
{"date":"2019-10-07T15:47:54.352","level":"DEBUG","category":"get_PAXAccount.js","host":"frank-hp","pid":"7688","data":'the param is:{"account_name":"dicebanker"}'}
{"date":"2019-10-07T15:48:25.239","level":"DEBUG","category":"get_PAXAccount.js","host":"frank-hp","pid":"9540","data":'the param is:{"account_name":"dicebanker"}'}
{"date":"2019-10-07T15:48:53.639","level":"DEBUG","category":"get_PAXAccount.js","host":"frank-hp","pid":"8904","data":'the param is:{"account_name":"dicebanker"}'}
{"date":"2019-10-07T15:49:39.955","level":"DEBUG","category":"get_PAXAccount.js","host":"frank-hp","pid":"8044","data":'the param is:{"account_name":"dicebanker"}'}
{"date":"2019-10-07T15:56:44.583","level":"DEBUG","category":"get_PAXAccount.js","host":"frank-hp","pid":"12596","data":'the param is:{"account_name":"dicebanker"}'}
{"date":"2019-10-07T16:07:20.258","level":"DEBUG","category":"get_PAXAccount.js","host":"frank-hp","pid":"12312","data":'the param is:{"account_name":"dicebanker"}'}
{"date":"2019-10-07T16:13:59.733","level":"DEBUG","category":"get_PAXAccount.js","host":"frank-hp","pid":"13088","data":'the param is:{"account_name":"dicebanker"}'}
{"date":"2019-10-07T16:23:18.786","level":"DEBUG","category":"get_PAXAccount.js","host":"frank-hp","pid":"10328","data":'the param is:{"account_name":"dicebanker"}'}
{"date":"2019-10-07T16:25:05.768","level":"DEBUG","category":"get_PAXAccount.js","host":"frank-hp","pid":"10328","data":'the param is:{"account_name":"dicebanker"}'}
{"date":"2019-10-07T16:27:07.641","level":"DEBUG","category":"get_PAXAccount.js","host":"frank-hp","pid":"11248","data":'the param is:{"account_name":"dicebanker"}'}
{"date":"2019-10-07T16:28:47.941","level":"DEBUG","category":"get_PAXAccount.js","host":"frank-hp","pid":"6560","data":'the param is:{"account_name":"dicebanker"}'}
{"date":"2019-10-07T16:37:44.077","level":"DEBUG","category":"get_PAXAccount.js","host":"frank-hp","pid":"10792","data":'the param is:{"account_name":"dicebanker"}'}
{"date":"2019-10-07T16:47:29.176","level":"DEBUG","category":"get_PAXAccount.js","host":"frank-hp","pid":"10792","data":'the param is:{"account_name":"dicebanker"}'}
{"date":"2019-10-07T16:52:17.670","level":"DEBUG","category":"get_PAXAccount.js","host":"frank-hp","pid":"13044","data":'the param is:{"account_name":"dicebanker"}'}
{"date":"2019-10-07T16:55:00.024","level":"DEBUG","category":"get_PAXAccount.js","host":"frank-hp","pid":"13044","data":'the param is:{"account_name":"dicebanker"}'}
{"date":"2019-10-07T16:56:11.876","level":"DEBUG","category":"get_PAXAccount.js","host":"frank-hp","pid":"13044","data":'the param is:{"account_name":"dicebanker"}'}
{"date":"2019-10-07T16:56:36.509","level":"DEBUG","category":"get_PAXAccount.js","host":"frank-hp","pid":"12164","data":'the param is:{"account_name":"dicebanker"}'}
{"date":"2019-10-07T16:56:56.672","level":"DEBUG","category":"get_PAXAccount.js","host":"frank-hp","pid":"7448","data":'the param is:{"account_name":"dicebanker"}'}
{"date":"2019-10-07T16:58:27.980","level":"DEBUG","category":"get_PAXAccount.js","host":"frank-hp","pid":"9712","data":'the param is:{"account_name":"dicebanker"}'}
{"date":"2019-10-07T17:01:38.034","level":"DEBUG","category":"get_PAXAccount.js","host":"frank-hp","pid":"4640","data":'the param is:{"account_name":"dicebanker"}'}
{"date":"2019-10-07T17:04:40.735","level":"DEBUG","category":"get_PAXAccount.js","host":"frank-hp","pid":"11464","data":'the param is:{"account_name":"dicebanker"}'}
{"date":"2019-10-07T17:06:30.456","level":"DEBUG","category":"get_PAXAccount.js","host":"frank-hp","pid":"13080","data":'the param is:{"account_name":"dicebanker"}'}
{"date":"2019-10-07T17:07:13.524","level":"DEBUG","category":"get_PAXAccount.js","host":"frank-hp","pid":"4224","data":'the param is:{"account_name":"dicebanker"}'}
{"date":"2019-10-07T17:11:50.753","level":"DEBUG","category":"get_PAXAccount.js","host":"frank-hp","pid":"10632","data":'the param is:{"account_name":"dicebanker"}'}
{"date":"2019-10-07T17:13:19.830","level":"DEBUG","category":"get_PAXAccount.js","host":"frank-hp","pid":"8312","data":'the param is:{"account_name":"dicebanker"}'}
{"date":"2019-10-07T17:13:41.277","level":"DEBUG","category":"get_PAXAccount.js","host":"frank-hp","pid":"3648","data":'the param is:{"account_name":"dicebanker"}'}
{"date":"2019-10-07T17:15:20.502","level":"DEBUG","category":"get_PAXAccount.js","host":"frank-hp","pid":"6628","data":'the param is:{"account_name":"dicebanker"}'}
{"date":"2019-10-07T17:18:13.864","level":"DEBUG","category":"get_PAXAccount.js","host":"frank-hp","pid":"12796","data":'the param is:{"account_name":"dicebanker"}'}
{"date":"2019-10-07T17:20:39.526","level":"DEBUG","category":"get_PAXAccount.js","host":"frank-hp","pid":"13336","data":'the param is:{"account_name":"dicebanker"}'}
{"date":"2019-10-07T17:25:15.444","level":"DEBUG","category":"get_PAXAccount.js","host":"frank-hp","pid":"8960","data":'the param is:{"account_name":"dicebanker"}'}
{"date":"2019-10-07T17:25:39.225","level":"DEBUG","category":"get_PAXAccount.js","host":"frank-hp","pid":"8960","data":'the param is:{"account_name":"dicebanker22"}'}
{"date":"2019-10-07T17:29:09.354","level":"DEBUG","category":"get_PAXAccount.js","host":"frank-hp","pid":"12584","data":'the param is:{"account_name":"dicebanker"}'}
{"date":"2019-10-07T17:30:37.172","level":"DEBUG","category":"get_PAXAccount.js","host":"frank-hp","pid":"10248","data":'the param is:{"account_name":"dicebanker"}'}
{"date":"2019-10-07T17:33:18.222","level":"DEBUG","category":"get_PAXAccount.js","host":"frank-hp","pid":"4420","data":'the param is:{"account_name":"dicebankerY"}'}
{"date":"2019-10-07T17:33:34.084","level":"DEBUG","category":"get_PAXAccount.js","host":"frank-hp","pid":"4420","data":'the param is:{"account_name":"dicebanker"}'}
{"date":"2019-10-07T17:34:21.781","level":"DEBUG","category":"get_PAXAccount.js","host":"frank-hp","pid":"9724","data":'the param is:{"account_name":"dicebanker"}'}
{"date":"2019-10-07T17:38:09.427","level":"DEBUG","category":"get_PAXAccount.js","host":"frank-hp","pid":"9488","data":'the param is:{"account_name":"dicebanker"}'}
{"date":"2019-10-07T17:39:13.446","level":"DEBUG","category":"get_PAXAccount.js","host":"frank-hp","pid":"11216","data":'the param is:{"account_name":"dicebanker"}'}
{"date":"2019-10-07T17:39:46.950","level":"DEBUG","category":"get_PAXAccount.js","host":"frank-hp","pid":"12784","data":'the param is:{"account_name":"dicebanker"}'}
{"date":"2019-10-07T17:43:08.158","level":"DEBUG","category":"get_PAXAccount.js","host":"frank-hp","pid":"6592","data":'the param is:{"account_name":"dicebanker"}'}
{"date":"2019-10-07T17:44:09.209","level":"DEBUG","category":"get_PAXAccount.js","host":"frank-hp","pid":"14008","data":'the param is:{"account_name":"dicebanker"}'}
{"date":"2019-10-07T17:48:06.004","level":"DEBUG","category":"get_PAXAccount.js","host":"frank-hp","pid":"12300","data":'the param is:{"account_name":"dicebanker"}'}
{"date":"2019-10-07T17:48:59.213","level":"DEBUG","category":"get_PAXAccount.js","host":"frank-hp","pid":"13864","data":'the param is:{"account_name":"dicebanker"}'}
{"date":"2019-10-07T17:53:53.723","level":"DEBUG","category":"get_PAXAccount.js","host":"frank-hp","pid":"13164","data":'the param is:{"account_name":"dicebanker"}'}
{"date":"2019-10-07T17:55:52.715","level":"DEBUG","category":"get_PAXAccount.js","host":"frank-hp","pid":"6976","data":'the param is:{"account_name":"dicebanker"}'}
{"date":"2019-10-07T17:56:59.502","level":"DEBUG","category":"get_PAXAccount.js","host":"frank-hp","pid":"6976","data":'the param is:{"account_name":"dicebanker"}'}
{"date":"2019-10-07T18:00:34.653","level":"DEBUG","category":"get_PAXAccount.js","host":"frank-hp","pid":"6976","data":'the param is:{"account_name":"tbgtokencoin"}'}
{"date":"2019-10-07T18:04:54.208","level":"DEBUG","category":"get_PAXAccount.js","host":"frank-hp","pid":"6976","data":'the param is:{"account_name":"dicebanker"}'}
{"date":"2019-10-07T18:06:42.627","level":"DEBUG","category":"get_PAXAccount.js","host":"frank-hp","pid":"6976","data":'the param is:{"account_name":"eoshashdice"}'}
{"date":"2019-10-07T18:10:26.611","level":"DEBUG","category":"get_PAXAccount.js","host":"frank-hp","pid":"6976","data":'the param is:{"account_name":"eoshashdice"}'}
{"date":"2019-10-07T18:12:16.664","level":"DEBUG","category":"get_PAXAccount.js","host":"frank-hp","pid":"5304","data":'the param is:{"account_name":"eoshashdice"}'}
{"date":"2019-10-07T18:13:35.739","level":"DEBUG","category":"get_PAXAccount.js","host":"frank-hp","pid":"14940","data":'the param is:{"account_name":"eoshashdice"}'}
{"date":"2019-10-07T18:17:12.146","level":"DEBUG","category":"get_PAXAccount.js","host":"frank-hp","pid":"9516","data":'the param is:{"account_name":"eoshashdice"}'}
{"date":"2019-10-07T18:20:14.618","level":"DEBUG","category":"get_PAXAccount.js","host":"frank-hp","pid":"15312","data":'the param is:{"account_name":"uetokencoin"}'}
{"date":"2019-10-07T18:26:14.924","level":"DEBUG","category":"get_PAXAccount.js","host":"frank-hp","pid":"14392","data":'the param is:{"account_name":"eoshashdice"}'}
{"date":"2019-10-07T18:27:28.232","level":"DEBUG","category":"get_PAXAccount.js","host":"frank-hp","pid":"10276","data":'the param is:{"account_name":"eoshashdice"}'}
{"date":"2019-10-07T18:27:38.133","level":"DEBUG","category":"get_PAXAccount.js","host":"frank-hp","pid":"10276","data":'the param is:{"account_name":"eoshashdice"}'}
{"date":"2019-10-07T18:28:13.381","level":"DEBUG","category":"get_PAXAccount.js","host":"frank-hp","pid":"14872","data":'the param is:{"account_name":"eoshashdice"}'}
{"date":"2019-10-07T18:31:05.615","level":"DEBUG","category":"get_PAXAccount.js","host":"frank-hp","pid":"5720","data":'the param is:{"account_name":"eoshashdice"}'}
{"date":"2019-10-07T18:31:44.096","level":"DEBUG","category":"get_PAXAccount.js","host":"frank-hp","pid":"5720","data":'the param is:{"account_name":"dicebanker"}'}
{"date":"2019-10-07T18:33:21.365","level":"DEBUG","category":"get_PAXAccount.js","host":"frank-hp","pid":"5720","data":'the param is:{"account_name":"dicebanker"}'}
{"date":"2019-10-07T18:35:09.805","level":"DEBUG","category":"get_PAXAccount.js","host":"frank-hp","pid":"14372","data":'the param is:{"account_name":"dicebanker"}'}
{"date":"2019-10-07T18:35:18.374","level":"DEBUG","category":"get_PAXAccount.js","host":"frank-hp","pid":"14372","data":'the param is:{"account_name":"dicebanker"}'}
{"date":"2019-10-07T18:35:35.154","level":"DEBUG","category":"get_PAXAccount.js","host":"frank-hp","pid":"10500","data":'the param is:{"account_name":"dicebanker"}'}
{"date":"2019-10-07T18:35:37.404","level":"DEBUG","category":"get_PAXAccount.js","host":"frank-hp","pid":"10500","data":'the param is:{"account_name":"dicebanker"}'}
{"date":"2019-10-07T18:35:39.055","level":"DEBUG","category":"get_PAXAccount.js","host":"frank-hp","pid":"10500","data":'the param is:{"account_name":"dicebanker"}'}
{"date":"2019-10-07T18:35:45.484","level":"DEBUG","category":"get_PAXAccount.js","host":"frank-hp","pid":"10500","data":'the param is:{"account_name":"dicebas"}'}
{"date":"2019-10-07T18:36:13.107","level":"DEBUG","category":"get_PAXAccount.js","host":"frank-hp","pid":"9516","data":'the param is:{"account_name":"dicebanker"}'}
{"date":"2019-10-07T18:37:14.702","level":"DEBUG","category":"get_PAXAccount.js","host":"frank-hp","pid":"9516","data":'the param is:{"account_name":"dicebanker"}'}
{"date":"2019-10-07T18:37:22.425","level":"DEBUG","category":"get_PAXAccount.js","host":"frank-hp","pid":"9516","data":'the param is:{"account_name":"eoshashdice"}'}
{"date":"2019-10-07T18:40:11.490","level":"DEBUG","category":"get_PAXAccount.js","host":"frank-hp","pid":"3408","data":'the param is:{"account_name":"eoshashdice"}'}
{"date":"2019-10-07T18:40:21.896","level":"DEBUG","category":"get_PAXAccount.js","host":"frank-hp","pid":"3408","data":'the param is:{"account_name":"uetokencoin"}'}
