{"date":"2019-10-26T15:14:46.726","level":"ERROR","category":"getEOSTrxAction.js","host":"frank-hp","pid":"4280","data":'this error from get_history(),the error trace is Error: WHERE parameter "pog_account" has invalid "undefined" value
    at MySQLQueryGenerator.whereItemQuery (D:\work_space\yuezhi\eos\exchange\node_modules\sequelize\lib\dialects\abstract\query-generator.js:2184:13)
    at Utils.getComplexKeys.forEach.prop (D:\work_space\yuezhi\eos\exchange\node_modules\sequelize\lib\dialects\abstract\query-generator.js:2173:25)
    at Array.forEach (<anonymous>)
    at MySQLQueryGenerator.whereItemsQuery (D:\work_space\yuezhi\eos\exchange\node_modules\sequelize\lib\dialects\abstract\query-generator.js:2171:35)
    at MySQLQueryGenerator.getWhereConditions (D:\work_space\yuezhi\eos\exchange\node_modules\sequelize\lib\dialects\abstract\query-generator.js:2583:19)
    at MySQLQueryGenerator.selectQuery (D:\work_space\yuezhi\eos\exchange\node_modules\sequelize\lib\dialects\abstract\query-generator.js:1315:28)
    at QueryInterface.select (D:\work_space\yuezhi\eos\exchange\node_modules\sequelize\lib\query-interface.js:1119:27)
    at Promise.try.then.then.then (D:\work_space\yuezhi\eos\exchange\node_modules\sequelize\lib\model.js:1756:34)
    at tryCatcher (D:\work_space\yuezhi\eos\exchange\node_modules\bluebird\js\release\util.js:16:23)
    at Promise._settlePromiseFromHandler (D:\work_space\yuezhi\eos\exchange\node_modules\bluebird\js\release\promise.js:517:31)
    at Promise._settlePromise (D:\work_space\yuezhi\eos\exchange\node_modules\bluebird\js\release\promise.js:574:18)
    at Promise._settlePromise0 (D:\work_space\yuezhi\eos\exchange\node_modules\bluebird\js\release\promise.js:619:10)
    at Promise._settlePromises (D:\work_space\yuezhi\eos\exchange\node_modules\bluebird\js\release\promise.js:699:18)
    at _drainQueueStep (D:\work_space\yuezhi\eos\exchange\node_modules\bluebird\js\release\async.js:138:12)
    at _drainQueue (D:\work_space\yuezhi\eos\exchange\node_modules\bluebird\js\release\async.js:131:9)
    at Async._drainQueues (D:\work_space\yuezhi\eos\exchange\node_modules\bluebird\js\release\async.js:147:5)
    at Immediate.Async.drainQueues [as _onImmediate] (D:\work_space\yuezhi\eos\exchange\node_modules\bluebird\js\release\async.js:17:14)
    at runCallback (timers.js:705:18)
    at tryOnImmediate (timers.js:676:5)
    at processImmediate (timers.js:658:5)'}
