{"date":"2019-10-31T11:15:34.268","level":"ERROR","category":"getEthTrxAction.js","host":"frank-hp","pid":"10200","data":'err from getTokenBalance(),ths track is Error: connection not open
    at WebsocketProvider.send (D:\work_space\yuezhi\eos\exchange\node_modules\web3-providers-ws\src\index.js:282:18)
    at RequestManager.send (D:\work_space\yuezhi\eos\exchange\node_modules\web3-core-requestmanager\src\index.js:132:66)
    at sendRequest (D:\work_space\yuezhi\eos\exchange\node_modules\web3-core-method\src\index.js:560:42)
    at send (D:\work_space\yuezhi\eos\exchange\node_modules\web3-core-method\src\index.js:581:13)
    at Object._executeMethod (D:\work_space\yuezhi\eos\exchange\node_modules\web3-eth-contract\src\index.js:826:24)
    at getTokenBalance (D:\work_space\yuezhi\eos\exchange\src\job\getEthTrxAction.js:129:71)
    at acceptTransferEthAccount (D:\work_space\yuezhi\eos\exchange\src\job\getEthTrxAction.js:166:59)
    at check_eth_account (D:\work_space\yuezhi\eos\exchange\src\job\checkEthAccount.js:17:43)
    at check_eth_account (D:\work_space\yuezhi\eos\exchange\src\controllers\exchange\check_eth_account.js:14:30)
    at process._tickCallback (internal/process/next_tick.js:68:7):'}
{"date":"2019-10-31T11:15:34.274","level":"ERROR","category":"getEthTrxAction.js","host":"frank-hp","pid":"10200","data":'err from acceptTransferEthAccount(),ths track is Error: connection not open
    at WebsocketProvider.send (D:\work_space\yuezhi\eos\exchange\node_modules\web3-providers-ws\src\index.js:282:18)
    at RequestManager.send (D:\work_space\yuezhi\eos\exchange\node_modules\web3-core-requestmanager\src\index.js:132:66)
    at sendRequest (D:\work_space\yuezhi\eos\exchange\node_modules\web3-core-method\src\index.js:560:42)
    at send (D:\work_space\yuezhi\eos\exchange\node_modules\web3-core-method\src\index.js:581:13)
    at Object._executeMethod (D:\work_space\yuezhi\eos\exchange\node_modules\web3-eth-contract\src\index.js:826:24)
    at getTokenBalance (D:\work_space\yuezhi\eos\exchange\src\job\getEthTrxAction.js:129:71)
    at acceptTransferEthAccount (D:\work_space\yuezhi\eos\exchange\src\job\getEthTrxAction.js:166:59)
    at check_eth_account (D:\work_space\yuezhi\eos\exchange\src\job\checkEthAccount.js:17:43)
    at check_eth_account (D:\work_space\yuezhi\eos\exchange\src\controllers\exchange\check_eth_account.js:14:30)
    at process._tickCallback (internal/process/next_tick.js:68:7):'}
{"date":"2019-10-31T11:15:37.038","level":"ERROR","category":"getEthTrxAction.js","host":"frank-hp","pid":"10200","data":'err from getTokenBalance(),ths track is Error: connection not open
    at WebsocketProvider.send (D:\work_space\yuezhi\eos\exchange\node_modules\web3-providers-ws\src\index.js:282:18)
    at RequestManager.send (D:\work_space\yuezhi\eos\exchange\node_modules\web3-core-requestmanager\src\index.js:132:66)
    at sendRequest (D:\work_space\yuezhi\eos\exchange\node_modules\web3-core-method\src\index.js:560:42)
    at send (D:\work_space\yuezhi\eos\exchange\node_modules\web3-core-method\src\index.js:581:13)
    at Object._executeMethod (D:\work_space\yuezhi\eos\exchange\node_modules\web3-eth-contract\src\index.js:826:24)
    at getTokenBalance (D:\work_space\yuezhi\eos\exchange\src\job\getEthTrxAction.js:129:71)
    at acceptTransferEthAccount (D:\work_space\yuezhi\eos\exchange\src\job\getEthTrxAction.js:166:59)
    at check_eth_account (D:\work_space\yuezhi\eos\exchange\src\job\checkEthAccount.js:17:43)
    at check_eth_account (D:\work_space\yuezhi\eos\exchange\src\controllers\exchange\check_eth_account.js:14:30)
    at process._tickCallback (internal/process/next_tick.js:68:7):'}
{"date":"2019-10-31T11:15:37.040","level":"ERROR","category":"getEthTrxAction.js","host":"frank-hp","pid":"10200","data":'err from acceptTransferEthAccount(),ths track is Error: connection not open
    at WebsocketProvider.send (D:\work_space\yuezhi\eos\exchange\node_modules\web3-providers-ws\src\index.js:282:18)
    at RequestManager.send (D:\work_space\yuezhi\eos\exchange\node_modules\web3-core-requestmanager\src\index.js:132:66)
    at sendRequest (D:\work_space\yuezhi\eos\exchange\node_modules\web3-core-method\src\index.js:560:42)
    at send (D:\work_space\yuezhi\eos\exchange\node_modules\web3-core-method\src\index.js:581:13)
    at Object._executeMethod (D:\work_space\yuezhi\eos\exchange\node_modules\web3-eth-contract\src\index.js:826:24)
    at getTokenBalance (D:\work_space\yuezhi\eos\exchange\src\job\getEthTrxAction.js:129:71)
    at acceptTransferEthAccount (D:\work_space\yuezhi\eos\exchange\src\job\getEthTrxAction.js:166:59)
    at check_eth_account (D:\work_space\yuezhi\eos\exchange\src\job\checkEthAccount.js:17:43)
    at check_eth_account (D:\work_space\yuezhi\eos\exchange\src\controllers\exchange\check_eth_account.js:14:30)
    at process._tickCallback (internal/process/next_tick.js:68:7):'}
{"date":"2019-10-31T11:15:49.166","level":"ERROR","category":"getEthTrxAction.js","host":"frank-hp","pid":"10200","data":'err from getTokenBalance(),ths track is Error: connection not open
    at WebsocketProvider.send (D:\work_space\yuezhi\eos\exchange\node_modules\web3-providers-ws\src\index.js:282:18)
    at RequestManager.send (D:\work_space\yuezhi\eos\exchange\node_modules\web3-core-requestmanager\src\index.js:132:66)
    at sendRequest (D:\work_space\yuezhi\eos\exchange\node_modules\web3-core-method\src\index.js:560:42)
    at send (D:\work_space\yuezhi\eos\exchange\node_modules\web3-core-method\src\index.js:581:13)
    at Object._executeMethod (D:\work_space\yuezhi\eos\exchange\node_modules\web3-eth-contract\src\index.js:826:24)
    at getTokenBalance (D:\work_space\yuezhi\eos\exchange\src\job\getEthTrxAction.js:129:71)
    at acceptTransferEthAccount (D:\work_space\yuezhi\eos\exchange\src\job\getEthTrxAction.js:166:59)
    at check_eth_account (D:\work_space\yuezhi\eos\exchange\src\job\checkEthAccount.js:17:43)
    at check_eth_account (D:\work_space\yuezhi\eos\exchange\src\controllers\exchange\check_eth_account.js:14:30)
    at process._tickCallback (internal/process/next_tick.js:68:7):'}
{"date":"2019-10-31T11:15:49.168","level":"ERROR","category":"getEthTrxAction.js","host":"frank-hp","pid":"10200","data":'err from acceptTransferEthAccount(),ths track is Error: connection not open
    at WebsocketProvider.send (D:\work_space\yuezhi\eos\exchange\node_modules\web3-providers-ws\src\index.js:282:18)
    at RequestManager.send (D:\work_space\yuezhi\eos\exchange\node_modules\web3-core-requestmanager\src\index.js:132:66)
    at sendRequest (D:\work_space\yuezhi\eos\exchange\node_modules\web3-core-method\src\index.js:560:42)
    at send (D:\work_space\yuezhi\eos\exchange\node_modules\web3-core-method\src\index.js:581:13)
    at Object._executeMethod (D:\work_space\yuezhi\eos\exchange\node_modules\web3-eth-contract\src\index.js:826:24)
    at getTokenBalance (D:\work_space\yuezhi\eos\exchange\src\job\getEthTrxAction.js:129:71)
    at acceptTransferEthAccount (D:\work_space\yuezhi\eos\exchange\src\job\getEthTrxAction.js:166:59)
    at check_eth_account (D:\work_space\yuezhi\eos\exchange\src\job\checkEthAccount.js:17:43)
    at check_eth_account (D:\work_space\yuezhi\eos\exchange\src\controllers\exchange\check_eth_account.js:14:30)
    at process._tickCallback (internal/process/next_tick.js:68:7):'}
{"date":"2019-10-31T11:16:09.714","level":"ERROR","category":"getEthTrxAction.js","host":"frank-hp","pid":"10200","data":'err from getTokenBalance(),ths track is Error: connection not open
    at WebsocketProvider.send (D:\work_space\yuezhi\eos\exchange\node_modules\web3-providers-ws\src\index.js:282:18)
    at RequestManager.send (D:\work_space\yuezhi\eos\exchange\node_modules\web3-core-requestmanager\src\index.js:132:66)
    at sendRequest (D:\work_space\yuezhi\eos\exchange\node_modules\web3-core-method\src\index.js:560:42)
    at send (D:\work_space\yuezhi\eos\exchange\node_modules\web3-core-method\src\index.js:581:13)
    at Object._executeMethod (D:\work_space\yuezhi\eos\exchange\node_modules\web3-eth-contract\src\index.js:826:24)
    at getTokenBalance (D:\work_space\yuezhi\eos\exchange\src\job\getEthTrxAction.js:129:71)
    at acceptTransferEthAccount (D:\work_space\yuezhi\eos\exchange\src\job\getEthTrxAction.js:166:59)
    at check_eth_account (D:\work_space\yuezhi\eos\exchange\src\job\checkEthAccount.js:17:43)
    at check_eth_account (D:\work_space\yuezhi\eos\exchange\src\controllers\exchange\check_eth_account.js:14:30)
    at process._tickCallback (internal/process/next_tick.js:68:7):'}
{"date":"2019-10-31T11:16:09.715","level":"ERROR","category":"getEthTrxAction.js","host":"frank-hp","pid":"10200","data":'err from acceptTransferEthAccount(),ths track is Error: connection not open
    at WebsocketProvider.send (D:\work_space\yuezhi\eos\exchange\node_modules\web3-providers-ws\src\index.js:282:18)
    at RequestManager.send (D:\work_space\yuezhi\eos\exchange\node_modules\web3-core-requestmanager\src\index.js:132:66)
    at sendRequest (D:\work_space\yuezhi\eos\exchange\node_modules\web3-core-method\src\index.js:560:42)
    at send (D:\work_space\yuezhi\eos\exchange\node_modules\web3-core-method\src\index.js:581:13)
    at Object._executeMethod (D:\work_space\yuezhi\eos\exchange\node_modules\web3-eth-contract\src\index.js:826:24)
    at getTokenBalance (D:\work_space\yuezhi\eos\exchange\src\job\getEthTrxAction.js:129:71)
    at acceptTransferEthAccount (D:\work_space\yuezhi\eos\exchange\src\job\getEthTrxAction.js:166:59)
    at check_eth_account (D:\work_space\yuezhi\eos\exchange\src\job\checkEthAccount.js:17:43)
    at check_eth_account (D:\work_space\yuezhi\eos\exchange\src\controllers\exchange\check_eth_account.js:14:30)
    at process._tickCallback (internal/process/next_tick.js:68:7):'}
{"date":"2019-10-31T11:16:12.525","level":"ERROR","category":"getEthTrxAction.js","host":"frank-hp","pid":"10200","data":'err from getTokenBalance(),ths track is Error: connection not open
    at WebsocketProvider.send (D:\work_space\yuezhi\eos\exchange\node_modules\web3-providers-ws\src\index.js:282:18)
    at RequestManager.send (D:\work_space\yuezhi\eos\exchange\node_modules\web3-core-requestmanager\src\index.js:132:66)
    at sendRequest (D:\work_space\yuezhi\eos\exchange\node_modules\web3-core-method\src\index.js:560:42)
    at send (D:\work_space\yuezhi\eos\exchange\node_modules\web3-core-method\src\index.js:581:13)
    at Object._executeMethod (D:\work_space\yuezhi\eos\exchange\node_modules\web3-eth-contract\src\index.js:826:24)
    at getTokenBalance (D:\work_space\yuezhi\eos\exchange\src\job\getEthTrxAction.js:129:71)
    at acceptTransferEthAccount (D:\work_space\yuezhi\eos\exchange\src\job\getEthTrxAction.js:166:59)
    at check_eth_account (D:\work_space\yuezhi\eos\exchange\src\job\checkEthAccount.js:17:43)
    at check_eth_account (D:\work_space\yuezhi\eos\exchange\src\controllers\exchange\check_eth_account.js:14:30)
    at process._tickCallback (internal/process/next_tick.js:68:7):'}
{"date":"2019-10-31T11:16:12.529","level":"ERROR","category":"getEthTrxAction.js","host":"frank-hp","pid":"10200","data":'err from acceptTransferEthAccount(),ths track is Error: connection not open
    at WebsocketProvider.send (D:\work_space\yuezhi\eos\exchange\node_modules\web3-providers-ws\src\index.js:282:18)
    at RequestManager.send (D:\work_space\yuezhi\eos\exchange\node_modules\web3-core-requestmanager\src\index.js:132:66)
    at sendRequest (D:\work_space\yuezhi\eos\exchange\node_modules\web3-core-method\src\index.js:560:42)
    at send (D:\work_space\yuezhi\eos\exchange\node_modules\web3-core-method\src\index.js:581:13)
    at Object._executeMethod (D:\work_space\yuezhi\eos\exchange\node_modules\web3-eth-contract\src\index.js:826:24)
    at getTokenBalance (D:\work_space\yuezhi\eos\exchange\src\job\getEthTrxAction.js:129:71)
    at acceptTransferEthAccount (D:\work_space\yuezhi\eos\exchange\src\job\getEthTrxAction.js:166:59)
    at check_eth_account (D:\work_space\yuezhi\eos\exchange\src\job\checkEthAccount.js:17:43)
    at check_eth_account (D:\work_space\yuezhi\eos\exchange\src\controllers\exchange\check_eth_account.js:14:30)
    at process._tickCallback (internal/process/next_tick.js:68:7):'}
{"date":"2019-10-31T11:16:21.128","level":"ERROR","category":"getEthTrxAction.js","host":"frank-hp","pid":"10200","data":'err from getTokenBalance(),ths track is Error: connection not open
    at WebsocketProvider.send (D:\work_space\yuezhi\eos\exchange\node_modules\web3-providers-ws\src\index.js:282:18)
    at RequestManager.send (D:\work_space\yuezhi\eos\exchange\node_modules\web3-core-requestmanager\src\index.js:132:66)
    at sendRequest (D:\work_space\yuezhi\eos\exchange\node_modules\web3-core-method\src\index.js:560:42)
    at send (D:\work_space\yuezhi\eos\exchange\node_modules\web3-core-method\src\index.js:581:13)
    at Object._executeMethod (D:\work_space\yuezhi\eos\exchange\node_modules\web3-eth-contract\src\index.js:826:24)
    at getTokenBalance (D:\work_space\yuezhi\eos\exchange\src\job\getEthTrxAction.js:129:71)
    at acceptTransferEthAccount (D:\work_space\yuezhi\eos\exchange\src\job\getEthTrxAction.js:166:59)
    at check_eth_account (D:\work_space\yuezhi\eos\exchange\src\job\checkEthAccount.js:17:43)
    at check_eth_account (D:\work_space\yuezhi\eos\exchange\src\controllers\exchange\check_eth_account.js:14:30)
    at process._tickCallback (internal/process/next_tick.js:68:7):'}
{"date":"2019-10-31T11:16:21.130","level":"ERROR","category":"getEthTrxAction.js","host":"frank-hp","pid":"10200","data":'err from acceptTransferEthAccount(),ths track is Error: connection not open
    at WebsocketProvider.send (D:\work_space\yuezhi\eos\exchange\node_modules\web3-providers-ws\src\index.js:282:18)
    at RequestManager.send (D:\work_space\yuezhi\eos\exchange\node_modules\web3-core-requestmanager\src\index.js:132:66)
    at sendRequest (D:\work_space\yuezhi\eos\exchange\node_modules\web3-core-method\src\index.js:560:42)
    at send (D:\work_space\yuezhi\eos\exchange\node_modules\web3-core-method\src\index.js:581:13)
    at Object._executeMethod (D:\work_space\yuezhi\eos\exchange\node_modules\web3-eth-contract\src\index.js:826:24)
    at getTokenBalance (D:\work_space\yuezhi\eos\exchange\src\job\getEthTrxAction.js:129:71)
    at acceptTransferEthAccount (D:\work_space\yuezhi\eos\exchange\src\job\getEthTrxAction.js:166:59)
    at check_eth_account (D:\work_space\yuezhi\eos\exchange\src\job\checkEthAccount.js:17:43)
    at check_eth_account (D:\work_space\yuezhi\eos\exchange\src\controllers\exchange\check_eth_account.js:14:30)
    at process._tickCallback (internal/process/next_tick.js:68:7):'}
{"date":"2019-10-31T11:16:26.471","level":"ERROR","category":"getEthTrxAction.js","host":"frank-hp","pid":"10200","data":'err from getTokenBalance(),ths track is Error: connection not open
    at WebsocketProvider.send (D:\work_space\yuezhi\eos\exchange\node_modules\web3-providers-ws\src\index.js:282:18)
    at RequestManager.send (D:\work_space\yuezhi\eos\exchange\node_modules\web3-core-requestmanager\src\index.js:132:66)
    at sendRequest (D:\work_space\yuezhi\eos\exchange\node_modules\web3-core-method\src\index.js:560:42)
    at send (D:\work_space\yuezhi\eos\exchange\node_modules\web3-core-method\src\index.js:581:13)
    at Object._executeMethod (D:\work_space\yuezhi\eos\exchange\node_modules\web3-eth-contract\src\index.js:826:24)
    at getTokenBalance (D:\work_space\yuezhi\eos\exchange\src\job\getEthTrxAction.js:129:71)
    at acceptTransferEthAccount (D:\work_space\yuezhi\eos\exchange\src\job\getEthTrxAction.js:166:59)
    at check_eth_account (D:\work_space\yuezhi\eos\exchange\src\job\checkEthAccount.js:17:43)
    at check_eth_account (D:\work_space\yuezhi\eos\exchange\src\controllers\exchange\check_eth_account.js:14:30)
    at process._tickCallback (internal/process/next_tick.js:68:7):'}
{"date":"2019-10-31T11:16:26.485","level":"ERROR","category":"getEthTrxAction.js","host":"frank-hp","pid":"10200","data":'err from acceptTransferEthAccount(),ths track is Error: connection not open
    at WebsocketProvider.send (D:\work_space\yuezhi\eos\exchange\node_modules\web3-providers-ws\src\index.js:282:18)
    at RequestManager.send (D:\work_space\yuezhi\eos\exchange\node_modules\web3-core-requestmanager\src\index.js:132:66)
    at sendRequest (D:\work_space\yuezhi\eos\exchange\node_modules\web3-core-method\src\index.js:560:42)
    at send (D:\work_space\yuezhi\eos\exchange\node_modules\web3-core-method\src\index.js:581:13)
    at Object._executeMethod (D:\work_space\yuezhi\eos\exchange\node_modules\web3-eth-contract\src\index.js:826:24)
    at getTokenBalance (D:\work_space\yuezhi\eos\exchange\src\job\getEthTrxAction.js:129:71)
    at acceptTransferEthAccount (D:\work_space\yuezhi\eos\exchange\src\job\getEthTrxAction.js:166:59)
    at check_eth_account (D:\work_space\yuezhi\eos\exchange\src\job\checkEthAccount.js:17:43)
    at check_eth_account (D:\work_space\yuezhi\eos\exchange\src\controllers\exchange\check_eth_account.js:14:30)
    at process._tickCallback (internal/process/next_tick.js:68:7):'}
{"date":"2019-10-31T11:17:38.490","level":"ERROR","category":"getEthTrxAction.js","host":"frank-hp","pid":"10200","data":'err from getTokenBalance(),ths track is Error: connection not open
    at WebsocketProvider.send (D:\work_space\yuezhi\eos\exchange\node_modules\web3-providers-ws\src\index.js:282:18)
    at RequestManager.send (D:\work_space\yuezhi\eos\exchange\node_modules\web3-core-requestmanager\src\index.js:132:66)
    at sendRequest (D:\work_space\yuezhi\eos\exchange\node_modules\web3-core-method\src\index.js:560:42)
    at send (D:\work_space\yuezhi\eos\exchange\node_modules\web3-core-method\src\index.js:581:13)
    at Object._executeMethod (D:\work_space\yuezhi\eos\exchange\node_modules\web3-eth-contract\src\index.js:826:24)
    at getTokenBalance (D:\work_space\yuezhi\eos\exchange\src\job\getEthTrxAction.js:129:71)
    at acceptTransferEthAccount (D:\work_space\yuezhi\eos\exchange\src\job\getEthTrxAction.js:166:59)
    at check_eth_account (D:\work_space\yuezhi\eos\exchange\src\job\checkEthAccount.js:17:43)
    at check_eth_account (D:\work_space\yuezhi\eos\exchange\src\controllers\exchange\check_eth_account.js:14:30)
    at process._tickCallback (internal/process/next_tick.js:68:7):'}
{"date":"2019-10-31T11:17:38.493","level":"ERROR","category":"getEthTrxAction.js","host":"frank-hp","pid":"10200","data":'err from acceptTransferEthAccount(),ths track is Error: connection not open
    at WebsocketProvider.send (D:\work_space\yuezhi\eos\exchange\node_modules\web3-providers-ws\src\index.js:282:18)
    at RequestManager.send (D:\work_space\yuezhi\eos\exchange\node_modules\web3-core-requestmanager\src\index.js:132:66)
    at sendRequest (D:\work_space\yuezhi\eos\exchange\node_modules\web3-core-method\src\index.js:560:42)
    at send (D:\work_space\yuezhi\eos\exchange\node_modules\web3-core-method\src\index.js:581:13)
    at Object._executeMethod (D:\work_space\yuezhi\eos\exchange\node_modules\web3-eth-contract\src\index.js:826:24)
    at getTokenBalance (D:\work_space\yuezhi\eos\exchange\src\job\getEthTrxAction.js:129:71)
    at acceptTransferEthAccount (D:\work_space\yuezhi\eos\exchange\src\job\getEthTrxAction.js:166:59)
    at check_eth_account (D:\work_space\yuezhi\eos\exchange\src\job\checkEthAccount.js:17:43)
    at check_eth_account (D:\work_space\yuezhi\eos\exchange\src\controllers\exchange\check_eth_account.js:14:30)
    at process._tickCallback (internal/process/next_tick.js:68:7):'}
{"date":"2019-10-31T11:17:40.592","level":"ERROR","category":"getEthTrxAction.js","host":"frank-hp","pid":"10200","data":'err from getTokenBalance(),ths track is Error: connection not open
    at WebsocketProvider.send (D:\work_space\yuezhi\eos\exchange\node_modules\web3-providers-ws\src\index.js:282:18)
    at RequestManager.send (D:\work_space\yuezhi\eos\exchange\node_modules\web3-core-requestmanager\src\index.js:132:66)
    at sendRequest (D:\work_space\yuezhi\eos\exchange\node_modules\web3-core-method\src\index.js:560:42)
    at send (D:\work_space\yuezhi\eos\exchange\node_modules\web3-core-method\src\index.js:581:13)
    at Object._executeMethod (D:\work_space\yuezhi\eos\exchange\node_modules\web3-eth-contract\src\index.js:826:24)
    at getTokenBalance (D:\work_space\yuezhi\eos\exchange\src\job\getEthTrxAction.js:129:71)
    at acceptTransferEthAccount (D:\work_space\yuezhi\eos\exchange\src\job\getEthTrxAction.js:166:59)
    at check_eth_account (D:\work_space\yuezhi\eos\exchange\src\job\checkEthAccount.js:17:43)
    at check_eth_account (D:\work_space\yuezhi\eos\exchange\src\controllers\exchange\check_eth_account.js:14:30)
    at process._tickCallback (internal/process/next_tick.js:68:7):'}
{"date":"2019-10-31T11:17:40.595","level":"ERROR","category":"getEthTrxAction.js","host":"frank-hp","pid":"10200","data":'err from acceptTransferEthAccount(),ths track is Error: connection not open
    at WebsocketProvider.send (D:\work_space\yuezhi\eos\exchange\node_modules\web3-providers-ws\src\index.js:282:18)
    at RequestManager.send (D:\work_space\yuezhi\eos\exchange\node_modules\web3-core-requestmanager\src\index.js:132:66)
    at sendRequest (D:\work_space\yuezhi\eos\exchange\node_modules\web3-core-method\src\index.js:560:42)
    at send (D:\work_space\yuezhi\eos\exchange\node_modules\web3-core-method\src\index.js:581:13)
    at Object._executeMethod (D:\work_space\yuezhi\eos\exchange\node_modules\web3-eth-contract\src\index.js:826:24)
    at getTokenBalance (D:\work_space\yuezhi\eos\exchange\src\job\getEthTrxAction.js:129:71)
    at acceptTransferEthAccount (D:\work_space\yuezhi\eos\exchange\src\job\getEthTrxAction.js:166:59)
    at check_eth_account (D:\work_space\yuezhi\eos\exchange\src\job\checkEthAccount.js:17:43)
    at check_eth_account (D:\work_space\yuezhi\eos\exchange\src\controllers\exchange\check_eth_account.js:14:30)
    at process._tickCallback (internal/process/next_tick.js:68:7):'}
{"date":"2019-10-31T11:17:57.475","level":"ERROR","category":"getEthTrxAction.js","host":"frank-hp","pid":"10200","data":'err from getTokenBalance(),ths track is Error: connection not open
    at WebsocketProvider.send (D:\work_space\yuezhi\eos\exchange\node_modules\web3-providers-ws\src\index.js:282:18)
    at RequestManager.send (D:\work_space\yuezhi\eos\exchange\node_modules\web3-core-requestmanager\src\index.js:132:66)
    at sendRequest (D:\work_space\yuezhi\eos\exchange\node_modules\web3-core-method\src\index.js:560:42)
    at send (D:\work_space\yuezhi\eos\exchange\node_modules\web3-core-method\src\index.js:581:13)
    at Object._executeMethod (D:\work_space\yuezhi\eos\exchange\node_modules\web3-eth-contract\src\index.js:826:24)
    at getTokenBalance (D:\work_space\yuezhi\eos\exchange\src\job\getEthTrxAction.js:129:71)
    at acceptTransferEthAccount (D:\work_space\yuezhi\eos\exchange\src\job\getEthTrxAction.js:166:59)
    at check_eth_account (D:\work_space\yuezhi\eos\exchange\src\job\checkEthAccount.js:17:43)
    at check_eth_account (D:\work_space\yuezhi\eos\exchange\src\controllers\exchange\check_eth_account.js:14:30)
    at process._tickCallback (internal/process/next_tick.js:68:7):'}
{"date":"2019-10-31T11:17:57.479","level":"ERROR","category":"getEthTrxAction.js","host":"frank-hp","pid":"10200","data":'err from acceptTransferEthAccount(),ths track is Error: connection not open
    at WebsocketProvider.send (D:\work_space\yuezhi\eos\exchange\node_modules\web3-providers-ws\src\index.js:282:18)
    at RequestManager.send (D:\work_space\yuezhi\eos\exchange\node_modules\web3-core-requestmanager\src\index.js:132:66)
    at sendRequest (D:\work_space\yuezhi\eos\exchange\node_modules\web3-core-method\src\index.js:560:42)
    at send (D:\work_space\yuezhi\eos\exchange\node_modules\web3-core-method\src\index.js:581:13)
    at Object._executeMethod (D:\work_space\yuezhi\eos\exchange\node_modules\web3-eth-contract\src\index.js:826:24)
    at getTokenBalance (D:\work_space\yuezhi\eos\exchange\src\job\getEthTrxAction.js:129:71)
    at acceptTransferEthAccount (D:\work_space\yuezhi\eos\exchange\src\job\getEthTrxAction.js:166:59)
    at check_eth_account (D:\work_space\yuezhi\eos\exchange\src\job\checkEthAccount.js:17:43)
    at check_eth_account (D:\work_space\yuezhi\eos\exchange\src\controllers\exchange\check_eth_account.js:14:30)
    at process._tickCallback (internal/process/next_tick.js:68:7):'}
{"date":"2019-10-31T11:21:55.376","level":"ERROR","category":"getEthTrxAction.js","host":"frank-hp","pid":"10200","data":'err from getTokenBalance(),ths track is Error: connection not open
    at WebsocketProvider.send (D:\work_space\yuezhi\eos\exchange\node_modules\web3-providers-ws\src\index.js:282:18)
    at RequestManager.send (D:\work_space\yuezhi\eos\exchange\node_modules\web3-core-requestmanager\src\index.js:132:66)
    at sendRequest (D:\work_space\yuezhi\eos\exchange\node_modules\web3-core-method\src\index.js:560:42)
    at send (D:\work_space\yuezhi\eos\exchange\node_modules\web3-core-method\src\index.js:581:13)
    at Object._executeMethod (D:\work_space\yuezhi\eos\exchange\node_modules\web3-eth-contract\src\index.js:826:24)
    at getTokenBalance (D:\work_space\yuezhi\eos\exchange\src\job\getEthTrxAction.js:129:71)
    at acceptTransferEthAccount (D:\work_space\yuezhi\eos\exchange\src\job\getEthTrxAction.js:166:59)
    at check_eth_account (D:\work_space\yuezhi\eos\exchange\src\job\checkEthAccount.js:17:43)
    at check_eth_account (D:\work_space\yuezhi\eos\exchange\src\controllers\exchange\check_eth_account.js:14:30)
    at process._tickCallback (internal/process/next_tick.js:68:7):'}
{"date":"2019-10-31T11:21:55.378","level":"ERROR","category":"getEthTrxAction.js","host":"frank-hp","pid":"10200","data":'err from acceptTransferEthAccount(),ths track is Error: connection not open
    at WebsocketProvider.send (D:\work_space\yuezhi\eos\exchange\node_modules\web3-providers-ws\src\index.js:282:18)
    at RequestManager.send (D:\work_space\yuezhi\eos\exchange\node_modules\web3-core-requestmanager\src\index.js:132:66)
    at sendRequest (D:\work_space\yuezhi\eos\exchange\node_modules\web3-core-method\src\index.js:560:42)
    at send (D:\work_space\yuezhi\eos\exchange\node_modules\web3-core-method\src\index.js:581:13)
    at Object._executeMethod (D:\work_space\yuezhi\eos\exchange\node_modules\web3-eth-contract\src\index.js:826:24)
    at getTokenBalance (D:\work_space\yuezhi\eos\exchange\src\job\getEthTrxAction.js:129:71)
    at acceptTransferEthAccount (D:\work_space\yuezhi\eos\exchange\src\job\getEthTrxAction.js:166:59)
    at check_eth_account (D:\work_space\yuezhi\eos\exchange\src\job\checkEthAccount.js:17:43)
    at check_eth_account (D:\work_space\yuezhi\eos\exchange\src\controllers\exchange\check_eth_account.js:14:30)
    at process._tickCallback (internal/process/next_tick.js:68:7):'}
