{"date":"2019-10-12T18:15:32.631","level":"ERROR","category":"getNewPaxAccount.js","host":"frank-hp","pid":"10564","data":'get PAX Account error,the error stock is { SequelizeValidationError: notNull Violation: Eth_account.pog_Account cannot be null,
notNull Violation: Eth_account.eth_address cannot be null,
notNull Violation: Eth_account.token_value cannot be null,
notNull Violation: Eth_account.ue_value cannot be null,
notNull Violation: Eth_account.eth_key_pwd cannot be null
    at Promise.all.then (D:\work_space\yuezhi\eos\exchange\node_modules\sequelize\lib\instance-validator.js:74:15)
    at tryCatcher (D:\work_space\yuezhi\eos\exchange\node_modules\bluebird\js\release\util.js:16:23)
    at Promise._settlePromiseFromHandler (D:\work_space\yuezhi\eos\exchange\node_modules\bluebird\js\release\promise.js:517:31)
    at Promise._settlePromise (D:\work_space\yuezhi\eos\exchange\node_modules\bluebird\js\release\promise.js:574:18)
    at Promise._settlePromise0 (D:\work_space\yuezhi\eos\exchange\node_modules\bluebird\js\release\promise.js:619:10)
    at Promise._settlePromises (D:\work_space\yuezhi\eos\exchange\node_modules\bluebird\js\release\promise.js:699:18)
    at Promise._fulfill (D:\work_space\yuezhi\eos\exchange\node_modules\bluebird\js\release\promise.js:643:18)
    at PromiseArray._resolve (D:\work_space\yuezhi\eos\exchange\node_modules\bluebird\js\release\promise_array.js:126:19)
    at PromiseArray._promiseFulfilled (D:\work_space\yuezhi\eos\exchange\node_modules\bluebird\js\release\promise_array.js:144:14)
    at Promise._settlePromise (D:\work_space\yuezhi\eos\exchange\node_modules\bluebird\js\release\promise.js:579:26)
    at Promise._settlePromise0 (D:\work_space\yuezhi\eos\exchange\node_modules\bluebird\js\release\promise.js:619:10)
    at Promise._settlePromises (D:\work_space\yuezhi\eos\exchange\node_modules\bluebird\js\release\promise.js:699:18)
    at _drainQueueStep (D:\work_space\yuezhi\eos\exchange\node_modules\bluebird\js\release\async.js:138:12)
    at _drainQueue (D:\work_space\yuezhi\eos\exchange\node_modules\bluebird\js\release\async.js:131:9)
    at Async._drainQueues (D:\work_space\yuezhi\eos\exchange\node_modules\bluebird\js\release\async.js:147:5)
    at Immediate.Async.drainQueues [as _onImmediate] (D:\work_space\yuezhi\eos\exchange\node_modules\bluebird\js\release\async.js:17:14)
    at runCallback (timers.js:705:18)
    at tryOnImmediate (timers.js:676:5)
    at processImmediate (timers.js:658:5)
  name: 'SequelizeValidationError',
  errors:
   [ ValidationErrorItem {
       message: 'Eth_account.pog_Account cannot be null',
       type: 'notNull Violation',
       path: 'pog_Account',
       value: null,
       origin: 'CORE',
       instance: [Eth_account],
       validatorKey: 'is_null',
       validatorName: null,
       validatorArgs: [] },
     ValidationErrorItem {
       message: 'Eth_account.eth_address cannot be null',
       type: 'notNull Violation',
       path: 'eth_address',
       value: null,
       origin: 'CORE',
       instance: [Eth_account],
       validatorKey: 'is_null',
       validatorName: null,
       validatorArgs: [] },
     ValidationErrorItem {
       message: 'Eth_account.token_value cannot be null',
       type: 'notNull Violation',
       path: 'token_value',
       value: null,
       origin: 'CORE',
       instance: [Eth_account],
       validatorKey: 'is_null',
       validatorName: null,
       validatorArgs: [] },
     ValidationErrorItem {
       message: 'Eth_account.ue_value cannot be null',
       type: 'notNull Violation',
       path: 'ue_value',
       value: null,
       origin: 'CORE',
       instance: [Eth_account],
       validatorKey: 'is_null',
       validatorName: null,
       validatorArgs: [] },
     ValidationErrorItem {
       message: 'Eth_account.eth_key_pwd cannot be null',
       type: 'notNull Violation',
       path: 'eth_key_pwd',
       value: null,
       origin: 'CORE',
       instance: [Eth_account],
       validatorKey: 'is_null',
       validatorName: null,
       validatorArgs: [] } ] }'}
