{"date":"2019-10-07T09:58:02.160","level":"DEBUG","category":"PAX.js","host":"frank-hp","pid":"5800","data":'the param is:[object Object]'}
{"date":"2019-10-07T09:58:54.825","level":"DEBUG","category":"PAX.js","host":"frank-hp","pid":"3216","data":'the param is:{}'}
{"date":"2019-10-07T09:59:44.553","level":"DEBUG","category":"PAX.js","host":"frank-hp","pid":"1516","data":'the param is:{}'}
{"date":"2019-10-07T10:18:33.635","level":"DEBUG","category":"PAX.js","host":"frank-hp","pid":"13224","data":'the param is:{}'}
{"date":"2019-10-07T10:19:42.198","level":"ERROR","category":"PAX.js","host":"frank-hp","pid":"7488","data":'request get_banker error, the error stock is Error: current request url : /get_paxaccount is not exist in api. pls check.
    at get_data (D:\work_space\yuezhi\eos\exchange\src\common\check_data\get_data.js:27:17)
    at inspect_req_data (D:\work_space\yuezhi\eos\exchange\src\common\inspect_req_data.js:18:16)
    at getPAXForPOG (D:\work_space\yuezhi\eos\exchange\src\controllers\exchange\PAX.js:7:29)
    at Layer.handle [as handle_request] (D:\work_space\yuezhi\eos\exchange\node_modules\express\lib\router\layer.js:95:5)
    at next (D:\work_space\yuezhi\eos\exchange\node_modules\express\lib\router\route.js:137:13)
    at Route.dispatch (D:\work_space\yuezhi\eos\exchange\node_modules\express\lib\router\route.js:112:3)
    at Layer.handle [as handle_request] (D:\work_space\yuezhi\eos\exchange\node_modules\express\lib\router\layer.js:95:5)
    at D:\work_space\yuezhi\eos\exchange\node_modules\express\lib\router\index.js:281:22
    at Function.process_params (D:\work_space\yuezhi\eos\exchange\node_modules\express\lib\router\index.js:335:12)
    at next (D:\work_space\yuezhi\eos\exchange\node_modules\express\lib\router\index.js:275:10)
    at Function.handle (D:\work_space\yuezhi\eos\exchange\node_modules\express\lib\router\index.js:174:3)
    at router (D:\work_space\yuezhi\eos\exchange\node_modules\express\lib\router\index.js:47:12)
    at Layer.handle [as handle_request] (D:\work_space\yuezhi\eos\exchange\node_modules\express\lib\router\layer.js:95:5)
    at trim_prefix (D:\work_space\yuezhi\eos\exchange\node_modules\express\lib\router\index.js:317:13)
    at D:\work_space\yuezhi\eos\exchange\node_modules\express\lib\router\index.js:284:7
    at Function.process_params (D:\work_space\yuezhi\eos\exchange\node_modules\express\lib\router\index.js:335:12)
    at next (D:\work_space\yuezhi\eos\exchange\node_modules\express\lib\router\index.js:275:10)
    at urlencodedParser (D:\work_space\yuezhi\eos\exchange\node_modules\body-parser\lib\types\urlencoded.js:91:7)
    at Layer.handle [as handle_request] (D:\work_space\yuezhi\eos\exchange\node_modules\express\lib\router\layer.js:95:5)
    at trim_prefix (D:\work_space\yuezhi\eos\exchange\node_modules\express\lib\router\index.js:317:13)
    at D:\work_space\yuezhi\eos\exchange\node_modules\express\lib\router\index.js:284:7
    at Function.process_params (D:\work_space\yuezhi\eos\exchange\node_modules\express\lib\router\index.js:335:12)'}
