{"date":"2019-11-04T14:02:51.924","level":"ERROR","category":"recordTransfer.js","host":"frank-hp","pid":"11600","data":'err from recordTransfer() to insert db error,ths track is { SequelizeUniqueConstraintError: Validation error
    at Query.formatError (D:\work_space\yuezhi\eos\exchange\node_modules\sequelize\lib\dialects\mysql\query.js:223:16)
    at Execute.handler [as onResult] (D:\work_space\yuezhi\eos\exchange\node_modules\sequelize\lib\dialects\mysql\query.js:51:23)
    at Execute.execute (D:\work_space\yuezhi\eos\exchange\node_modules\mysql2\lib\commands\command.js:30:14)
    at Connection.handlePacket (D:\work_space\yuezhi\eos\exchange\node_modules\mysql2\lib\connection.js:408:32)
    at PacketParser.Connection.packetParser.p [as onPacket] (D:\work_space\yuezhi\eos\exchange\node_modules\mysql2\lib\connection.js:70:12)
    at PacketParser.executeStart (D:\work_space\yuezhi\eos\exchange\node_modules\mysql2\lib\packet_parser.js:75:16)
    at Socket.Connection.stream.on.data (D:\work_space\yuezhi\eos\exchange\node_modules\mysql2\lib\connection.js:77:25)
    at Socket.emit (events.js:198:13)
    at addChunk (_stream_readable.js:288:12)
    at readableAddChunk (_stream_readable.js:269:11)
    at Socket.Readable.push (_stream_readable.js:224:10)
    at TCP.onStreamRead [as onread] (internal/stream_base_commons.js:94:17)
  name: 'SequelizeUniqueConstraintError',
  errors:
   [ ValidationErrorItem {
       message: 'eth_txid must be unique',
       type: 'unique violation',
       path: 'eth_txid',
       value:
        '0x1ec60c0b1a096a1144d188b599143fd7f94873cd89242b807378ff668ef098',
       origin: 'DB',
       instance: [Eth_charge],
       validatorKey: 'not_unique',
       validatorName: null,
       validatorArgs: [] } ],
  fields:
   { eth_txid:
      '0x1ec60c0b1a096a1144d188b599143fd7f94873cd89242b807378ff668ef098' },
  parent:
   { Error: Duplicate entry '0x1ec60c0b1a096a1144d188b599143fd7f94873cd89242b807378ff668ef098' for key 'eth_txid'
       at Packet.asError (D:\work_space\yuezhi\eos\exchange\node_modules\mysql2\lib\packets\packet.js:708:17)
       at Execute.execute (D:\work_space\yuezhi\eos\exchange\node_modules\mysql2\lib\commands\command.js:28:26)
       at Connection.handlePacket (D:\work_space\yuezhi\eos\exchange\node_modules\mysql2\lib\connection.js:408:32)
       at PacketParser.Connection.packetParser.p [as onPacket] (D:\work_space\yuezhi\eos\exchange\node_modules\mysql2\lib\connection.js:70:12)
       at PacketParser.executeStart (D:\work_space\yuezhi\eos\exchange\node_modules\mysql2\lib\packet_parser.js:75:16)
       at Socket.Connection.stream.on.data (D:\work_space\yuezhi\eos\exchange\node_modules\mysql2\lib\connection.js:77:25)
       at Socket.emit (events.js:198:13)
       at addChunk (_stream_readable.js:288:12)
       at readableAddChunk (_stream_readable.js:269:11)
       at Socket.Readable.push (_stream_readable.js:224:10)
       at TCP.onStreamRead [as onread] (internal/stream_base_commons.js:94:17)
     code: 'ER_DUP_ENTRY',
     errno: 1062,
     sqlState: '23000',
     sqlMessage:
      'Duplicate entry \'0x1ec60c0b1a096a1144d188b599143fd7f94873cd89242b807378ff668ef098\' for key \'eth_txid\'',
     sql:
      'INSERT INTO `Eth_charge` (`id`,`eth_txid`,`from_eth_address`,`to_eth_address`,`usdt_value`,`ue_value`,`recharge_time`,`is_exchanged`,`pog_account`,`service_charge`,`exchange_rate`,`log_info`) VALUES (?,?,?,?,?,?,?,?,?,?,?,?);',
     parameters:
      [ 'xRsLHjy2',
        '0x1ec60c0b1a096a1144d188b599143fd7f94873cd89242b807378ff668ef098b12',
        '0x2a7af4e48f25a751ddb9d0174738e01d0a2743c2',
        '0xDcCE5Fec3890be188Fca7427794E8b1B62ba5576',
        '10',
        '10',
        '2019-11-04 06:02:51',
        false,
        '11g22p33s',
        '0 USDT',
        '1',
        'USDT2UE' ] },
  original:
   { Error: Duplicate entry '0x1ec60c0b1a096a1144d188b599143fd7f94873cd89242b807378ff668ef098' for key 'eth_txid'
       at Packet.asError (D:\work_space\yuezhi\eos\exchange\node_modules\mysql2\lib\packets\packet.js:708:17)
       at Execute.execute (D:\work_space\yuezhi\eos\exchange\node_modules\mysql2\lib\commands\command.js:28:26)
       at Connection.handlePacket (D:\work_space\yuezhi\eos\exchange\node_modules\mysql2\lib\connection.js:408:32)
       at PacketParser.Connection.packetParser.p [as onPacket] (D:\work_space\yuezhi\eos\exchange\node_modules\mysql2\lib\connection.js:70:12)
       at PacketParser.executeStart (D:\work_space\yuezhi\eos\exchange\node_modules\mysql2\lib\packet_parser.js:75:16)
       at Socket.Connection.stream.on.data (D:\work_space\yuezhi\eos\exchange\node_modules\mysql2\lib\connection.js:77:25)
       at Socket.emit (events.js:198:13)
       at addChunk (_stream_readable.js:288:12)
       at readableAddChunk (_stream_readable.js:269:11)
       at Socket.Readable.push (_stream_readable.js:224:10)
       at TCP.onStreamRead [as onread] (internal/stream_base_commons.js:94:17)
     code: 'ER_DUP_ENTRY',
     errno: 1062,
     sqlState: '23000',
     sqlMessage:
      'Duplicate entry \'0x1ec60c0b1a096a1144d188b599143fd7f94873cd89242b807378ff668ef098\' for key \'eth_txid\'',
     sql:
      'INSERT INTO `Eth_charge` (`id`,`eth_txid`,`from_eth_address`,`to_eth_address`,`usdt_value`,`ue_value`,`recharge_time`,`is_exchanged`,`pog_account`,`service_charge`,`exchange_rate`,`log_info`) VALUES (?,?,?,?,?,?,?,?,?,?,?,?);',
     parameters:
      [ 'xRsLHjy2',
        '0x1ec60c0b1a096a1144d188b599143fd7f94873cd89242b807378ff668ef098b12',
        '0x2a7af4e48f25a751ddb9d0174738e01d0a2743c2',
        '0xDcCE5Fec3890be188Fca7427794E8b1B62ba5576',
        '10',
        '10',
        '2019-11-04 06:02:51',
        false,
        '11g22p33s',
        '0 USDT',
        '1',
        'USDT2UE' ] },
  sql:
   'INSERT INTO `Eth_charge` (`id`,`eth_txid`,`from_eth_address`,`to_eth_address`,`usdt_value`,`ue_value`,`recharge_time`,`is_exchanged`,`pog_account`,`service_charge`,`exchange_rate`,`log_info`) VALUES (?,?,?,?,?,?,?,?,?,?,?,?);' }:'}
{"date":"2019-11-04T14:03:22.970","level":"ERROR","category":"recordTransfer.js","host":"frank-hp","pid":"11600","data":'err from recordTransfer() to insert db error,ths track is { SequelizeUniqueConstraintError: Validation error
    at Query.formatError (D:\work_space\yuezhi\eos\exchange\node_modules\sequelize\lib\dialects\mysql\query.js:223:16)
    at Execute.handler [as onResult] (D:\work_space\yuezhi\eos\exchange\node_modules\sequelize\lib\dialects\mysql\query.js:51:23)
    at Execute.execute (D:\work_space\yuezhi\eos\exchange\node_modules\mysql2\lib\commands\command.js:30:14)
    at Connection.handlePacket (D:\work_space\yuezhi\eos\exchange\node_modules\mysql2\lib\connection.js:408:32)
    at PacketParser.Connection.packetParser.p [as onPacket] (D:\work_space\yuezhi\eos\exchange\node_modules\mysql2\lib\connection.js:70:12)
    at PacketParser.executeStart (D:\work_space\yuezhi\eos\exchange\node_modules\mysql2\lib\packet_parser.js:75:16)
    at Socket.Connection.stream.on.data (D:\work_space\yuezhi\eos\exchange\node_modules\mysql2\lib\connection.js:77:25)
    at Socket.emit (events.js:198:13)
    at addChunk (_stream_readable.js:288:12)
    at readableAddChunk (_stream_readable.js:269:11)
    at Socket.Readable.push (_stream_readable.js:224:10)
    at TCP.onStreamRead [as onread] (internal/stream_base_commons.js:94:17)
  name: 'SequelizeUniqueConstraintError',
  errors:
   [ ValidationErrorItem {
       message: 'eth_txid must be unique',
       type: 'unique violation',
       path: 'eth_txid',
       value:
        '0x1ec60c0b1a096a1144d188b599143fd7f94873cd89242b807378ff668ef098',
       origin: 'DB',
       instance: [Eth_charge],
       validatorKey: 'not_unique',
       validatorName: null,
       validatorArgs: [] } ],
  fields:
   { eth_txid:
      '0x1ec60c0b1a096a1144d188b599143fd7f94873cd89242b807378ff668ef098' },
  parent:
   { Error: Duplicate entry '0x1ec60c0b1a096a1144d188b599143fd7f94873cd89242b807378ff668ef098' for key 'eth_txid'
       at Packet.asError (D:\work_space\yuezhi\eos\exchange\node_modules\mysql2\lib\packets\packet.js:708:17)
       at Execute.execute (D:\work_space\yuezhi\eos\exchange\node_modules\mysql2\lib\commands\command.js:28:26)
       at Connection.handlePacket (D:\work_space\yuezhi\eos\exchange\node_modules\mysql2\lib\connection.js:408:32)
       at PacketParser.Connection.packetParser.p [as onPacket] (D:\work_space\yuezhi\eos\exchange\node_modules\mysql2\lib\connection.js:70:12)
       at PacketParser.executeStart (D:\work_space\yuezhi\eos\exchange\node_modules\mysql2\lib\packet_parser.js:75:16)
       at Socket.Connection.stream.on.data (D:\work_space\yuezhi\eos\exchange\node_modules\mysql2\lib\connection.js:77:25)
       at Socket.emit (events.js:198:13)
       at addChunk (_stream_readable.js:288:12)
       at readableAddChunk (_stream_readable.js:269:11)
       at Socket.Readable.push (_stream_readable.js:224:10)
       at TCP.onStreamRead [as onread] (internal/stream_base_commons.js:94:17)
     code: 'ER_DUP_ENTRY',
     errno: 1062,
     sqlState: '23000',
     sqlMessage:
      'Duplicate entry \'0x1ec60c0b1a096a1144d188b599143fd7f94873cd89242b807378ff668ef098\' for key \'eth_txid\'',
     sql:
      'INSERT INTO `Eth_charge` (`id`,`eth_txid`,`from_eth_address`,`to_eth_address`,`usdt_value`,`ue_value`,`recharge_time`,`is_exchanged`,`pog_account`,`service_charge`,`exchange_rate`,`log_info`) VALUES (?,?,?,?,?,?,?,?,?,?,?,?);',
     parameters:
      [ 'lfxZPE0C',
        '0x1ec60c0b1a096a1144d188b599143fd7f94873cd89242b807378ff668ef098b12',
        '0x2a7af4e48f25a751ddb9d0174738e01d0a2743c2',
        '0xDcCE5Fec3890be188Fca7427794E8b1B62ba5576',
        '10',
        '10',
        '2019-11-04 06:03:22',
        false,
        '11g22p33s',
        '0 USDT',
        '1',
        'USDT2UE' ] },
  original:
   { Error: Duplicate entry '0x1ec60c0b1a096a1144d188b599143fd7f94873cd89242b807378ff668ef098' for key 'eth_txid'
       at Packet.asError (D:\work_space\yuezhi\eos\exchange\node_modules\mysql2\lib\packets\packet.js:708:17)
       at Execute.execute (D:\work_space\yuezhi\eos\exchange\node_modules\mysql2\lib\commands\command.js:28:26)
       at Connection.handlePacket (D:\work_space\yuezhi\eos\exchange\node_modules\mysql2\lib\connection.js:408:32)
       at PacketParser.Connection.packetParser.p [as onPacket] (D:\work_space\yuezhi\eos\exchange\node_modules\mysql2\lib\connection.js:70:12)
       at PacketParser.executeStart (D:\work_space\yuezhi\eos\exchange\node_modules\mysql2\lib\packet_parser.js:75:16)
       at Socket.Connection.stream.on.data (D:\work_space\yuezhi\eos\exchange\node_modules\mysql2\lib\connection.js:77:25)
       at Socket.emit (events.js:198:13)
       at addChunk (_stream_readable.js:288:12)
       at readableAddChunk (_stream_readable.js:269:11)
       at Socket.Readable.push (_stream_readable.js:224:10)
       at TCP.onStreamRead [as onread] (internal/stream_base_commons.js:94:17)
     code: 'ER_DUP_ENTRY',
     errno: 1062,
     sqlState: '23000',
     sqlMessage:
      'Duplicate entry \'0x1ec60c0b1a096a1144d188b599143fd7f94873cd89242b807378ff668ef098\' for key \'eth_txid\'',
     sql:
      'INSERT INTO `Eth_charge` (`id`,`eth_txid`,`from_eth_address`,`to_eth_address`,`usdt_value`,`ue_value`,`recharge_time`,`is_exchanged`,`pog_account`,`service_charge`,`exchange_rate`,`log_info`) VALUES (?,?,?,?,?,?,?,?,?,?,?,?);',
     parameters:
      [ 'lfxZPE0C',
        '0x1ec60c0b1a096a1144d188b599143fd7f94873cd89242b807378ff668ef098b12',
        '0x2a7af4e48f25a751ddb9d0174738e01d0a2743c2',
        '0xDcCE5Fec3890be188Fca7427794E8b1B62ba5576',
        '10',
        '10',
        '2019-11-04 06:03:22',
        false,
        '11g22p33s',
        '0 USDT',
        '1',
        'USDT2UE' ] },
  sql:
   'INSERT INTO `Eth_charge` (`id`,`eth_txid`,`from_eth_address`,`to_eth_address`,`usdt_value`,`ue_value`,`recharge_time`,`is_exchanged`,`pog_account`,`service_charge`,`exchange_rate`,`log_info`) VALUES (?,?,?,?,?,?,?,?,?,?,?,?);' }:'}
{"date":"2019-11-04T15:43:54.415","level":"DEBUG","category":"recordTransfer.js","host":"frank-hp","pid":"10844","data":'=============sql_result================> Eth_charge {
  dataValues:
   { id: 'QO6ZKgrb',
     eth_txid:
      '0xfb39b536d7313a457b7ee3815677c68a1eb35d6a822e7da76ec870cf3442367f',
     from_eth_address: '0x9571D6c7bBE67DD4655a9B7C65b1a4a0C95A7A90',
     to_eth_address: '0xDcCE5Fec3890be188Fca7427794E8b1B62ba5576',
     usdt_value: '1',
     ue_value: '1',
     recharge_time: 2019-11-04T07:43:54.385Z,
     is_exchanged: false,
     pog_account: 'uetestuser21',
     service_charge: '0 USDT',
     exchange_rate: '1',
     log_info: 'USDT2UE' },
  _previousDataValues:
   { id: 'QO6ZKgrb',
     eth_txid:
      '0xfb39b536d7313a457b7ee3815677c68a1eb35d6a822e7da76ec870cf3442367f',
     from_eth_address: '0x9571D6c7bBE67DD4655a9B7C65b1a4a0C95A7A90',
     to_eth_address: '0xDcCE5Fec3890be188Fca7427794E8b1B62ba5576',
     usdt_value: '1',
     ue_value: '1',
     recharge_time: 2019-11-04T07:43:54.385Z,
     is_exchanged: false,
     pog_account: 'uetestuser21',
     service_charge: '0 USDT',
     exchange_rate: '1',
     log_info: 'USDT2UE',
     confirm_time: undefined,
     exchange_time: undefined,
     eth_blockNumber: undefined,
     eth_confirm_blockNumber: undefined,
     pog_blockNumber: undefined,
     pog_txid: undefined },
  _changed:
   { id: false,
     eth_txid: false,
     from_eth_address: false,
     to_eth_address: false,
     usdt_value: false,
     ue_value: false,
     recharge_time: false,
     is_exchanged: false,
     pog_account: false,
     service_charge: false,
     exchange_rate: false,
     log_info: false,
     confirm_time: false,
     exchange_time: false,
     eth_blockNumber: false,
     eth_confirm_blockNumber: false,
     pog_blockNumber: false,
     pog_txid: false },
  _modelOptions:
   { timestamps: false,
     validate: {},
     freezeTableName: true,
     underscored: false,
     paranoid: false,
     rejectOnEmpty: false,
     whereCollection: null,
     schema: null,
     schemaDelimiter: '',
     defaultScope: {},
     scopes: {},
     indexes: [],
     name: { plural: 'Eth_charges', singular: 'Eth_charge' },
     omitNull: false,
     charset: 'utf8',
     dialectOptions: { collate: 'utf8_general_ci' },
     comment: 'USDT转账记录',
     sequelize:
      Sequelize {
        options: [Object],
        config: [Object],
        dialect: [MysqlDialect],
        queryInterface: [QueryInterface],
        models: [Object],
        modelManager: [ModelManager],
        connectionManager: [ConnectionManager],
        importCache: {} },
     hooks: {} },
  _options:
   { isNewRecord: true,
     _schema: null,
     _schemaDelimiter: '',
     attributes: undefined,
     include: undefined,
     raw: undefined,
     silent: undefined },
  isNewRecord: false,
  null: undefined }'}
