{"date":"2019-11-06T10:42:57.566","level":"DEBUG","category":"ue2usdt.js","host":"frank-hp","pid":"39100","data":'the param is:{"pog_account":"11g22p33s","trx_id":"4c8c4cea802f69fc648eef88a47264f42b8664b2c2f9166502bdc6c17d9199f4","block_number":942503,"transfer_amount":"20"}'}
{"date":"2019-11-06T11:28:37.104","level":"DEBUG","category":"ue2usdt.js","host":"frank-hp","pid":"54616","data":'the param is:{"pog_account":"11g22p33s","trx_id":"4c8c4cea802f69fc648eef88a47264f42b8664b2c2f9166502bdc6c17d9199f4","block_number":942503,"transfer_amount":"20"}'}
{"date":"2019-11-06T11:29:04.152","level":"DEBUG","category":"ue2usdt.js","host":"frank-hp","pid":"54616","data":'the param is:{"pog_account":"11g22p33s","trx_id":"4c8c4cea802f69fc648eef88a47264f42b8664b2c2f9166502bdc6c17d9199f4","block_number":942503,"transfer_amount":"20"}'}
{"date":"2019-11-06T11:30:04.544","level":"DEBUG","category":"ue2usdt.js","host":"frank-hp","pid":"56192","data":'the param is:{"pog_account":"11g22p33s","trx_id":"4c8c4cea802f69fc648eef88a47264f42b8664b2c2f9166502bdc6c17d9199f4","block_number":942503,"transfer_amount":"20"}'}
{"date":"2019-11-06T11:34:26.288","level":"DEBUG","category":"ue2usdt.js","host":"frank-hp","pid":"60396","data":'the param is:{"pog_account":"11g22p33s","trx_id":"4c8c4cea802f69fc648eef88a47264f42b8664b2c2f9166502bdc6c17d9199f4","block_number":942503,"transfer_amount":"20"}'}
<<<<<<< HEAD
{"date":"2019-11-06T11:35:52.000","level":"DEBUG","category":"ue2usdt.js","host":"frank-hp","pid":"57112","data":'the param is:{"pog_account":"11g22p33s","trx_id":"4c8c4cea802f69fc648eef88a47264f42b8664b2c2f9166502bdc6c17d9199f4","block_number":942503,"transfer_amount":"20"}'}
{"date":"2019-11-06T14:37:27.251","level":"DEBUG","category":"ue2usdt.js","host":"frank-hp","pid":"73256","data":'the param is:{"pog_account":"11g22p33s","trx_id":"4c8c4cea802f69fc648eef88a47264f42b8664b2c2f9166502bdc6c17d9199f4","block_number":942503,"transfer_amount":"20"}'}
{"date":"2019-11-06T15:02:30.324","level":"DEBUG","category":"ue2usdt.js","host":"frank-hp","pid":"77864","data":'the param is:{"pog_account":"11g22p33s","trx_id":"4c8c4cea802f69fc648eef88a47264f42b8664b2c2f9166502bdc6c17d9199f4","block_number":942503,"transfer_amount":"20"}'}
{"date":"2019-11-06T15:19:23.189","level":"DEBUG","category":"ue2usdt.js","host":"frank-hp","pid":"77864","data":'the param is:{"pog_account":"11g22p33s","trx_id":"4c8c4cea802f69fc648eef88a47264f42b8664b2c2f9166502bdc6c17d9199f4","block_number":942503,"transfer_amount":"20"}'}
{"date":"2019-11-06T15:20:54.488","level":"DEBUG","category":"ue2usdt.js","host":"frank-hp","pid":"77864","data":'the param is:{"pog_account":"11g22p33s","trx_id":"4c8c4cea802f69fc648eef88a47264f42b8664b2c2f9166502bdc6c17d9199f4","block_number":942503,"transfer_amount":"20"}'}
{"date":"2019-11-06T15:22:40.285","level":"DEBUG","category":"ue2usdt.js","host":"frank-hp","pid":"77864","data":'the param is:{"pog_account":"11g22p33s","trx_id":"4c8c4cea802f69fc648eef88a47264f42b8664b2c2f9166502bdc6c17d9199f4","block_number":942503,"transfer_amount":"20"}'}
{"date":"2019-11-06T15:24:30.372","level":"DEBUG","category":"ue2usdt.js","host":"frank-hp","pid":"77864","data":'the param is:{"pog_account":"11g22p33s","trx_id":"4c8c4cea802f69fc648eef88a47264f42b8664b2c2f9166502bdc6c17d9199f4","block_number":942503,"transfer_amount":"20"}'}
{"date":"2019-11-06T15:27:15.484","level":"DEBUG","category":"ue2usdt.js","host":"frank-hp","pid":"77864","data":'the param is:{"pog_account":"11g22p33s","trx_id":"4c8c4cea802f69fc648eef88a47264f42b8664b2c2f9166502bdc6c17d9199f4","block_number":942503,"transfer_amount":"20"}'}
{"date":"2019-11-06T15:28:31.939","level":"DEBUG","category":"ue2usdt.js","host":"frank-hp","pid":"77864","data":'the param is:{"pog_account":"11g22p33s","trx_id":"4c8c4cea802f69fc648eef88a47264f42b8664b2c2f9166502bdc6c17d9199f4","block_number":942503,"transfer_amount":"20"}'}
{"date":"2019-11-06T15:29:30.623","level":"DEBUG","category":"ue2usdt.js","host":"frank-hp","pid":"77864","data":'the param is:{"pog_account":"11g22p33s","trx_id":"4c8c4cea802f69fc648eef88a47264f42b8664b2c2f9166502bdc6c17d9199f4","block_number":942503,"transfer_amount":"20"}'}
{"date":"2019-11-06T15:34:16.062","level":"DEBUG","category":"ue2usdt.js","host":"frank-hp","pid":"77864","data":'the param is:{"pog_account":"11g22p33s","trx_id":"4c8c4cea802f69fc648eef88a47264f42b8664b2c2f9166502bdc6c17d9199f4","block_number":942503,"transfer_amount":"20"}'}
{"date":"2019-11-06T15:35:11.074","level":"DEBUG","category":"ue2usdt.js","host":"frank-hp","pid":"77864","data":'the param is:{"pog_account":"11g22p33s","trx_id":"4c8c4cea802f69fc648eef88a47264f42b8664b2c2f9166502bdc6c17d9199f4","block_number":942503,"transfer_amount":"20"}'}
{"date":"2019-11-06T15:38:13.354","level":"DEBUG","category":"ue2usdt.js","host":"frank-hp","pid":"77864","data":'the param is:{"pog_account":"11g22p33s","trx_id":"4c8c4cea802f69fc648eef88a47264f42b8664b2c2f9166502bdc6c17d9199f4","block_number":942503,"transfer_amount":"20"}'}
{"date":"2019-11-06T15:40:29.777","level":"DEBUG","category":"ue2usdt.js","host":"frank-hp","pid":"77864","data":'the param is:{"pog_account":"11g22p33s","trx_id":"4c8c4cea802f69fc648eef88a47264f42b8664b2c2f9166502bdc6c17d9199f4","block_number":942503,"transfer_amount":"20"}'}
{"date":"2019-11-06T15:41:58.742","level":"DEBUG","category":"ue2usdt.js","host":"frank-hp","pid":"77864","data":'the param is:{"pog_account":"11g22p33s","trx_id":"4c8c4cea802f69fc648eef88a47264f42b8664b2c2f9166502bdc6c17d9199f4","block_number":942503,"transfer_amount":"20"}'}
{"date":"2019-11-06T15:45:26.288","level":"DEBUG","category":"ue2usdt.js","host":"frank-hp","pid":"77864","data":'the param is:{"pog_account":"11g22p33s","trx_id":"4c8c4cea802f69fc648eef88a47264f42b8664b2c2f9166502bdc6c17d9199f4","block_number":942503,"transfer_amount":"20"}'}
{"date":"2019-11-06T15:47:49.571","level":"DEBUG","category":"ue2usdt.js","host":"frank-hp","pid":"77864","data":'the param is:{"pog_account":"11g22p33s","trx_id":"4c8c4cea802f69fc648eef88a47264f42b8664b2c2f9166502bdc6c17d9199f4","block_number":942503,"transfer_amount":"20"}'}
{"date":"2019-11-06T15:55:17.811","level":"DEBUG","category":"ue2usdt.js","host":"frank-hp","pid":"77864","data":'the param is:{"pog_account":"11g22p33s","trx_id":"4c8c4cea802f69fc648eef88a47264f42b8664b2c2f9166502bdc6c17d9199f4","block_number":942503,"transfer_amount":"20"}'}
{"date":"2019-11-06T15:58:07.927","level":"DEBUG","category":"ue2usdt.js","host":"frank-hp","pid":"77864","data":'the param is:{"pog_account":"11g22p33s","trx_id":"4c8c4cea802f69fc648eef88a47264f42b8664b2c2f9166502bdc6c17d9199f4","block_number":942503,"transfer_amount":"20"}'}
{"date":"2019-11-06T16:00:08.072","level":"DEBUG","category":"ue2usdt.js","host":"frank-hp","pid":"77864","data":'the param is:{"pog_account":"11g22p33s","trx_id":"4c8c4cea802f69fc648eef88a47264f42b8664b2c2f9166502bdc6c17d9199f4","block_number":942503,"transfer_amount":"20"}'}
{"date":"2019-11-06T16:01:21.676","level":"DEBUG","category":"ue2usdt.js","host":"frank-hp","pid":"77864","data":'the param is:{"pog_account":"11g22p33s","trx_id":"4c8c4cea802f69fc648eef88a47264f42b8664b2c2f9166502bdc6c17d9199f4","block_number":942503,"transfer_amount":"20"}'}
{"date":"2019-11-06T16:02:41.776","level":"DEBUG","category":"ue2usdt.js","host":"frank-hp","pid":"77864","data":'the param is:{"pog_account":"11g22p33s","trx_id":"4c8c4cea802f69fc648eef88a47264f42b8664b2c2f9166502bdc6c17d9199f4","block_number":942503,"transfer_amount":"20"}'}
{"date":"2019-11-06T16:03:05.620","level":"DEBUG","category":"ue2usdt.js","host":"frank-hp","pid":"77864","data":'the param is:{"pog_account":"11g22p33s","trx_id":"4c8c4cea802f69fc648eef88a47264f42b8664b2c2f9166502bdc6c17d9199f4","block_number":942503,"transfer_amount":"20"}'}
{"date":"2019-11-06T16:03:28.977","level":"DEBUG","category":"ue2usdt.js","host":"frank-hp","pid":"77864","data":'the param is:{"pog_account":"11g22p33s","trx_id":"4c8c4cea802f69fc648eef88a47264f42b8664b2c2f9166502bdc6c17d9199f4","block_number":942503,"transfer_amount":"20"}'}
{"date":"2019-11-06T16:32:54.205","level":"DEBUG","category":"ue2usdt.js","host":"frank-hp","pid":"77864","data":'the param is:{"pog_account":"11g22p33s","trx_id":"4c8c4cea802f69fc648eef88a47264f42b8664b2c2f9166502bdc6c17d9199f4","block_number":942503,"transfer_amount":"20"}'}
{"date":"2019-11-06T16:34:50.598","level":"DEBUG","category":"ue2usdt.js","host":"frank-hp","pid":"77864","data":'the param is:{"pog_account":"11g22p33s","trx_id":"4c8c4cea802f69fc648eef88a47264f42b8664b2c2f9166502bdc6c17d9199f4","block_number":942503,"transfer_amount":"20"}'}
=======
{"date":"2019-11-06T12:41:21.500","level":"DEBUG","category":"ue2usdt.js","host":"ubuntu","pid":"26573","data":'the param is:{"pog_account":"pogceshi2222","trx_id":"efad44cc1111da97c22ec8472f174a9935aa7ce2c43629d7d9fa4e5fbee37371","block_number":1293150,"transfer_amount":"10"}'}
{"date":"2019-11-06T13:04:49.254","level":"DEBUG","category":"ue2usdt.js","host":"ubuntu","pid":"27005","data":'the param is:{"pog_account":"pogceshi2222","trx_id":"de5fb44137b35a6e0e7eaa2da5d43238ff7fc261e70f4de3efd9534b29374073","block_number":1295966,"transfer_amount":"10"}'}
{"date":"2019-11-06T13:25:04.914","level":"DEBUG","category":"ue2usdt.js","host":"ubuntu","pid":"27593","data":'the param is:{"pog_account":"pogceshi2222","trx_id":"e12a07c97266bc6215f2c3013a44a4befee9270d08ce60375f5eb63c1f1394ad","block_number":1298397,"transfer_amount":"10"}'}
{"date":"2019-11-06T15:23:00.720","level":"DEBUG","category":"ue2usdt.js","host":"ubuntu","pid":"30362","data":'the param is:{"pog_account":"test1111","trx_id":"d2b261c4245ae9963c22c332ad57c3f4a5b6479ab9ef3d28361ffb81fc8b60a9","block_number":1312551,"transfer_amount":"10"}'}
{"date":"2019-11-06T19:04:44.559","level":"DEBUG","category":"ue2usdt.js","host":"ubuntu","pid":"30362","data":'the param is:{"pog_account":"free112233","trx_id":"5debad2a0f906c9bf609aa40c5ac6c02d10acdc6e777971fa68fb04d434b957a","block_number":1339159,"transfer_amount":"15"}'}
{"date":"2019-11-06T19:11:25.069","level":"DEBUG","category":"ue2usdt.js","host":"ubuntu","pid":"30362","data":'the param is:{"pog_account":"free112233","trx_id":"cc31c9cf03298c51e6aea3d35993509264534cf8cc9d0060be1f73497996eebf","block_number":1339959,"transfer_amount":"15"}'}
{"date":"2019-11-06T21:13:04.648","level":"DEBUG","category":"ue2usdt.js","host":"ubuntu","pid":"11077","data":'the param is:{"pog_account":"free112233","trx_id":"32c592c477ecdaddfd52efdd8c8126de1c6d89eda42ed98bdf6957dd96131d51","block_number":1354559,"transfer_amount":"10"}'}
{"date":"2019-11-06T22:43:14.873","level":"DEBUG","category":"ue2usdt.js","host":"ubuntu","pid":"11138","data":'the param is:{"pog_account":"free112233","trx_id":"622dd464c7f471d5405bcc6de469301c2aaf0d41ce02c06bde5f6a9be0e04a46","block_number":1365380,"transfer_amount":"16"}'}
>>>>>>> e28e4301e0d7c56a77df61a878a79030d2c67597
