{"date":"2019-10-16T20:01:44.275","level":"DEBUG","category":"addCharge2Sql.js","host":"frank-hp","pid":"10424","data":'{ blockNumber: 53,
  transactionIndex: 0,
  transactionId: 'log_0216fe49',
  from: '0x2a6F0E7cE6CB445Cb8d1928274792DaB9f28107C',
  to: '0xd73b2c72435276c98a1266db457fbcd0c2d2bf28',
  value: '1.228752631516096084265228120741596701663324978984e+48',
  event: 'Transfer' }'}
{"date":"2019-10-16T20:01:44.318","level":"DEBUG","category":"addCharge2Sql.js","host":"frank-hp","pid":"10424","data":'{ blockNumber: 88,
  transactionIndex: 0,
  transactionId: 'log_de095266',
  from: '0xD73B2c72435276C98A1266dB457fBCd0c2d2BF28',
  to: '0x9e95a55be4b200775623c70af63061fc05869495',
  value: '9.05357757621610059257612743564074844355899593877e+47',
  event: 'Transfer' }'}
{"date":"2019-10-16T20:01:44.320","level":"DEBUG","category":"addCharge2Sql.js","host":"frank-hp","pid":"10424","data":'{ blockNumber: 260,
  transactionIndex: 1,
  transactionId: 'log_05e791db',
  from: '0x2a6F0E7cE6CB445Cb8d1928274792DaB9f28107C',
  to: '0xd73b2c72435276c98a1266db457fbcd0c2d2bf28',
  value: '1.228752631516096084265228120741596701663324978984e+48',
  event: 'Transfer' }'}
{"date":"2019-10-16T20:01:44.362","level":"DEBUG","category":"addCharge2Sql.js","host":"frank-hp","pid":"10424","data":'{ blockNumber: 137,
  transactionIndex: 0,
  transactionId: 'log_bca0a69c',
  from: '0x2a6F0E7cE6CB445Cb8d1928274792DaB9f28107C',
  to: '0xd73b2c72435276c98a1266db457fbcd0c2d2bf28',
  value: '1.228752631516096084265228120741596701663324978984e+48',
  event: 'Transfer' }'}
{"date":"2019-10-16T20:01:44.364","level":"DEBUG","category":"addCharge2Sql.js","host":"frank-hp","pid":"10424","data":'{ blockNumber: 260,
  transactionIndex: 2,
  transactionId: 'log_a87f3246',
  from: '0x2a6F0E7cE6CB445Cb8d1928274792DaB9f28107C',
  to: '0xd73b2c72435276c98a1266db457fbcd0c2d2bf28',
  value: '1.228752631516096084265228120741596701663324978984e+48',
  event: 'Transfer' }'}
{"date":"2019-10-16T20:01:44.406","level":"DEBUG","category":"addCharge2Sql.js","host":"frank-hp","pid":"10424","data":'{ blockNumber: 139,
  transactionIndex: 0,
  transactionId: 'log_a17f64fb',
  from: '0xD73B2c72435276C98A1266dB457fBCd0c2d2BF28',
  to: '0x9e95a55be4b200775623c70af63061fc05869495',
  value: '9.05357757621610059257612743564074844355899593877e+47',
  event: 'Transfer' }'}
{"date":"2019-10-16T20:01:44.407","level":"DEBUG","category":"addCharge2Sql.js","host":"frank-hp","pid":"10424","data":'{ blockNumber: 237,
  transactionIndex: 0,
  transactionId: 'log_52379985',
  from: '0x2a6F0E7cE6CB445Cb8d1928274792DaB9f28107C',
  to: '0xd73b2c72435276c98a1266db457fbcd0c2d2bf28',
  value: '1.228752631516096084265228120741596701663324978984e+48',
  event: 'Transfer' }'}
{"date":"2019-10-16T20:01:44.450","level":"DEBUG","category":"addCharge2Sql.js","host":"frank-hp","pid":"10424","data":'{ blockNumber: 260,
  transactionIndex: 3,
  transactionId: 'log_c91745a6',
  from: '0x2a6F0E7cE6CB445Cb8d1928274792DaB9f28107C',
  to: '0xd73b2c72435276c98a1266db457fbcd0c2d2bf28',
  value: '1.228752631516096084265228120741596701663324978984e+48',
  event: 'Transfer' }'}
{"date":"2019-10-16T20:01:44.451","level":"DEBUG","category":"addCharge2Sql.js","host":"frank-hp","pid":"10424","data":'{ blockNumber: 239,
  transactionIndex: 0,
  transactionId: 'log_707adcfb',
  from: '0xD73B2c72435276C98A1266dB457fBCd0c2d2BF28',
  to: '0x9e95a55be4b200775623c70af63061fc05869495',
  value: '9.05357757621610059257612743564074844355899593877e+47',
  event: 'Transfer' }'}
{"date":"2019-10-16T20:01:44.494","level":"DEBUG","category":"addCharge2Sql.js","host":"frank-hp","pid":"10424","data":'{ blockNumber: 260,
  transactionIndex: 4,
  transactionId: 'log_204867e3',
  from: '0x2a6F0E7cE6CB445Cb8d1928274792DaB9f28107C',
  to: '0xd73b2c72435276c98a1266db457fbcd0c2d2bf28',
  value: '1.228752631516096084265228120741596701663324978984e+48',
  event: 'Transfer' }'}
{"date":"2019-10-16T20:01:44.496","level":"DEBUG","category":"addCharge2Sql.js","host":"frank-hp","pid":"10424","data":'{ blockNumber: 260,
  transactionIndex: 5,
  transactionId: 'log_c9bcc581',
  from: '0x2a6F0E7cE6CB445Cb8d1928274792DaB9f28107C',
  to: '0xd73b2c72435276c98a1266db457fbcd0c2d2bf28',
  value: '1.228752631516096084265228120741596701663324978984e+48',
  event: 'Transfer' }'}
{"date":"2019-10-16T20:01:44.538","level":"DEBUG","category":"addCharge2Sql.js","host":"frank-hp","pid":"10424","data":'{ blockNumber: 240,
  transactionIndex: 0,
  transactionId: 'log_c4c4d4d4',
  from: '0x9e95a55BE4B200775623c70aF63061fc05869495',
  to: '0x2a6f0e7ce6cb445cb8d1928274792dab9f28107c',
  value: '2.422542571654325638691808493666016779634658551e+47',
  event: 'Transfer' }'}
{"date":"2019-10-16T20:01:44.540","level":"DEBUG","category":"addCharge2Sql.js","host":"frank-hp","pid":"10424","data":'{ blockNumber: 260,
  transactionIndex: 6,
  transactionId: 'log_02456917',
  from: '0x2a6F0E7cE6CB445Cb8d1928274792DaB9f28107C',
  to: '0xd73b2c72435276c98a1266db457fbcd0c2d2bf28',
  value: '1.228752631516096084265228120741596701663324978984e+48',
  event: 'Transfer' }'}
{"date":"2019-10-16T20:01:44.584","level":"DEBUG","category":"addCharge2Sql.js","host":"frank-hp","pid":"10424","data":'{ blockNumber: 260,
  transactionIndex: 7,
  transactionId: 'log_1423d396',
  from: '0x2a6F0E7cE6CB445Cb8d1928274792DaB9f28107C',
  to: '0xd73b2c72435276c98a1266db457fbcd0c2d2bf28',
  value: '1.228752631516096084265228120741596701663324978984e+48',
  event: 'Transfer' }'}
{"date":"2019-10-16T20:01:44.586","level":"DEBUG","category":"addCharge2Sql.js","host":"frank-hp","pid":"10424","data":'{ blockNumber: 260,
  transactionIndex: 0,
  transactionId: 'log_98312220',
  from: '0x2a6F0E7cE6CB445Cb8d1928274792DaB9f28107C',
  to: '0xd73b2c72435276c98a1266db457fbcd0c2d2bf28',
  value: '1.228752631516096084265228120741596701663324978984e+48',
  event: 'Transfer' }'}
{"date":"2019-10-16T20:01:44.633","level":"DEBUG","category":"addCharge2Sql.js","host":"frank-hp","pid":"10424","data":'{ blockNumber: 260,
  transactionIndex: 8,
  transactionId: 'log_2b117002',
  from: '0x2a6F0E7cE6CB445Cb8d1928274792DaB9f28107C',
  to: '0xd73b2c72435276c98a1266db457fbcd0c2d2bf28',
  value: '1.228752631516096084265228120741596701663324978984e+48',
  event: 'Transfer' }'}
{"date":"2019-10-16T20:01:44.640","level":"DEBUG","category":"addCharge2Sql.js","host":"frank-hp","pid":"10424","data":'{ blockNumber: 260,
  transactionIndex: 9,
  transactionId: 'log_38e3428a',
  from: '0x2a6F0E7cE6CB445Cb8d1928274792DaB9f28107C',
  to: '0xd73b2c72435276c98a1266db457fbcd0c2d2bf28',
  value: '1.228752631516096084265228120741596701663324978984e+48',
  event: 'Transfer' }'}
{"date":"2019-10-16T20:01:44.680","level":"DEBUG","category":"addCharge2Sql.js","host":"frank-hp","pid":"10424","data":'{ blockNumber: 262,
  transactionIndex: 0,
  transactionId: 'log_d5d75697',
  from: '0xD73B2c72435276C98A1266dB457fBCd0c2d2BF28',
  to: '0x9e95a55be4b200775623c70af63061fc05869495',
  value: '9.05357757621610059257612743564074844355899593877e+47',
  event: 'Transfer' }'}
{"date":"2019-10-16T20:01:44.683","level":"DEBUG","category":"addCharge2Sql.js","host":"frank-hp","pid":"10424","data":'{ blockNumber: 263,
  transactionIndex: 0,
  transactionId: 'log_ccdcfb91',
  from: '0xD73B2c72435276C98A1266dB457fBCd0c2d2BF28',
  to: '0x9e95a55be4b200775623c70af63061fc05869495',
  value: '9.05357757621610059257612743564074844355899593877e+47',
  event: 'Transfer' }'}
{"date":"2019-10-16T20:01:44.729","level":"DEBUG","category":"addCharge2Sql.js","host":"frank-hp","pid":"10424","data":'{ blockNumber: 263,
  transactionIndex: 1,
  transactionId: 'log_b5004583',
  from: '0xD73B2c72435276C98A1266dB457fBCd0c2d2BF28',
  to: '0x9e95a55be4b200775623c70af63061fc05869495',
  value: '9.05357757621610059257612743564074844355899593877e+47',
  event: 'Transfer' }'}
{"date":"2019-10-16T20:01:44.732","level":"DEBUG","category":"addCharge2Sql.js","host":"frank-hp","pid":"10424","data":'{ blockNumber: 263,
  transactionIndex: 2,
  transactionId: 'log_e1136c1b',
  from: '0xD73B2c72435276C98A1266dB457fBCd0c2d2BF28',
  to: '0x9e95a55be4b200775623c70af63061fc05869495',
  value: '9.05357757621610059257612743564074844355899593877e+47',
  event: 'Transfer' }'}
{"date":"2019-10-16T20:01:44.777","level":"DEBUG","category":"addCharge2Sql.js","host":"frank-hp","pid":"10424","data":'{ blockNumber: 263,
  transactionIndex: 3,
  transactionId: 'log_602aaff1',
  from: '0xD73B2c72435276C98A1266dB457fBCd0c2d2BF28',
  to: '0x9e95a55be4b200775623c70af63061fc05869495',
  value: '9.05357757621610059257612743564074844355899593877e+47',
  event: 'Transfer' }'}
{"date":"2019-10-16T20:01:44.780","level":"DEBUG","category":"addCharge2Sql.js","host":"frank-hp","pid":"10424","data":'{ blockNumber: 263,
  transactionIndex: 4,
  transactionId: 'log_7584217e',
  from: '0xD73B2c72435276C98A1266dB457fBCd0c2d2BF28',
  to: '0x9e95a55be4b200775623c70af63061fc05869495',
  value: '9.05357757621610059257612743564074844355899593877e+47',
  event: 'Transfer' }'}
{"date":"2019-10-16T20:01:44.824","level":"DEBUG","category":"addCharge2Sql.js","host":"frank-hp","pid":"10424","data":'{ blockNumber: 264,
  transactionIndex: 0,
  transactionId: 'log_62f84d8d',
  from: '0xD73B2c72435276C98A1266dB457fBCd0c2d2BF28',
  to: '0x9e95a55be4b200775623c70af63061fc05869495',
  value: '9.05357757621610059257612743564074844355899593877e+47',
  event: 'Transfer' }'}
{"date":"2019-10-16T20:01:44.832","level":"DEBUG","category":"addCharge2Sql.js","host":"frank-hp","pid":"10424","data":'{ blockNumber: 264,
  transactionIndex: 1,
  transactionId: 'log_4f014b4d',
  from: '0xD73B2c72435276C98A1266dB457fBCd0c2d2BF28',
  to: '0x9e95a55be4b200775623c70af63061fc05869495',
  value: '9.05357757621610059257612743564074844355899593877e+47',
  event: 'Transfer' }'}
{"date":"2019-10-16T20:01:44.876","level":"DEBUG","category":"addCharge2Sql.js","host":"frank-hp","pid":"10424","data":'{ blockNumber: 264,
  transactionIndex: 2,
  transactionId: 'log_cddbf634',
  from: '0xD73B2c72435276C98A1266dB457fBCd0c2d2BF28',
  to: '0x9e95a55be4b200775623c70af63061fc05869495',
  value: '9.05357757621610059257612743564074844355899593877e+47',
  event: 'Transfer' }'}
{"date":"2019-10-16T20:01:44.882","level":"DEBUG","category":"addCharge2Sql.js","host":"frank-hp","pid":"10424","data":'{ blockNumber: 264,
  transactionIndex: 3,
  transactionId: 'log_d68739eb',
  from: '0xD73B2c72435276C98A1266dB457fBCd0c2d2BF28',
  to: '0x9e95a55be4b200775623c70af63061fc05869495',
  value: '9.05357757621610059257612743564074844355899593877e+47',
  event: 'Transfer' }'}
{"date":"2019-10-16T20:01:44.924","level":"DEBUG","category":"addCharge2Sql.js","host":"frank-hp","pid":"10424","data":'{ blockNumber: 264,
  transactionIndex: 4,
  transactionId: 'log_9e970888',
  from: '0x9e95a55BE4B200775623c70aF63061fc05869495',
  to: '0x2a6f0e7ce6cb445cb8d1928274792dab9f28107c',
  value: '2.422542571654325638691808493666016779634658551e+47',
  event: 'Transfer' }'}
{"date":"2019-10-16T20:01:44.928","level":"DEBUG","category":"addCharge2Sql.js","host":"frank-hp","pid":"10424","data":'{ blockNumber: 264,
  transactionIndex: 5,
  transactionId: 'log_af03f5c4',
  from: '0x9e95a55BE4B200775623c70aF63061fc05869495',
  to: '0x2a6f0e7ce6cb445cb8d1928274792dab9f28107c',
  value: '2.422542571654325638691808493666016779634658551e+47',
  event: 'Transfer' }'}
{"date":"2019-10-16T20:01:44.973","level":"DEBUG","category":"addCharge2Sql.js","host":"frank-hp","pid":"10424","data":'{ blockNumber: 264,
  transactionIndex: 6,
  transactionId: 'log_0baaceae',
  from: '0x9e95a55BE4B200775623c70aF63061fc05869495',
  to: '0x2a6f0e7ce6cb445cb8d1928274792dab9f28107c',
  value: '2.422542571654325638691808493666016779634658551e+47',
  event: 'Transfer' }'}
{"date":"2019-10-16T20:01:44.978","level":"DEBUG","category":"addCharge2Sql.js","host":"frank-hp","pid":"10424","data":'{ blockNumber: 264,
  transactionIndex: 7,
  transactionId: 'log_6b56217e',
  from: '0x9e95a55BE4B200775623c70aF63061fc05869495',
  to: '0x2a6f0e7ce6cb445cb8d1928274792dab9f28107c',
  value: '2.422542571654325638691808493666016779634658551e+47',
  event: 'Transfer' }'}
{"date":"2019-10-16T20:01:45.019","level":"DEBUG","category":"addCharge2Sql.js","host":"frank-hp","pid":"10424","data":'{ blockNumber: 264,
  transactionIndex: 8,
  transactionId: 'log_400fc494',
  from: '0x9e95a55BE4B200775623c70aF63061fc05869495',
  to: '0x2a6f0e7ce6cb445cb8d1928274792dab9f28107c',
  value: '2.422542571654325638691808493666016779634658551e+47',
  event: 'Transfer' }'}
{"date":"2019-10-16T20:01:45.020","level":"DEBUG","category":"addCharge2Sql.js","host":"frank-hp","pid":"10424","data":'{ blockNumber: 264,
  transactionIndex: 9,
  transactionId: 'log_66b32bda',
  from: '0x9e95a55BE4B200775623c70aF63061fc05869495',
  to: '0x2a6f0e7ce6cb445cb8d1928274792dab9f28107c',
  value: '2.422542571654325638691808493666016779634658551e+47',
  event: 'Transfer' }'}
{"date":"2019-10-16T20:01:45.062","level":"DEBUG","category":"addCharge2Sql.js","host":"frank-hp","pid":"10424","data":'{ blockNumber: 266,
  transactionIndex: 0,
  transactionId: 'log_c7f97343',
  from: '0x9e95a55BE4B200775623c70aF63061fc05869495',
  to: '0x2a6f0e7ce6cb445cb8d1928274792dab9f28107c',
  value: '2.422542571654325638691808493666016779634658551e+47',
  event: 'Transfer' }'}
{"date":"2019-10-16T20:01:45.063","level":"DEBUG","category":"addCharge2Sql.js","host":"frank-hp","pid":"10424","data":'{ blockNumber: 266,
  transactionIndex: 1,
  transactionId: 'log_52f7d73b',
  from: '0x9e95a55BE4B200775623c70aF63061fc05869495',
  to: '0x2a6f0e7ce6cb445cb8d1928274792dab9f28107c',
  value: '2.422542571654325638691808493666016779634658551e+47',
  event: 'Transfer' }'}
{"date":"2019-10-16T20:01:45.106","level":"DEBUG","category":"addCharge2Sql.js","host":"frank-hp","pid":"10424","data":'{ blockNumber: 266,
  transactionIndex: 2,
  transactionId: 'log_8548f90d',
  from: '0x9e95a55BE4B200775623c70aF63061fc05869495',
  to: '0x2a6f0e7ce6cb445cb8d1928274792dab9f28107c',
  value: '2.422542571654325638691808493666016779634658551e+47',
  event: 'Transfer' }'}
{"date":"2019-10-16T20:01:45.107","level":"DEBUG","category":"addCharge2Sql.js","host":"frank-hp","pid":"10424","data":'{ blockNumber: 266,
  transactionIndex: 3,
  transactionId: 'log_a9509228',
  from: '0x9e95a55BE4B200775623c70aF63061fc05869495',
  to: '0x2a6f0e7ce6cb445cb8d1928274792dab9f28107c',
  value: '2.422542571654325638691808493666016779634658551e+47',
  event: 'Transfer' }'}
{"date":"2019-10-16T20:01:45.152","level":"DEBUG","category":"addCharge2Sql.js","host":"frank-hp","pid":"10424","data":'{ blockNumber: 317,
  transactionIndex: 0,
  transactionId: 'log_975e9b45',
  from: '0x2a6F0E7cE6CB445Cb8d1928274792DaB9f28107C',
  to: '0xe10ee4f719e8ad5eb16a665b6f46116ce259ad1b',
  value: '1.284855079553519221609493939418532947836379180315e+48',
  event: 'Transfer' }'}
{"date":"2019-10-16T20:01:45.154","level":"DEBUG","category":"addCharge2Sql.js","host":"frank-hp","pid":"10424","data":'{ blockNumber: 323,
  transactionIndex: 0,
  transactionId: 'log_a2fd6f8a',
  from: '0x2a6F0E7cE6CB445Cb8d1928274792DaB9f28107C',
  to: '0xe10ee4f719e8ad5eb16a665b6f46116ce259ad1b',
  value: '1.284855079553519221609493939418532947836379180315e+48',
  event: 'Transfer' }'}
{"date":"2019-10-16T20:01:45.200","level":"DEBUG","category":"addCharge2Sql.js","host":"frank-hp","pid":"10424","data":'{ blockNumber: 8966,
  transactionIndex: 0,
  transactionId: 'log_dc0501ab',
  from: '0x2a6F0E7cE6CB445Cb8d1928274792DaB9f28107C',
  to: '0xe10ee4f719e8ad5eb16a665b6f46116ce259ad1b',
  value: '1.284855079553519221609493939418532947836379180315e+48',
  event: 'Transfer' }'}
{"date":"2019-10-16T20:01:45.203","level":"DEBUG","category":"addCharge2Sql.js","host":"frank-hp","pid":"10424","data":'{ blockNumber: 8968,
  transactionIndex: 0,
  transactionId: 'log_b147f748',
  from: '0x2a6F0E7cE6CB445Cb8d1928274792DaB9f28107C',
  to: '0xe10ee4f719e8ad5eb16a665b6f46116ce259ad1b',
  value: '1.284855079553519221609493939418532947836379180315e+48',
  event: 'Transfer' }'}
{"date":"2019-10-16T20:01:45.243","level":"DEBUG","category":"addCharge2Sql.js","host":"frank-hp","pid":"10424","data":'{ blockNumber: 8978,
  transactionIndex: 0,
  transactionId: 'log_775966cf',
  from: '0x2a6F0E7cE6CB445Cb8d1928274792DaB9f28107C',
  to: '0xe10ee4f719e8ad5eb16a665b6f46116ce259ad1b',
  value: '1.284855079553519221609493939418532947836379180315e+48',
  event: 'Transfer' }'}
{"date":"2019-10-16T20:01:45.246","level":"DEBUG","category":"addCharge2Sql.js","host":"frank-hp","pid":"10424","data":'{ blockNumber: 8979,
  transactionIndex: 0,
  transactionId: 'log_49be78d6',
  from: '0x2a6F0E7cE6CB445Cb8d1928274792DaB9f28107C',
  to: '0xe10ee4f719e8ad5eb16a665b6f46116ce259ad1b',
  value: '1.284855079553519221609493939418532947836379180315e+48',
  event: 'Transfer' }'}
{"date":"2019-10-16T20:01:45.287","level":"DEBUG","category":"addCharge2Sql.js","host":"frank-hp","pid":"10424","data":'{ blockNumber: 8983,
  transactionIndex: 0,
  transactionId: 'log_ee5e8c98',
  from: '0x2a6F0E7cE6CB445Cb8d1928274792DaB9f28107C',
  to: '0xe10ee4f719e8ad5eb16a665b6f46116ce259ad1b',
  value: '1.284855079553519221609493939418532947836379180315e+48',
  event: 'Transfer' }'}
{"date":"2019-10-16T20:01:45.293","level":"DEBUG","category":"addCharge2Sql.js","host":"frank-hp","pid":"10424","data":'{ blockNumber: 8983,
  transactionIndex: 1,
  transactionId: 'log_98a60008',
  from: '0x2a6F0E7cE6CB445Cb8d1928274792DaB9f28107C',
  to: '0xe10ee4f719e8ad5eb16a665b6f46116ce259ad1b',
  value: '1.284855079553519221609493939418532947836379180315e+48',
  event: 'Transfer' }'}
{"date":"2019-10-16T20:01:45.335","level":"DEBUG","category":"addCharge2Sql.js","host":"frank-hp","pid":"10424","data":'{ blockNumber: 8983,
  transactionIndex: 2,
  transactionId: 'log_bbdd60cb',
  from: '0x2a6F0E7cE6CB445Cb8d1928274792DaB9f28107C',
  to: '0xe10ee4f719e8ad5eb16a665b6f46116ce259ad1b',
  value: '1.284855079553519221609493939418532947836379180315e+48',
  event: 'Transfer' }'}
