{"date":"2019-11-04T16:28:11.373","level":"ERROR","category":"getEthTrxAction.js","host":"frank-hp","pid":"1196","data":'the error from getTransaction(),the error stock is TypeError: Cannot read property 'input' of null
    at getTransaction (D:\work_space\yuezhi\eos\exchange\src\job\getEthTrxAction.js:107:55)
    at process._tickCallback (internal/process/next_tick.js:68:7)'}
{"date":"2019-11-04T16:29:02.866","level":"ERROR","category":"getEthTrxAction.js","host":"frank-hp","pid":"10820","data":'the error from getTransaction(),the error stock is TypeError: Cannot read property 'input' of null
    at getTransaction (D:\work_space\yuezhi\eos\exchange\src\job\getEthTrxAction.js:107:55)
    at process._tickCallback (internal/process/next_tick.js:68:7)'}
{"date":"2019-11-04T16:29:10.022","level":"ERROR","category":"getEthTrxAction.js","host":"frank-hp","pid":"12632","data":'the error from getTransaction(),the error stock is TypeError: Cannot read property 'input' of null
    at getTransaction (D:\work_space\yuezhi\eos\exchange\src\job\getEthTrxAction.js:107:55)
    at process._tickCallback (internal/process/next_tick.js:68:7)'}
{"date":"2019-11-04T16:29:42.779","level":"ERROR","category":"getEthTrxAction.js","host":"frank-hp","pid":"3472","data":'the error from getTransaction(),the error stock is TypeError: Cannot read property 'input' of null
    at getTransaction (D:\work_space\yuezhi\eos\exchange\src\job\getEthTrxAction.js:107:55)
    at process._tickCallback (internal/process/next_tick.js:68:7)'}
{"date":"2019-11-04T16:30:43.176","level":"ERROR","category":"getEthTrxAction.js","host":"frank-hp","pid":"10320","data":'the error from getTransaction(),the error stock is TypeError: Cannot read property 'input' of null
    at getTransaction (D:\work_space\yuezhi\eos\exchange\src\job\getEthTrxAction.js:108:55)
    at process._tickCallback (internal/process/next_tick.js:68:7)'}
{"date":"2019-11-04T16:33:55.137","level":"ERROR","category":"getEthTrxAction.js","host":"frank-hp","pid":"10488","data":'the error from getTransaction(),the error stock is TypeError: Cannot read property 'input' of null
    at getTransaction (D:\work_space\yuezhi\eos\exchange\src\job\getEthTrxAction.js:108:55)
    at process._tickCallback (internal/process/next_tick.js:68:7)'}
{"date":"2019-11-04T18:26:31.311","level":"ERROR","category":"getEthTrxAction.js","host":"frank-hp","pid":"12220","data":'the error from getTransaction(),the error stock is Error: Returned error: Invalid params: invalid length 65, expected a 0x-prefixed hex string with length of 64.
    at Object.ErrorResponse (D:\work_space\yuezhi\eos\exchange\node_modules\web3-core-helpers\src\errors.js:29:16)
    at D:\work_space\yuezhi\eos\exchange\node_modules\web3-core-requestmanager\src\index.js:140:36
    at XMLHttpRequest.request.onreadystatechange (D:\work_space\yuezhi\eos\exchange\node_modules\web3-providers-http\src\index.js:96:13)
    at XMLHttpRequestEventTarget.dispatchEvent (D:\work_space\yuezhi\eos\exchange\node_modules\xhr2-cookies\dist\xml-http-request-event-target.js:34:22)
    at XMLHttpRequest._setReadyState (D:\work_space\yuezhi\eos\exchange\node_modules\xhr2-cookies\dist\xml-http-request.js:208:14)
    at XMLHttpRequest._onHttpResponseEnd (D:\work_space\yuezhi\eos\exchange\node_modules\xhr2-cookies\dist\xml-http-request.js:318:14)
    at IncomingMessage.<anonymous> (D:\work_space\yuezhi\eos\exchange\node_modules\xhr2-cookies\dist\xml-http-request.js:289:61)
    at IncomingMessage.emit (events.js:203:15)
    at endReadableNT (_stream_readable.js:1145:12)
    at process._tickCallback (internal/process/next_tick.js:63:19)'}
{"date":"2019-11-04T18:28:31.875","level":"ERROR","category":"getEthTrxAction.js","host":"frank-hp","pid":"12220","data":'the error from getTransaction(),the error stock is Error: Returned error: Invalid params: invalid length 65, expected a 0x-prefixed hex string with length of 64.
    at Object.ErrorResponse (D:\work_space\yuezhi\eos\exchange\node_modules\web3-core-helpers\src\errors.js:29:16)
    at D:\work_space\yuezhi\eos\exchange\node_modules\web3-core-requestmanager\src\index.js:140:36
    at XMLHttpRequest.request.onreadystatechange (D:\work_space\yuezhi\eos\exchange\node_modules\web3-providers-http\src\index.js:96:13)
    at XMLHttpRequestEventTarget.dispatchEvent (D:\work_space\yuezhi\eos\exchange\node_modules\xhr2-cookies\dist\xml-http-request-event-target.js:34:22)
    at XMLHttpRequest._setReadyState (D:\work_space\yuezhi\eos\exchange\node_modules\xhr2-cookies\dist\xml-http-request.js:208:14)
    at XMLHttpRequest._onHttpResponseEnd (D:\work_space\yuezhi\eos\exchange\node_modules\xhr2-cookies\dist\xml-http-request.js:318:14)
    at IncomingMessage.<anonymous> (D:\work_space\yuezhi\eos\exchange\node_modules\xhr2-cookies\dist\xml-http-request.js:289:61)
    at IncomingMessage.emit (events.js:203:15)
    at endReadableNT (_stream_readable.js:1145:12)
    at process._tickCallback (internal/process/next_tick.js:63:19)'}
