{"date":"2019-11-01T18:17:53.047","level":"ERROR","category":"getEthTrxAction.js","host":"frank-hp","pid":"9908","data":'the error from getTransaction(),the error stock is Error: Returned error: invalid argument 0: json: cannot unmarshal non-string into Go value of type common.Hash
    at Object.ErrorResponse (D:\work_space\yuezhi\eos\exchange\node_modules\web3-core-helpers\src\errors.js:29:16)
    at D:\work_space\yuezhi\eos\exchange\node_modules\web3-core-requestmanager\src\index.js:140:36
    at XMLHttpRequest.request.onreadystatechange (D:\work_space\yuezhi\eos\exchange\node_modules\web3-providers-http\src\index.js:96:13)
    at XMLHttpRequestEventTarget.dispatchEvent (D:\work_space\yuezhi\eos\exchange\node_modules\xhr2-cookies\dist\xml-http-request-event-target.js:34:22)
    at XMLHttpRequest._setReadyState (D:\work_space\yuezhi\eos\exchange\node_modules\xhr2-cookies\dist\xml-http-request.js:208:14)
    at XMLHttpRequest._onHttpResponseEnd (D:\work_space\yuezhi\eos\exchange\node_modules\xhr2-cookies\dist\xml-http-request.js:318:14)
    at IncomingMessage.<anonymous> (D:\work_space\yuezhi\eos\exchange\node_modules\xhr2-cookies\dist\xml-http-request.js:289:61)
    at IncomingMessage.emit (events.js:203:15)
    at endReadableNT (_stream_readable.js:1145:12)
    at process._tickCallback (internal/process/next_tick.js:63:19)'}
{"date":"2019-11-01T18:19:10.643","level":"ERROR","category":"getEthTrxAction.js","host":"frank-hp","pid":"9860","data":'the error from getTransaction(),the error stock is Error: Returned error: invalid argument 0: json: cannot unmarshal non-string into Go value of type common.Hash
    at Object.ErrorResponse (D:\work_space\yuezhi\eos\exchange\node_modules\web3-core-helpers\src\errors.js:29:16)
    at D:\work_space\yuezhi\eos\exchange\node_modules\web3-core-requestmanager\src\index.js:140:36
    at XMLHttpRequest.request.onreadystatechange (D:\work_space\yuezhi\eos\exchange\node_modules\web3-providers-http\src\index.js:96:13)
    at XMLHttpRequestEventTarget.dispatchEvent (D:\work_space\yuezhi\eos\exchange\node_modules\xhr2-cookies\dist\xml-http-request-event-target.js:34:22)
    at XMLHttpRequest._setReadyState (D:\work_space\yuezhi\eos\exchange\node_modules\xhr2-cookies\dist\xml-http-request.js:208:14)
    at XMLHttpRequest._onHttpResponseEnd (D:\work_space\yuezhi\eos\exchange\node_modules\xhr2-cookies\dist\xml-http-request.js:318:14)
    at IncomingMessage.<anonymous> (D:\work_space\yuezhi\eos\exchange\node_modules\xhr2-cookies\dist\xml-http-request.js:289:61)
    at IncomingMessage.emit (events.js:203:15)
    at endReadableNT (_stream_readable.js:1145:12)
    at process._tickCallback (internal/process/next_tick.js:63:19)'}
{"date":"2019-11-01T18:22:42.334","level":"ERROR","category":"getEthTrxAction.js","host":"frank-hp","pid":"9340","data":'the error from getTransaction(),the error stock is Error: Returned error: invalid argument 0: json: cannot unmarshal non-string into Go value of type common.Hash
    at Object.ErrorResponse (D:\work_space\yuezhi\eos\exchange\node_modules\web3-core-helpers\src\errors.js:29:16)
    at D:\work_space\yuezhi\eos\exchange\node_modules\web3-core-requestmanager\src\index.js:140:36
    at XMLHttpRequest.request.onreadystatechange (D:\work_space\yuezhi\eos\exchange\node_modules\web3-providers-http\src\index.js:96:13)
    at XMLHttpRequestEventTarget.dispatchEvent (D:\work_space\yuezhi\eos\exchange\node_modules\xhr2-cookies\dist\xml-http-request-event-target.js:34:22)
    at XMLHttpRequest._setReadyState (D:\work_space\yuezhi\eos\exchange\node_modules\xhr2-cookies\dist\xml-http-request.js:208:14)
    at XMLHttpRequest._onHttpResponseEnd (D:\work_space\yuezhi\eos\exchange\node_modules\xhr2-cookies\dist\xml-http-request.js:318:14)
    at IncomingMessage.<anonymous> (D:\work_space\yuezhi\eos\exchange\node_modules\xhr2-cookies\dist\xml-http-request.js:289:61)
    at IncomingMessage.emit (events.js:203:15)
    at endReadableNT (_stream_readable.js:1145:12)
    at process._tickCallback (internal/process/next_tick.js:63:19)'}
