{"date":"2019-10-08T16:04:26.665","level":"DEBUG","category":"getPAXTrxAction.js","host":"frank-hp","pid":"14052","data":'Promise { <pending> }'}
{"date":"2019-10-08T16:09:44.014","level":"DEBUG","category":"getPAXTrxAction.js","host":"frank-hp","pid":"14892","data":'=================>[object Object]'}
{"date":"2019-10-08T16:10:01.259","level":"DEBUG","category":"getPAXTrxAction.js","host":"frank-hp","pid":"5596","data":'{ blockHash: undefined,
  blockNumber: undefined,
  from: undefined,
  gas: undefined,
  gasPrice: undefined,
  hash: undefined,
  to: undefined,
  value: undefined }'}
{"date":"2019-10-08T16:10:09.811","level":"DEBUG","category":"getPAXTrxAction.js","host":"frank-hp","pid":"3128","data":'{ blockHash: undefined,
  blockNumber: undefined,
  from: undefined,
  gas: undefined,
  gasPrice: undefined,
  hash: undefined,
  to: undefined,
  value: undefined }'}
{"date":"2019-10-08T16:10:54.756","level":"DEBUG","category":"getPAXTrxAction.js","host":"frank-hp","pid":"14080","data":'2'}
{"date":"2019-10-08T16:10:54.763","level":"DEBUG","category":"getPAXTrxAction.js","host":"frank-hp","pid":"14080","data":'{ difficulty: '2',
  extraData:
   '0xd883010906846765746886676f312e31338777696e646f777300000000000000969b5505334586f69a10c3b3467fc4cc1ca1f63e9eb4e3aa141004acab874941144767a58f15cc4d4c970d2b713ac11314aa4e8f6f41b869a3a20de33cbd895d00',
  gasLimit: 6295459,
  gasUsed: 21000,
  hash:
   '0x3ccbaf88ab7ed843b82f296861a2c25ed4c72bb7cc460626e48c71e3f5644fe2',
  logsBloom:
   '0x00000000000000000000000000000000000000000000000000000000000000000000000000000000000000000000000000000000000000000000000000000000000000000000000000000000000000000000000000000000000000000000000000000000000000000000000000000000000000000000000000000000000000000000000000000000000000000000000000000000000000000000000000000000000000000000000000000000000000000000000000000000000000000000000000000000000000000000000000000000000000000000000000000000000000000000000000000000000000000000000000000000000000000000000000000000',
  miner: '0x0000000000000000000000000000000000000000',
  mixHash:
   '0x0000000000000000000000000000000000000000000000000000000000000000',
  nonce: '0x0000000000000000',
  number: 2,
  parentHash:
   '0xaf7fe79a96c53a3b9e2f18700109adfd3482071bae814391ec89021a618fd505',
  receiptsRoot:
   '0x056b23fbba480696b65fe5a59b8f2148a1299103c4f57df839233af2cf4ca2d2',
  sha3Uncles:
   '0x1dcc4de8dec75d7aab85b567b6ccd41ad312451b948a7413f0a142fd40d49347',
  size: 716,
  stateRoot:
   '0x899a4fc9c8b4cfe019a1e936348ab372c7646b5c9483107047996361061f15bd',
  timestamp: 1570334461,
  totalDifficulty: '5',
  transactions: [],
  transactionsRoot:
   '0xeb02decd1929484df57197c6c15dda7e6166daf79a9f8507842bd19d7ce81b53',
  uncles: [] }'}
{"date":"2019-10-08T16:10:54.764","level":"DEBUG","category":"getPAXTrxAction.js","host":"frank-hp","pid":"14080","data":'0x926a909a8e5d99d08d025c299ae46b28f5eb772b4895573166d788dad272a549'}
{"date":"2019-10-08T16:11:32.428","level":"DEBUG","category":"getPAXTrxAction.js","host":"frank-hp","pid":"5788","data":'2'}
{"date":"2019-10-08T16:11:32.435","level":"DEBUG","category":"getPAXTrxAction.js","host":"frank-hp","pid":"5788","data":'{ difficulty: '2',
  extraData:
   '0xd883010906846765746886676f312e31338777696e646f777300000000000000969b5505334586f69a10c3b3467fc4cc1ca1f63e9eb4e3aa141004acab874941144767a58f15cc4d4c970d2b713ac11314aa4e8f6f41b869a3a20de33cbd895d00',
  gasLimit: 6295459,
  gasUsed: 21000,
  hash:
   '0x3ccbaf88ab7ed843b82f296861a2c25ed4c72bb7cc460626e48c71e3f5644fe2',
  logsBloom:
   '0x00000000000000000000000000000000000000000000000000000000000000000000000000000000000000000000000000000000000000000000000000000000000000000000000000000000000000000000000000000000000000000000000000000000000000000000000000000000000000000000000000000000000000000000000000000000000000000000000000000000000000000000000000000000000000000000000000000000000000000000000000000000000000000000000000000000000000000000000000000000000000000000000000000000000000000000000000000000000000000000000000000000000000000000000000000000',
  miner: '0x0000000000000000000000000000000000000000',
  mixHash:
   '0x0000000000000000000000000000000000000000000000000000000000000000',
  nonce: '0x0000000000000000',
  number: 2,
  parentHash:
   '0xaf7fe79a96c53a3b9e2f18700109adfd3482071bae814391ec89021a618fd505',
  receiptsRoot:
   '0x056b23fbba480696b65fe5a59b8f2148a1299103c4f57df839233af2cf4ca2d2',
  sha3Uncles:
   '0x1dcc4de8dec75d7aab85b567b6ccd41ad312451b948a7413f0a142fd40d49347',
  size: 716,
  stateRoot:
   '0x899a4fc9c8b4cfe019a1e936348ab372c7646b5c9483107047996361061f15bd',
  timestamp: 1570334461,
  totalDifficulty: '5',
  transactions: [],
  transactionsRoot:
   '0xeb02decd1929484df57197c6c15dda7e6166daf79a9f8507842bd19d7ce81b53',
  uncles: [] }'}
{"date":"2019-10-08T16:11:32.436","level":"DEBUG","category":"getPAXTrxAction.js","host":"frank-hp","pid":"5788","data":'0x926a909a8e5d99d08d025c299ae46b28f5eb772b4895573166d788dad272a549'}
{"date":"2019-10-08T16:11:32.437","level":"DEBUG","category":"getPAXTrxAction.js","host":"frank-hp","pid":"5788","data":'{ blockHash: undefined,
  blockNumber: undefined,
  from: undefined,
  gas: undefined,
  gasPrice: undefined,
  hash: undefined,
  to: undefined,
  value: undefined }'}
{"date":"2019-10-08T16:11:49.037","level":"DEBUG","category":"getPAXTrxAction.js","host":"frank-hp","pid":"15068","data":'2'}
{"date":"2019-10-08T16:11:49.045","level":"DEBUG","category":"getPAXTrxAction.js","host":"frank-hp","pid":"15068","data":'{ difficulty: '2',
  extraData:
   '0xd883010906846765746886676f312e31338777696e646f777300000000000000969b5505334586f69a10c3b3467fc4cc1ca1f63e9eb4e3aa141004acab874941144767a58f15cc4d4c970d2b713ac11314aa4e8f6f41b869a3a20de33cbd895d00',
  gasLimit: 6295459,
  gasUsed: 21000,
  hash:
   '0x3ccbaf88ab7ed843b82f296861a2c25ed4c72bb7cc460626e48c71e3f5644fe2',
  logsBloom:
   '0x00000000000000000000000000000000000000000000000000000000000000000000000000000000000000000000000000000000000000000000000000000000000000000000000000000000000000000000000000000000000000000000000000000000000000000000000000000000000000000000000000000000000000000000000000000000000000000000000000000000000000000000000000000000000000000000000000000000000000000000000000000000000000000000000000000000000000000000000000000000000000000000000000000000000000000000000000000000000000000000000000000000000000000000000000000000',
  miner: '0x0000000000000000000000000000000000000000',
  mixHash:
   '0x0000000000000000000000000000000000000000000000000000000000000000',
  nonce: '0x0000000000000000',
  number: 2,
  parentHash:
   '0xaf7fe79a96c53a3b9e2f18700109adfd3482071bae814391ec89021a618fd505',
  receiptsRoot:
   '0x056b23fbba480696b65fe5a59b8f2148a1299103c4f57df839233af2cf4ca2d2',
  sha3Uncles:
   '0x1dcc4de8dec75d7aab85b567b6ccd41ad312451b948a7413f0a142fd40d49347',
  size: 716,
  stateRoot:
   '0x899a4fc9c8b4cfe019a1e936348ab372c7646b5c9483107047996361061f15bd',
  timestamp: 1570334461,
  totalDifficulty: '5',
  transactions: [],
  transactionsRoot:
   '0xeb02decd1929484df57197c6c15dda7e6166daf79a9f8507842bd19d7ce81b53',
  uncles: [] }'}
{"date":"2019-10-08T16:11:49.046","level":"DEBUG","category":"getPAXTrxAction.js","host":"frank-hp","pid":"15068","data":'0x926a909a8e5d99d08d025c299ae46b28f5eb772b4895573166d788dad272a549'}
{"date":"2019-10-08T16:11:49.046","level":"DEBUG","category":"getPAXTrxAction.js","host":"frank-hp","pid":"15068","data":'{ blockHash: undefined,
  blockNumber: undefined,
  from: undefined,
  gas: undefined,
  gasPrice: undefined,
  hash: undefined,
  to: undefined,
  value: undefined }'}
{"date":"2019-10-08T16:12:15.440","level":"DEBUG","category":"getPAXTrxAction.js","host":"frank-hp","pid":"12440","data":'2'}
{"date":"2019-10-08T16:12:15.448","level":"DEBUG","category":"getPAXTrxAction.js","host":"frank-hp","pid":"12440","data":'{ difficulty: '2',
  extraData:
   '0xd883010906846765746886676f312e31338777696e646f777300000000000000969b5505334586f69a10c3b3467fc4cc1ca1f63e9eb4e3aa141004acab874941144767a58f15cc4d4c970d2b713ac11314aa4e8f6f41b869a3a20de33cbd895d00',
  gasLimit: 6295459,
  gasUsed: 21000,
  hash:
   '0x3ccbaf88ab7ed843b82f296861a2c25ed4c72bb7cc460626e48c71e3f5644fe2',
  logsBloom:
   '0x00000000000000000000000000000000000000000000000000000000000000000000000000000000000000000000000000000000000000000000000000000000000000000000000000000000000000000000000000000000000000000000000000000000000000000000000000000000000000000000000000000000000000000000000000000000000000000000000000000000000000000000000000000000000000000000000000000000000000000000000000000000000000000000000000000000000000000000000000000000000000000000000000000000000000000000000000000000000000000000000000000000000000000000000000000000',
  miner: '0x0000000000000000000000000000000000000000',
  mixHash:
   '0x0000000000000000000000000000000000000000000000000000000000000000',
  nonce: '0x0000000000000000',
  number: 2,
  parentHash:
   '0xaf7fe79a96c53a3b9e2f18700109adfd3482071bae814391ec89021a618fd505',
  receiptsRoot:
   '0x056b23fbba480696b65fe5a59b8f2148a1299103c4f57df839233af2cf4ca2d2',
  sha3Uncles:
   '0x1dcc4de8dec75d7aab85b567b6ccd41ad312451b948a7413f0a142fd40d49347',
  size: 716,
  stateRoot:
   '0x899a4fc9c8b4cfe019a1e936348ab372c7646b5c9483107047996361061f15bd',
  timestamp: 1570334461,
  totalDifficulty: '5',
  transactions: [],
  transactionsRoot:
   '0xeb02decd1929484df57197c6c15dda7e6166daf79a9f8507842bd19d7ce81b53',
  uncles: [] }'}
{"date":"2019-10-08T16:12:15.449","level":"DEBUG","category":"getPAXTrxAction.js","host":"frank-hp","pid":"12440","data":'0x926a909a8e5d99d08d025c299ae46b28f5eb772b4895573166d788dad272a549'}
{"date":"2019-10-08T16:12:15.449","level":"DEBUG","category":"getPAXTrxAction.js","host":"frank-hp","pid":"12440","data":'==========>'}
{"date":"2019-10-08T16:12:15.450","level":"DEBUG","category":"getPAXTrxAction.js","host":"frank-hp","pid":"12440","data":'{ blockHash: undefined,
  blockNumber: undefined,
  from: undefined,
  gas: undefined,
  gasPrice: undefined,
  hash: undefined,
  to: undefined,
  value: undefined }'}
{"date":"2019-10-08T16:13:34.111","level":"DEBUG","category":"getPAXTrxAction.js","host":"frank-hp","pid":"11456","data":'2'}
{"date":"2019-10-08T16:13:34.118","level":"DEBUG","category":"getPAXTrxAction.js","host":"frank-hp","pid":"11456","data":'{ difficulty: '2',
  extraData:
   '0xd883010906846765746886676f312e31338777696e646f777300000000000000969b5505334586f69a10c3b3467fc4cc1ca1f63e9eb4e3aa141004acab874941144767a58f15cc4d4c970d2b713ac11314aa4e8f6f41b869a3a20de33cbd895d00',
  gasLimit: 6295459,
  gasUsed: 21000,
  hash:
   '0x3ccbaf88ab7ed843b82f296861a2c25ed4c72bb7cc460626e48c71e3f5644fe2',
  logsBloom:
   '0x00000000000000000000000000000000000000000000000000000000000000000000000000000000000000000000000000000000000000000000000000000000000000000000000000000000000000000000000000000000000000000000000000000000000000000000000000000000000000000000000000000000000000000000000000000000000000000000000000000000000000000000000000000000000000000000000000000000000000000000000000000000000000000000000000000000000000000000000000000000000000000000000000000000000000000000000000000000000000000000000000000000000000000000000000000000',
  miner: '0x0000000000000000000000000000000000000000',
  mixHash:
   '0x0000000000000000000000000000000000000000000000000000000000000000',
  nonce: '0x0000000000000000',
  number: 2,
  parentHash:
   '0xaf7fe79a96c53a3b9e2f18700109adfd3482071bae814391ec89021a618fd505',
  receiptsRoot:
   '0x056b23fbba480696b65fe5a59b8f2148a1299103c4f57df839233af2cf4ca2d2',
  sha3Uncles:
   '0x1dcc4de8dec75d7aab85b567b6ccd41ad312451b948a7413f0a142fd40d49347',
  size: 716,
  stateRoot:
   '0x899a4fc9c8b4cfe019a1e936348ab372c7646b5c9483107047996361061f15bd',
  timestamp: 1570334461,
  totalDifficulty: '5',
  transactions: [],
  transactionsRoot:
   '0xeb02decd1929484df57197c6c15dda7e6166daf79a9f8507842bd19d7ce81b53',
  uncles: [] }'}
{"date":"2019-10-08T16:13:34.119","level":"DEBUG","category":"getPAXTrxAction.js","host":"frank-hp","pid":"11456","data":'0x926a909a8e5d99d08d025c299ae46b28f5eb772b4895573166d788dad272a549'}
{"date":"2019-10-08T16:13:34.119","level":"DEBUG","category":"getPAXTrxAction.js","host":"frank-hp","pid":"11456","data":'==========>'}
{"date":"2019-10-08T16:13:34.120","level":"DEBUG","category":"getPAXTrxAction.js","host":"frank-hp","pid":"11456","data":'{ blockHash: undefined,
  blockNumber: undefined,
  from: undefined,
  gas: undefined,
  gasPrice: undefined,
  hash: undefined,
  to: undefined,
  value: undefined }'}
{"date":"2019-10-08T16:13:49.334","level":"DEBUG","category":"getPAXTrxAction.js","host":"frank-hp","pid":"15196","data":'2'}
{"date":"2019-10-08T16:13:49.341","level":"DEBUG","category":"getPAXTrxAction.js","host":"frank-hp","pid":"15196","data":'{ difficulty: '2',
  extraData:
   '0xd883010906846765746886676f312e31338777696e646f777300000000000000969b5505334586f69a10c3b3467fc4cc1ca1f63e9eb4e3aa141004acab874941144767a58f15cc4d4c970d2b713ac11314aa4e8f6f41b869a3a20de33cbd895d00',
  gasLimit: 6295459,
  gasUsed: 21000,
  hash:
   '0x3ccbaf88ab7ed843b82f296861a2c25ed4c72bb7cc460626e48c71e3f5644fe2',
  logsBloom:
   '0x00000000000000000000000000000000000000000000000000000000000000000000000000000000000000000000000000000000000000000000000000000000000000000000000000000000000000000000000000000000000000000000000000000000000000000000000000000000000000000000000000000000000000000000000000000000000000000000000000000000000000000000000000000000000000000000000000000000000000000000000000000000000000000000000000000000000000000000000000000000000000000000000000000000000000000000000000000000000000000000000000000000000000000000000000000000',
  miner: '0x0000000000000000000000000000000000000000',
  mixHash:
   '0x0000000000000000000000000000000000000000000000000000000000000000',
  nonce: '0x0000000000000000',
  number: 2,
  parentHash:
   '0xaf7fe79a96c53a3b9e2f18700109adfd3482071bae814391ec89021a618fd505',
  receiptsRoot:
   '0x056b23fbba480696b65fe5a59b8f2148a1299103c4f57df839233af2cf4ca2d2',
  sha3Uncles:
   '0x1dcc4de8dec75d7aab85b567b6ccd41ad312451b948a7413f0a142fd40d49347',
  size: 716,
  stateRoot:
   '0x899a4fc9c8b4cfe019a1e936348ab372c7646b5c9483107047996361061f15bd',
  timestamp: 1570334461,
  totalDifficulty: '5',
  transactions: [],
  transactionsRoot:
   '0xeb02decd1929484df57197c6c15dda7e6166daf79a9f8507842bd19d7ce81b53',
  uncles: [] }'}
{"date":"2019-10-08T16:13:49.343","level":"DEBUG","category":"getPAXTrxAction.js","host":"frank-hp","pid":"15196","data":'0x926a909a8e5d99d08d025c299ae46b28f5eb772b4895573166d788dad272a549'}
{"date":"2019-10-08T16:13:49.343","level":"DEBUG","category":"getPAXTrxAction.js","host":"frank-hp","pid":"15196","data":'==========>'}
{"date":"2019-10-08T16:13:49.343","level":"DEBUG","category":"getPAXTrxAction.js","host":"frank-hp","pid":"15196","data":'{ blockHash:
   '0x3ccbaf88ab7ed843b82f296861a2c25ed4c72bb7cc460626e48c71e3f5644fe2',
  blockNumber: 2,
  from: '0xEC8d656f5Bd7D7aA702760C9CC7f6D7baEB52325',
  gas: 21000,
  gasPrice: '1',
  hash:
   '0x926a909a8e5d99d08d025c299ae46b28f5eb772b4895573166d788dad272a549',
  to: '0x777b755C07b5D6E5c54c68b83C20b84982eBD1C2',
  value: '100000000000000000' }'}
