{"date":"2019-10-18T10:18:47.341","level":"DEBUG","category":"listenTransfer.js","host":"frank-hp","pid":"12828","data":'handlerTransferActions running...'}
{"date":"2019-10-18T10:18:47.383","level":"DEBUG","category":"listenTransfer.js","host":"frank-hp","pid":"12828","data":'==========0=========>blockNumber:8983,transactionIndex::0'}
{"date":"2019-10-18T10:18:47.436","level":"DEBUG","category":"listenTransfer.js","host":"frank-hp","pid":"12828","data":'redis修改前BN: 8983'}
{"date":"2019-10-18T10:18:47.436","level":"DEBUG","category":"listenTransfer.js","host":"frank-hp","pid":"12828","data":'redis修改前TX: 2'}
{"date":"2019-10-18T10:18:47.437","level":"DEBUG","category":"listenTransfer.js","host":"frank-hp","pid":"12828","data":'==========1=========>blockNumber:8983,transactionIndex::1'}
{"date":"2019-10-18T10:18:47.441","level":"DEBUG","category":"listenTransfer.js","host":"frank-hp","pid":"12828","data":'redis修改前BN: 8983'}
{"date":"2019-10-18T10:18:47.442","level":"DEBUG","category":"listenTransfer.js","host":"frank-hp","pid":"12828","data":'redis修改前TX: 2'}
{"date":"2019-10-18T10:18:47.443","level":"DEBUG","category":"listenTransfer.js","host":"frank-hp","pid":"12828","data":'==========2=========>blockNumber:8983,transactionIndex::2'}
{"date":"2019-10-18T10:18:47.445","level":"DEBUG","category":"listenTransfer.js","host":"frank-hp","pid":"12828","data":'redis修改前BN: 8983'}
{"date":"2019-10-18T10:18:47.446","level":"DEBUG","category":"listenTransfer.js","host":"frank-hp","pid":"12828","data":'redis修改前TX: 2'}
{"date":"2019-10-18T10:18:47.446","level":"DEBUG","category":"listenTransfer.js","host":"frank-hp","pid":"12828","data":'==========3=========>blockNumber:8991,transactionIndex::0'}
{"date":"2019-10-18T10:18:47.448","level":"DEBUG","category":"listenTransfer.js","host":"frank-hp","pid":"12828","data":'redis修改前BN: 8983'}
{"date":"2019-10-18T10:18:47.449","level":"DEBUG","category":"listenTransfer.js","host":"frank-hp","pid":"12828","data":'redis修改前TX: 2'}
{"date":"2019-10-18T10:18:47.477","level":"DEBUG","category":"listenTransfer.js","host":"frank-hp","pid":"12828","data":'redis修改后BN: 8991'}
{"date":"2019-10-18T10:18:47.477","level":"DEBUG","category":"listenTransfer.js","host":"frank-hp","pid":"12828","data":'redis修改后TX: 0'}
{"date":"2019-10-18T10:56:33.672","level":"DEBUG","category":"listenTransfer.js","host":"frank-hp","pid":"4024","data":'handlerTransferActions running...'}
{"date":"2019-10-18T10:56:33.712","level":"DEBUG","category":"listenTransfer.js","host":"frank-hp","pid":"4024","data":'==========0=========>blockNumber:8991,transactionIndex::0'}
{"date":"2019-10-18T10:56:33.758","level":"DEBUG","category":"listenTransfer.js","host":"frank-hp","pid":"4024","data":'redis修改前BN: 8991'}
{"date":"2019-10-18T10:56:33.759","level":"DEBUG","category":"listenTransfer.js","host":"frank-hp","pid":"4024","data":'redis修改前TX: 0'}
{"date":"2019-10-18T10:56:33.759","level":"DEBUG","category":"listenTransfer.js","host":"frank-hp","pid":"4024","data":'==========1=========>blockNumber:9013,transactionIndex::0'}
{"date":"2019-10-18T10:56:33.765","level":"DEBUG","category":"listenTransfer.js","host":"frank-hp","pid":"4024","data":'redis修改前BN: 8991'}
{"date":"2019-10-18T10:56:33.766","level":"DEBUG","category":"listenTransfer.js","host":"frank-hp","pid":"4024","data":'redis修改前TX: 0'}
{"date":"2019-10-18T10:56:33.808","level":"DEBUG","category":"listenTransfer.js","host":"frank-hp","pid":"4024","data":'redis修改后BN: 9013'}
{"date":"2019-10-18T10:56:33.809","level":"DEBUG","category":"listenTransfer.js","host":"frank-hp","pid":"4024","data":'redis修改后TX: 0'}
{"date":"2019-10-18T10:56:33.810","level":"DEBUG","category":"listenTransfer.js","host":"frank-hp","pid":"4024","data":'==========2=========>blockNumber:9014,transactionIndex::0'}
{"date":"2019-10-18T10:56:33.812","level":"DEBUG","category":"listenTransfer.js","host":"frank-hp","pid":"4024","data":'redis修改前BN: 9013'}
{"date":"2019-10-18T10:56:33.813","level":"DEBUG","category":"listenTransfer.js","host":"frank-hp","pid":"4024","data":'redis修改前TX: 0'}
{"date":"2019-10-18T10:56:33.843","level":"DEBUG","category":"listenTransfer.js","host":"frank-hp","pid":"4024","data":'redis修改后BN: 9014'}
{"date":"2019-10-18T10:56:33.844","level":"DEBUG","category":"listenTransfer.js","host":"frank-hp","pid":"4024","data":'redis修改后TX: 0'}
{"date":"2019-10-18T12:18:53.624","level":"DEBUG","category":"listenTransfer.js","host":"frank-hp","pid":"9792","data":'handlerTransferActions running...'}
{"date":"2019-10-18T12:18:53.668","level":"DEBUG","category":"listenTransfer.js","host":"frank-hp","pid":"9792","data":'==========0=========>blockNumber:9014,transactionIndex::0'}
{"date":"2019-10-18T12:18:53.715","level":"DEBUG","category":"listenTransfer.js","host":"frank-hp","pid":"9792","data":'redis修改前BN: 9014'}
{"date":"2019-10-18T12:18:53.715","level":"DEBUG","category":"listenTransfer.js","host":"frank-hp","pid":"9792","data":'redis修改前TX: 0'}
{"date":"2019-10-18T16:58:28.869","level":"DEBUG","category":"listenTransfer.js","host":"frank-hp","pid":"13340","data":'handlerTransferActions running...'}
{"date":"2019-10-18T16:58:28.910","level":"DEBUG","category":"listenTransfer.js","host":"frank-hp","pid":"13340","data":'==========0=========>blockNumber:9014,transactionIndex::0'}
{"date":"2019-10-18T16:58:28.971","level":"DEBUG","category":"listenTransfer.js","host":"frank-hp","pid":"13340","data":'redis修改前BN: 9014'}
{"date":"2019-10-18T16:58:28.972","level":"DEBUG","category":"listenTransfer.js","host":"frank-hp","pid":"13340","data":'redis修改前TX: 0'}
{"date":"2019-10-18T16:58:28.973","level":"DEBUG","category":"listenTransfer.js","host":"frank-hp","pid":"13340","data":'==========1=========>blockNumber:9023,transactionIndex::0'}
{"date":"2019-10-18T16:58:28.977","level":"DEBUG","category":"listenTransfer.js","host":"frank-hp","pid":"13340","data":'redis修改前BN: 9014'}
{"date":"2019-10-18T16:58:28.977","level":"DEBUG","category":"listenTransfer.js","host":"frank-hp","pid":"13340","data":'redis修改前TX: 0'}
{"date":"2019-10-18T16:58:29.016","level":"DEBUG","category":"listenTransfer.js","host":"frank-hp","pid":"13340","data":'redis修改后BN: 9023'}
{"date":"2019-10-18T16:58:29.017","level":"DEBUG","category":"listenTransfer.js","host":"frank-hp","pid":"13340","data":'redis修改后TX: 0'}
{"date":"2019-10-18T16:58:29.017","level":"DEBUG","category":"listenTransfer.js","host":"frank-hp","pid":"13340","data":'==========2=========>blockNumber:9024,transactionIndex::0'}
{"date":"2019-10-18T16:58:29.023","level":"DEBUG","category":"listenTransfer.js","host":"frank-hp","pid":"13340","data":'redis修改前BN: 9023'}
{"date":"2019-10-18T16:58:29.023","level":"DEBUG","category":"listenTransfer.js","host":"frank-hp","pid":"13340","data":'redis修改前TX: 0'}
{"date":"2019-10-18T16:58:29.055","level":"DEBUG","category":"listenTransfer.js","host":"frank-hp","pid":"13340","data":'redis修改后BN: 9024'}
{"date":"2019-10-18T16:58:29.056","level":"DEBUG","category":"listenTransfer.js","host":"frank-hp","pid":"13340","data":'redis修改后TX: 0'}
{"date":"2019-10-18T17:53:46.220","level":"DEBUG","category":"listenTransfer.js","host":"frank-hp","pid":"3640","data":'handlerTransferActions running...'}
{"date":"2019-10-18T17:53:46.317","level":"DEBUG","category":"listenTransfer.js","host":"frank-hp","pid":"3640","data":'==========0=========>blockNumber:42,transactionIndex::0'}
{"date":"2019-10-18T17:53:46.358","level":"WARN","category":"listenTransfer.js","host":"frank-hp","pid":"3640","data":'warn from parseContractAction(): if(!account),the account is null,the database not exist this account'}
{"date":"2019-10-18T17:53:46.359","level":"DEBUG","category":"listenTransfer.js","host":"frank-hp","pid":"3640","data":'wrong result { blockNumber: null,
  transactionIndex: null,
  transactionId: null,
  from: null,
  to: null,
  value: null,
  event: null }'}
{"date":"2019-10-18T17:53:46.359","level":"DEBUG","category":"listenTransfer.js","host":"frank-hp","pid":"3640","data":'==========1=========>blockNumber:53,transactionIndex::0'}
{"date":"2019-10-18T17:53:46.433","level":"DEBUG","category":"listenTransfer.js","host":"frank-hp","pid":"3640","data":'==========2=========>blockNumber:88,transactionIndex::0'}
{"date":"2019-10-18T17:53:46.474","level":"DEBUG","category":"listenTransfer.js","host":"frank-hp","pid":"3640","data":'==========3=========>blockNumber:137,transactionIndex::0'}
{"date":"2019-10-18T17:53:46.572","level":"DEBUG","category":"listenTransfer.js","host":"frank-hp","pid":"3640","data":'==========4=========>blockNumber:139,transactionIndex::0'}
{"date":"2019-10-18T17:53:46.614","level":"DEBUG","category":"listenTransfer.js","host":"frank-hp","pid":"3640","data":'==========5=========>blockNumber:237,transactionIndex::0'}
{"date":"2019-10-18T17:53:46.665","level":"DEBUG","category":"listenTransfer.js","host":"frank-hp","pid":"3640","data":'==========6=========>blockNumber:239,transactionIndex::0'}
{"date":"2019-10-18T17:53:46.712","level":"DEBUG","category":"listenTransfer.js","host":"frank-hp","pid":"3640","data":'==========7=========>blockNumber:240,transactionIndex::0'}
{"date":"2019-10-18T17:53:46.763","level":"DEBUG","category":"listenTransfer.js","host":"frank-hp","pid":"3640","data":'==========8=========>blockNumber:260,transactionIndex::0'}
{"date":"2019-10-18T17:53:46.810","level":"DEBUG","category":"listenTransfer.js","host":"frank-hp","pid":"3640","data":'==========9=========>blockNumber:260,transactionIndex::1'}
{"date":"2019-10-18T17:53:46.853","level":"DEBUG","category":"listenTransfer.js","host":"frank-hp","pid":"3640","data":'==========10=========>blockNumber:260,transactionIndex::2'}
{"date":"2019-10-18T17:53:46.895","level":"DEBUG","category":"listenTransfer.js","host":"frank-hp","pid":"3640","data":'==========11=========>blockNumber:260,transactionIndex::3'}
{"date":"2019-10-18T17:53:46.940","level":"DEBUG","category":"listenTransfer.js","host":"frank-hp","pid":"3640","data":'==========12=========>blockNumber:260,transactionIndex::4'}
{"date":"2019-10-18T17:53:46.990","level":"DEBUG","category":"listenTransfer.js","host":"frank-hp","pid":"3640","data":'==========13=========>blockNumber:260,transactionIndex::5'}
{"date":"2019-10-18T17:53:47.042","level":"DEBUG","category":"listenTransfer.js","host":"frank-hp","pid":"3640","data":'==========14=========>blockNumber:260,transactionIndex::6'}
{"date":"2019-10-18T17:53:47.092","level":"DEBUG","category":"listenTransfer.js","host":"frank-hp","pid":"3640","data":'==========15=========>blockNumber:260,transactionIndex::7'}
{"date":"2019-10-18T17:53:47.144","level":"DEBUG","category":"listenTransfer.js","host":"frank-hp","pid":"3640","data":'==========16=========>blockNumber:260,transactionIndex::8'}
{"date":"2019-10-18T17:53:47.196","level":"DEBUG","category":"listenTransfer.js","host":"frank-hp","pid":"3640","data":'==========17=========>blockNumber:260,transactionIndex::9'}
{"date":"2019-10-18T17:53:47.249","level":"DEBUG","category":"listenTransfer.js","host":"frank-hp","pid":"3640","data":'==========18=========>blockNumber:262,transactionIndex::0'}
{"date":"2019-10-18T17:53:47.299","level":"DEBUG","category":"listenTransfer.js","host":"frank-hp","pid":"3640","data":'==========19=========>blockNumber:263,transactionIndex::0'}
{"date":"2019-10-18T17:53:47.344","level":"DEBUG","category":"listenTransfer.js","host":"frank-hp","pid":"3640","data":'==========20=========>blockNumber:263,transactionIndex::1'}
{"date":"2019-10-18T17:53:47.391","level":"DEBUG","category":"listenTransfer.js","host":"frank-hp","pid":"3640","data":'==========21=========>blockNumber:263,transactionIndex::2'}
{"date":"2019-10-18T17:53:47.441","level":"DEBUG","category":"listenTransfer.js","host":"frank-hp","pid":"3640","data":'==========22=========>blockNumber:263,transactionIndex::3'}
{"date":"2019-10-18T17:53:47.491","level":"DEBUG","category":"listenTransfer.js","host":"frank-hp","pid":"3640","data":'==========23=========>blockNumber:263,transactionIndex::4'}
{"date":"2019-10-18T17:53:47.544","level":"DEBUG","category":"listenTransfer.js","host":"frank-hp","pid":"3640","data":'==========24=========>blockNumber:264,transactionIndex::0'}
{"date":"2019-10-18T17:53:47.587","level":"DEBUG","category":"listenTransfer.js","host":"frank-hp","pid":"3640","data":'==========25=========>blockNumber:264,transactionIndex::1'}
{"date":"2019-10-18T17:53:47.651","level":"DEBUG","category":"listenTransfer.js","host":"frank-hp","pid":"3640","data":'==========26=========>blockNumber:264,transactionIndex::2'}
{"date":"2019-10-18T17:53:47.691","level":"DEBUG","category":"listenTransfer.js","host":"frank-hp","pid":"3640","data":'==========27=========>blockNumber:264,transactionIndex::3'}
{"date":"2019-10-18T17:53:47.743","level":"DEBUG","category":"listenTransfer.js","host":"frank-hp","pid":"3640","data":'==========28=========>blockNumber:264,transactionIndex::4'}
{"date":"2019-10-18T17:53:47.787","level":"DEBUG","category":"listenTransfer.js","host":"frank-hp","pid":"3640","data":'==========29=========>blockNumber:264,transactionIndex::5'}
{"date":"2019-10-18T17:53:47.839","level":"DEBUG","category":"listenTransfer.js","host":"frank-hp","pid":"3640","data":'==========30=========>blockNumber:264,transactionIndex::6'}
{"date":"2019-10-18T17:53:47.884","level":"DEBUG","category":"listenTransfer.js","host":"frank-hp","pid":"3640","data":'==========31=========>blockNumber:264,transactionIndex::7'}
{"date":"2019-10-18T17:53:47.944","level":"DEBUG","category":"listenTransfer.js","host":"frank-hp","pid":"3640","data":'==========32=========>blockNumber:264,transactionIndex::8'}
{"date":"2019-10-18T17:53:47.976","level":"DEBUG","category":"listenTransfer.js","host":"frank-hp","pid":"3640","data":'==========33=========>blockNumber:264,transactionIndex::9'}
{"date":"2019-10-18T17:53:48.038","level":"DEBUG","category":"listenTransfer.js","host":"frank-hp","pid":"3640","data":'==========34=========>blockNumber:266,transactionIndex::0'}
{"date":"2019-10-18T17:53:48.100","level":"DEBUG","category":"listenTransfer.js","host":"frank-hp","pid":"3640","data":'==========35=========>blockNumber:266,transactionIndex::1'}
{"date":"2019-10-18T17:53:48.154","level":"DEBUG","category":"listenTransfer.js","host":"frank-hp","pid":"3640","data":'==========36=========>blockNumber:266,transactionIndex::2'}
{"date":"2019-10-18T17:53:48.191","level":"DEBUG","category":"listenTransfer.js","host":"frank-hp","pid":"3640","data":'==========37=========>blockNumber:266,transactionIndex::3'}
{"date":"2019-10-18T17:53:48.239","level":"DEBUG","category":"listenTransfer.js","host":"frank-hp","pid":"3640","data":'==========38=========>blockNumber:317,transactionIndex::0'}
{"date":"2019-10-18T17:53:48.290","level":"DEBUG","category":"listenTransfer.js","host":"frank-hp","pid":"3640","data":'==========39=========>blockNumber:323,transactionIndex::0'}
{"date":"2019-10-18T17:53:48.340","level":"DEBUG","category":"listenTransfer.js","host":"frank-hp","pid":"3640","data":'==========40=========>blockNumber:8966,transactionIndex::0'}
{"date":"2019-10-18T17:53:48.390","level":"DEBUG","category":"listenTransfer.js","host":"frank-hp","pid":"3640","data":'==========41=========>blockNumber:8968,transactionIndex::0'}
{"date":"2019-10-18T17:53:48.448","level":"DEBUG","category":"listenTransfer.js","host":"frank-hp","pid":"3640","data":'==========42=========>blockNumber:8978,transactionIndex::0'}
{"date":"2019-10-18T17:53:48.498","level":"DEBUG","category":"listenTransfer.js","host":"frank-hp","pid":"3640","data":'==========43=========>blockNumber:8979,transactionIndex::0'}
{"date":"2019-10-18T17:53:48.543","level":"DEBUG","category":"listenTransfer.js","host":"frank-hp","pid":"3640","data":'==========44=========>blockNumber:8983,transactionIndex::0'}
{"date":"2019-10-18T17:53:48.595","level":"DEBUG","category":"listenTransfer.js","host":"frank-hp","pid":"3640","data":'==========45=========>blockNumber:8983,transactionIndex::1'}
{"date":"2019-10-18T17:53:48.639","level":"DEBUG","category":"listenTransfer.js","host":"frank-hp","pid":"3640","data":'==========46=========>blockNumber:8983,transactionIndex::2'}
{"date":"2019-10-18T17:53:48.685","level":"DEBUG","category":"listenTransfer.js","host":"frank-hp","pid":"3640","data":'==========47=========>blockNumber:8991,transactionIndex::0'}
{"date":"2019-10-18T17:53:48.735","level":"DEBUG","category":"listenTransfer.js","host":"frank-hp","pid":"3640","data":'==========48=========>blockNumber:9013,transactionIndex::0'}
{"date":"2019-10-18T17:53:48.775","level":"DEBUG","category":"listenTransfer.js","host":"frank-hp","pid":"3640","data":'==========49=========>blockNumber:9014,transactionIndex::0'}
{"date":"2019-10-18T17:53:48.823","level":"DEBUG","category":"listenTransfer.js","host":"frank-hp","pid":"3640","data":'==========50=========>blockNumber:9023,transactionIndex::0'}
{"date":"2019-10-18T17:53:48.873","level":"DEBUG","category":"listenTransfer.js","host":"frank-hp","pid":"3640","data":'==========51=========>blockNumber:9024,transactionIndex::0'}
{"date":"2019-10-18T17:53:49.004","level":"DEBUG","category":"listenTransfer.js","host":"frank-hp","pid":"3640","data":'==========0=========>blockNumber:9024,transactionIndex::0'}
{"date":"2019-10-18T17:53:50.006","level":"DEBUG","category":"listenTransfer.js","host":"frank-hp","pid":"3640","data":'==========0=========>blockNumber:9024,transactionIndex::0'}
{"date":"2019-10-18T17:53:51.008","level":"DEBUG","category":"listenTransfer.js","host":"frank-hp","pid":"3640","data":'==========0=========>blockNumber:9024,transactionIndex::0'}
{"date":"2019-10-18T17:53:52.010","level":"DEBUG","category":"listenTransfer.js","host":"frank-hp","pid":"3640","data":'==========0=========>blockNumber:9024,transactionIndex::0'}
{"date":"2019-10-18T17:53:53.008","level":"DEBUG","category":"listenTransfer.js","host":"frank-hp","pid":"3640","data":'==========0=========>blockNumber:9024,transactionIndex::0'}
{"date":"2019-10-18T17:53:54.073","level":"DEBUG","category":"listenTransfer.js","host":"frank-hp","pid":"3640","data":'==========0=========>blockNumber:9024,transactionIndex::0'}
{"date":"2019-10-18T17:53:55.010","level":"DEBUG","category":"listenTransfer.js","host":"frank-hp","pid":"3640","data":'==========0=========>blockNumber:9024,transactionIndex::0'}
{"date":"2019-10-18T17:53:56.011","level":"DEBUG","category":"listenTransfer.js","host":"frank-hp","pid":"3640","data":'==========0=========>blockNumber:9024,transactionIndex::0'}
{"date":"2019-10-18T17:53:57.003","level":"DEBUG","category":"listenTransfer.js","host":"frank-hp","pid":"3640","data":'==========0=========>blockNumber:9024,transactionIndex::0'}
{"date":"2019-10-18T17:53:58.005","level":"DEBUG","category":"listenTransfer.js","host":"frank-hp","pid":"3640","data":'==========0=========>blockNumber:9024,transactionIndex::0'}
{"date":"2019-10-18T17:53:59.011","level":"DEBUG","category":"listenTransfer.js","host":"frank-hp","pid":"3640","data":'==========0=========>blockNumber:9024,transactionIndex::0'}
{"date":"2019-10-18T17:54:00.014","level":"DEBUG","category":"listenTransfer.js","host":"frank-hp","pid":"3640","data":'==========0=========>blockNumber:9024,transactionIndex::0'}
{"date":"2019-10-18T17:54:01.008","level":"DEBUG","category":"listenTransfer.js","host":"frank-hp","pid":"3640","data":'==========0=========>blockNumber:9024,transactionIndex::0'}
{"date":"2019-10-18T17:54:02.007","level":"DEBUG","category":"listenTransfer.js","host":"frank-hp","pid":"3640","data":'==========0=========>blockNumber:9024,transactionIndex::0'}
{"date":"2019-10-18T17:54:03.004","level":"DEBUG","category":"listenTransfer.js","host":"frank-hp","pid":"3640","data":'==========0=========>blockNumber:9024,transactionIndex::0'}
{"date":"2019-10-18T17:54:04.008","level":"DEBUG","category":"listenTransfer.js","host":"frank-hp","pid":"3640","data":'==========0=========>blockNumber:9024,transactionIndex::0'}
{"date":"2019-10-18T17:54:05.012","level":"DEBUG","category":"listenTransfer.js","host":"frank-hp","pid":"3640","data":'==========0=========>blockNumber:9024,transactionIndex::0'}
{"date":"2019-10-18T17:54:06.008","level":"DEBUG","category":"listenTransfer.js","host":"frank-hp","pid":"3640","data":'==========0=========>blockNumber:9024,transactionIndex::0'}
{"date":"2019-10-18T17:54:07.007","level":"DEBUG","category":"listenTransfer.js","host":"frank-hp","pid":"3640","data":'==========0=========>blockNumber:9024,transactionIndex::0'}
{"date":"2019-10-18T17:54:08.007","level":"DEBUG","category":"listenTransfer.js","host":"frank-hp","pid":"3640","data":'==========0=========>blockNumber:9024,transactionIndex::0'}
{"date":"2019-10-18T17:54:09.014","level":"DEBUG","category":"listenTransfer.js","host":"frank-hp","pid":"3640","data":'==========0=========>blockNumber:9024,transactionIndex::0'}
{"date":"2019-10-18T17:54:10.008","level":"DEBUG","category":"listenTransfer.js","host":"frank-hp","pid":"3640","data":'==========0=========>blockNumber:9024,transactionIndex::0'}
{"date":"2019-10-18T17:54:11.006","level":"DEBUG","category":"listenTransfer.js","host":"frank-hp","pid":"3640","data":'==========0=========>blockNumber:9024,transactionIndex::0'}
{"date":"2019-10-18T17:54:12.006","level":"DEBUG","category":"listenTransfer.js","host":"frank-hp","pid":"3640","data":'==========0=========>blockNumber:9024,transactionIndex::0'}
{"date":"2019-10-18T17:54:13.005","level":"DEBUG","category":"listenTransfer.js","host":"frank-hp","pid":"3640","data":'==========0=========>blockNumber:9024,transactionIndex::0'}
{"date":"2019-10-18T17:59:32.238","level":"DEBUG","category":"listenTransfer.js","host":"frank-hp","pid":"6800","data":'handlerTransferActions running...'}
{"date":"2019-10-18T17:59:32.330","level":"DEBUG","category":"listenTransfer.js","host":"frank-hp","pid":"6800","data":'==========0=========>blockNumber:42,transactionIndex::0'}
{"date":"2019-10-18T17:59:32.371","level":"WARN","category":"listenTransfer.js","host":"frank-hp","pid":"6800","data":'warn from parseContractAction(): if(!account),the account is null,the database not exist this account'}
{"date":"2019-10-18T17:59:32.372","level":"DEBUG","category":"listenTransfer.js","host":"frank-hp","pid":"6800","data":'wrong result { blockNumber: null,
  transactionIndex: null,
  transactionId: null,
  from: null,
  to: null,
  value: null,
  event: null }'}
{"date":"2019-10-18T17:59:32.373","level":"DEBUG","category":"listenTransfer.js","host":"frank-hp","pid":"6800","data":'==========1=========>blockNumber:53,transactionIndex::0'}
{"date":"2019-10-18T17:59:32.462","level":"DEBUG","category":"listenTransfer.js","host":"frank-hp","pid":"6800","data":'==========2=========>blockNumber:88,transactionIndex::0'}
{"date":"2019-10-18T17:59:32.504","level":"DEBUG","category":"listenTransfer.js","host":"frank-hp","pid":"6800","data":'==========3=========>blockNumber:137,transactionIndex::0'}
{"date":"2019-10-18T17:59:32.548","level":"DEBUG","category":"listenTransfer.js","host":"frank-hp","pid":"6800","data":'==========4=========>blockNumber:139,transactionIndex::0'}
{"date":"2019-10-18T17:59:32.592","level":"DEBUG","category":"listenTransfer.js","host":"frank-hp","pid":"6800","data":'==========5=========>blockNumber:237,transactionIndex::0'}
{"date":"2019-10-18T17:59:32.637","level":"DEBUG","category":"listenTransfer.js","host":"frank-hp","pid":"6800","data":'==========6=========>blockNumber:239,transactionIndex::0'}
{"date":"2019-10-18T17:59:32.681","level":"DEBUG","category":"listenTransfer.js","host":"frank-hp","pid":"6800","data":'==========7=========>blockNumber:240,transactionIndex::0'}
{"date":"2019-10-18T17:59:32.730","level":"DEBUG","category":"listenTransfer.js","host":"frank-hp","pid":"6800","data":'==========8=========>blockNumber:260,transactionIndex::0'}
{"date":"2019-10-18T17:59:32.776","level":"DEBUG","category":"listenTransfer.js","host":"frank-hp","pid":"6800","data":'==========9=========>blockNumber:260,transactionIndex::1'}
{"date":"2019-10-18T17:59:32.822","level":"DEBUG","category":"listenTransfer.js","host":"frank-hp","pid":"6800","data":'==========10=========>blockNumber:260,transactionIndex::2'}
{"date":"2019-10-18T17:59:32.872","level":"DEBUG","category":"listenTransfer.js","host":"frank-hp","pid":"6800","data":'==========11=========>blockNumber:260,transactionIndex::3'}
{"date":"2019-10-18T17:59:32.928","level":"DEBUG","category":"listenTransfer.js","host":"frank-hp","pid":"6800","data":'==========12=========>blockNumber:260,transactionIndex::4'}
{"date":"2019-10-18T17:59:32.984","level":"DEBUG","category":"listenTransfer.js","host":"frank-hp","pid":"6800","data":'==========13=========>blockNumber:260,transactionIndex::5'}
{"date":"2019-10-18T17:59:33.031","level":"DEBUG","category":"listenTransfer.js","host":"frank-hp","pid":"6800","data":'==========14=========>blockNumber:260,transactionIndex::6'}
{"date":"2019-10-18T17:59:33.076","level":"DEBUG","category":"listenTransfer.js","host":"frank-hp","pid":"6800","data":'==========15=========>blockNumber:260,transactionIndex::7'}
{"date":"2019-10-18T17:59:33.127","level":"DEBUG","category":"listenTransfer.js","host":"frank-hp","pid":"6800","data":'==========16=========>blockNumber:260,transactionIndex::8'}
{"date":"2019-10-18T17:59:33.177","level":"DEBUG","category":"listenTransfer.js","host":"frank-hp","pid":"6800","data":'==========17=========>blockNumber:260,transactionIndex::9'}
{"date":"2019-10-18T17:59:33.228","level":"DEBUG","category":"listenTransfer.js","host":"frank-hp","pid":"6800","data":'==========18=========>blockNumber:262,transactionIndex::0'}
{"date":"2019-10-18T17:59:33.276","level":"DEBUG","category":"listenTransfer.js","host":"frank-hp","pid":"6800","data":'==========19=========>blockNumber:263,transactionIndex::0'}
{"date":"2019-10-18T17:59:33.328","level":"DEBUG","category":"listenTransfer.js","host":"frank-hp","pid":"6800","data":'==========20=========>blockNumber:263,transactionIndex::1'}
{"date":"2019-10-18T17:59:33.382","level":"DEBUG","category":"listenTransfer.js","host":"frank-hp","pid":"6800","data":'==========21=========>blockNumber:263,transactionIndex::2'}
{"date":"2019-10-18T17:59:33.425","level":"DEBUG","category":"listenTransfer.js","host":"frank-hp","pid":"6800","data":'==========22=========>blockNumber:263,transactionIndex::3'}
{"date":"2019-10-18T17:59:33.481","level":"DEBUG","category":"listenTransfer.js","host":"frank-hp","pid":"6800","data":'==========23=========>blockNumber:263,transactionIndex::4'}
{"date":"2019-10-18T17:59:33.538","level":"DEBUG","category":"listenTransfer.js","host":"frank-hp","pid":"6800","data":'==========24=========>blockNumber:264,transactionIndex::0'}
{"date":"2019-10-18T17:59:33.584","level":"DEBUG","category":"listenTransfer.js","host":"frank-hp","pid":"6800","data":'==========25=========>blockNumber:264,transactionIndex::1'}
{"date":"2019-10-18T17:59:33.629","level":"DEBUG","category":"listenTransfer.js","host":"frank-hp","pid":"6800","data":'==========26=========>blockNumber:264,transactionIndex::2'}
{"date":"2019-10-18T17:59:33.675","level":"DEBUG","category":"listenTransfer.js","host":"frank-hp","pid":"6800","data":'==========27=========>blockNumber:264,transactionIndex::3'}
{"date":"2019-10-18T17:59:33.730","level":"DEBUG","category":"listenTransfer.js","host":"frank-hp","pid":"6800","data":'==========28=========>blockNumber:264,transactionIndex::4'}
{"date":"2019-10-18T17:59:33.781","level":"DEBUG","category":"listenTransfer.js","host":"frank-hp","pid":"6800","data":'==========29=========>blockNumber:264,transactionIndex::5'}
{"date":"2019-10-18T17:59:33.824","level":"DEBUG","category":"listenTransfer.js","host":"frank-hp","pid":"6800","data":'==========30=========>blockNumber:264,transactionIndex::6'}
{"date":"2019-10-18T17:59:33.873","level":"DEBUG","category":"listenTransfer.js","host":"frank-hp","pid":"6800","data":'==========31=========>blockNumber:264,transactionIndex::7'}
{"date":"2019-10-18T17:59:33.924","level":"DEBUG","category":"listenTransfer.js","host":"frank-hp","pid":"6800","data":'==========32=========>blockNumber:264,transactionIndex::8'}
{"date":"2019-10-18T17:59:33.977","level":"DEBUG","category":"listenTransfer.js","host":"frank-hp","pid":"6800","data":'==========33=========>blockNumber:264,transactionIndex::9'}
{"date":"2019-10-18T17:59:34.032","level":"DEBUG","category":"listenTransfer.js","host":"frank-hp","pid":"6800","data":'==========34=========>blockNumber:266,transactionIndex::0'}
{"date":"2019-10-18T17:59:34.079","level":"DEBUG","category":"listenTransfer.js","host":"frank-hp","pid":"6800","data":'==========35=========>blockNumber:266,transactionIndex::1'}
{"date":"2019-10-18T17:59:34.132","level":"DEBUG","category":"listenTransfer.js","host":"frank-hp","pid":"6800","data":'==========36=========>blockNumber:266,transactionIndex::2'}
{"date":"2019-10-18T17:59:34.186","level":"DEBUG","category":"listenTransfer.js","host":"frank-hp","pid":"6800","data":'==========37=========>blockNumber:266,transactionIndex::3'}
{"date":"2019-10-18T17:59:34.234","level":"DEBUG","category":"listenTransfer.js","host":"frank-hp","pid":"6800","data":'==========38=========>blockNumber:317,transactionIndex::0'}
{"date":"2019-10-18T17:59:34.276","level":"DEBUG","category":"listenTransfer.js","host":"frank-hp","pid":"6800","data":'==========39=========>blockNumber:323,transactionIndex::0'}
{"date":"2019-10-18T17:59:34.322","level":"DEBUG","category":"listenTransfer.js","host":"frank-hp","pid":"6800","data":'==========40=========>blockNumber:8966,transactionIndex::0'}
{"date":"2019-10-18T17:59:34.364","level":"DEBUG","category":"listenTransfer.js","host":"frank-hp","pid":"6800","data":'==========41=========>blockNumber:8968,transactionIndex::0'}
{"date":"2019-10-18T17:59:34.414","level":"DEBUG","category":"listenTransfer.js","host":"frank-hp","pid":"6800","data":'==========42=========>blockNumber:8978,transactionIndex::0'}
{"date":"2019-10-18T17:59:34.466","level":"DEBUG","category":"listenTransfer.js","host":"frank-hp","pid":"6800","data":'==========43=========>blockNumber:8979,transactionIndex::0'}
{"date":"2019-10-18T17:59:34.513","level":"DEBUG","category":"listenTransfer.js","host":"frank-hp","pid":"6800","data":'==========44=========>blockNumber:8983,transactionIndex::0'}
{"date":"2019-10-18T17:59:34.556","level":"DEBUG","category":"listenTransfer.js","host":"frank-hp","pid":"6800","data":'==========45=========>blockNumber:8983,transactionIndex::1'}
{"date":"2019-10-18T17:59:34.614","level":"DEBUG","category":"listenTransfer.js","host":"frank-hp","pid":"6800","data":'==========46=========>blockNumber:8983,transactionIndex::2'}
{"date":"2019-10-18T17:59:34.660","level":"DEBUG","category":"listenTransfer.js","host":"frank-hp","pid":"6800","data":'==========47=========>blockNumber:8991,transactionIndex::0'}
{"date":"2019-10-18T17:59:34.704","level":"DEBUG","category":"listenTransfer.js","host":"frank-hp","pid":"6800","data":'==========48=========>blockNumber:9013,transactionIndex::0'}
{"date":"2019-10-18T17:59:34.749","level":"DEBUG","category":"listenTransfer.js","host":"frank-hp","pid":"6800","data":'==========49=========>blockNumber:9014,transactionIndex::0'}
{"date":"2019-10-18T17:59:34.794","level":"DEBUG","category":"listenTransfer.js","host":"frank-hp","pid":"6800","data":'==========50=========>blockNumber:9023,transactionIndex::0'}
{"date":"2019-10-18T17:59:34.843","level":"DEBUG","category":"listenTransfer.js","host":"frank-hp","pid":"6800","data":'==========51=========>blockNumber:9024,transactionIndex::0'}
{"date":"2019-10-18T17:59:35.005","level":"DEBUG","category":"listenTransfer.js","host":"frank-hp","pid":"6800","data":'==========0=========>blockNumber:9024,transactionIndex::0'}
{"date":"2019-10-18T17:59:36.006","level":"DEBUG","category":"listenTransfer.js","host":"frank-hp","pid":"6800","data":'==========0=========>blockNumber:9024,transactionIndex::0'}
{"date":"2019-10-18T17:59:37.004","level":"DEBUG","category":"listenTransfer.js","host":"frank-hp","pid":"6800","data":'==========0=========>blockNumber:9024,transactionIndex::0'}
{"date":"2019-10-18T17:59:38.006","level":"DEBUG","category":"listenTransfer.js","host":"frank-hp","pid":"6800","data":'==========0=========>blockNumber:9024,transactionIndex::0'}
{"date":"2019-10-18T17:59:39.007","level":"DEBUG","category":"listenTransfer.js","host":"frank-hp","pid":"6800","data":'==========0=========>blockNumber:9024,transactionIndex::0'}
{"date":"2019-10-18T17:59:40.005","level":"DEBUG","category":"listenTransfer.js","host":"frank-hp","pid":"6800","data":'==========0=========>blockNumber:9024,transactionIndex::0'}
{"date":"2019-10-18T17:59:41.006","level":"DEBUG","category":"listenTransfer.js","host":"frank-hp","pid":"6800","data":'==========0=========>blockNumber:9024,transactionIndex::0'}
{"date":"2019-10-18T17:59:42.031","level":"DEBUG","category":"listenTransfer.js","host":"frank-hp","pid":"6800","data":'==========0=========>blockNumber:9024,transactionIndex::0'}
{"date":"2019-10-18T17:59:43.008","level":"DEBUG","category":"listenTransfer.js","host":"frank-hp","pid":"6800","data":'==========0=========>blockNumber:9024,transactionIndex::0'}
{"date":"2019-10-18T17:59:44.008","level":"DEBUG","category":"listenTransfer.js","host":"frank-hp","pid":"6800","data":'==========0=========>blockNumber:9024,transactionIndex::0'}
{"date":"2019-10-18T17:59:45.008","level":"DEBUG","category":"listenTransfer.js","host":"frank-hp","pid":"6800","data":'==========0=========>blockNumber:9024,transactionIndex::0'}
{"date":"2019-10-18T17:59:46.007","level":"DEBUG","category":"listenTransfer.js","host":"frank-hp","pid":"6800","data":'==========0=========>blockNumber:9024,transactionIndex::0'}
{"date":"2019-10-18T17:59:47.008","level":"DEBUG","category":"listenTransfer.js","host":"frank-hp","pid":"6800","data":'==========0=========>blockNumber:9024,transactionIndex::0'}
{"date":"2019-10-18T17:59:48.008","level":"DEBUG","category":"listenTransfer.js","host":"frank-hp","pid":"6800","data":'==========0=========>blockNumber:9024,transactionIndex::0'}
{"date":"2019-10-18T17:59:49.007","level":"DEBUG","category":"listenTransfer.js","host":"frank-hp","pid":"6800","data":'==========0=========>blockNumber:9024,transactionIndex::0'}
{"date":"2019-10-18T17:59:50.011","level":"DEBUG","category":"listenTransfer.js","host":"frank-hp","pid":"6800","data":'==========0=========>blockNumber:9024,transactionIndex::0'}
{"date":"2019-10-18T17:59:51.008","level":"DEBUG","category":"listenTransfer.js","host":"frank-hp","pid":"6800","data":'==========0=========>blockNumber:9024,transactionIndex::0'}
{"date":"2019-10-18T17:59:52.003","level":"DEBUG","category":"listenTransfer.js","host":"frank-hp","pid":"6800","data":'==========0=========>blockNumber:9024,transactionIndex::0'}
{"date":"2019-10-18T17:59:53.007","level":"DEBUG","category":"listenTransfer.js","host":"frank-hp","pid":"6800","data":'==========0=========>blockNumber:9024,transactionIndex::0'}
{"date":"2019-10-18T17:59:54.004","level":"DEBUG","category":"listenTransfer.js","host":"frank-hp","pid":"6800","data":'==========0=========>blockNumber:9024,transactionIndex::0'}
{"date":"2019-10-18T17:59:55.006","level":"DEBUG","category":"listenTransfer.js","host":"frank-hp","pid":"6800","data":'==========0=========>blockNumber:9024,transactionIndex::0'}
{"date":"2019-10-18T17:59:56.005","level":"DEBUG","category":"listenTransfer.js","host":"frank-hp","pid":"6800","data":'==========0=========>blockNumber:9024,transactionIndex::0'}
{"date":"2019-10-18T18:06:28.007","level":"DEBUG","category":"listenTransfer.js","host":"frank-hp","pid":"13292","data":'handlerTransferActions running...'}
{"date":"2019-10-18T18:06:28.100","level":"WARN","category":"listenTransfer.js","host":"frank-hp","pid":"13292","data":'<==========处理交易区块号是：42=========>,<==========该区块的交易索引：0=========>'}
{"date":"2019-10-18T18:06:28.146","level":"WARN","category":"listenTransfer.js","host":"frank-hp","pid":"13292","data":'warn from parseContractAction(): if(!account),the account is null,the database not exist this account'}
{"date":"2019-10-18T18:06:28.163","level":"DEBUG","category":"listenTransfer.js","host":"frank-hp","pid":"13292","data":'wrong result { blockNumber: null,
  transactionIndex: null,
  transactionId: null,
  from: null,
  to: null,
  value: null,
  event: null }'}
{"date":"2019-10-18T18:06:28.164","level":"WARN","category":"listenTransfer.js","host":"frank-hp","pid":"13292","data":'<==========处理交易区块号是：53=========>,<==========该区块的交易索引：0=========>'}
{"date":"2019-10-18T18:06:28.241","level":"WARN","category":"listenTransfer.js","host":"frank-hp","pid":"13292","data":'<==========处理交易区块号是：88=========>,<==========该区块的交易索引：0=========>'}
{"date":"2019-10-18T18:06:28.286","level":"WARN","category":"listenTransfer.js","host":"frank-hp","pid":"13292","data":'<==========处理交易区块号是：137=========>,<==========该区块的交易索引：0=========>'}
{"date":"2019-10-18T18:06:28.331","level":"WARN","category":"listenTransfer.js","host":"frank-hp","pid":"13292","data":'<==========处理交易区块号是：139=========>,<==========该区块的交易索引：0=========>'}
{"date":"2019-10-18T18:06:28.374","level":"WARN","category":"listenTransfer.js","host":"frank-hp","pid":"13292","data":'<==========处理交易区块号是：237=========>,<==========该区块的交易索引：0=========>'}
{"date":"2019-10-18T18:06:28.418","level":"WARN","category":"listenTransfer.js","host":"frank-hp","pid":"13292","data":'<==========处理交易区块号是：239=========>,<==========该区块的交易索引：0=========>'}
{"date":"2019-10-18T18:06:28.462","level":"WARN","category":"listenTransfer.js","host":"frank-hp","pid":"13292","data":'<==========处理交易区块号是：240=========>,<==========该区块的交易索引：0=========>'}
{"date":"2019-10-18T18:06:28.506","level":"WARN","category":"listenTransfer.js","host":"frank-hp","pid":"13292","data":'<==========处理交易区块号是：260=========>,<==========该区块的交易索引：0=========>'}
{"date":"2019-10-18T18:06:28.550","level":"WARN","category":"listenTransfer.js","host":"frank-hp","pid":"13292","data":'<==========处理交易区块号是：260=========>,<==========该区块的交易索引：1=========>'}
{"date":"2019-10-18T18:06:28.594","level":"WARN","category":"listenTransfer.js","host":"frank-hp","pid":"13292","data":'<==========处理交易区块号是：260=========>,<==========该区块的交易索引：2=========>'}
{"date":"2019-10-18T18:06:28.638","level":"WARN","category":"listenTransfer.js","host":"frank-hp","pid":"13292","data":'<==========处理交易区块号是：260=========>,<==========该区块的交易索引：3=========>'}
{"date":"2019-10-18T18:06:28.692","level":"WARN","category":"listenTransfer.js","host":"frank-hp","pid":"13292","data":'<==========处理交易区块号是：260=========>,<==========该区块的交易索引：4=========>'}
{"date":"2019-10-18T18:06:28.736","level":"WARN","category":"listenTransfer.js","host":"frank-hp","pid":"13292","data":'<==========处理交易区块号是：260=========>,<==========该区块的交易索引：5=========>'}
{"date":"2019-10-18T18:06:28.779","level":"WARN","category":"listenTransfer.js","host":"frank-hp","pid":"13292","data":'<==========处理交易区块号是：260=========>,<==========该区块的交易索引：6=========>'}
{"date":"2019-10-18T18:06:28.823","level":"WARN","category":"listenTransfer.js","host":"frank-hp","pid":"13292","data":'<==========处理交易区块号是：260=========>,<==========该区块的交易索引：7=========>'}
{"date":"2019-10-18T18:06:28.867","level":"WARN","category":"listenTransfer.js","host":"frank-hp","pid":"13292","data":'<==========处理交易区块号是：260=========>,<==========该区块的交易索引：8=========>'}
{"date":"2019-10-18T18:06:28.911","level":"WARN","category":"listenTransfer.js","host":"frank-hp","pid":"13292","data":'<==========处理交易区块号是：260=========>,<==========该区块的交易索引：9=========>'}
{"date":"2019-10-18T18:06:28.954","level":"WARN","category":"listenTransfer.js","host":"frank-hp","pid":"13292","data":'<==========处理交易区块号是：262=========>,<==========该区块的交易索引：0=========>'}
{"date":"2019-10-18T18:06:29.002","level":"WARN","category":"listenTransfer.js","host":"frank-hp","pid":"13292","data":'<==========处理交易区块号是：263=========>,<==========该区块的交易索引：0=========>'}
{"date":"2019-10-18T18:06:29.046","level":"WARN","category":"listenTransfer.js","host":"frank-hp","pid":"13292","data":'<==========处理交易区块号是：263=========>,<==========该区块的交易索引：1=========>'}
{"date":"2019-10-18T18:06:29.091","level":"WARN","category":"listenTransfer.js","host":"frank-hp","pid":"13292","data":'<==========处理交易区块号是：263=========>,<==========该区块的交易索引：2=========>'}
{"date":"2019-10-18T18:06:29.136","level":"WARN","category":"listenTransfer.js","host":"frank-hp","pid":"13292","data":'<==========处理交易区块号是：263=========>,<==========该区块的交易索引：3=========>'}
{"date":"2019-10-18T18:06:29.179","level":"WARN","category":"listenTransfer.js","host":"frank-hp","pid":"13292","data":'<==========处理交易区块号是：263=========>,<==========该区块的交易索引：4=========>'}
{"date":"2019-10-18T18:06:29.224","level":"WARN","category":"listenTransfer.js","host":"frank-hp","pid":"13292","data":'<==========处理交易区块号是：264=========>,<==========该区块的交易索引：0=========>'}
{"date":"2019-10-18T18:06:29.268","level":"WARN","category":"listenTransfer.js","host":"frank-hp","pid":"13292","data":'<==========处理交易区块号是：264=========>,<==========该区块的交易索引：1=========>'}
{"date":"2019-10-18T18:06:29.315","level":"WARN","category":"listenTransfer.js","host":"frank-hp","pid":"13292","data":'<==========处理交易区块号是：264=========>,<==========该区块的交易索引：2=========>'}
{"date":"2019-10-18T18:06:29.362","level":"WARN","category":"listenTransfer.js","host":"frank-hp","pid":"13292","data":'<==========处理交易区块号是：264=========>,<==========该区块的交易索引：3=========>'}
{"date":"2019-10-18T18:06:29.402","level":"WARN","category":"listenTransfer.js","host":"frank-hp","pid":"13292","data":'<==========处理交易区块号是：264=========>,<==========该区块的交易索引：4=========>'}
{"date":"2019-10-18T18:06:29.447","level":"WARN","category":"listenTransfer.js","host":"frank-hp","pid":"13292","data":'<==========处理交易区块号是：264=========>,<==========该区块的交易索引：5=========>'}
{"date":"2019-10-18T18:06:29.490","level":"WARN","category":"listenTransfer.js","host":"frank-hp","pid":"13292","data":'<==========处理交易区块号是：264=========>,<==========该区块的交易索引：6=========>'}
{"date":"2019-10-18T18:06:29.536","level":"WARN","category":"listenTransfer.js","host":"frank-hp","pid":"13292","data":'<==========处理交易区块号是：264=========>,<==========该区块的交易索引：7=========>'}
{"date":"2019-10-18T18:06:29.578","level":"WARN","category":"listenTransfer.js","host":"frank-hp","pid":"13292","data":'<==========处理交易区块号是：264=========>,<==========该区块的交易索引：8=========>'}
{"date":"2019-10-18T18:06:29.622","level":"WARN","category":"listenTransfer.js","host":"frank-hp","pid":"13292","data":'<==========处理交易区块号是：264=========>,<==========该区块的交易索引：9=========>'}
{"date":"2019-10-18T18:06:29.666","level":"WARN","category":"listenTransfer.js","host":"frank-hp","pid":"13292","data":'<==========处理交易区块号是：266=========>,<==========该区块的交易索引：0=========>'}
{"date":"2019-10-18T18:06:29.712","level":"WARN","category":"listenTransfer.js","host":"frank-hp","pid":"13292","data":'<==========处理交易区块号是：266=========>,<==========该区块的交易索引：1=========>'}
{"date":"2019-10-18T18:06:29.754","level":"WARN","category":"listenTransfer.js","host":"frank-hp","pid":"13292","data":'<==========处理交易区块号是：266=========>,<==========该区块的交易索引：2=========>'}
{"date":"2019-10-18T18:06:29.800","level":"WARN","category":"listenTransfer.js","host":"frank-hp","pid":"13292","data":'<==========处理交易区块号是：266=========>,<==========该区块的交易索引：3=========>'}
{"date":"2019-10-18T18:06:29.843","level":"WARN","category":"listenTransfer.js","host":"frank-hp","pid":"13292","data":'<==========处理交易区块号是：317=========>,<==========该区块的交易索引：0=========>'}
{"date":"2019-10-18T18:06:29.892","level":"WARN","category":"listenTransfer.js","host":"frank-hp","pid":"13292","data":'<==========处理交易区块号是：323=========>,<==========该区块的交易索引：0=========>'}
{"date":"2019-10-18T18:06:29.936","level":"WARN","category":"listenTransfer.js","host":"frank-hp","pid":"13292","data":'<==========处理交易区块号是：8966=========>,<==========该区块的交易索引：0=========>'}
{"date":"2019-10-18T18:06:29.983","level":"WARN","category":"listenTransfer.js","host":"frank-hp","pid":"13292","data":'<==========处理交易区块号是：8968=========>,<==========该区块的交易索引：0=========>'}
{"date":"2019-10-18T18:06:30.027","level":"WARN","category":"listenTransfer.js","host":"frank-hp","pid":"13292","data":'<==========处理交易区块号是：8978=========>,<==========该区块的交易索引：0=========>'}
{"date":"2019-10-18T18:06:30.071","level":"WARN","category":"listenTransfer.js","host":"frank-hp","pid":"13292","data":'<==========处理交易区块号是：8979=========>,<==========该区块的交易索引：0=========>'}
{"date":"2019-10-18T18:06:30.114","level":"WARN","category":"listenTransfer.js","host":"frank-hp","pid":"13292","data":'<==========处理交易区块号是：8983=========>,<==========该区块的交易索引：0=========>'}
{"date":"2019-10-18T18:06:30.158","level":"WARN","category":"listenTransfer.js","host":"frank-hp","pid":"13292","data":'<==========处理交易区块号是：8983=========>,<==========该区块的交易索引：1=========>'}
{"date":"2019-10-18T18:06:30.205","level":"WARN","category":"listenTransfer.js","host":"frank-hp","pid":"13292","data":'<==========处理交易区块号是：8983=========>,<==========该区块的交易索引：2=========>'}
{"date":"2019-10-18T18:06:30.251","level":"WARN","category":"listenTransfer.js","host":"frank-hp","pid":"13292","data":'<==========处理交易区块号是：8991=========>,<==========该区块的交易索引：0=========>'}
{"date":"2019-10-18T18:06:30.294","level":"WARN","category":"listenTransfer.js","host":"frank-hp","pid":"13292","data":'<==========处理交易区块号是：9013=========>,<==========该区块的交易索引：0=========>'}
{"date":"2019-10-18T18:06:30.339","level":"WARN","category":"listenTransfer.js","host":"frank-hp","pid":"13292","data":'<==========处理交易区块号是：9014=========>,<==========该区块的交易索引：0=========>'}
{"date":"2019-10-18T18:06:30.382","level":"WARN","category":"listenTransfer.js","host":"frank-hp","pid":"13292","data":'<==========处理交易区块号是：9023=========>,<==========该区块的交易索引：0=========>'}
{"date":"2019-10-18T18:06:30.429","level":"WARN","category":"listenTransfer.js","host":"frank-hp","pid":"13292","data":'<==========处理交易区块号是：9024=========>,<==========该区块的交易索引：0=========>'}
{"date":"2019-10-18T18:06:31.143","level":"WARN","category":"listenTransfer.js","host":"frank-hp","pid":"13292","data":'<==========处理交易区块号是：9024=========>,<==========该区块的交易索引：0=========>'}
{"date":"2019-10-18T18:06:32.003","level":"WARN","category":"listenTransfer.js","host":"frank-hp","pid":"13292","data":'<==========处理交易区块号是：9024=========>,<==========该区块的交易索引：0=========>'}
{"date":"2019-10-18T18:06:33.003","level":"WARN","category":"listenTransfer.js","host":"frank-hp","pid":"13292","data":'<==========处理交易区块号是：9024=========>,<==========该区块的交易索引：0=========>'}
{"date":"2019-10-18T18:06:34.003","level":"WARN","category":"listenTransfer.js","host":"frank-hp","pid":"13292","data":'<==========处理交易区块号是：9024=========>,<==========该区块的交易索引：0=========>'}
{"date":"2019-10-18T18:06:35.003","level":"WARN","category":"listenTransfer.js","host":"frank-hp","pid":"13292","data":'<==========处理交易区块号是：9024=========>,<==========该区块的交易索引：0=========>'}
{"date":"2019-10-18T18:06:36.003","level":"WARN","category":"listenTransfer.js","host":"frank-hp","pid":"13292","data":'<==========处理交易区块号是：9024=========>,<==========该区块的交易索引：0=========>'}
{"date":"2019-10-18T18:06:37.004","level":"WARN","category":"listenTransfer.js","host":"frank-hp","pid":"13292","data":'<==========处理交易区块号是：9024=========>,<==========该区块的交易索引：0=========>'}
{"date":"2019-10-18T18:06:38.004","level":"WARN","category":"listenTransfer.js","host":"frank-hp","pid":"13292","data":'<==========处理交易区块号是：9024=========>,<==========该区块的交易索引：0=========>'}
{"date":"2019-10-18T20:29:49.034","level":"DEBUG","category":"listenTransfer.js","host":"frank-hp","pid":"5908","data":'handlerTransferActions running...'}
{"date":"2019-10-18T20:29:49.093","level":"WARN","category":"listenTransfer.js","host":"frank-hp","pid":"5908","data":'<==========处理交易区块号是：9024=========>,<==========该区块的交易索引：0=========>'}
{"date":"2019-10-18T20:29:49.169","level":"WARN","category":"listenTransfer.js","host":"frank-hp","pid":"5908","data":'warn from parseContractAction(): if(!account),the account is null,the database not exist this account'}
{"date":"2019-10-18T20:29:49.171","level":"WARN","category":"listenTransfer.js","host":"frank-hp","pid":"5908","data":'<==========处理交易区块号是：9037=========>,<==========该区块的交易索引：0=========>'}
{"date":"2019-10-18T20:29:49.285","level":"WARN","category":"listenTransfer.js","host":"frank-hp","pid":"5908","data":'<==========处理交易区块号是：9039=========>,<==========该区块的交易索引：0=========>'}
{"date":"2019-10-18T20:29:49.365","level":"WARN","category":"listenTransfer.js","host":"frank-hp","pid":"5908","data":'<==========处理交易区块号是：9040=========>,<==========该区块的交易索引：0=========>'}
{"date":"2019-10-18T20:29:49.446","level":"WARN","category":"listenTransfer.js","host":"frank-hp","pid":"5908","data":'<==========处理交易区块号是：9041=========>,<==========该区块的交易索引：0=========>'}
{"date":"2019-10-18T20:29:49.491","level":"WARN","category":"listenTransfer.js","host":"frank-hp","pid":"5908","data":'<==========处理交易区块号是：9042=========>,<==========该区块的交易索引：0=========>'}
{"date":"2019-10-18T20:29:49.543","level":"WARN","category":"listenTransfer.js","host":"frank-hp","pid":"5908","data":'<==========处理交易区块号是：9043=========>,<==========该区块的交易索引：0=========>'}
{"date":"2019-10-18T20:29:49.589","level":"WARN","category":"listenTransfer.js","host":"frank-hp","pid":"5908","data":'<==========处理交易区块号是：9046=========>,<==========该区块的交易索引：0=========>'}
{"date":"2019-10-18T20:29:49.635","level":"WARN","category":"listenTransfer.js","host":"frank-hp","pid":"5908","data":'<==========处理交易区块号是：9048=========>,<==========该区块的交易索引：0=========>'}
{"date":"2019-10-18T20:29:49.680","level":"WARN","category":"listenTransfer.js","host":"frank-hp","pid":"5908","data":'<==========处理交易区块号是：9051=========>,<==========该区块的交易索引：0=========>'}
{"date":"2019-10-18T20:29:49.724","level":"WARN","category":"listenTransfer.js","host":"frank-hp","pid":"5908","data":'<==========处理交易区块号是：9054=========>,<==========该区块的交易索引：0=========>'}
{"date":"2019-10-18T20:29:49.768","level":"WARN","category":"listenTransfer.js","host":"frank-hp","pid":"5908","data":'<==========处理交易区块号是：9057=========>,<==========该区块的交易索引：0=========>'}
{"date":"2019-10-18T20:29:49.812","level":"WARN","category":"listenTransfer.js","host":"frank-hp","pid":"5908","data":'<==========处理交易区块号是：9060=========>,<==========该区块的交易索引：0=========>'}
{"date":"2019-10-18T20:29:50.004","level":"WARN","category":"listenTransfer.js","host":"frank-hp","pid":"5908","data":'<==========处理交易区块号是：9060=========>,<==========该区块的交易索引：0=========>'}
{"date":"2019-10-18T20:29:51.004","level":"WARN","category":"listenTransfer.js","host":"frank-hp","pid":"5908","data":'<==========处理交易区块号是：9060=========>,<==========该区块的交易索引：0=========>'}
{"date":"2019-10-18T20:29:52.011","level":"WARN","category":"listenTransfer.js","host":"frank-hp","pid":"5908","data":'<==========处理交易区块号是：9060=========>,<==========该区块的交易索引：0=========>'}
{"date":"2019-10-18T20:29:53.011","level":"WARN","category":"listenTransfer.js","host":"frank-hp","pid":"5908","data":'<==========处理交易区块号是：9060=========>,<==========该区块的交易索引：0=========>'}
{"date":"2019-10-18T20:29:54.004","level":"WARN","category":"listenTransfer.js","host":"frank-hp","pid":"5908","data":'<==========处理交易区块号是：9060=========>,<==========该区块的交易索引：0=========>'}
{"date":"2019-10-18T20:29:55.009","level":"WARN","category":"listenTransfer.js","host":"frank-hp","pid":"5908","data":'<==========处理交易区块号是：9060=========>,<==========该区块的交易索引：0=========>'}
{"date":"2019-10-18T20:29:56.002","level":"WARN","category":"listenTransfer.js","host":"frank-hp","pid":"5908","data":'<==========处理交易区块号是：9060=========>,<==========该区块的交易索引：0=========>'}
{"date":"2019-10-18T20:29:57.005","level":"WARN","category":"listenTransfer.js","host":"frank-hp","pid":"5908","data":'<==========处理交易区块号是：9060=========>,<==========该区块的交易索引：0=========>'}
{"date":"2019-10-18T20:29:58.006","level":"WARN","category":"listenTransfer.js","host":"frank-hp","pid":"5908","data":'<==========处理交易区块号是：9060=========>,<==========该区块的交易索引：0=========>'}
{"date":"2019-10-18T20:29:59.006","level":"WARN","category":"listenTransfer.js","host":"frank-hp","pid":"5908","data":'<==========处理交易区块号是：9060=========>,<==========该区块的交易索引：0=========>'}
{"date":"2019-10-18T20:30:00.014","level":"WARN","category":"listenTransfer.js","host":"frank-hp","pid":"5908","data":'<==========处理交易区块号是：9060=========>,<==========该区块的交易索引：0=========>'}
{"date":"2019-10-18T20:30:01.004","level":"WARN","category":"listenTransfer.js","host":"frank-hp","pid":"5908","data":'<==========处理交易区块号是：9060=========>,<==========该区块的交易索引：0=========>'}
{"date":"2019-10-18T20:30:02.009","level":"WARN","category":"listenTransfer.js","host":"frank-hp","pid":"5908","data":'<==========处理交易区块号是：9060=========>,<==========该区块的交易索引：0=========>'}
{"date":"2019-10-18T20:30:03.004","level":"WARN","category":"listenTransfer.js","host":"frank-hp","pid":"5908","data":'<==========处理交易区块号是：9060=========>,<==========该区块的交易索引：0=========>'}
{"date":"2019-10-18T20:30:04.004","level":"WARN","category":"listenTransfer.js","host":"frank-hp","pid":"5908","data":'<==========处理交易区块号是：9060=========>,<==========该区块的交易索引：0=========>'}
{"date":"2019-10-18T20:30:05.004","level":"WARN","category":"listenTransfer.js","host":"frank-hp","pid":"5908","data":'<==========处理交易区块号是：9060=========>,<==========该区块的交易索引：0=========>'}
{"date":"2019-10-18T20:30:06.005","level":"WARN","category":"listenTransfer.js","host":"frank-hp","pid":"5908","data":'<==========处理交易区块号是：9060=========>,<==========该区块的交易索引：0=========>'}
{"date":"2019-10-18T20:30:07.013","level":"WARN","category":"listenTransfer.js","host":"frank-hp","pid":"5908","data":'<==========处理交易区块号是：9060=========>,<==========该区块的交易索引：0=========>'}
{"date":"2019-10-18T20:30:08.013","level":"WARN","category":"listenTransfer.js","host":"frank-hp","pid":"5908","data":'<==========处理交易区块号是：9060=========>,<==========该区块的交易索引：0=========>'}
{"date":"2019-10-18T20:30:09.012","level":"WARN","category":"listenTransfer.js","host":"frank-hp","pid":"5908","data":'<==========处理交易区块号是：9060=========>,<==========该区块的交易索引：0=========>'}
{"date":"2019-10-18T20:30:10.008","level":"WARN","category":"listenTransfer.js","host":"frank-hp","pid":"5908","data":'<==========处理交易区块号是：9060=========>,<==========该区块的交易索引：0=========>'}
{"date":"2019-10-18T20:30:11.010","level":"WARN","category":"listenTransfer.js","host":"frank-hp","pid":"5908","data":'<==========处理交易区块号是：9060=========>,<==========该区块的交易索引：0=========>'}
{"date":"2019-10-18T20:30:12.007","level":"WARN","category":"listenTransfer.js","host":"frank-hp","pid":"5908","data":'<==========处理交易区块号是：9060=========>,<==========该区块的交易索引：0=========>'}
{"date":"2019-10-18T20:30:13.008","level":"WARN","category":"listenTransfer.js","host":"frank-hp","pid":"5908","data":'<==========处理交易区块号是：9060=========>,<==========该区块的交易索引：0=========>'}
{"date":"2019-10-18T20:30:14.006","level":"WARN","category":"listenTransfer.js","host":"frank-hp","pid":"5908","data":'<==========处理交易区块号是：9060=========>,<==========该区块的交易索引：0=========>'}
{"date":"2019-10-18T20:30:15.009","level":"WARN","category":"listenTransfer.js","host":"frank-hp","pid":"5908","data":'<==========处理交易区块号是：9060=========>,<==========该区块的交易索引：0=========>'}
{"date":"2019-10-18T20:30:16.007","level":"WARN","category":"listenTransfer.js","host":"frank-hp","pid":"5908","data":'<==========处理交易区块号是：9060=========>,<==========该区块的交易索引：0=========>'}
{"date":"2019-10-18T20:30:17.004","level":"WARN","category":"listenTransfer.js","host":"frank-hp","pid":"5908","data":'<==========处理交易区块号是：9060=========>,<==========该区块的交易索引：0=========>'}
{"date":"2019-10-18T20:30:18.007","level":"WARN","category":"listenTransfer.js","host":"frank-hp","pid":"5908","data":'<==========处理交易区块号是：9060=========>,<==========该区块的交易索引：0=========>'}
{"date":"2019-10-18T20:30:19.005","level":"WARN","category":"listenTransfer.js","host":"frank-hp","pid":"5908","data":'<==========处理交易区块号是：9060=========>,<==========该区块的交易索引：0=========>'}
{"date":"2019-10-18T20:30:20.007","level":"WARN","category":"listenTransfer.js","host":"frank-hp","pid":"5908","data":'<==========处理交易区块号是：9060=========>,<==========该区块的交易索引：0=========>'}
{"date":"2019-10-18T20:30:21.005","level":"WARN","category":"listenTransfer.js","host":"frank-hp","pid":"5908","data":'<==========处理交易区块号是：9060=========>,<==========该区块的交易索引：0=========>'}
{"date":"2019-10-18T20:30:22.008","level":"WARN","category":"listenTransfer.js","host":"frank-hp","pid":"5908","data":'<==========处理交易区块号是：9060=========>,<==========该区块的交易索引：0=========>'}
{"date":"2019-10-18T20:30:23.002","level":"WARN","category":"listenTransfer.js","host":"frank-hp","pid":"5908","data":'<==========处理交易区块号是：9060=========>,<==========该区块的交易索引：0=========>'}
{"date":"2019-10-18T20:30:24.003","level":"WARN","category":"listenTransfer.js","host":"frank-hp","pid":"5908","data":'<==========处理交易区块号是：9060=========>,<==========该区块的交易索引：0=========>'}
{"date":"2019-10-18T20:30:25.007","level":"WARN","category":"listenTransfer.js","host":"frank-hp","pid":"5908","data":'<==========处理交易区块号是：9060=========>,<==========该区块的交易索引：0=========>'}
{"date":"2019-10-18T20:30:26.006","level":"WARN","category":"listenTransfer.js","host":"frank-hp","pid":"5908","data":'<==========处理交易区块号是：9060=========>,<==========该区块的交易索引：0=========>'}
{"date":"2019-10-18T20:30:27.006","level":"WARN","category":"listenTransfer.js","host":"frank-hp","pid":"5908","data":'<==========处理交易区块号是：9060=========>,<==========该区块的交易索引：0=========>'}
{"date":"2019-10-18T20:30:28.006","level":"WARN","category":"listenTransfer.js","host":"frank-hp","pid":"5908","data":'<==========处理交易区块号是：9060=========>,<==========该区块的交易索引：0=========>'}
{"date":"2019-10-18T20:30:29.008","level":"WARN","category":"listenTransfer.js","host":"frank-hp","pid":"5908","data":'<==========处理交易区块号是：9060=========>,<==========该区块的交易索引：0=========>'}
{"date":"2019-10-18T20:30:30.009","level":"WARN","category":"listenTransfer.js","host":"frank-hp","pid":"5908","data":'<==========处理交易区块号是：9060=========>,<==========该区块的交易索引：0=========>'}
{"date":"2019-10-18T20:30:31.007","level":"WARN","category":"listenTransfer.js","host":"frank-hp","pid":"5908","data":'<==========处理交易区块号是：9060=========>,<==========该区块的交易索引：0=========>'}
{"date":"2019-10-18T20:30:32.005","level":"WARN","category":"listenTransfer.js","host":"frank-hp","pid":"5908","data":'<==========处理交易区块号是：9060=========>,<==========该区块的交易索引：0=========>'}
{"date":"2019-10-18T20:30:33.005","level":"WARN","category":"listenTransfer.js","host":"frank-hp","pid":"5908","data":'<==========处理交易区块号是：9060=========>,<==========该区块的交易索引：0=========>'}
{"date":"2019-10-18T20:30:34.008","level":"WARN","category":"listenTransfer.js","host":"frank-hp","pid":"5908","data":'<==========处理交易区块号是：9060=========>,<==========该区块的交易索引：0=========>'}
{"date":"2019-10-18T20:30:35.007","level":"WARN","category":"listenTransfer.js","host":"frank-hp","pid":"5908","data":'<==========处理交易区块号是：9060=========>,<==========该区块的交易索引：0=========>'}
{"date":"2019-10-18T20:30:36.007","level":"WARN","category":"listenTransfer.js","host":"frank-hp","pid":"5908","data":'<==========处理交易区块号是：9060=========>,<==========该区块的交易索引：0=========>'}
{"date":"2019-10-18T20:30:37.004","level":"WARN","category":"listenTransfer.js","host":"frank-hp","pid":"5908","data":'<==========处理交易区块号是：9060=========>,<==========该区块的交易索引：0=========>'}
{"date":"2019-10-18T20:30:38.008","level":"WARN","category":"listenTransfer.js","host":"frank-hp","pid":"5908","data":'<==========处理交易区块号是：9060=========>,<==========该区块的交易索引：0=========>'}
{"date":"2019-10-18T20:30:39.006","level":"WARN","category":"listenTransfer.js","host":"frank-hp","pid":"5908","data":'<==========处理交易区块号是：9060=========>,<==========该区块的交易索引：0=========>'}
{"date":"2019-10-18T20:30:40.011","level":"WARN","category":"listenTransfer.js","host":"frank-hp","pid":"5908","data":'<==========处理交易区块号是：9060=========>,<==========该区块的交易索引：0=========>'}
{"date":"2019-10-18T20:30:41.004","level":"WARN","category":"listenTransfer.js","host":"frank-hp","pid":"5908","data":'<==========处理交易区块号是：9060=========>,<==========该区块的交易索引：0=========>'}
{"date":"2019-10-18T20:30:42.004","level":"WARN","category":"listenTransfer.js","host":"frank-hp","pid":"5908","data":'<==========处理交易区块号是：9060=========>,<==========该区块的交易索引：0=========>'}
{"date":"2019-10-18T20:30:43.006","level":"WARN","category":"listenTransfer.js","host":"frank-hp","pid":"5908","data":'<==========处理交易区块号是：9060=========>,<==========该区块的交易索引：0=========>'}
{"date":"2019-10-18T20:30:44.006","level":"WARN","category":"listenTransfer.js","host":"frank-hp","pid":"5908","data":'<==========处理交易区块号是：9060=========>,<==========该区块的交易索引：0=========>'}
{"date":"2019-10-18T20:30:45.004","level":"WARN","category":"listenTransfer.js","host":"frank-hp","pid":"5908","data":'<==========处理交易区块号是：9060=========>,<==========该区块的交易索引：0=========>'}
{"date":"2019-10-18T20:30:46.006","level":"WARN","category":"listenTransfer.js","host":"frank-hp","pid":"5908","data":'<==========处理交易区块号是：9060=========>,<==========该区块的交易索引：0=========>'}
{"date":"2019-10-18T20:30:47.009","level":"WARN","category":"listenTransfer.js","host":"frank-hp","pid":"5908","data":'<==========处理交易区块号是：9060=========>,<==========该区块的交易索引：0=========>'}
{"date":"2019-10-18T20:30:48.005","level":"WARN","category":"listenTransfer.js","host":"frank-hp","pid":"5908","data":'<==========处理交易区块号是：9060=========>,<==========该区块的交易索引：0=========>'}
{"date":"2019-10-18T20:30:49.006","level":"WARN","category":"listenTransfer.js","host":"frank-hp","pid":"5908","data":'<==========处理交易区块号是：9060=========>,<==========该区块的交易索引：0=========>'}
{"date":"2019-10-18T20:30:50.008","level":"WARN","category":"listenTransfer.js","host":"frank-hp","pid":"5908","data":'<==========处理交易区块号是：9060=========>,<==========该区块的交易索引：0=========>'}
{"date":"2019-10-18T20:30:51.005","level":"WARN","category":"listenTransfer.js","host":"frank-hp","pid":"5908","data":'<==========处理交易区块号是：9060=========>,<==========该区块的交易索引：0=========>'}
{"date":"2019-10-18T20:30:52.004","level":"WARN","category":"listenTransfer.js","host":"frank-hp","pid":"5908","data":'<==========处理交易区块号是：9060=========>,<==========该区块的交易索引：0=========>'}
{"date":"2019-10-18T20:30:53.011","level":"WARN","category":"listenTransfer.js","host":"frank-hp","pid":"5908","data":'<==========处理交易区块号是：9060=========>,<==========该区块的交易索引：0=========>'}
{"date":"2019-10-18T20:30:54.012","level":"WARN","category":"listenTransfer.js","host":"frank-hp","pid":"5908","data":'<==========处理交易区块号是：9060=========>,<==========该区块的交易索引：0=========>'}
{"date":"2019-10-18T20:30:55.004","level":"WARN","category":"listenTransfer.js","host":"frank-hp","pid":"5908","data":'<==========处理交易区块号是：9060=========>,<==========该区块的交易索引：0=========>'}
{"date":"2019-10-18T20:30:56.004","level":"WARN","category":"listenTransfer.js","host":"frank-hp","pid":"5908","data":'<==========处理交易区块号是：9060=========>,<==========该区块的交易索引：0=========>'}
{"date":"2019-10-18T20:30:57.010","level":"WARN","category":"listenTransfer.js","host":"frank-hp","pid":"5908","data":'<==========处理交易区块号是：9060=========>,<==========该区块的交易索引：0=========>'}
{"date":"2019-10-18T20:30:58.004","level":"WARN","category":"listenTransfer.js","host":"frank-hp","pid":"5908","data":'<==========处理交易区块号是：9060=========>,<==========该区块的交易索引：0=========>'}
{"date":"2019-10-18T20:30:59.007","level":"WARN","category":"listenTransfer.js","host":"frank-hp","pid":"5908","data":'<==========处理交易区块号是：9060=========>,<==========该区块的交易索引：0=========>'}
{"date":"2019-10-18T20:31:00.004","level":"WARN","category":"listenTransfer.js","host":"frank-hp","pid":"5908","data":'<==========处理交易区块号是：9060=========>,<==========该区块的交易索引：0=========>'}
{"date":"2019-10-18T20:31:01.003","level":"WARN","category":"listenTransfer.js","host":"frank-hp","pid":"5908","data":'<==========处理交易区块号是：9060=========>,<==========该区块的交易索引：0=========>'}
{"date":"2019-10-18T20:31:02.007","level":"WARN","category":"listenTransfer.js","host":"frank-hp","pid":"5908","data":'<==========处理交易区块号是：9060=========>,<==========该区块的交易索引：0=========>'}
{"date":"2019-10-18T20:31:03.005","level":"WARN","category":"listenTransfer.js","host":"frank-hp","pid":"5908","data":'<==========处理交易区块号是：9060=========>,<==========该区块的交易索引：0=========>'}
{"date":"2019-10-18T20:31:04.003","level":"WARN","category":"listenTransfer.js","host":"frank-hp","pid":"5908","data":'<==========处理交易区块号是：9060=========>,<==========该区块的交易索引：0=========>'}
{"date":"2019-10-18T20:31:05.003","level":"WARN","category":"listenTransfer.js","host":"frank-hp","pid":"5908","data":'<==========处理交易区块号是：9060=========>,<==========该区块的交易索引：0=========>'}
{"date":"2019-10-18T20:31:06.008","level":"WARN","category":"listenTransfer.js","host":"frank-hp","pid":"5908","data":'<==========处理交易区块号是：9060=========>,<==========该区块的交易索引：0=========>'}
{"date":"2019-10-18T20:31:07.004","level":"WARN","category":"listenTransfer.js","host":"frank-hp","pid":"5908","data":'<==========处理交易区块号是：9060=========>,<==========该区块的交易索引：0=========>'}
{"date":"2019-10-18T20:31:08.009","level":"WARN","category":"listenTransfer.js","host":"frank-hp","pid":"5908","data":'<==========处理交易区块号是：9060=========>,<==========该区块的交易索引：0=========>'}
{"date":"2019-10-18T20:31:33.146","level":"DEBUG","category":"listenTransfer.js","host":"frank-hp","pid":"11096","data":'handlerTransferActions running...'}
{"date":"2019-10-18T20:31:33.208","level":"WARN","category":"listenTransfer.js","host":"frank-hp","pid":"11096","data":'<==========处理交易区块号是：9024=========>,<==========该区块的交易索引：0=========>'}
{"date":"2019-10-18T20:31:33.275","level":"WARN","category":"listenTransfer.js","host":"frank-hp","pid":"11096","data":'warn from parseContractAction(): if(!account),the account is null,the database not exist this account'}
{"date":"2019-10-18T20:31:33.276","level":"WARN","category":"listenTransfer.js","host":"frank-hp","pid":"11096","data":'<==========处理交易区块号是：9037=========>,<==========该区块的交易索引：0=========>'}
{"date":"2019-10-18T20:31:33.342","level":"WARN","category":"listenTransfer.js","host":"frank-hp","pid":"11096","data":'<==========处理交易区块号是：9039=========>,<==========该区块的交易索引：0=========>'}
{"date":"2019-10-18T20:31:33.386","level":"WARN","category":"listenTransfer.js","host":"frank-hp","pid":"11096","data":'<==========处理交易区块号是：9040=========>,<==========该区块的交易索引：0=========>'}
{"date":"2019-10-18T20:31:33.429","level":"WARN","category":"listenTransfer.js","host":"frank-hp","pid":"11096","data":'<==========处理交易区块号是：9041=========>,<==========该区块的交易索引：0=========>'}
{"date":"2019-10-18T20:31:33.474","level":"WARN","category":"listenTransfer.js","host":"frank-hp","pid":"11096","data":'<==========处理交易区块号是：9042=========>,<==========该区块的交易索引：0=========>'}
{"date":"2019-10-18T20:31:33.517","level":"WARN","category":"listenTransfer.js","host":"frank-hp","pid":"11096","data":'<==========处理交易区块号是：9043=========>,<==========该区块的交易索引：0=========>'}
{"date":"2019-10-18T20:31:33.561","level":"WARN","category":"listenTransfer.js","host":"frank-hp","pid":"11096","data":'<==========处理交易区块号是：9046=========>,<==========该区块的交易索引：0=========>'}
{"date":"2019-10-18T20:31:33.607","level":"WARN","category":"listenTransfer.js","host":"frank-hp","pid":"11096","data":'<==========处理交易区块号是：9048=========>,<==========该区块的交易索引：0=========>'}
{"date":"2019-10-18T20:31:33.650","level":"WARN","category":"listenTransfer.js","host":"frank-hp","pid":"11096","data":'<==========处理交易区块号是：9051=========>,<==========该区块的交易索引：0=========>'}
{"date":"2019-10-18T20:31:33.693","level":"WARN","category":"listenTransfer.js","host":"frank-hp","pid":"11096","data":'<==========处理交易区块号是：9054=========>,<==========该区块的交易索引：0=========>'}
{"date":"2019-10-18T20:31:33.737","level":"WARN","category":"listenTransfer.js","host":"frank-hp","pid":"11096","data":'<==========处理交易区块号是：9057=========>,<==========该区块的交易索引：0=========>'}
{"date":"2019-10-18T20:31:33.781","level":"WARN","category":"listenTransfer.js","host":"frank-hp","pid":"11096","data":'<==========处理交易区块号是：9060=========>,<==========该区块的交易索引：0=========>'}
{"date":"2019-10-18T20:31:34.009","level":"WARN","category":"listenTransfer.js","host":"frank-hp","pid":"11096","data":'<==========处理交易区块号是：9060=========>,<==========该区块的交易索引：0=========>'}
{"date":"2019-10-18T20:31:35.176","level":"WARN","category":"listenTransfer.js","host":"frank-hp","pid":"11096","data":'<==========处理交易区块号是：9060=========>,<==========该区块的交易索引：0=========>'}
{"date":"2019-10-18T20:31:36.008","level":"WARN","category":"listenTransfer.js","host":"frank-hp","pid":"11096","data":'<==========处理交易区块号是：9060=========>,<==========该区块的交易索引：0=========>'}
{"date":"2019-10-18T20:31:37.011","level":"WARN","category":"listenTransfer.js","host":"frank-hp","pid":"11096","data":'<==========处理交易区块号是：9060=========>,<==========该区块的交易索引：0=========>'}
{"date":"2019-10-18T20:31:38.009","level":"WARN","category":"listenTransfer.js","host":"frank-hp","pid":"11096","data":'<==========处理交易区块号是：9060=========>,<==========该区块的交易索引：0=========>'}
{"date":"2019-10-18T20:31:39.007","level":"WARN","category":"listenTransfer.js","host":"frank-hp","pid":"11096","data":'<==========处理交易区块号是：9060=========>,<==========该区块的交易索引：0=========>'}
{"date":"2019-10-18T20:31:40.013","level":"WARN","category":"listenTransfer.js","host":"frank-hp","pid":"11096","data":'<==========处理交易区块号是：9060=========>,<==========该区块的交易索引：0=========>'}
