{"date":"2019-10-30T17:09:42.295","level":"DEBUG","category":"recordTransfer.js","host":"frank-hp","pid":"5100","data":'wrong transfer_to_address from analysisData(),transfer_to_address: 0x9e95a55be4b200775623c70af63061fc05869495'}
{"date":"2019-10-30T17:10:44.733","level":"DEBUG","category":"recordTransfer.js","host":"frank-hp","pid":"12184","data":'wrong transfer_to_address from analysisData(),transfer_to_address: 0x9e95a55be4b200775623c70af63061fc05869495'}
{"date":"2019-10-30T17:20:39.740","level":"DEBUG","category":"recordTransfer.js","host":"frank-hp","pid":"10044","data":'wrong transfer_amount from analysisData(),transfer_amount: 100'}
{"date":"2019-10-30T17:21:58.573","level":"DEBUG","category":"recordTransfer.js","host":"frank-hp","pid":"9340","data":'wrong transfer_amount from analysisData(),is a NAN,transfer_amount: 100'}
{"date":"2019-10-30T17:23:27.707","level":"ERROR","category":"recordTransfer.js","host":"frank-hp","pid":"9748","data":'err from analysisData(),ths track is Error: [DecimalError] Invalid argument: 
    at parseOther (D:\work_space\yuezhi\eos\exchange\node_modules\decimal.js\decimal.js:3604:13)
    at new Decimal (D:\work_space\yuezhi\eos\exchange\node_modules\decimal.js\decimal.js:4353:55)
    at analysisData (D:\work_space\yuezhi\eos\exchange\src\job\recordTransfer.js:107:24)
    at recordTransfer (D:\work_space\yuezhi\eos\exchange\src\job\recordTransfer.js:21:107)
    at Object.<anonymous> (D:\work_space\yuezhi\eos\exchange\src\job\recordTransfer.js:148:1)
    at Module._compile (internal/modules/cjs/loader.js:778:30)
    at Object.Module._extensions..js (internal/modules/cjs/loader.js:789:10)
    at Module.load (internal/modules/cjs/loader.js:653:32)
    at tryModuleLoad (internal/modules/cjs/loader.js:593:12)
    at Function.Module._load (internal/modules/cjs/loader.js:585:3)
    at Function.Module.runMain (internal/modules/cjs/loader.js:831:12)
    at startup (internal/bootstrap/node.js:283:19)
    at bootstrapNodeJSCore (internal/bootstrap/node.js:622:3):'}
{"date":"2019-10-30T17:23:27.717","level":"ERROR","category":"recordTransfer.js","host":"frank-hp","pid":"9748","data":'err from recordTransfer(),ths track is Error: [DecimalError] Invalid argument: 
    at parseOther (D:\work_space\yuezhi\eos\exchange\node_modules\decimal.js\decimal.js:3604:13)
    at new Decimal (D:\work_space\yuezhi\eos\exchange\node_modules\decimal.js\decimal.js:4353:55)
    at analysisData (D:\work_space\yuezhi\eos\exchange\src\job\recordTransfer.js:107:24)
    at recordTransfer (D:\work_space\yuezhi\eos\exchange\src\job\recordTransfer.js:21:107)
    at Object.<anonymous> (D:\work_space\yuezhi\eos\exchange\src\job\recordTransfer.js:148:1)
    at Module._compile (internal/modules/cjs/loader.js:778:30)
    at Object.Module._extensions..js (internal/modules/cjs/loader.js:789:10)
    at Module.load (internal/modules/cjs/loader.js:653:32)
    at tryModuleLoad (internal/modules/cjs/loader.js:593:12)
    at Function.Module._load (internal/modules/cjs/loader.js:585:3)
    at Function.Module.runMain (internal/modules/cjs/loader.js:831:12)
    at startup (internal/bootstrap/node.js:283:19)
    at bootstrapNodeJSCore (internal/bootstrap/node.js:622:3):'}
{"date":"2019-10-30T17:24:49.299","level":"DEBUG","category":"recordTransfer.js","host":"frank-hp","pid":"11960","data":'wrong transfer_amount from analysisData(),is a NAN,transfer_amount: 100'}
{"date":"2019-10-30T17:27:48.658","level":"ERROR","category":"recordTransfer.js","host":"frank-hp","pid":"3712","data":'err from recordTransfer(),ths track is { SequelizeValidationError: notNull Violation: Eth_charge.eth_blockNumber cannot be null
    at Promise.all.then (D:\work_space\yuezhi\eos\exchange\node_modules\sequelize\lib\instance-validator.js:74:15)
    at tryCatcher (D:\work_space\yuezhi\eos\exchange\node_modules\bluebird\js\release\util.js:16:23)
    at Promise._settlePromiseFromHandler (D:\work_space\yuezhi\eos\exchange\node_modules\bluebird\js\release\promise.js:517:31)
    at Promise._settlePromise (D:\work_space\yuezhi\eos\exchange\node_modules\bluebird\js\release\promise.js:574:18)
    at Promise._settlePromise0 (D:\work_space\yuezhi\eos\exchange\node_modules\bluebird\js\release\promise.js:619:10)
    at Promise._settlePromises (D:\work_space\yuezhi\eos\exchange\node_modules\bluebird\js\release\promise.js:699:18)
    at Promise._fulfill (D:\work_space\yuezhi\eos\exchange\node_modules\bluebird\js\release\promise.js:643:18)
    at PromiseArray._resolve (D:\work_space\yuezhi\eos\exchange\node_modules\bluebird\js\release\promise_array.js:126:19)
    at PromiseArray._promiseFulfilled (D:\work_space\yuezhi\eos\exchange\node_modules\bluebird\js\release\promise_array.js:144:14)
    at Promise._settlePromise (D:\work_space\yuezhi\eos\exchange\node_modules\bluebird\js\release\promise.js:579:26)
    at Promise._settlePromise0 (D:\work_space\yuezhi\eos\exchange\node_modules\bluebird\js\release\promise.js:619:10)
    at Promise._settlePromises (D:\work_space\yuezhi\eos\exchange\node_modules\bluebird\js\release\promise.js:699:18)
    at _drainQueueStep (D:\work_space\yuezhi\eos\exchange\node_modules\bluebird\js\release\async.js:138:12)
    at _drainQueue (D:\work_space\yuezhi\eos\exchange\node_modules\bluebird\js\release\async.js:131:9)
    at Async._drainQueues (D:\work_space\yuezhi\eos\exchange\node_modules\bluebird\js\release\async.js:147:5)
    at Immediate.Async.drainQueues [as _onImmediate] (D:\work_space\yuezhi\eos\exchange\node_modules\bluebird\js\release\async.js:17:14)
    at runCallback (timers.js:705:18)
    at tryOnImmediate (timers.js:676:5)
    at processImmediate (timers.js:658:5)
  name: 'SequelizeValidationError',
  errors:
   [ ValidationErrorItem {
       message: 'Eth_charge.eth_blockNumber cannot be null',
       type: 'notNull Violation',
       path: 'eth_blockNumber',
       value: null,
       origin: 'CORE',
       instance: [Eth_charge],
       validatorKey: 'is_null',
       validatorName: null,
       validatorArgs: [] } ] }:'}
