{"date":"2019-11-06T11:25:40.428","level":"ERROR","category":"transfer2Eth.js","host":"frank-hp","pid":"57860","data":'this error from transfer2Eth(),the error is TypeError: Cannot read property 'findOne' of undefined
    at transfer2Eth (D:\work_space\yuezhi\eos\exchange\src\job\transfer2Eth.js:24:65)
    at psTransfer2Eth.sub (D:\work_space\yuezhi\eos\exchange\src\job\mqHandler.js:23:15)
    at channel.consume.msg (D:\work_space\yuezhi\eos\exchange\src\db\psTransfer2Eth.js:29:17)
    at Channel.BaseChannel.dispatchMessage (D:\work_space\yuezhi\eos\exchange\node_modules\amqplib\lib\channel.js:484:12)
    at Channel.BaseChannel.handleDelivery (D:\work_space\yuezhi\eos\exchange\node_modules\amqplib\lib\channel.js:493:15)
    at Channel.emit (events.js:198:13)
    at D:\work_space\yuezhi\eos\exchange\node_modules\amqplib\lib\channel.js:279:10
    at Channel.content [as handleMessage] (D:\work_space\yuezhi\eos\exchange\node_modules\amqplib\lib\channel.js:332:9)
    at Channel.C.acceptMessageFrame (D:\work_space\yuezhi\eos\exchange\node_modules\amqplib\lib\channel.js:247:31)
    at Channel.C.accept (D:\work_space\yuezhi\eos\exchange\node_modules\amqplib\lib\channel.js:400:17)
    at Connection.mainAccept [as accept] (D:\work_space\yuezhi\eos\exchange\node_modules\amqplib\lib\connection.js:64:33)
    at Socket.go (D:\work_space\yuezhi\eos\exchange\node_modules\amqplib\lib\connection.js:478:48)
    at Socket.emit (events.js:198:13)
    at emitReadable_ (_stream_readable.js:554:12)
    at process._tickCallback (internal/process/next_tick.js:63:19)'}
{"date":"2019-11-06T11:25:40.431","level":"ERROR","category":"transfer2Eth.js","host":"frank-hp","pid":"57860","data":'this error from transfer2Eth(),the error is TypeError: Cannot read property 'findOne' of undefined
    at transfer2Eth (D:\work_space\yuezhi\eos\exchange\src\job\transfer2Eth.js:24:65)
    at psTransfer2Eth.sub (D:\work_space\yuezhi\eos\exchange\src\job\mqHandler.js:23:15)
    at channel.consume.msg (D:\work_space\yuezhi\eos\exchange\src\db\psTransfer2Eth.js:29:17)
    at Channel.BaseChannel.dispatchMessage (D:\work_space\yuezhi\eos\exchange\node_modules\amqplib\lib\channel.js:484:12)
    at Channel.BaseChannel.handleDelivery (D:\work_space\yuezhi\eos\exchange\node_modules\amqplib\lib\channel.js:493:15)
    at Channel.emit (events.js:198:13)
    at D:\work_space\yuezhi\eos\exchange\node_modules\amqplib\lib\channel.js:279:10
    at Channel.content [as handleMessage] (D:\work_space\yuezhi\eos\exchange\node_modules\amqplib\lib\channel.js:332:9)
    at Channel.C.acceptMessageFrame (D:\work_space\yuezhi\eos\exchange\node_modules\amqplib\lib\channel.js:247:31)
    at Channel.C.accept (D:\work_space\yuezhi\eos\exchange\node_modules\amqplib\lib\channel.js:400:17)
    at Connection.mainAccept [as accept] (D:\work_space\yuezhi\eos\exchange\node_modules\amqplib\lib\connection.js:64:33)
    at Socket.go (D:\work_space\yuezhi\eos\exchange\node_modules\amqplib\lib\connection.js:478:48)
    at Socket.emit (events.js:198:13)
    at emitReadable_ (_stream_readable.js:554:12)
    at process._tickCallback (internal/process/next_tick.js:63:19)'}
{"date":"2019-11-06T11:25:40.432","level":"ERROR","category":"transfer2Eth.js","host":"frank-hp","pid":"57860","data":'this error from transfer2Eth(),the error is TypeError: Cannot read property 'findOne' of undefined
    at transfer2Eth (D:\work_space\yuezhi\eos\exchange\src\job\transfer2Eth.js:24:65)
    at psTransfer2Eth.sub (D:\work_space\yuezhi\eos\exchange\src\job\mqHandler.js:23:15)
    at channel.consume.msg (D:\work_space\yuezhi\eos\exchange\src\db\psTransfer2Eth.js:29:17)
    at Channel.BaseChannel.dispatchMessage (D:\work_space\yuezhi\eos\exchange\node_modules\amqplib\lib\channel.js:484:12)
    at Channel.BaseChannel.handleDelivery (D:\work_space\yuezhi\eos\exchange\node_modules\amqplib\lib\channel.js:493:15)
    at Channel.emit (events.js:198:13)
    at D:\work_space\yuezhi\eos\exchange\node_modules\amqplib\lib\channel.js:279:10
    at Channel.content [as handleMessage] (D:\work_space\yuezhi\eos\exchange\node_modules\amqplib\lib\channel.js:332:9)
    at Channel.C.acceptMessageFrame (D:\work_space\yuezhi\eos\exchange\node_modules\amqplib\lib\channel.js:247:31)
    at Channel.C.accept (D:\work_space\yuezhi\eos\exchange\node_modules\amqplib\lib\channel.js:400:17)
    at Connection.mainAccept [as accept] (D:\work_space\yuezhi\eos\exchange\node_modules\amqplib\lib\connection.js:64:33)
    at Socket.go (D:\work_space\yuezhi\eos\exchange\node_modules\amqplib\lib\connection.js:478:48)
    at Socket.emit (events.js:198:13)
    at emitReadable_ (_stream_readable.js:554:12)
    at process._tickCallback (internal/process/next_tick.js:63:19)'}
{"date":"2019-11-06T11:25:40.433","level":"ERROR","category":"transfer2Eth.js","host":"frank-hp","pid":"57860","data":'this error from transfer2Eth(),the error is TypeError: Cannot read property 'findOne' of undefined
    at transfer2Eth (D:\work_space\yuezhi\eos\exchange\src\job\transfer2Eth.js:24:65)
    at psTransfer2Eth.sub (D:\work_space\yuezhi\eos\exchange\src\job\mqHandler.js:23:15)
    at channel.consume.msg (D:\work_space\yuezhi\eos\exchange\src\db\psTransfer2Eth.js:29:17)
    at Channel.BaseChannel.dispatchMessage (D:\work_space\yuezhi\eos\exchange\node_modules\amqplib\lib\channel.js:484:12)
    at Channel.BaseChannel.handleDelivery (D:\work_space\yuezhi\eos\exchange\node_modules\amqplib\lib\channel.js:493:15)
    at Channel.emit (events.js:198:13)
    at D:\work_space\yuezhi\eos\exchange\node_modules\amqplib\lib\channel.js:279:10
    at Channel.content [as handleMessage] (D:\work_space\yuezhi\eos\exchange\node_modules\amqplib\lib\channel.js:332:9)
    at Channel.C.acceptMessageFrame (D:\work_space\yuezhi\eos\exchange\node_modules\amqplib\lib\channel.js:247:31)
    at Channel.C.accept (D:\work_space\yuezhi\eos\exchange\node_modules\amqplib\lib\channel.js:400:17)
    at Connection.mainAccept [as accept] (D:\work_space\yuezhi\eos\exchange\node_modules\amqplib\lib\connection.js:64:33)
    at Socket.go (D:\work_space\yuezhi\eos\exchange\node_modules\amqplib\lib\connection.js:478:48)
    at Socket.emit (events.js:198:13)
    at emitReadable_ (_stream_readable.js:554:12)
    at process._tickCallback (internal/process/next_tick.js:63:19)'}
{"date":"2019-11-06T11:25:40.434","level":"ERROR","category":"transfer2Eth.js","host":"frank-hp","pid":"57860","data":'this error from transfer2Eth(),the error is TypeError: Cannot read property 'findOne' of undefined
    at transfer2Eth (D:\work_space\yuezhi\eos\exchange\src\job\transfer2Eth.js:24:65)
    at psTransfer2Eth.sub (D:\work_space\yuezhi\eos\exchange\src\job\mqHandler.js:23:15)
    at channel.consume.msg (D:\work_space\yuezhi\eos\exchange\src\db\psTransfer2Eth.js:29:17)
    at Channel.BaseChannel.dispatchMessage (D:\work_space\yuezhi\eos\exchange\node_modules\amqplib\lib\channel.js:484:12)
    at Channel.BaseChannel.handleDelivery (D:\work_space\yuezhi\eos\exchange\node_modules\amqplib\lib\channel.js:493:15)
    at Channel.emit (events.js:198:13)
    at D:\work_space\yuezhi\eos\exchange\node_modules\amqplib\lib\channel.js:279:10
    at Channel.content [as handleMessage] (D:\work_space\yuezhi\eos\exchange\node_modules\amqplib\lib\channel.js:332:9)
    at Channel.C.acceptMessageFrame (D:\work_space\yuezhi\eos\exchange\node_modules\amqplib\lib\channel.js:247:31)
    at Channel.C.accept (D:\work_space\yuezhi\eos\exchange\node_modules\amqplib\lib\channel.js:400:17)
    at Connection.mainAccept [as accept] (D:\work_space\yuezhi\eos\exchange\node_modules\amqplib\lib\connection.js:64:33)
    at Socket.go (D:\work_space\yuezhi\eos\exchange\node_modules\amqplib\lib\connection.js:478:48)
    at Socket.emit (events.js:198:13)
    at emitReadable_ (_stream_readable.js:554:12)
    at process._tickCallback (internal/process/next_tick.js:63:19)'}
{"date":"2019-11-06T11:25:40.437","level":"ERROR","category":"transfer2Eth.js","host":"frank-hp","pid":"57860","data":'this error from transfer2Eth(),the error is TypeError: Cannot read property 'findOne' of undefined
    at transfer2Eth (D:\work_space\yuezhi\eos\exchange\src\job\transfer2Eth.js:24:65)
    at psTransfer2Eth.sub (D:\work_space\yuezhi\eos\exchange\src\job\mqHandler.js:23:15)
    at channel.consume.msg (D:\work_space\yuezhi\eos\exchange\src\db\psTransfer2Eth.js:29:17)
    at Channel.BaseChannel.dispatchMessage (D:\work_space\yuezhi\eos\exchange\node_modules\amqplib\lib\channel.js:484:12)
    at Channel.BaseChannel.handleDelivery (D:\work_space\yuezhi\eos\exchange\node_modules\amqplib\lib\channel.js:493:15)
    at Channel.emit (events.js:198:13)
    at D:\work_space\yuezhi\eos\exchange\node_modules\amqplib\lib\channel.js:279:10
    at Channel.content [as handleMessage] (D:\work_space\yuezhi\eos\exchange\node_modules\amqplib\lib\channel.js:332:9)
    at Channel.C.acceptMessageFrame (D:\work_space\yuezhi\eos\exchange\node_modules\amqplib\lib\channel.js:247:31)
    at Channel.C.accept (D:\work_space\yuezhi\eos\exchange\node_modules\amqplib\lib\channel.js:400:17)
    at Connection.mainAccept [as accept] (D:\work_space\yuezhi\eos\exchange\node_modules\amqplib\lib\connection.js:64:33)
    at Socket.go (D:\work_space\yuezhi\eos\exchange\node_modules\amqplib\lib\connection.js:478:48)
    at Socket.emit (events.js:198:13)
    at emitReadable_ (_stream_readable.js:554:12)
    at process._tickCallback (internal/process/next_tick.js:63:19)'}
{"date":"2019-11-06T11:25:40.438","level":"ERROR","category":"transfer2Eth.js","host":"frank-hp","pid":"57860","data":'this error from transfer2Eth(),the error is TypeError: Cannot read property 'findOne' of undefined
    at transfer2Eth (D:\work_space\yuezhi\eos\exchange\src\job\transfer2Eth.js:24:65)
    at psTransfer2Eth.sub (D:\work_space\yuezhi\eos\exchange\src\job\mqHandler.js:23:15)
    at channel.consume.msg (D:\work_space\yuezhi\eos\exchange\src\db\psTransfer2Eth.js:29:17)
    at Channel.BaseChannel.dispatchMessage (D:\work_space\yuezhi\eos\exchange\node_modules\amqplib\lib\channel.js:484:12)
    at Channel.BaseChannel.handleDelivery (D:\work_space\yuezhi\eos\exchange\node_modules\amqplib\lib\channel.js:493:15)
    at Channel.emit (events.js:198:13)
    at D:\work_space\yuezhi\eos\exchange\node_modules\amqplib\lib\channel.js:279:10
    at Channel.content [as handleMessage] (D:\work_space\yuezhi\eos\exchange\node_modules\amqplib\lib\channel.js:332:9)
    at Channel.C.acceptMessageFrame (D:\work_space\yuezhi\eos\exchange\node_modules\amqplib\lib\channel.js:247:31)
    at Channel.C.accept (D:\work_space\yuezhi\eos\exchange\node_modules\amqplib\lib\channel.js:400:17)
    at Connection.mainAccept [as accept] (D:\work_space\yuezhi\eos\exchange\node_modules\amqplib\lib\connection.js:64:33)
    at Socket.go (D:\work_space\yuezhi\eos\exchange\node_modules\amqplib\lib\connection.js:478:48)
    at Socket.emit (events.js:198:13)
    at emitReadable_ (_stream_readable.js:554:12)
    at process._tickCallback (internal/process/next_tick.js:63:19)'}
{"date":"2019-11-06T11:25:40.439","level":"ERROR","category":"transfer2Eth.js","host":"frank-hp","pid":"57860","data":'this error from transfer2Eth(),the error is TypeError: Cannot read property 'findOne' of undefined
    at transfer2Eth (D:\work_space\yuezhi\eos\exchange\src\job\transfer2Eth.js:24:65)
    at psTransfer2Eth.sub (D:\work_space\yuezhi\eos\exchange\src\job\mqHandler.js:23:15)
    at channel.consume.msg (D:\work_space\yuezhi\eos\exchange\src\db\psTransfer2Eth.js:29:17)
    at Channel.BaseChannel.dispatchMessage (D:\work_space\yuezhi\eos\exchange\node_modules\amqplib\lib\channel.js:484:12)
    at Channel.BaseChannel.handleDelivery (D:\work_space\yuezhi\eos\exchange\node_modules\amqplib\lib\channel.js:493:15)
    at Channel.emit (events.js:198:13)
    at D:\work_space\yuezhi\eos\exchange\node_modules\amqplib\lib\channel.js:279:10
    at Channel.content [as handleMessage] (D:\work_space\yuezhi\eos\exchange\node_modules\amqplib\lib\channel.js:332:9)
    at Channel.C.acceptMessageFrame (D:\work_space\yuezhi\eos\exchange\node_modules\amqplib\lib\channel.js:247:31)
    at Channel.C.accept (D:\work_space\yuezhi\eos\exchange\node_modules\amqplib\lib\channel.js:400:17)
    at Connection.mainAccept [as accept] (D:\work_space\yuezhi\eos\exchange\node_modules\amqplib\lib\connection.js:64:33)
    at Socket.go (D:\work_space\yuezhi\eos\exchange\node_modules\amqplib\lib\connection.js:478:48)
    at Socket.emit (events.js:198:13)
    at emitReadable_ (_stream_readable.js:554:12)
    at process._tickCallback (internal/process/next_tick.js:63:19)'}
{"date":"2019-11-06T11:25:40.440","level":"ERROR","category":"transfer2Eth.js","host":"frank-hp","pid":"57860","data":'this error from transfer2Eth(),the error is TypeError: Cannot read property 'findOne' of undefined
    at transfer2Eth (D:\work_space\yuezhi\eos\exchange\src\job\transfer2Eth.js:24:65)
    at psTransfer2Eth.sub (D:\work_space\yuezhi\eos\exchange\src\job\mqHandler.js:23:15)
    at channel.consume.msg (D:\work_space\yuezhi\eos\exchange\src\db\psTransfer2Eth.js:29:17)
    at Channel.BaseChannel.dispatchMessage (D:\work_space\yuezhi\eos\exchange\node_modules\amqplib\lib\channel.js:484:12)
    at Channel.BaseChannel.handleDelivery (D:\work_space\yuezhi\eos\exchange\node_modules\amqplib\lib\channel.js:493:15)
    at Channel.emit (events.js:198:13)
    at D:\work_space\yuezhi\eos\exchange\node_modules\amqplib\lib\channel.js:279:10
    at Channel.content [as handleMessage] (D:\work_space\yuezhi\eos\exchange\node_modules\amqplib\lib\channel.js:332:9)
    at Channel.C.acceptMessageFrame (D:\work_space\yuezhi\eos\exchange\node_modules\amqplib\lib\channel.js:247:31)
    at Channel.C.accept (D:\work_space\yuezhi\eos\exchange\node_modules\amqplib\lib\channel.js:400:17)
    at Connection.mainAccept [as accept] (D:\work_space\yuezhi\eos\exchange\node_modules\amqplib\lib\connection.js:64:33)
    at Socket.go (D:\work_space\yuezhi\eos\exchange\node_modules\amqplib\lib\connection.js:478:48)
    at Socket.emit (events.js:198:13)
    at emitReadable_ (_stream_readable.js:554:12)
    at process._tickCallback (internal/process/next_tick.js:63:19)'}
{"date":"2019-11-06T11:25:40.441","level":"ERROR","category":"transfer2Eth.js","host":"frank-hp","pid":"57860","data":'this error from transfer2Eth(),the error is TypeError: Cannot read property 'findOne' of undefined
    at transfer2Eth (D:\work_space\yuezhi\eos\exchange\src\job\transfer2Eth.js:24:65)
    at psTransfer2Eth.sub (D:\work_space\yuezhi\eos\exchange\src\job\mqHandler.js:23:15)
    at channel.consume.msg (D:\work_space\yuezhi\eos\exchange\src\db\psTransfer2Eth.js:29:17)
    at Channel.BaseChannel.dispatchMessage (D:\work_space\yuezhi\eos\exchange\node_modules\amqplib\lib\channel.js:484:12)
    at Channel.BaseChannel.handleDelivery (D:\work_space\yuezhi\eos\exchange\node_modules\amqplib\lib\channel.js:493:15)
    at Channel.emit (events.js:198:13)
    at D:\work_space\yuezhi\eos\exchange\node_modules\amqplib\lib\channel.js:279:10
    at Channel.content [as handleMessage] (D:\work_space\yuezhi\eos\exchange\node_modules\amqplib\lib\channel.js:332:9)
    at Channel.C.acceptMessageFrame (D:\work_space\yuezhi\eos\exchange\node_modules\amqplib\lib\channel.js:247:31)
    at Channel.C.accept (D:\work_space\yuezhi\eos\exchange\node_modules\amqplib\lib\channel.js:400:17)
    at Connection.mainAccept [as accept] (D:\work_space\yuezhi\eos\exchange\node_modules\amqplib\lib\connection.js:64:33)
    at Socket.go (D:\work_space\yuezhi\eos\exchange\node_modules\amqplib\lib\connection.js:478:48)
    at Socket.emit (events.js:198:13)
    at emitReadable_ (_stream_readable.js:554:12)
    at process._tickCallback (internal/process/next_tick.js:63:19)'}
{"date":"2019-11-06T11:35:53.476","level":"ERROR","category":"transfer2Eth.js","host":"frank-hp","pid":"59628","data":'this error from transfer2Eth(),the error is TypeError: Cannot read property 'findOne' of undefined
    at transfer2Eth (D:\work_space\yuezhi\eos\exchange\src\job\transfer2Eth.js:24:65)
    at psTransfer2Eth.sub (D:\work_space\yuezhi\eos\exchange\src\job\mqHandler.js:23:15)
    at channel.consume.msg (D:\work_space\yuezhi\eos\exchange\src\db\psTransfer2Eth.js:29:17)
    at Channel.BaseChannel.dispatchMessage (D:\work_space\yuezhi\eos\exchange\node_modules\amqplib\lib\channel.js:484:12)
    at Channel.BaseChannel.handleDelivery (D:\work_space\yuezhi\eos\exchange\node_modules\amqplib\lib\channel.js:493:15)
    at Channel.emit (events.js:198:13)
    at D:\work_space\yuezhi\eos\exchange\node_modules\amqplib\lib\channel.js:279:10
    at Channel.content [as handleMessage] (D:\work_space\yuezhi\eos\exchange\node_modules\amqplib\lib\channel.js:332:9)
    at Channel.C.acceptMessageFrame (D:\work_space\yuezhi\eos\exchange\node_modules\amqplib\lib\channel.js:247:31)
    at Channel.C.accept (D:\work_space\yuezhi\eos\exchange\node_modules\amqplib\lib\channel.js:400:17)
    at Connection.mainAccept [as accept] (D:\work_space\yuezhi\eos\exchange\node_modules\amqplib\lib\connection.js:64:33)
    at Socket.go (D:\work_space\yuezhi\eos\exchange\node_modules\amqplib\lib\connection.js:478:48)
    at Socket.emit (events.js:198:13)
    at emitReadable_ (_stream_readable.js:554:12)
    at process._tickCallback (internal/process/next_tick.js:63:19)'}
{"date":"2019-11-06T11:35:55.397","level":"ERROR","category":"transfer2Eth.js","host":"frank-hp","pid":"59628","data":'this error from transfer2Eth(),the error is TypeError: Cannot read property 'findOne' of undefined
    at transfer2Eth (D:\work_space\yuezhi\eos\exchange\src\job\transfer2Eth.js:24:65)
    at psTransfer2Eth.sub (D:\work_space\yuezhi\eos\exchange\src\job\mqHandler.js:23:15)
    at channel.consume.msg (D:\work_space\yuezhi\eos\exchange\src\db\psTransfer2Eth.js:29:17)
    at Channel.BaseChannel.dispatchMessage (D:\work_space\yuezhi\eos\exchange\node_modules\amqplib\lib\channel.js:484:12)
    at Channel.BaseChannel.handleDelivery (D:\work_space\yuezhi\eos\exchange\node_modules\amqplib\lib\channel.js:493:15)
    at Channel.emit (events.js:198:13)
    at D:\work_space\yuezhi\eos\exchange\node_modules\amqplib\lib\channel.js:279:10
    at Channel.content [as handleMessage] (D:\work_space\yuezhi\eos\exchange\node_modules\amqplib\lib\channel.js:332:9)
    at Channel.C.acceptMessageFrame (D:\work_space\yuezhi\eos\exchange\node_modules\amqplib\lib\channel.js:247:31)
    at Channel.C.accept (D:\work_space\yuezhi\eos\exchange\node_modules\amqplib\lib\channel.js:400:17)
    at Connection.mainAccept [as accept] (D:\work_space\yuezhi\eos\exchange\node_modules\amqplib\lib\connection.js:64:33)
    at Socket.go (D:\work_space\yuezhi\eos\exchange\node_modules\amqplib\lib\connection.js:478:48)
    at Socket.emit (events.js:198:13)
    at emitReadable_ (_stream_readable.js:554:12)
    at process._tickCallback (internal/process/next_tick.js:63:19)'}
{"date":"2019-11-06T11:39:20.332","level":"DEBUG","category":"transfer2Eth.js","host":"frank-hp","pid":"60188","data":'can not get HOT_ADDRESS_PRIVATEKEY'}
{"date":"2019-11-06T11:39:20.333","level":"DEBUG","category":"transfer2Eth.js","host":"frank-hp","pid":"60188","data":'can not get HOT_ADDRESS_PRIVATEKEY'}
{"date":"2019-11-06T11:39:20.334","level":"DEBUG","category":"transfer2Eth.js","host":"frank-hp","pid":"60188","data":'can not get HOT_ADDRESS_PRIVATEKEY'}
{"date":"2019-11-06T11:39:20.334","level":"DEBUG","category":"transfer2Eth.js","host":"frank-hp","pid":"60188","data":'can not get HOT_ADDRESS_PRIVATEKEY'}
{"date":"2019-11-06T11:39:20.334","level":"DEBUG","category":"transfer2Eth.js","host":"frank-hp","pid":"60188","data":'can not get HOT_ADDRESS_PRIVATEKEY'}
{"date":"2019-11-06T11:39:20.335","level":"DEBUG","category":"transfer2Eth.js","host":"frank-hp","pid":"60188","data":'can not get HOT_ADDRESS_PRIVATEKEY'}
{"date":"2019-11-06T11:39:20.335","level":"DEBUG","category":"transfer2Eth.js","host":"frank-hp","pid":"60188","data":'can not get HOT_ADDRESS_PRIVATEKEY'}
{"date":"2019-11-06T11:39:20.335","level":"DEBUG","category":"transfer2Eth.js","host":"frank-hp","pid":"60188","data":'can not get HOT_ADDRESS_PRIVATEKEY'}
{"date":"2019-11-06T11:39:20.335","level":"DEBUG","category":"transfer2Eth.js","host":"frank-hp","pid":"60188","data":'can not get HOT_ADDRESS_PRIVATEKEY'}
{"date":"2019-11-06T11:39:20.336","level":"DEBUG","category":"transfer2Eth.js","host":"frank-hp","pid":"60188","data":'can not get HOT_ADDRESS_PRIVATEKEY'}
{"date":"2019-11-06T11:39:20.337","level":"DEBUG","category":"transfer2Eth.js","host":"frank-hp","pid":"60188","data":'can not get HOT_ADDRESS_PRIVATEKEY'}
{"date":"2019-11-06T11:39:20.338","level":"DEBUG","category":"transfer2Eth.js","host":"frank-hp","pid":"60188","data":'can not get HOT_ADDRESS_PRIVATEKEY'}
{"date":"2019-11-06T13:04:51.330","level":"ERROR","category":"transfer2Eth.js","host":"ubuntu","pid":"27030","data":'热账号转账失败: Error: Returned error: There are too many transactions in the queue. Your transaction was dropped due to limit. Try increasing the fee.
    at Object.ErrorResponse (/data/code/exchange/exchange/node_modules/web3-core-helpers/src/errors.js:29:16)
    at /data/code/exchange/exchange/node_modules/web3-core-requestmanager/src/index.js:140:36
    at XMLHttpRequest.request.onreadystatechange (/data/code/exchange/exchange/node_modules/web3-providers-http/src/index.js:96:13)
    at XMLHttpRequestEventTarget.dispatchEvent (/data/code/exchange/exchange/node_modules/xhr2-cookies/dist/xml-http-request-event-target.js:34:22)
    at XMLHttpRequest._setReadyState (/data/code/exchange/exchange/node_modules/xhr2-cookies/dist/xml-http-request.js:208:14)
    at XMLHttpRequest._onHttpResponseEnd (/data/code/exchange/exchange/node_modules/xhr2-cookies/dist/xml-http-request.js:318:14)
    at IncomingMessage.<anonymous> (/data/code/exchange/exchange/node_modules/xhr2-cookies/dist/xml-http-request.js:289:61)
    at IncomingMessage.emit (events.js:215:7)
    at endReadableNT (_stream_readable.js:1183:12)
    at processTicksAndRejections (internal/process/task_queues.js:80:21)'}
{"date":"2019-11-06T13:04:51.331","level":"ERROR","category":"transfer2Eth.js","host":"ubuntu","pid":"27030","data":'this error from transfer2Eth(),the error is Error: Returned error: There are too many transactions in the queue. Your transaction was dropped due to limit. Try increasing the fee.
    at Object.ErrorResponse (/data/code/exchange/exchange/node_modules/web3-core-helpers/src/errors.js:29:16)
    at /data/code/exchange/exchange/node_modules/web3-core-requestmanager/src/index.js:140:36
    at XMLHttpRequest.request.onreadystatechange (/data/code/exchange/exchange/node_modules/web3-providers-http/src/index.js:96:13)
    at XMLHttpRequestEventTarget.dispatchEvent (/data/code/exchange/exchange/node_modules/xhr2-cookies/dist/xml-http-request-event-target.js:34:22)
    at XMLHttpRequest._setReadyState (/data/code/exchange/exchange/node_modules/xhr2-cookies/dist/xml-http-request.js:208:14)
    at XMLHttpRequest._onHttpResponseEnd (/data/code/exchange/exchange/node_modules/xhr2-cookies/dist/xml-http-request.js:318:14)
    at IncomingMessage.<anonymous> (/data/code/exchange/exchange/node_modules/xhr2-cookies/dist/xml-http-request.js:289:61)
    at IncomingMessage.emit (events.js:215:7)
    at endReadableNT (_stream_readable.js:1183:12)
    at processTicksAndRejections (internal/process/task_queues.js:80:21)'}
{"date":"2019-11-06T13:25:08.501","level":"ERROR","category":"transfer2Eth.js","host":"ubuntu","pid":"27619","data":'转账手续费失败 Error: Returned error: There are too many transactions in the queue. Your transaction was dropped due to limit. Try increasing the fee.
    at Object.ErrorResponse (/data/code/exchange/exchange/node_modules/web3-core-helpers/src/errors.js:29:16)
    at /data/code/exchange/exchange/node_modules/web3-core-requestmanager/src/index.js:140:36
    at XMLHttpRequest.request.onreadystatechange (/data/code/exchange/exchange/node_modules/web3-providers-http/src/index.js:96:13)
    at XMLHttpRequestEventTarget.dispatchEvent (/data/code/exchange/exchange/node_modules/xhr2-cookies/dist/xml-http-request-event-target.js:34:22)
    at XMLHttpRequest._setReadyState (/data/code/exchange/exchange/node_modules/xhr2-cookies/dist/xml-http-request.js:208:14)
    at XMLHttpRequest._onHttpResponseEnd (/data/code/exchange/exchange/node_modules/xhr2-cookies/dist/xml-http-request.js:318:14)
    at IncomingMessage.<anonymous> (/data/code/exchange/exchange/node_modules/xhr2-cookies/dist/xml-http-request.js:289:61)
    at IncomingMessage.emit (events.js:215:7)
    at endReadableNT (_stream_readable.js:1183:12)
    at processTicksAndRejections (internal/process/task_queues.js:80:21)'}
{"date":"2019-11-06T13:25:08.504","level":"ERROR","category":"transfer2Eth.js","host":"ubuntu","pid":"27619","data":'热账号转账失败: Error: Returned error: There are too many transactions in the queue. Your transaction was dropped due to limit. Try increasing the fee.
    at Object.ErrorResponse (/data/code/exchange/exchange/node_modules/web3-core-helpers/src/errors.js:29:16)
    at /data/code/exchange/exchange/node_modules/web3-core-requestmanager/src/index.js:140:36
    at XMLHttpRequest.request.onreadystatechange (/data/code/exchange/exchange/node_modules/web3-providers-http/src/index.js:96:13)
    at XMLHttpRequestEventTarget.dispatchEvent (/data/code/exchange/exchange/node_modules/xhr2-cookies/dist/xml-http-request-event-target.js:34:22)
    at XMLHttpRequest._setReadyState (/data/code/exchange/exchange/node_modules/xhr2-cookies/dist/xml-http-request.js:208:14)
    at XMLHttpRequest._onHttpResponseEnd (/data/code/exchange/exchange/node_modules/xhr2-cookies/dist/xml-http-request.js:318:14)
    at IncomingMessage.<anonymous> (/data/code/exchange/exchange/node_modules/xhr2-cookies/dist/xml-http-request.js:289:61)
    at IncomingMessage.emit (events.js:215:7)
    at endReadableNT (_stream_readable.js:1183:12)
    at processTicksAndRejections (internal/process/task_queues.js:80:21)'}
{"date":"2019-11-06T13:25:08.504","level":"ERROR","category":"transfer2Eth.js","host":"ubuntu","pid":"27619","data":'this error from transfer2Eth(),the error is Error: Returned error: There are too many transactions in the queue. Your transaction was dropped due to limit. Try increasing the fee.
    at Object.ErrorResponse (/data/code/exchange/exchange/node_modules/web3-core-helpers/src/errors.js:29:16)
    at /data/code/exchange/exchange/node_modules/web3-core-requestmanager/src/index.js:140:36
    at XMLHttpRequest.request.onreadystatechange (/data/code/exchange/exchange/node_modules/web3-providers-http/src/index.js:96:13)
    at XMLHttpRequestEventTarget.dispatchEvent (/data/code/exchange/exchange/node_modules/xhr2-cookies/dist/xml-http-request-event-target.js:34:22)
    at XMLHttpRequest._setReadyState (/data/code/exchange/exchange/node_modules/xhr2-cookies/dist/xml-http-request.js:208:14)
    at XMLHttpRequest._onHttpResponseEnd (/data/code/exchange/exchange/node_modules/xhr2-cookies/dist/xml-http-request.js:318:14)
    at IncomingMessage.<anonymous> (/data/code/exchange/exchange/node_modules/xhr2-cookies/dist/xml-http-request.js:289:61)
    at IncomingMessage.emit (events.js:215:7)
    at endReadableNT (_stream_readable.js:1183:12)
    at processTicksAndRejections (internal/process/task_queues.js:80:21)'}
{"date":"2019-11-06T19:04:47.670","level":"ERROR","category":"transfer2Eth.js","host":"ubuntu","pid":"30378","data":'转账手续费失败 Error: Returned error: There are too many transactions in the queue. Your transaction was dropped due to limit. Try increasing the fee.
    at Object.ErrorResponse (/data/code/exchange/exchange/node_modules/web3-core-helpers/src/errors.js:29:16)
    at /data/code/exchange/exchange/node_modules/web3-core-requestmanager/src/index.js:140:36
    at XMLHttpRequest.request.onreadystatechange (/data/code/exchange/exchange/node_modules/web3-providers-http/src/index.js:96:13)
    at XMLHttpRequestEventTarget.dispatchEvent (/data/code/exchange/exchange/node_modules/xhr2-cookies/dist/xml-http-request-event-target.js:34:22)
    at XMLHttpRequest._setReadyState (/data/code/exchange/exchange/node_modules/xhr2-cookies/dist/xml-http-request.js:208:14)
    at XMLHttpRequest._onHttpResponseEnd (/data/code/exchange/exchange/node_modules/xhr2-cookies/dist/xml-http-request.js:318:14)
    at IncomingMessage.<anonymous> (/data/code/exchange/exchange/node_modules/xhr2-cookies/dist/xml-http-request.js:289:61)
    at IncomingMessage.emit (events.js:215:7)
    at endReadableNT (_stream_readable.js:1183:12)
    at processTicksAndRejections (internal/process/task_queues.js:80:21)'}
{"date":"2019-11-06T19:04:47.672","level":"ERROR","category":"transfer2Eth.js","host":"ubuntu","pid":"30378","data":'热账号转账失败: Error: Returned error: There are too many transactions in the queue. Your transaction was dropped due to limit. Try increasing the fee.
    at Object.ErrorResponse (/data/code/exchange/exchange/node_modules/web3-core-helpers/src/errors.js:29:16)
    at /data/code/exchange/exchange/node_modules/web3-core-requestmanager/src/index.js:140:36
    at XMLHttpRequest.request.onreadystatechange (/data/code/exchange/exchange/node_modules/web3-providers-http/src/index.js:96:13)
    at XMLHttpRequestEventTarget.dispatchEvent (/data/code/exchange/exchange/node_modules/xhr2-cookies/dist/xml-http-request-event-target.js:34:22)
    at XMLHttpRequest._setReadyState (/data/code/exchange/exchange/node_modules/xhr2-cookies/dist/xml-http-request.js:208:14)
    at XMLHttpRequest._onHttpResponseEnd (/data/code/exchange/exchange/node_modules/xhr2-cookies/dist/xml-http-request.js:318:14)
    at IncomingMessage.<anonymous> (/data/code/exchange/exchange/node_modules/xhr2-cookies/dist/xml-http-request.js:289:61)
    at IncomingMessage.emit (events.js:215:7)
    at endReadableNT (_stream_readable.js:1183:12)
    at processTicksAndRejections (internal/process/task_queues.js:80:21)'}
{"date":"2019-11-06T19:04:47.673","level":"ERROR","category":"transfer2Eth.js","host":"ubuntu","pid":"30378","data":'this error from transfer2Eth(),the error is Error: Returned error: There are too many transactions in the queue. Your transaction was dropped due to limit. Try increasing the fee.
    at Object.ErrorResponse (/data/code/exchange/exchange/node_modules/web3-core-helpers/src/errors.js:29:16)
    at /data/code/exchange/exchange/node_modules/web3-core-requestmanager/src/index.js:140:36
    at XMLHttpRequest.request.onreadystatechange (/data/code/exchange/exchange/node_modules/web3-providers-http/src/index.js:96:13)
    at XMLHttpRequestEventTarget.dispatchEvent (/data/code/exchange/exchange/node_modules/xhr2-cookies/dist/xml-http-request-event-target.js:34:22)
    at XMLHttpRequest._setReadyState (/data/code/exchange/exchange/node_modules/xhr2-cookies/dist/xml-http-request.js:208:14)
    at XMLHttpRequest._onHttpResponseEnd (/data/code/exchange/exchange/node_modules/xhr2-cookies/dist/xml-http-request.js:318:14)
    at IncomingMessage.<anonymous> (/data/code/exchange/exchange/node_modules/xhr2-cookies/dist/xml-http-request.js:289:61)
    at IncomingMessage.emit (events.js:215:7)
    at endReadableNT (_stream_readable.js:1183:12)
    at processTicksAndRejections (internal/process/task_queues.js:80:21)'}
{"date":"2019-11-06T19:11:27.685","level":"ERROR","category":"transfer2Eth.js","host":"ubuntu","pid":"30378","data":'转账手续费失败 Error: Returned error: There are too many transactions in the queue. Your transaction was dropped due to limit. Try increasing the fee.
    at Object.ErrorResponse (/data/code/exchange/exchange/node_modules/web3-core-helpers/src/errors.js:29:16)
    at /data/code/exchange/exchange/node_modules/web3-core-requestmanager/src/index.js:140:36
    at XMLHttpRequest.request.onreadystatechange (/data/code/exchange/exchange/node_modules/web3-providers-http/src/index.js:96:13)
    at XMLHttpRequestEventTarget.dispatchEvent (/data/code/exchange/exchange/node_modules/xhr2-cookies/dist/xml-http-request-event-target.js:34:22)
    at XMLHttpRequest._setReadyState (/data/code/exchange/exchange/node_modules/xhr2-cookies/dist/xml-http-request.js:208:14)
    at XMLHttpRequest._onHttpResponseEnd (/data/code/exchange/exchange/node_modules/xhr2-cookies/dist/xml-http-request.js:318:14)
    at IncomingMessage.<anonymous> (/data/code/exchange/exchange/node_modules/xhr2-cookies/dist/xml-http-request.js:289:61)
    at IncomingMessage.emit (events.js:215:7)
    at endReadableNT (_stream_readable.js:1183:12)
    at processTicksAndRejections (internal/process/task_queues.js:80:21)'}
{"date":"2019-11-06T19:11:27.686","level":"ERROR","category":"transfer2Eth.js","host":"ubuntu","pid":"30378","data":'热账号转账失败: Error: Returned error: There are too many transactions in the queue. Your transaction was dropped due to limit. Try increasing the fee.
    at Object.ErrorResponse (/data/code/exchange/exchange/node_modules/web3-core-helpers/src/errors.js:29:16)
    at /data/code/exchange/exchange/node_modules/web3-core-requestmanager/src/index.js:140:36
    at XMLHttpRequest.request.onreadystatechange (/data/code/exchange/exchange/node_modules/web3-providers-http/src/index.js:96:13)
    at XMLHttpRequestEventTarget.dispatchEvent (/data/code/exchange/exchange/node_modules/xhr2-cookies/dist/xml-http-request-event-target.js:34:22)
    at XMLHttpRequest._setReadyState (/data/code/exchange/exchange/node_modules/xhr2-cookies/dist/xml-http-request.js:208:14)
    at XMLHttpRequest._onHttpResponseEnd (/data/code/exchange/exchange/node_modules/xhr2-cookies/dist/xml-http-request.js:318:14)
    at IncomingMessage.<anonymous> (/data/code/exchange/exchange/node_modules/xhr2-cookies/dist/xml-http-request.js:289:61)
    at IncomingMessage.emit (events.js:215:7)
    at endReadableNT (_stream_readable.js:1183:12)
    at processTicksAndRejections (internal/process/task_queues.js:80:21)'}
{"date":"2019-11-06T19:11:27.686","level":"ERROR","category":"transfer2Eth.js","host":"ubuntu","pid":"30378","data":'this error from transfer2Eth(),the error is Error: Returned error: There are too many transactions in the queue. Your transaction was dropped due to limit. Try increasing the fee.
    at Object.ErrorResponse (/data/code/exchange/exchange/node_modules/web3-core-helpers/src/errors.js:29:16)
    at /data/code/exchange/exchange/node_modules/web3-core-requestmanager/src/index.js:140:36
    at XMLHttpRequest.request.onreadystatechange (/data/code/exchange/exchange/node_modules/web3-providers-http/src/index.js:96:13)
    at XMLHttpRequestEventTarget.dispatchEvent (/data/code/exchange/exchange/node_modules/xhr2-cookies/dist/xml-http-request-event-target.js:34:22)
    at XMLHttpRequest._setReadyState (/data/code/exchange/exchange/node_modules/xhr2-cookies/dist/xml-http-request.js:208:14)
    at XMLHttpRequest._onHttpResponseEnd (/data/code/exchange/exchange/node_modules/xhr2-cookies/dist/xml-http-request.js:318:14)
    at IncomingMessage.<anonymous> (/data/code/exchange/exchange/node_modules/xhr2-cookies/dist/xml-http-request.js:289:61)
    at IncomingMessage.emit (events.js:215:7)
    at endReadableNT (_stream_readable.js:1183:12)
    at processTicksAndRejections (internal/process/task_queues.js:80:21)'}
{"date":"2019-11-06T22:17:10.650","level":"ERROR","category":"transfer2Eth.js","host":"ubuntu","pid":"1301","data":'转账手续费失败 Error: Returned error: Transaction gas price supplied is too low. There is another transaction with same nonce in the queue. Try increasing the gas price or incrementing the nonce.
    at Object.ErrorResponse (/data/code/exchange/exchange/node_modules/web3-core-helpers/src/errors.js:29:16)
    at /data/code/exchange/exchange/node_modules/web3-core-requestmanager/src/index.js:140:36
    at XMLHttpRequest.request.onreadystatechange (/data/code/exchange/exchange/node_modules/web3-providers-http/src/index.js:96:13)
    at XMLHttpRequestEventTarget.dispatchEvent (/data/code/exchange/exchange/node_modules/xhr2-cookies/dist/xml-http-request-event-target.js:34:22)
    at XMLHttpRequest._setReadyState (/data/code/exchange/exchange/node_modules/xhr2-cookies/dist/xml-http-request.js:208:14)
    at XMLHttpRequest._onHttpResponseEnd (/data/code/exchange/exchange/node_modules/xhr2-cookies/dist/xml-http-request.js:318:14)
    at IncomingMessage.<anonymous> (/data/code/exchange/exchange/node_modules/xhr2-cookies/dist/xml-http-request.js:289:61)
    at IncomingMessage.emit (events.js:215:7)
    at endReadableNT (_stream_readable.js:1183:12)
    at processTicksAndRejections (internal/process/task_queues.js:80:21)'}
{"date":"2019-11-06T22:17:10.653","level":"ERROR","category":"transfer2Eth.js","host":"ubuntu","pid":"1301","data":'热账号转账失败: Error: Returned error: Transaction gas price supplied is too low. There is another transaction with same nonce in the queue. Try increasing the gas price or incrementing the nonce.
    at Object.ErrorResponse (/data/code/exchange/exchange/node_modules/web3-core-helpers/src/errors.js:29:16)
    at /data/code/exchange/exchange/node_modules/web3-core-requestmanager/src/index.js:140:36
    at XMLHttpRequest.request.onreadystatechange (/data/code/exchange/exchange/node_modules/web3-providers-http/src/index.js:96:13)
    at XMLHttpRequestEventTarget.dispatchEvent (/data/code/exchange/exchange/node_modules/xhr2-cookies/dist/xml-http-request-event-target.js:34:22)
    at XMLHttpRequest._setReadyState (/data/code/exchange/exchange/node_modules/xhr2-cookies/dist/xml-http-request.js:208:14)
    at XMLHttpRequest._onHttpResponseEnd (/data/code/exchange/exchange/node_modules/xhr2-cookies/dist/xml-http-request.js:318:14)
    at IncomingMessage.<anonymous> (/data/code/exchange/exchange/node_modules/xhr2-cookies/dist/xml-http-request.js:289:61)
    at IncomingMessage.emit (events.js:215:7)
    at endReadableNT (_stream_readable.js:1183:12)
    at processTicksAndRejections (internal/process/task_queues.js:80:21)'}
{"date":"2019-11-06T22:17:10.653","level":"ERROR","category":"transfer2Eth.js","host":"ubuntu","pid":"1301","data":'this error from transfer2Eth(),the error is Error: Returned error: Transaction gas price supplied is too low. There is another transaction with same nonce in the queue. Try increasing the gas price or incrementing the nonce.
    at Object.ErrorResponse (/data/code/exchange/exchange/node_modules/web3-core-helpers/src/errors.js:29:16)
    at /data/code/exchange/exchange/node_modules/web3-core-requestmanager/src/index.js:140:36
    at XMLHttpRequest.request.onreadystatechange (/data/code/exchange/exchange/node_modules/web3-providers-http/src/index.js:96:13)
    at XMLHttpRequestEventTarget.dispatchEvent (/data/code/exchange/exchange/node_modules/xhr2-cookies/dist/xml-http-request-event-target.js:34:22)
    at XMLHttpRequest._setReadyState (/data/code/exchange/exchange/node_modules/xhr2-cookies/dist/xml-http-request.js:208:14)
    at XMLHttpRequest._onHttpResponseEnd (/data/code/exchange/exchange/node_modules/xhr2-cookies/dist/xml-http-request.js:318:14)
    at IncomingMessage.<anonymous> (/data/code/exchange/exchange/node_modules/xhr2-cookies/dist/xml-http-request.js:289:61)
    at IncomingMessage.emit (events.js:215:7)
    at endReadableNT (_stream_readable.js:1183:12)
    at processTicksAndRejections (internal/process/task_queues.js:80:21)'}
{"date":"2019-11-06T22:43:20.109","level":"ERROR","category":"transfer2Eth.js","host":"ubuntu","pid":"11168","data":'转账手续费失败 Error: Returned error: Transaction gas price supplied is too low. There is another transaction with same nonce in the queue. Try increasing the gas price or incrementing the nonce.
    at Object.ErrorResponse (/data/code/exchange/exchange/node_modules/web3-core-helpers/src/errors.js:29:16)
    at /data/code/exchange/exchange/node_modules/web3-core-requestmanager/src/index.js:140:36
    at XMLHttpRequest.request.onreadystatechange (/data/code/exchange/exchange/node_modules/web3-providers-http/src/index.js:96:13)
    at XMLHttpRequestEventTarget.dispatchEvent (/data/code/exchange/exchange/node_modules/xhr2-cookies/dist/xml-http-request-event-target.js:34:22)
    at XMLHttpRequest._setReadyState (/data/code/exchange/exchange/node_modules/xhr2-cookies/dist/xml-http-request.js:208:14)
    at XMLHttpRequest._onHttpResponseEnd (/data/code/exchange/exchange/node_modules/xhr2-cookies/dist/xml-http-request.js:318:14)
    at IncomingMessage.<anonymous> (/data/code/exchange/exchange/node_modules/xhr2-cookies/dist/xml-http-request.js:289:61)
    at IncomingMessage.emit (events.js:215:7)
    at endReadableNT (_stream_readable.js:1183:12)
    at processTicksAndRejections (internal/process/task_queues.js:80:21)'}
{"date":"2019-11-06T22:43:20.110","level":"ERROR","category":"transfer2Eth.js","host":"ubuntu","pid":"11168","data":'热账号转账失败: Error: Returned error: Transaction gas price supplied is too low. There is another transaction with same nonce in the queue. Try increasing the gas price or incrementing the nonce.
    at Object.ErrorResponse (/data/code/exchange/exchange/node_modules/web3-core-helpers/src/errors.js:29:16)
    at /data/code/exchange/exchange/node_modules/web3-core-requestmanager/src/index.js:140:36
    at XMLHttpRequest.request.onreadystatechange (/data/code/exchange/exchange/node_modules/web3-providers-http/src/index.js:96:13)
    at XMLHttpRequestEventTarget.dispatchEvent (/data/code/exchange/exchange/node_modules/xhr2-cookies/dist/xml-http-request-event-target.js:34:22)
    at XMLHttpRequest._setReadyState (/data/code/exchange/exchange/node_modules/xhr2-cookies/dist/xml-http-request.js:208:14)
    at XMLHttpRequest._onHttpResponseEnd (/data/code/exchange/exchange/node_modules/xhr2-cookies/dist/xml-http-request.js:318:14)
    at IncomingMessage.<anonymous> (/data/code/exchange/exchange/node_modules/xhr2-cookies/dist/xml-http-request.js:289:61)
    at IncomingMessage.emit (events.js:215:7)
    at endReadableNT (_stream_readable.js:1183:12)
    at processTicksAndRejections (internal/process/task_queues.js:80:21)'}
{"date":"2019-11-06T22:43:20.110","level":"ERROR","category":"transfer2Eth.js","host":"ubuntu","pid":"11168","data":'this error from transfer2Eth(),the error is Error: Returned error: Transaction gas price supplied is too low. There is another transaction with same nonce in the queue. Try increasing the gas price or incrementing the nonce.
    at Object.ErrorResponse (/data/code/exchange/exchange/node_modules/web3-core-helpers/src/errors.js:29:16)
    at /data/code/exchange/exchange/node_modules/web3-core-requestmanager/src/index.js:140:36
    at XMLHttpRequest.request.onreadystatechange (/data/code/exchange/exchange/node_modules/web3-providers-http/src/index.js:96:13)
    at XMLHttpRequestEventTarget.dispatchEvent (/data/code/exchange/exchange/node_modules/xhr2-cookies/dist/xml-http-request-event-target.js:34:22)
    at XMLHttpRequest._setReadyState (/data/code/exchange/exchange/node_modules/xhr2-cookies/dist/xml-http-request.js:208:14)
    at XMLHttpRequest._onHttpResponseEnd (/data/code/exchange/exchange/node_modules/xhr2-cookies/dist/xml-http-request.js:318:14)
    at IncomingMessage.<anonymous> (/data/code/exchange/exchange/node_modules/xhr2-cookies/dist/xml-http-request.js:289:61)
    at IncomingMessage.emit (events.js:215:7)
    at endReadableNT (_stream_readable.js:1183:12)
    at processTicksAndRejections (internal/process/task_queues.js:80:21)'}
