{"date":"2019-11-06T12:20:00.693","level":"ERROR","category":"transfer2Pog.js","host":"ubuntu","pid":"25838","data":'pogceshi2222接收转账操作失败: TypeError: Cannot read property 'processed' of undefined
    at transfer2Pog (/data/code/exchange/exchange/src/job/transfer2Pog.js:62:52)
    at processTicksAndRejections (internal/process/task_queues.js:93:5)
    at async /data/code/exchange/exchange/src/job/mqHandler.js:13:9'}
{"date":"2019-11-06T12:20:00.695","level":"ERROR","category":"transfer2Pog.js","host":"ubuntu","pid":"25838","data":'this error from transfer2Pog(),the error trace is O% TypeError: Cannot read property 'processed' of undefined
    at transfer2Pog (/data/code/exchange/exchange/src/job/transfer2Pog.js:62:52)
    at processTicksAndRejections (internal/process/task_queues.js:93:5)
    at async /data/code/exchange/exchange/src/job/mqHandler.js:13:9'}
{"date":"2019-11-06T12:20:10.406","level":"ERROR","category":"transfer2Pog.js","host":"ubuntu","pid":"25838","data":'pogceshi2222接收转账操作失败: TypeError: Cannot read property 'processed' of undefined
    at transfer2Pog (/data/code/exchange/exchange/src/job/transfer2Pog.js:62:52)
    at processTicksAndRejections (internal/process/task_queues.js:93:5)
    at async /data/code/exchange/exchange/src/job/mqHandler.js:13:9'}
{"date":"2019-11-06T12:20:10.407","level":"ERROR","category":"transfer2Pog.js","host":"ubuntu","pid":"25838","data":'this error from transfer2Pog(),the error trace is O% TypeError: Cannot read property 'processed' of undefined
    at transfer2Pog (/data/code/exchange/exchange/src/job/transfer2Pog.js:62:52)
    at processTicksAndRejections (internal/process/task_queues.js:93:5)
    at async /data/code/exchange/exchange/src/job/mqHandler.js:13:9'}
{"date":"2019-11-06T12:20:20.400","level":"ERROR","category":"transfer2Pog.js","host":"ubuntu","pid":"25838","data":'pogceshi2222接收转账操作失败: TypeError: Cannot read property 'processed' of undefined
    at transfer2Pog (/data/code/exchange/exchange/src/job/transfer2Pog.js:62:52)
    at processTicksAndRejections (internal/process/task_queues.js:93:5)
    at async /data/code/exchange/exchange/src/job/mqHandler.js:13:9'}
{"date":"2019-11-06T12:20:20.401","level":"ERROR","category":"transfer2Pog.js","host":"ubuntu","pid":"25838","data":'this error from transfer2Pog(),the error trace is O% TypeError: Cannot read property 'processed' of undefined
    at transfer2Pog (/data/code/exchange/exchange/src/job/transfer2Pog.js:62:52)
    at processTicksAndRejections (internal/process/task_queues.js:93:5)
    at async /data/code/exchange/exchange/src/job/mqHandler.js:13:9'}
{"date":"2019-11-06T12:20:30.399","level":"ERROR","category":"transfer2Pog.js","host":"ubuntu","pid":"25838","data":'pogceshi2222接收转账操作失败: TypeError: Cannot read property 'processed' of undefined
    at transfer2Pog (/data/code/exchange/exchange/src/job/transfer2Pog.js:62:52)
    at processTicksAndRejections (internal/process/task_queues.js:93:5)
    at async /data/code/exchange/exchange/src/job/mqHandler.js:13:9'}
{"date":"2019-11-06T12:20:30.399","level":"ERROR","category":"transfer2Pog.js","host":"ubuntu","pid":"25838","data":'this error from transfer2Pog(),the error trace is O% TypeError: Cannot read property 'processed' of undefined
    at transfer2Pog (/data/code/exchange/exchange/src/job/transfer2Pog.js:62:52)
    at processTicksAndRejections (internal/process/task_queues.js:93:5)
    at async /data/code/exchange/exchange/src/job/mqHandler.js:13:9'}
{"date":"2019-11-06T12:20:40.400","level":"ERROR","category":"transfer2Pog.js","host":"ubuntu","pid":"25838","data":'pogceshi2222接收转账操作失败: TypeError: Cannot read property 'processed' of undefined
    at transfer2Pog (/data/code/exchange/exchange/src/job/transfer2Pog.js:62:52)
    at processTicksAndRejections (internal/process/task_queues.js:93:5)
    at async /data/code/exchange/exchange/src/job/mqHandler.js:13:9'}
{"date":"2019-11-06T12:20:40.400","level":"ERROR","category":"transfer2Pog.js","host":"ubuntu","pid":"25838","data":'this error from transfer2Pog(),the error trace is O% TypeError: Cannot read property 'processed' of undefined
    at transfer2Pog (/data/code/exchange/exchange/src/job/transfer2Pog.js:62:52)
    at processTicksAndRejections (internal/process/task_queues.js:93:5)
    at async /data/code/exchange/exchange/src/job/mqHandler.js:13:9'}
{"date":"2019-11-06T12:20:50.399","level":"ERROR","category":"transfer2Pog.js","host":"ubuntu","pid":"25838","data":'pogceshi2222接收转账操作失败: TypeError: Cannot read property 'processed' of undefined
    at transfer2Pog (/data/code/exchange/exchange/src/job/transfer2Pog.js:62:52)
    at processTicksAndRejections (internal/process/task_queues.js:93:5)
    at async /data/code/exchange/exchange/src/job/mqHandler.js:13:9'}
{"date":"2019-11-06T12:20:50.400","level":"ERROR","category":"transfer2Pog.js","host":"ubuntu","pid":"25838","data":'this error from transfer2Pog(),the error trace is O% TypeError: Cannot read property 'processed' of undefined
    at transfer2Pog (/data/code/exchange/exchange/src/job/transfer2Pog.js:62:52)
    at processTicksAndRejections (internal/process/task_queues.js:93:5)
    at async /data/code/exchange/exchange/src/job/mqHandler.js:13:9'}
{"date":"2019-11-06T12:21:00.397","level":"ERROR","category":"transfer2Pog.js","host":"ubuntu","pid":"25838","data":'pogceshi2222接收转账操作失败: TypeError: Cannot read property 'processed' of undefined
    at transfer2Pog (/data/code/exchange/exchange/src/job/transfer2Pog.js:62:52)
    at processTicksAndRejections (internal/process/task_queues.js:93:5)
    at async /data/code/exchange/exchange/src/job/mqHandler.js:13:9'}
{"date":"2019-11-06T12:21:00.398","level":"ERROR","category":"transfer2Pog.js","host":"ubuntu","pid":"25838","data":'this error from transfer2Pog(),the error trace is O% TypeError: Cannot read property 'processed' of undefined
    at transfer2Pog (/data/code/exchange/exchange/src/job/transfer2Pog.js:62:52)
    at processTicksAndRejections (internal/process/task_queues.js:93:5)
    at async /data/code/exchange/exchange/src/job/mqHandler.js:13:9'}
{"date":"2019-11-06T12:21:10.399","level":"ERROR","category":"transfer2Pog.js","host":"ubuntu","pid":"25838","data":'pogceshi2222接收转账操作失败: TypeError: Cannot read property 'processed' of undefined
    at transfer2Pog (/data/code/exchange/exchange/src/job/transfer2Pog.js:62:52)
    at processTicksAndRejections (internal/process/task_queues.js:93:5)
    at async /data/code/exchange/exchange/src/job/mqHandler.js:13:9'}
{"date":"2019-11-06T12:21:10.399","level":"ERROR","category":"transfer2Pog.js","host":"ubuntu","pid":"25838","data":'this error from transfer2Pog(),the error trace is O% TypeError: Cannot read property 'processed' of undefined
    at transfer2Pog (/data/code/exchange/exchange/src/job/transfer2Pog.js:62:52)
    at processTicksAndRejections (internal/process/task_queues.js:93:5)
    at async /data/code/exchange/exchange/src/job/mqHandler.js:13:9'}
{"date":"2019-11-06T12:21:20.398","level":"ERROR","category":"transfer2Pog.js","host":"ubuntu","pid":"25838","data":'pogceshi2222接收转账操作失败: TypeError: Cannot read property 'processed' of undefined
    at transfer2Pog (/data/code/exchange/exchange/src/job/transfer2Pog.js:62:52)
    at processTicksAndRejections (internal/process/task_queues.js:93:5)
    at async /data/code/exchange/exchange/src/job/mqHandler.js:13:9'}
{"date":"2019-11-06T12:21:20.398","level":"ERROR","category":"transfer2Pog.js","host":"ubuntu","pid":"25838","data":'this error from transfer2Pog(),the error trace is O% TypeError: Cannot read property 'processed' of undefined
    at transfer2Pog (/data/code/exchange/exchange/src/job/transfer2Pog.js:62:52)
    at processTicksAndRejections (internal/process/task_queues.js:93:5)
    at async /data/code/exchange/exchange/src/job/mqHandler.js:13:9'}
{"date":"2019-11-06T12:21:30.398","level":"ERROR","category":"transfer2Pog.js","host":"ubuntu","pid":"25838","data":'pogceshi2222接收转账操作失败: TypeError: Cannot read property 'processed' of undefined
    at transfer2Pog (/data/code/exchange/exchange/src/job/transfer2Pog.js:62:52)
    at processTicksAndRejections (internal/process/task_queues.js:93:5)
    at async /data/code/exchange/exchange/src/job/mqHandler.js:13:9'}
{"date":"2019-11-06T12:21:30.399","level":"ERROR","category":"transfer2Pog.js","host":"ubuntu","pid":"25838","data":'this error from transfer2Pog(),the error trace is O% TypeError: Cannot read property 'processed' of undefined
    at transfer2Pog (/data/code/exchange/exchange/src/job/transfer2Pog.js:62:52)
    at processTicksAndRejections (internal/process/task_queues.js:93:5)
    at async /data/code/exchange/exchange/src/job/mqHandler.js:13:9'}
{"date":"2019-11-06T12:21:40.400","level":"ERROR","category":"transfer2Pog.js","host":"ubuntu","pid":"25838","data":'pogceshi2222接收转账操作失败: TypeError: Cannot read property 'processed' of undefined
    at transfer2Pog (/data/code/exchange/exchange/src/job/transfer2Pog.js:62:52)
    at processTicksAndRejections (internal/process/task_queues.js:93:5)
    at async /data/code/exchange/exchange/src/job/mqHandler.js:13:9'}
{"date":"2019-11-06T12:21:40.401","level":"ERROR","category":"transfer2Pog.js","host":"ubuntu","pid":"25838","data":'this error from transfer2Pog(),the error trace is O% TypeError: Cannot read property 'processed' of undefined
    at transfer2Pog (/data/code/exchange/exchange/src/job/transfer2Pog.js:62:52)
    at processTicksAndRejections (internal/process/task_queues.js:93:5)
    at async /data/code/exchange/exchange/src/job/mqHandler.js:13:9'}
{"date":"2019-11-06T12:21:50.398","level":"ERROR","category":"transfer2Pog.js","host":"ubuntu","pid":"25838","data":'pogceshi2222接收转账操作失败: TypeError: Cannot read property 'processed' of undefined
    at transfer2Pog (/data/code/exchange/exchange/src/job/transfer2Pog.js:62:52)
    at processTicksAndRejections (internal/process/task_queues.js:93:5)
    at async /data/code/exchange/exchange/src/job/mqHandler.js:13:9'}
{"date":"2019-11-06T12:21:50.399","level":"ERROR","category":"transfer2Pog.js","host":"ubuntu","pid":"25838","data":'this error from transfer2Pog(),the error trace is O% TypeError: Cannot read property 'processed' of undefined
    at transfer2Pog (/data/code/exchange/exchange/src/job/transfer2Pog.js:62:52)
    at processTicksAndRejections (internal/process/task_queues.js:93:5)
    at async /data/code/exchange/exchange/src/job/mqHandler.js:13:9'}
{"date":"2019-11-06T12:22:00.399","level":"ERROR","category":"transfer2Pog.js","host":"ubuntu","pid":"25838","data":'pogceshi2222接收转账操作失败: TypeError: Cannot read property 'processed' of undefined
    at transfer2Pog (/data/code/exchange/exchange/src/job/transfer2Pog.js:62:52)
    at processTicksAndRejections (internal/process/task_queues.js:93:5)
    at async /data/code/exchange/exchange/src/job/mqHandler.js:13:9'}
{"date":"2019-11-06T12:22:00.400","level":"ERROR","category":"transfer2Pog.js","host":"ubuntu","pid":"25838","data":'this error from transfer2Pog(),the error trace is O% TypeError: Cannot read property 'processed' of undefined
    at transfer2Pog (/data/code/exchange/exchange/src/job/transfer2Pog.js:62:52)
    at processTicksAndRejections (internal/process/task_queues.js:93:5)
    at async /data/code/exchange/exchange/src/job/mqHandler.js:13:9'}
{"date":"2019-11-06T12:22:10.397","level":"ERROR","category":"transfer2Pog.js","host":"ubuntu","pid":"25838","data":'pogceshi2222接收转账操作失败: TypeError: Cannot read property 'processed' of undefined
    at transfer2Pog (/data/code/exchange/exchange/src/job/transfer2Pog.js:62:52)
    at processTicksAndRejections (internal/process/task_queues.js:93:5)
    at async /data/code/exchange/exchange/src/job/mqHandler.js:13:9'}
{"date":"2019-11-06T12:22:10.397","level":"ERROR","category":"transfer2Pog.js","host":"ubuntu","pid":"25838","data":'this error from transfer2Pog(),the error trace is O% TypeError: Cannot read property 'processed' of undefined
    at transfer2Pog (/data/code/exchange/exchange/src/job/transfer2Pog.js:62:52)
    at processTicksAndRejections (internal/process/task_queues.js:93:5)
    at async /data/code/exchange/exchange/src/job/mqHandler.js:13:9'}
{"date":"2019-11-06T12:22:20.399","level":"ERROR","category":"transfer2Pog.js","host":"ubuntu","pid":"25838","data":'pogceshi2222接收转账操作失败: TypeError: Cannot read property 'processed' of undefined
    at transfer2Pog (/data/code/exchange/exchange/src/job/transfer2Pog.js:62:52)
    at processTicksAndRejections (internal/process/task_queues.js:93:5)
    at async /data/code/exchange/exchange/src/job/mqHandler.js:13:9'}
{"date":"2019-11-06T12:22:20.400","level":"ERROR","category":"transfer2Pog.js","host":"ubuntu","pid":"25838","data":'this error from transfer2Pog(),the error trace is O% TypeError: Cannot read property 'processed' of undefined
    at transfer2Pog (/data/code/exchange/exchange/src/job/transfer2Pog.js:62:52)
    at processTicksAndRejections (internal/process/task_queues.js:93:5)
    at async /data/code/exchange/exchange/src/job/mqHandler.js:13:9'}
{"date":"2019-11-06T12:22:30.396","level":"ERROR","category":"transfer2Pog.js","host":"ubuntu","pid":"25838","data":'pogceshi2222接收转账操作失败: TypeError: Cannot read property 'processed' of undefined
    at transfer2Pog (/data/code/exchange/exchange/src/job/transfer2Pog.js:62:52)
    at processTicksAndRejections (internal/process/task_queues.js:93:5)
    at async /data/code/exchange/exchange/src/job/mqHandler.js:13:9'}
{"date":"2019-11-06T12:22:30.397","level":"ERROR","category":"transfer2Pog.js","host":"ubuntu","pid":"25838","data":'this error from transfer2Pog(),the error trace is O% TypeError: Cannot read property 'processed' of undefined
    at transfer2Pog (/data/code/exchange/exchange/src/job/transfer2Pog.js:62:52)
    at processTicksAndRejections (internal/process/task_queues.js:93:5)
    at async /data/code/exchange/exchange/src/job/mqHandler.js:13:9'}
{"date":"2019-11-06T12:22:40.398","level":"ERROR","category":"transfer2Pog.js","host":"ubuntu","pid":"25838","data":'pogceshi2222接收转账操作失败: TypeError: Cannot read property 'processed' of undefined
    at transfer2Pog (/data/code/exchange/exchange/src/job/transfer2Pog.js:62:52)
    at processTicksAndRejections (internal/process/task_queues.js:93:5)
    at async /data/code/exchange/exchange/src/job/mqHandler.js:13:9'}
{"date":"2019-11-06T12:22:40.399","level":"ERROR","category":"transfer2Pog.js","host":"ubuntu","pid":"25838","data":'this error from transfer2Pog(),the error trace is O% TypeError: Cannot read property 'processed' of undefined
    at transfer2Pog (/data/code/exchange/exchange/src/job/transfer2Pog.js:62:52)
    at processTicksAndRejections (internal/process/task_queues.js:93:5)
    at async /data/code/exchange/exchange/src/job/mqHandler.js:13:9'}
{"date":"2019-11-06T12:23:00.639","level":"ERROR","category":"transfer2Pog.js","host":"ubuntu","pid":"25989","data":'pogceshi2222接收转账操作失败: TypeError: Cannot read property 'processed' of undefined
    at transfer2Pog (/data/code/exchange/exchange/src/job/transfer2Pog.js:62:52)
    at processTicksAndRejections (internal/process/task_queues.js:93:5)
    at async /data/code/exchange/exchange/src/job/mqHandler.js:13:9'}
{"date":"2019-11-06T12:23:00.641","level":"ERROR","category":"transfer2Pog.js","host":"ubuntu","pid":"25989","data":'this error from transfer2Pog(),the error trace is O% TypeError: Cannot read property 'processed' of undefined
    at transfer2Pog (/data/code/exchange/exchange/src/job/transfer2Pog.js:62:52)
    at processTicksAndRejections (internal/process/task_queues.js:93:5)
    at async /data/code/exchange/exchange/src/job/mqHandler.js:13:9'}
{"date":"2019-11-06T12:23:10.426","level":"ERROR","category":"transfer2Pog.js","host":"ubuntu","pid":"25989","data":'pogceshi2222接收转账操作失败: TypeError: Cannot read property 'processed' of undefined
    at transfer2Pog (/data/code/exchange/exchange/src/job/transfer2Pog.js:62:52)
    at processTicksAndRejections (internal/process/task_queues.js:93:5)
    at async /data/code/exchange/exchange/src/job/mqHandler.js:13:9'}
{"date":"2019-11-06T12:23:10.426","level":"ERROR","category":"transfer2Pog.js","host":"ubuntu","pid":"25989","data":'this error from transfer2Pog(),the error trace is O% TypeError: Cannot read property 'processed' of undefined
    at transfer2Pog (/data/code/exchange/exchange/src/job/transfer2Pog.js:62:52)
    at processTicksAndRejections (internal/process/task_queues.js:93:5)
    at async /data/code/exchange/exchange/src/job/mqHandler.js:13:9'}
{"date":"2019-11-06T12:23:20.421","level":"ERROR","category":"transfer2Pog.js","host":"ubuntu","pid":"25989","data":'pogceshi2222接收转账操作失败: TypeError: Cannot read property 'processed' of undefined
    at transfer2Pog (/data/code/exchange/exchange/src/job/transfer2Pog.js:62:52)
    at processTicksAndRejections (internal/process/task_queues.js:93:5)
    at async /data/code/exchange/exchange/src/job/mqHandler.js:13:9'}
{"date":"2019-11-06T12:23:20.421","level":"ERROR","category":"transfer2Pog.js","host":"ubuntu","pid":"25989","data":'this error from transfer2Pog(),the error trace is O% TypeError: Cannot read property 'processed' of undefined
    at transfer2Pog (/data/code/exchange/exchange/src/job/transfer2Pog.js:62:52)
    at processTicksAndRejections (internal/process/task_queues.js:93:5)
    at async /data/code/exchange/exchange/src/job/mqHandler.js:13:9'}
{"date":"2019-11-06T12:23:30.421","level":"ERROR","category":"transfer2Pog.js","host":"ubuntu","pid":"25989","data":'pogceshi2222接收转账操作失败: TypeError: Cannot read property 'processed' of undefined
    at transfer2Pog (/data/code/exchange/exchange/src/job/transfer2Pog.js:62:52)
    at processTicksAndRejections (internal/process/task_queues.js:93:5)
    at async /data/code/exchange/exchange/src/job/mqHandler.js:13:9'}
{"date":"2019-11-06T12:23:30.422","level":"ERROR","category":"transfer2Pog.js","host":"ubuntu","pid":"25989","data":'this error from transfer2Pog(),the error trace is O% TypeError: Cannot read property 'processed' of undefined
    at transfer2Pog (/data/code/exchange/exchange/src/job/transfer2Pog.js:62:52)
    at processTicksAndRejections (internal/process/task_queues.js:93:5)
    at async /data/code/exchange/exchange/src/job/mqHandler.js:13:9'}
{"date":"2019-11-06T12:23:40.420","level":"ERROR","category":"transfer2Pog.js","host":"ubuntu","pid":"25989","data":'pogceshi2222接收转账操作失败: TypeError: Cannot read property 'processed' of undefined
    at transfer2Pog (/data/code/exchange/exchange/src/job/transfer2Pog.js:62:52)
    at processTicksAndRejections (internal/process/task_queues.js:93:5)
    at async /data/code/exchange/exchange/src/job/mqHandler.js:13:9'}
{"date":"2019-11-06T12:23:40.421","level":"ERROR","category":"transfer2Pog.js","host":"ubuntu","pid":"25989","data":'this error from transfer2Pog(),the error trace is O% TypeError: Cannot read property 'processed' of undefined
    at transfer2Pog (/data/code/exchange/exchange/src/job/transfer2Pog.js:62:52)
    at processTicksAndRejections (internal/process/task_queues.js:93:5)
    at async /data/code/exchange/exchange/src/job/mqHandler.js:13:9'}
{"date":"2019-11-06T12:23:50.420","level":"ERROR","category":"transfer2Pog.js","host":"ubuntu","pid":"25989","data":'pogceshi2222接收转账操作失败: TypeError: Cannot read property 'processed' of undefined
    at transfer2Pog (/data/code/exchange/exchange/src/job/transfer2Pog.js:62:52)
    at processTicksAndRejections (internal/process/task_queues.js:93:5)
    at async /data/code/exchange/exchange/src/job/mqHandler.js:13:9'}
{"date":"2019-11-06T12:23:50.421","level":"ERROR","category":"transfer2Pog.js","host":"ubuntu","pid":"25989","data":'this error from transfer2Pog(),the error trace is O% TypeError: Cannot read property 'processed' of undefined
    at transfer2Pog (/data/code/exchange/exchange/src/job/transfer2Pog.js:62:52)
    at processTicksAndRejections (internal/process/task_queues.js:93:5)
    at async /data/code/exchange/exchange/src/job/mqHandler.js:13:9'}
{"date":"2019-11-06T12:24:00.419","level":"ERROR","category":"transfer2Pog.js","host":"ubuntu","pid":"25989","data":'pogceshi2222接收转账操作失败: TypeError: Cannot read property 'processed' of undefined
    at transfer2Pog (/data/code/exchange/exchange/src/job/transfer2Pog.js:62:52)
    at processTicksAndRejections (internal/process/task_queues.js:93:5)
    at async /data/code/exchange/exchange/src/job/mqHandler.js:13:9'}
{"date":"2019-11-06T12:24:00.420","level":"ERROR","category":"transfer2Pog.js","host":"ubuntu","pid":"25989","data":'this error from transfer2Pog(),the error trace is O% TypeError: Cannot read property 'processed' of undefined
    at transfer2Pog (/data/code/exchange/exchange/src/job/transfer2Pog.js:62:52)
    at processTicksAndRejections (internal/process/task_queues.js:93:5)
    at async /data/code/exchange/exchange/src/job/mqHandler.js:13:9'}
{"date":"2019-11-06T12:24:10.420","level":"ERROR","category":"transfer2Pog.js","host":"ubuntu","pid":"25989","data":'pogceshi2222接收转账操作失败: TypeError: Cannot read property 'processed' of undefined
    at transfer2Pog (/data/code/exchange/exchange/src/job/transfer2Pog.js:62:52)
    at processTicksAndRejections (internal/process/task_queues.js:93:5)
    at async /data/code/exchange/exchange/src/job/mqHandler.js:13:9'}
{"date":"2019-11-06T12:24:10.421","level":"ERROR","category":"transfer2Pog.js","host":"ubuntu","pid":"25989","data":'this error from transfer2Pog(),the error trace is O% TypeError: Cannot read property 'processed' of undefined
    at transfer2Pog (/data/code/exchange/exchange/src/job/transfer2Pog.js:62:52)
    at processTicksAndRejections (internal/process/task_queues.js:93:5)
    at async /data/code/exchange/exchange/src/job/mqHandler.js:13:9'}
{"date":"2019-11-06T12:24:20.421","level":"ERROR","category":"transfer2Pog.js","host":"ubuntu","pid":"25989","data":'pogceshi2222接收转账操作失败: TypeError: Cannot read property 'processed' of undefined
    at transfer2Pog (/data/code/exchange/exchange/src/job/transfer2Pog.js:62:52)
    at processTicksAndRejections (internal/process/task_queues.js:93:5)
    at async /data/code/exchange/exchange/src/job/mqHandler.js:13:9'}
{"date":"2019-11-06T12:24:20.421","level":"ERROR","category":"transfer2Pog.js","host":"ubuntu","pid":"25989","data":'this error from transfer2Pog(),the error trace is O% TypeError: Cannot read property 'processed' of undefined
    at transfer2Pog (/data/code/exchange/exchange/src/job/transfer2Pog.js:62:52)
    at processTicksAndRejections (internal/process/task_queues.js:93:5)
    at async /data/code/exchange/exchange/src/job/mqHandler.js:13:9'}
{"date":"2019-11-06T12:24:30.420","level":"ERROR","category":"transfer2Pog.js","host":"ubuntu","pid":"25989","data":'pogceshi2222接收转账操作失败: TypeError: Cannot read property 'processed' of undefined
    at transfer2Pog (/data/code/exchange/exchange/src/job/transfer2Pog.js:62:52)
    at processTicksAndRejections (internal/process/task_queues.js:93:5)
    at async /data/code/exchange/exchange/src/job/mqHandler.js:13:9'}
{"date":"2019-11-06T12:24:30.420","level":"ERROR","category":"transfer2Pog.js","host":"ubuntu","pid":"25989","data":'this error from transfer2Pog(),the error trace is O% TypeError: Cannot read property 'processed' of undefined
    at transfer2Pog (/data/code/exchange/exchange/src/job/transfer2Pog.js:62:52)
    at processTicksAndRejections (internal/process/task_queues.js:93:5)
    at async /data/code/exchange/exchange/src/job/mqHandler.js:13:9'}
{"date":"2019-11-06T12:24:40.420","level":"ERROR","category":"transfer2Pog.js","host":"ubuntu","pid":"25989","data":'pogceshi2222接收转账操作失败: TypeError: Cannot read property 'processed' of undefined
    at transfer2Pog (/data/code/exchange/exchange/src/job/transfer2Pog.js:62:52)
    at processTicksAndRejections (internal/process/task_queues.js:93:5)
    at async /data/code/exchange/exchange/src/job/mqHandler.js:13:9'}
{"date":"2019-11-06T12:24:40.421","level":"ERROR","category":"transfer2Pog.js","host":"ubuntu","pid":"25989","data":'this error from transfer2Pog(),the error trace is O% TypeError: Cannot read property 'processed' of undefined
    at transfer2Pog (/data/code/exchange/exchange/src/job/transfer2Pog.js:62:52)
    at processTicksAndRejections (internal/process/task_queues.js:93:5)
    at async /data/code/exchange/exchange/src/job/mqHandler.js:13:9'}
{"date":"2019-11-06T12:24:50.420","level":"ERROR","category":"transfer2Pog.js","host":"ubuntu","pid":"25989","data":'pogceshi2222接收转账操作失败: TypeError: Cannot read property 'processed' of undefined
    at transfer2Pog (/data/code/exchange/exchange/src/job/transfer2Pog.js:62:52)
    at processTicksAndRejections (internal/process/task_queues.js:93:5)
    at async /data/code/exchange/exchange/src/job/mqHandler.js:13:9'}
{"date":"2019-11-06T12:24:50.421","level":"ERROR","category":"transfer2Pog.js","host":"ubuntu","pid":"25989","data":'this error from transfer2Pog(),the error trace is O% TypeError: Cannot read property 'processed' of undefined
    at transfer2Pog (/data/code/exchange/exchange/src/job/transfer2Pog.js:62:52)
    at processTicksAndRejections (internal/process/task_queues.js:93:5)
    at async /data/code/exchange/exchange/src/job/mqHandler.js:13:9'}
{"date":"2019-11-06T12:25:00.420","level":"ERROR","category":"transfer2Pog.js","host":"ubuntu","pid":"25989","data":'pogceshi2222接收转账操作失败: TypeError: Cannot read property 'processed' of undefined
    at transfer2Pog (/data/code/exchange/exchange/src/job/transfer2Pog.js:62:52)
    at processTicksAndRejections (internal/process/task_queues.js:93:5)
    at async /data/code/exchange/exchange/src/job/mqHandler.js:13:9'}
{"date":"2019-11-06T12:25:00.421","level":"ERROR","category":"transfer2Pog.js","host":"ubuntu","pid":"25989","data":'this error from transfer2Pog(),the error trace is O% TypeError: Cannot read property 'processed' of undefined
    at transfer2Pog (/data/code/exchange/exchange/src/job/transfer2Pog.js:62:52)
    at processTicksAndRejections (internal/process/task_queues.js:93:5)
    at async /data/code/exchange/exchange/src/job/mqHandler.js:13:9'}
{"date":"2019-11-06T12:25:10.420","level":"ERROR","category":"transfer2Pog.js","host":"ubuntu","pid":"25989","data":'pogceshi2222接收转账操作失败: TypeError: Cannot read property 'processed' of undefined
    at transfer2Pog (/data/code/exchange/exchange/src/job/transfer2Pog.js:62:52)
    at processTicksAndRejections (internal/process/task_queues.js:93:5)
    at async /data/code/exchange/exchange/src/job/mqHandler.js:13:9'}
{"date":"2019-11-06T12:25:10.421","level":"ERROR","category":"transfer2Pog.js","host":"ubuntu","pid":"25989","data":'this error from transfer2Pog(),the error trace is O% TypeError: Cannot read property 'processed' of undefined
    at transfer2Pog (/data/code/exchange/exchange/src/job/transfer2Pog.js:62:52)
    at processTicksAndRejections (internal/process/task_queues.js:93:5)
    at async /data/code/exchange/exchange/src/job/mqHandler.js:13:9'}
{"date":"2019-11-06T12:25:20.419","level":"ERROR","category":"transfer2Pog.js","host":"ubuntu","pid":"25989","data":'pogceshi2222接收转账操作失败: TypeError: Cannot read property 'processed' of undefined
    at transfer2Pog (/data/code/exchange/exchange/src/job/transfer2Pog.js:62:52)
    at processTicksAndRejections (internal/process/task_queues.js:93:5)
    at async /data/code/exchange/exchange/src/job/mqHandler.js:13:9'}
{"date":"2019-11-06T12:25:20.420","level":"ERROR","category":"transfer2Pog.js","host":"ubuntu","pid":"25989","data":'this error from transfer2Pog(),the error trace is O% TypeError: Cannot read property 'processed' of undefined
    at transfer2Pog (/data/code/exchange/exchange/src/job/transfer2Pog.js:62:52)
    at processTicksAndRejections (internal/process/task_queues.js:93:5)
    at async /data/code/exchange/exchange/src/job/mqHandler.js:13:9'}
{"date":"2019-11-06T12:25:30.417","level":"ERROR","category":"transfer2Pog.js","host":"ubuntu","pid":"25989","data":'pogceshi2222接收转账操作失败: TypeError: Cannot read property 'processed' of undefined
    at transfer2Pog (/data/code/exchange/exchange/src/job/transfer2Pog.js:62:52)
    at processTicksAndRejections (internal/process/task_queues.js:93:5)
    at async /data/code/exchange/exchange/src/job/mqHandler.js:13:9'}
{"date":"2019-11-06T12:25:30.418","level":"ERROR","category":"transfer2Pog.js","host":"ubuntu","pid":"25989","data":'this error from transfer2Pog(),the error trace is O% TypeError: Cannot read property 'processed' of undefined
    at transfer2Pog (/data/code/exchange/exchange/src/job/transfer2Pog.js:62:52)
    at processTicksAndRejections (internal/process/task_queues.js:93:5)
    at async /data/code/exchange/exchange/src/job/mqHandler.js:13:9'}
{"date":"2019-11-06T12:25:40.420","level":"ERROR","category":"transfer2Pog.js","host":"ubuntu","pid":"25989","data":'pogceshi2222接收转账操作失败: TypeError: Cannot read property 'processed' of undefined
    at transfer2Pog (/data/code/exchange/exchange/src/job/transfer2Pog.js:62:52)
    at processTicksAndRejections (internal/process/task_queues.js:93:5)
    at async /data/code/exchange/exchange/src/job/mqHandler.js:13:9'}
{"date":"2019-11-06T12:25:40.421","level":"ERROR","category":"transfer2Pog.js","host":"ubuntu","pid":"25989","data":'this error from transfer2Pog(),the error trace is O% TypeError: Cannot read property 'processed' of undefined
    at transfer2Pog (/data/code/exchange/exchange/src/job/transfer2Pog.js:62:52)
    at processTicksAndRejections (internal/process/task_queues.js:93:5)
    at async /data/code/exchange/exchange/src/job/mqHandler.js:13:9'}
{"date":"2019-11-06T12:25:50.419","level":"ERROR","category":"transfer2Pog.js","host":"ubuntu","pid":"25989","data":'pogceshi2222接收转账操作失败: TypeError: Cannot read property 'processed' of undefined
    at transfer2Pog (/data/code/exchange/exchange/src/job/transfer2Pog.js:62:52)
    at processTicksAndRejections (internal/process/task_queues.js:93:5)
    at async /data/code/exchange/exchange/src/job/mqHandler.js:13:9'}
{"date":"2019-11-06T12:25:50.419","level":"ERROR","category":"transfer2Pog.js","host":"ubuntu","pid":"25989","data":'this error from transfer2Pog(),the error trace is O% TypeError: Cannot read property 'processed' of undefined
    at transfer2Pog (/data/code/exchange/exchange/src/job/transfer2Pog.js:62:52)
    at processTicksAndRejections (internal/process/task_queues.js:93:5)
    at async /data/code/exchange/exchange/src/job/mqHandler.js:13:9'}
{"date":"2019-11-06T12:26:00.420","level":"ERROR","category":"transfer2Pog.js","host":"ubuntu","pid":"25989","data":'pogceshi2222接收转账操作失败: TypeError: Cannot read property 'processed' of undefined
    at transfer2Pog (/data/code/exchange/exchange/src/job/transfer2Pog.js:62:52)
    at processTicksAndRejections (internal/process/task_queues.js:93:5)
    at async /data/code/exchange/exchange/src/job/mqHandler.js:13:9'}
{"date":"2019-11-06T12:26:00.421","level":"ERROR","category":"transfer2Pog.js","host":"ubuntu","pid":"25989","data":'this error from transfer2Pog(),the error trace is O% TypeError: Cannot read property 'processed' of undefined
    at transfer2Pog (/data/code/exchange/exchange/src/job/transfer2Pog.js:62:52)
    at processTicksAndRejections (internal/process/task_queues.js:93:5)
    at async /data/code/exchange/exchange/src/job/mqHandler.js:13:9'}
{"date":"2019-11-06T12:26:10.419","level":"ERROR","category":"transfer2Pog.js","host":"ubuntu","pid":"25989","data":'pogceshi2222接收转账操作失败: TypeError: Cannot read property 'processed' of undefined
    at transfer2Pog (/data/code/exchange/exchange/src/job/transfer2Pog.js:62:52)
    at processTicksAndRejections (internal/process/task_queues.js:93:5)
    at async /data/code/exchange/exchange/src/job/mqHandler.js:13:9'}
{"date":"2019-11-06T12:26:10.420","level":"ERROR","category":"transfer2Pog.js","host":"ubuntu","pid":"25989","data":'this error from transfer2Pog(),the error trace is O% TypeError: Cannot read property 'processed' of undefined
    at transfer2Pog (/data/code/exchange/exchange/src/job/transfer2Pog.js:62:52)
    at processTicksAndRejections (internal/process/task_queues.js:93:5)
    at async /data/code/exchange/exchange/src/job/mqHandler.js:13:9'}
{"date":"2019-11-06T12:26:20.418","level":"ERROR","category":"transfer2Pog.js","host":"ubuntu","pid":"25989","data":'pogceshi2222接收转账操作失败: TypeError: Cannot read property 'processed' of undefined
    at transfer2Pog (/data/code/exchange/exchange/src/job/transfer2Pog.js:62:52)
    at processTicksAndRejections (internal/process/task_queues.js:93:5)
    at async /data/code/exchange/exchange/src/job/mqHandler.js:13:9'}
{"date":"2019-11-06T12:26:20.419","level":"ERROR","category":"transfer2Pog.js","host":"ubuntu","pid":"25989","data":'this error from transfer2Pog(),the error trace is O% TypeError: Cannot read property 'processed' of undefined
    at transfer2Pog (/data/code/exchange/exchange/src/job/transfer2Pog.js:62:52)
    at processTicksAndRejections (internal/process/task_queues.js:93:5)
    at async /data/code/exchange/exchange/src/job/mqHandler.js:13:9'}
{"date":"2019-11-06T12:26:30.419","level":"ERROR","category":"transfer2Pog.js","host":"ubuntu","pid":"25989","data":'pogceshi2222接收转账操作失败: TypeError: Cannot read property 'processed' of undefined
    at transfer2Pog (/data/code/exchange/exchange/src/job/transfer2Pog.js:62:52)
    at processTicksAndRejections (internal/process/task_queues.js:93:5)
    at async /data/code/exchange/exchange/src/job/mqHandler.js:13:9'}
{"date":"2019-11-06T12:26:30.420","level":"ERROR","category":"transfer2Pog.js","host":"ubuntu","pid":"25989","data":'this error from transfer2Pog(),the error trace is O% TypeError: Cannot read property 'processed' of undefined
    at transfer2Pog (/data/code/exchange/exchange/src/job/transfer2Pog.js:62:52)
    at processTicksAndRejections (internal/process/task_queues.js:93:5)
    at async /data/code/exchange/exchange/src/job/mqHandler.js:13:9'}
{"date":"2019-11-06T12:26:40.419","level":"ERROR","category":"transfer2Pog.js","host":"ubuntu","pid":"25989","data":'pogceshi2222接收转账操作失败: TypeError: Cannot read property 'processed' of undefined
    at transfer2Pog (/data/code/exchange/exchange/src/job/transfer2Pog.js:62:52)
    at processTicksAndRejections (internal/process/task_queues.js:93:5)
    at async /data/code/exchange/exchange/src/job/mqHandler.js:13:9'}
{"date":"2019-11-06T12:26:40.419","level":"ERROR","category":"transfer2Pog.js","host":"ubuntu","pid":"25989","data":'this error from transfer2Pog(),the error trace is O% TypeError: Cannot read property 'processed' of undefined
    at transfer2Pog (/data/code/exchange/exchange/src/job/transfer2Pog.js:62:52)
    at processTicksAndRejections (internal/process/task_queues.js:93:5)
    at async /data/code/exchange/exchange/src/job/mqHandler.js:13:9'}
{"date":"2019-11-06T12:26:50.636","level":"ERROR","category":"transfer2Pog.js","host":"ubuntu","pid":"26157","data":'pogceshi2222接收转账操作失败: TypeError: Cannot read property 'processed' of undefined
    at transfer2Pog (/data/code/exchange/exchange/src/job/transfer2Pog.js:62:52)
    at processTicksAndRejections (internal/process/task_queues.js:93:5)
    at async /data/code/exchange/exchange/src/job/mqHandler.js:13:9'}
{"date":"2019-11-06T12:26:50.638","level":"ERROR","category":"transfer2Pog.js","host":"ubuntu","pid":"26157","data":'this error from transfer2Pog(),the error trace is O% TypeError: Cannot read property 'processed' of undefined
    at transfer2Pog (/data/code/exchange/exchange/src/job/transfer2Pog.js:62:52)
    at processTicksAndRejections (internal/process/task_queues.js:93:5)
    at async /data/code/exchange/exchange/src/job/mqHandler.js:13:9'}
{"date":"2019-11-06T12:27:00.426","level":"ERROR","category":"transfer2Pog.js","host":"ubuntu","pid":"26157","data":'pogceshi2222接收转账操作失败: TypeError: Cannot read property 'processed' of undefined
    at transfer2Pog (/data/code/exchange/exchange/src/job/transfer2Pog.js:62:52)
    at processTicksAndRejections (internal/process/task_queues.js:93:5)
    at async /data/code/exchange/exchange/src/job/mqHandler.js:13:9'}
{"date":"2019-11-06T12:27:00.427","level":"ERROR","category":"transfer2Pog.js","host":"ubuntu","pid":"26157","data":'this error from transfer2Pog(),the error trace is O% TypeError: Cannot read property 'processed' of undefined
    at transfer2Pog (/data/code/exchange/exchange/src/job/transfer2Pog.js:62:52)
    at processTicksAndRejections (internal/process/task_queues.js:93:5)
    at async /data/code/exchange/exchange/src/job/mqHandler.js:13:9'}
{"date":"2019-11-06T12:27:10.423","level":"ERROR","category":"transfer2Pog.js","host":"ubuntu","pid":"26157","data":'pogceshi2222接收转账操作失败: TypeError: Cannot read property 'processed' of undefined
    at transfer2Pog (/data/code/exchange/exchange/src/job/transfer2Pog.js:62:52)
    at processTicksAndRejections (internal/process/task_queues.js:93:5)
    at async /data/code/exchange/exchange/src/job/mqHandler.js:13:9'}
{"date":"2019-11-06T12:27:10.424","level":"ERROR","category":"transfer2Pog.js","host":"ubuntu","pid":"26157","data":'this error from transfer2Pog(),the error trace is O% TypeError: Cannot read property 'processed' of undefined
    at transfer2Pog (/data/code/exchange/exchange/src/job/transfer2Pog.js:62:52)
    at processTicksAndRejections (internal/process/task_queues.js:93:5)
    at async /data/code/exchange/exchange/src/job/mqHandler.js:13:9'}
{"date":"2019-11-06T12:27:20.422","level":"ERROR","category":"transfer2Pog.js","host":"ubuntu","pid":"26157","data":'pogceshi2222接收转账操作失败: TypeError: Cannot read property 'processed' of undefined
    at transfer2Pog (/data/code/exchange/exchange/src/job/transfer2Pog.js:62:52)
    at processTicksAndRejections (internal/process/task_queues.js:93:5)
    at async /data/code/exchange/exchange/src/job/mqHandler.js:13:9'}
{"date":"2019-11-06T12:27:20.423","level":"ERROR","category":"transfer2Pog.js","host":"ubuntu","pid":"26157","data":'this error from transfer2Pog(),the error trace is O% TypeError: Cannot read property 'processed' of undefined
    at transfer2Pog (/data/code/exchange/exchange/src/job/transfer2Pog.js:62:52)
    at processTicksAndRejections (internal/process/task_queues.js:93:5)
    at async /data/code/exchange/exchange/src/job/mqHandler.js:13:9'}
{"date":"2019-11-06T12:27:30.422","level":"ERROR","category":"transfer2Pog.js","host":"ubuntu","pid":"26157","data":'pogceshi2222接收转账操作失败: TypeError: Cannot read property 'processed' of undefined
    at transfer2Pog (/data/code/exchange/exchange/src/job/transfer2Pog.js:62:52)
    at processTicksAndRejections (internal/process/task_queues.js:93:5)
    at async /data/code/exchange/exchange/src/job/mqHandler.js:13:9'}
{"date":"2019-11-06T12:27:30.422","level":"ERROR","category":"transfer2Pog.js","host":"ubuntu","pid":"26157","data":'this error from transfer2Pog(),the error trace is O% TypeError: Cannot read property 'processed' of undefined
    at transfer2Pog (/data/code/exchange/exchange/src/job/transfer2Pog.js:62:52)
    at processTicksAndRejections (internal/process/task_queues.js:93:5)
    at async /data/code/exchange/exchange/src/job/mqHandler.js:13:9'}
{"date":"2019-11-06T12:27:40.423","level":"ERROR","category":"transfer2Pog.js","host":"ubuntu","pid":"26157","data":'pogceshi2222接收转账操作失败: TypeError: Cannot read property 'processed' of undefined
    at transfer2Pog (/data/code/exchange/exchange/src/job/transfer2Pog.js:62:52)
    at processTicksAndRejections (internal/process/task_queues.js:93:5)
    at async /data/code/exchange/exchange/src/job/mqHandler.js:13:9'}
{"date":"2019-11-06T12:27:40.423","level":"ERROR","category":"transfer2Pog.js","host":"ubuntu","pid":"26157","data":'this error from transfer2Pog(),the error trace is O% TypeError: Cannot read property 'processed' of undefined
    at transfer2Pog (/data/code/exchange/exchange/src/job/transfer2Pog.js:62:52)
    at processTicksAndRejections (internal/process/task_queues.js:93:5)
    at async /data/code/exchange/exchange/src/job/mqHandler.js:13:9'}
{"date":"2019-11-06T12:27:50.423","level":"ERROR","category":"transfer2Pog.js","host":"ubuntu","pid":"26157","data":'pogceshi2222接收转账操作失败: TypeError: Cannot read property 'processed' of undefined
    at transfer2Pog (/data/code/exchange/exchange/src/job/transfer2Pog.js:62:52)
    at processTicksAndRejections (internal/process/task_queues.js:93:5)
    at async /data/code/exchange/exchange/src/job/mqHandler.js:13:9'}
{"date":"2019-11-06T12:27:50.423","level":"ERROR","category":"transfer2Pog.js","host":"ubuntu","pid":"26157","data":'this error from transfer2Pog(),the error trace is O% TypeError: Cannot read property 'processed' of undefined
    at transfer2Pog (/data/code/exchange/exchange/src/job/transfer2Pog.js:62:52)
    at processTicksAndRejections (internal/process/task_queues.js:93:5)
    at async /data/code/exchange/exchange/src/job/mqHandler.js:13:9'}
{"date":"2019-11-06T12:28:00.422","level":"ERROR","category":"transfer2Pog.js","host":"ubuntu","pid":"26157","data":'pogceshi2222接收转账操作失败: TypeError: Cannot read property 'processed' of undefined
    at transfer2Pog (/data/code/exchange/exchange/src/job/transfer2Pog.js:62:52)
    at processTicksAndRejections (internal/process/task_queues.js:93:5)
    at async /data/code/exchange/exchange/src/job/mqHandler.js:13:9'}
{"date":"2019-11-06T12:28:00.422","level":"ERROR","category":"transfer2Pog.js","host":"ubuntu","pid":"26157","data":'this error from transfer2Pog(),the error trace is O% TypeError: Cannot read property 'processed' of undefined
    at transfer2Pog (/data/code/exchange/exchange/src/job/transfer2Pog.js:62:52)
    at processTicksAndRejections (internal/process/task_queues.js:93:5)
    at async /data/code/exchange/exchange/src/job/mqHandler.js:13:9'}
{"date":"2019-11-06T12:28:10.423","level":"ERROR","category":"transfer2Pog.js","host":"ubuntu","pid":"26157","data":'pogceshi2222接收转账操作失败: TypeError: Cannot read property 'processed' of undefined
    at transfer2Pog (/data/code/exchange/exchange/src/job/transfer2Pog.js:62:52)
    at processTicksAndRejections (internal/process/task_queues.js:93:5)
    at async /data/code/exchange/exchange/src/job/mqHandler.js:13:9'}
{"date":"2019-11-06T12:28:10.424","level":"ERROR","category":"transfer2Pog.js","host":"ubuntu","pid":"26157","data":'this error from transfer2Pog(),the error trace is O% TypeError: Cannot read property 'processed' of undefined
    at transfer2Pog (/data/code/exchange/exchange/src/job/transfer2Pog.js:62:52)
    at processTicksAndRejections (internal/process/task_queues.js:93:5)
    at async /data/code/exchange/exchange/src/job/mqHandler.js:13:9'}
{"date":"2019-11-06T12:28:20.422","level":"ERROR","category":"transfer2Pog.js","host":"ubuntu","pid":"26157","data":'pogceshi2222接收转账操作失败: TypeError: Cannot read property 'processed' of undefined
    at transfer2Pog (/data/code/exchange/exchange/src/job/transfer2Pog.js:62:52)
    at processTicksAndRejections (internal/process/task_queues.js:93:5)
    at async /data/code/exchange/exchange/src/job/mqHandler.js:13:9'}
{"date":"2019-11-06T12:28:20.422","level":"ERROR","category":"transfer2Pog.js","host":"ubuntu","pid":"26157","data":'this error from transfer2Pog(),the error trace is O% TypeError: Cannot read property 'processed' of undefined
    at transfer2Pog (/data/code/exchange/exchange/src/job/transfer2Pog.js:62:52)
    at processTicksAndRejections (internal/process/task_queues.js:93:5)
    at async /data/code/exchange/exchange/src/job/mqHandler.js:13:9'}
{"date":"2019-11-06T12:28:30.420","level":"ERROR","category":"transfer2Pog.js","host":"ubuntu","pid":"26157","data":'pogceshi2222接收转账操作失败: TypeError: Cannot read property 'processed' of undefined
    at transfer2Pog (/data/code/exchange/exchange/src/job/transfer2Pog.js:62:52)
    at processTicksAndRejections (internal/process/task_queues.js:93:5)
    at async /data/code/exchange/exchange/src/job/mqHandler.js:13:9'}
{"date":"2019-11-06T12:28:30.421","level":"ERROR","category":"transfer2Pog.js","host":"ubuntu","pid":"26157","data":'this error from transfer2Pog(),the error trace is O% TypeError: Cannot read property 'processed' of undefined
    at transfer2Pog (/data/code/exchange/exchange/src/job/transfer2Pog.js:62:52)
    at processTicksAndRejections (internal/process/task_queues.js:93:5)
    at async /data/code/exchange/exchange/src/job/mqHandler.js:13:9'}
{"date":"2019-11-06T12:28:40.421","level":"ERROR","category":"transfer2Pog.js","host":"ubuntu","pid":"26157","data":'pogceshi2222接收转账操作失败: TypeError: Cannot read property 'processed' of undefined
    at transfer2Pog (/data/code/exchange/exchange/src/job/transfer2Pog.js:62:52)
    at processTicksAndRejections (internal/process/task_queues.js:93:5)
    at async /data/code/exchange/exchange/src/job/mqHandler.js:13:9'}
{"date":"2019-11-06T12:28:40.421","level":"ERROR","category":"transfer2Pog.js","host":"ubuntu","pid":"26157","data":'this error from transfer2Pog(),the error trace is O% TypeError: Cannot read property 'processed' of undefined
    at transfer2Pog (/data/code/exchange/exchange/src/job/transfer2Pog.js:62:52)
    at processTicksAndRejections (internal/process/task_queues.js:93:5)
    at async /data/code/exchange/exchange/src/job/mqHandler.js:13:9'}
{"date":"2019-11-06T12:28:50.421","level":"ERROR","category":"transfer2Pog.js","host":"ubuntu","pid":"26157","data":'pogceshi2222接收转账操作失败: TypeError: Cannot read property 'processed' of undefined
    at transfer2Pog (/data/code/exchange/exchange/src/job/transfer2Pog.js:62:52)
    at processTicksAndRejections (internal/process/task_queues.js:93:5)
    at async /data/code/exchange/exchange/src/job/mqHandler.js:13:9'}
{"date":"2019-11-06T12:28:50.422","level":"ERROR","category":"transfer2Pog.js","host":"ubuntu","pid":"26157","data":'this error from transfer2Pog(),the error trace is O% TypeError: Cannot read property 'processed' of undefined
    at transfer2Pog (/data/code/exchange/exchange/src/job/transfer2Pog.js:62:52)
    at processTicksAndRejections (internal/process/task_queues.js:93:5)
    at async /data/code/exchange/exchange/src/job/mqHandler.js:13:9'}
{"date":"2019-11-06T12:29:00.420","level":"ERROR","category":"transfer2Pog.js","host":"ubuntu","pid":"26157","data":'pogceshi2222接收转账操作失败: TypeError: Cannot read property 'processed' of undefined
    at transfer2Pog (/data/code/exchange/exchange/src/job/transfer2Pog.js:62:52)
    at processTicksAndRejections (internal/process/task_queues.js:93:5)
    at async /data/code/exchange/exchange/src/job/mqHandler.js:13:9'}
{"date":"2019-11-06T12:29:00.421","level":"ERROR","category":"transfer2Pog.js","host":"ubuntu","pid":"26157","data":'this error from transfer2Pog(),the error trace is O% TypeError: Cannot read property 'processed' of undefined
    at transfer2Pog (/data/code/exchange/exchange/src/job/transfer2Pog.js:62:52)
    at processTicksAndRejections (internal/process/task_queues.js:93:5)
    at async /data/code/exchange/exchange/src/job/mqHandler.js:13:9'}
{"date":"2019-11-06T12:29:10.768","level":"ERROR","category":"transfer2Pog.js","host":"ubuntu","pid":"26277","data":'pogceshi2222接收转账操作失败: TypeError: Cannot read property 'processed' of undefined
    at transfer2Pog (/data/code/exchange/exchange/src/job/transfer2Pog.js:62:52)
    at processTicksAndRejections (internal/process/task_queues.js:93:5)
    at async /data/code/exchange/exchange/src/job/mqHandler.js:13:9'}
{"date":"2019-11-06T12:29:10.770","level":"ERROR","category":"transfer2Pog.js","host":"ubuntu","pid":"26277","data":'this error from transfer2Pog(),the error trace is O% TypeError: Cannot read property 'processed' of undefined
    at transfer2Pog (/data/code/exchange/exchange/src/job/transfer2Pog.js:62:52)
    at processTicksAndRejections (internal/process/task_queues.js:93:5)
    at async /data/code/exchange/exchange/src/job/mqHandler.js:13:9'}
{"date":"2019-11-06T12:29:20.403","level":"ERROR","category":"transfer2Pog.js","host":"ubuntu","pid":"26277","data":'pogceshi2222接收转账操作失败: TypeError: Cannot read property 'processed' of undefined
    at transfer2Pog (/data/code/exchange/exchange/src/job/transfer2Pog.js:62:52)
    at processTicksAndRejections (internal/process/task_queues.js:93:5)
    at async /data/code/exchange/exchange/src/job/mqHandler.js:13:9'}
{"date":"2019-11-06T12:29:20.404","level":"ERROR","category":"transfer2Pog.js","host":"ubuntu","pid":"26277","data":'this error from transfer2Pog(),the error trace is O% TypeError: Cannot read property 'processed' of undefined
    at transfer2Pog (/data/code/exchange/exchange/src/job/transfer2Pog.js:62:52)
    at processTicksAndRejections (internal/process/task_queues.js:93:5)
    at async /data/code/exchange/exchange/src/job/mqHandler.js:13:9'}
{"date":"2019-11-06T12:29:30.406","level":"ERROR","category":"transfer2Pog.js","host":"ubuntu","pid":"26277","data":'pogceshi2222接收转账操作失败: TypeError: Cannot read property 'processed' of undefined
    at transfer2Pog (/data/code/exchange/exchange/src/job/transfer2Pog.js:62:52)
    at processTicksAndRejections (internal/process/task_queues.js:93:5)
    at async /data/code/exchange/exchange/src/job/mqHandler.js:13:9'}
{"date":"2019-11-06T12:29:30.407","level":"ERROR","category":"transfer2Pog.js","host":"ubuntu","pid":"26277","data":'this error from transfer2Pog(),the error trace is O% TypeError: Cannot read property 'processed' of undefined
    at transfer2Pog (/data/code/exchange/exchange/src/job/transfer2Pog.js:62:52)
    at processTicksAndRejections (internal/process/task_queues.js:93:5)
    at async /data/code/exchange/exchange/src/job/mqHandler.js:13:9'}
{"date":"2019-11-06T12:29:40.400","level":"ERROR","category":"transfer2Pog.js","host":"ubuntu","pid":"26277","data":'pogceshi2222接收转账操作失败: TypeError: Cannot read property 'processed' of undefined
    at transfer2Pog (/data/code/exchange/exchange/src/job/transfer2Pog.js:62:52)
    at processTicksAndRejections (internal/process/task_queues.js:93:5)
    at async /data/code/exchange/exchange/src/job/mqHandler.js:13:9'}
{"date":"2019-11-06T12:29:40.401","level":"ERROR","category":"transfer2Pog.js","host":"ubuntu","pid":"26277","data":'this error from transfer2Pog(),the error trace is O% TypeError: Cannot read property 'processed' of undefined
    at transfer2Pog (/data/code/exchange/exchange/src/job/transfer2Pog.js:62:52)
    at processTicksAndRejections (internal/process/task_queues.js:93:5)
    at async /data/code/exchange/exchange/src/job/mqHandler.js:13:9'}
{"date":"2019-11-06T12:29:50.402","level":"ERROR","category":"transfer2Pog.js","host":"ubuntu","pid":"26277","data":'pogceshi2222接收转账操作失败: TypeError: Cannot read property 'processed' of undefined
    at transfer2Pog (/data/code/exchange/exchange/src/job/transfer2Pog.js:62:52)
    at processTicksAndRejections (internal/process/task_queues.js:93:5)
    at async /data/code/exchange/exchange/src/job/mqHandler.js:13:9'}
{"date":"2019-11-06T12:29:50.403","level":"ERROR","category":"transfer2Pog.js","host":"ubuntu","pid":"26277","data":'this error from transfer2Pog(),the error trace is O% TypeError: Cannot read property 'processed' of undefined
    at transfer2Pog (/data/code/exchange/exchange/src/job/transfer2Pog.js:62:52)
    at processTicksAndRejections (internal/process/task_queues.js:93:5)
    at async /data/code/exchange/exchange/src/job/mqHandler.js:13:9'}
{"date":"2019-11-06T12:30:00.403","level":"ERROR","category":"transfer2Pog.js","host":"ubuntu","pid":"26277","data":'pogceshi2222接收转账操作失败: TypeError: Cannot read property 'processed' of undefined
    at transfer2Pog (/data/code/exchange/exchange/src/job/transfer2Pog.js:62:52)
    at processTicksAndRejections (internal/process/task_queues.js:93:5)
    at async /data/code/exchange/exchange/src/job/mqHandler.js:13:9'}
{"date":"2019-11-06T12:30:00.404","level":"ERROR","category":"transfer2Pog.js","host":"ubuntu","pid":"26277","data":'this error from transfer2Pog(),the error trace is O% TypeError: Cannot read property 'processed' of undefined
    at transfer2Pog (/data/code/exchange/exchange/src/job/transfer2Pog.js:62:52)
    at processTicksAndRejections (internal/process/task_queues.js:93:5)
    at async /data/code/exchange/exchange/src/job/mqHandler.js:13:9'}
{"date":"2019-11-06T12:30:10.400","level":"ERROR","category":"transfer2Pog.js","host":"ubuntu","pid":"26277","data":'pogceshi2222接收转账操作失败: TypeError: Cannot read property 'processed' of undefined
    at transfer2Pog (/data/code/exchange/exchange/src/job/transfer2Pog.js:62:52)
    at processTicksAndRejections (internal/process/task_queues.js:93:5)
    at async /data/code/exchange/exchange/src/job/mqHandler.js:13:9'}
{"date":"2019-11-06T12:30:10.401","level":"ERROR","category":"transfer2Pog.js","host":"ubuntu","pid":"26277","data":'this error from transfer2Pog(),the error trace is O% TypeError: Cannot read property 'processed' of undefined
    at transfer2Pog (/data/code/exchange/exchange/src/job/transfer2Pog.js:62:52)
    at processTicksAndRejections (internal/process/task_queues.js:93:5)
    at async /data/code/exchange/exchange/src/job/mqHandler.js:13:9'}
{"date":"2019-11-06T12:35:00.700","level":"ERROR","category":"transfer2Pog.js","host":"ubuntu","pid":"26421","data":'pogceshi2222接收转账操作失败: TypeError: Cannot read property 'processed' of undefined
    at transfer2Pog (/data/code/exchange/exchange/src/job/transfer2Pog.js:62:52)
    at processTicksAndRejections (internal/process/task_queues.js:93:5)
    at async /data/code/exchange/exchange/src/job/mqHandler.js:13:9'}
{"date":"2019-11-06T12:35:00.702","level":"ERROR","category":"transfer2Pog.js","host":"ubuntu","pid":"26421","data":'this error from transfer2Pog(),the error trace is O% TypeError: Cannot read property 'processed' of undefined
    at transfer2Pog (/data/code/exchange/exchange/src/job/transfer2Pog.js:62:52)
    at processTicksAndRejections (internal/process/task_queues.js:93:5)
    at async /data/code/exchange/exchange/src/job/mqHandler.js:13:9'}
{"date":"2019-11-06T12:35:10.422","level":"ERROR","category":"transfer2Pog.js","host":"ubuntu","pid":"26421","data":'pogceshi2222接收转账操作失败: TypeError: Cannot read property 'processed' of undefined
    at transfer2Pog (/data/code/exchange/exchange/src/job/transfer2Pog.js:62:52)
    at processTicksAndRejections (internal/process/task_queues.js:93:5)
    at async /data/code/exchange/exchange/src/job/mqHandler.js:13:9'}
{"date":"2019-11-06T12:35:10.423","level":"ERROR","category":"transfer2Pog.js","host":"ubuntu","pid":"26421","data":'this error from transfer2Pog(),the error trace is O% TypeError: Cannot read property 'processed' of undefined
    at transfer2Pog (/data/code/exchange/exchange/src/job/transfer2Pog.js:62:52)
    at processTicksAndRejections (internal/process/task_queues.js:93:5)
    at async /data/code/exchange/exchange/src/job/mqHandler.js:13:9'}
{"date":"2019-11-06T12:35:20.423","level":"ERROR","category":"transfer2Pog.js","host":"ubuntu","pid":"26421","data":'pogceshi2222接收转账操作失败: TypeError: Cannot read property 'processed' of undefined
    at transfer2Pog (/data/code/exchange/exchange/src/job/transfer2Pog.js:62:52)
    at processTicksAndRejections (internal/process/task_queues.js:93:5)
    at async /data/code/exchange/exchange/src/job/mqHandler.js:13:9'}
{"date":"2019-11-06T12:35:20.424","level":"ERROR","category":"transfer2Pog.js","host":"ubuntu","pid":"26421","data":'this error from transfer2Pog(),the error trace is O% TypeError: Cannot read property 'processed' of undefined
    at transfer2Pog (/data/code/exchange/exchange/src/job/transfer2Pog.js:62:52)
    at processTicksAndRejections (internal/process/task_queues.js:93:5)
    at async /data/code/exchange/exchange/src/job/mqHandler.js:13:9'}
{"date":"2019-11-06T12:35:30.421","level":"ERROR","category":"transfer2Pog.js","host":"ubuntu","pid":"26421","data":'pogceshi2222接收转账操作失败: TypeError: Cannot read property 'processed' of undefined
    at transfer2Pog (/data/code/exchange/exchange/src/job/transfer2Pog.js:62:52)
    at processTicksAndRejections (internal/process/task_queues.js:93:5)
    at async /data/code/exchange/exchange/src/job/mqHandler.js:13:9'}
{"date":"2019-11-06T12:35:30.422","level":"ERROR","category":"transfer2Pog.js","host":"ubuntu","pid":"26421","data":'this error from transfer2Pog(),the error trace is O% TypeError: Cannot read property 'processed' of undefined
    at transfer2Pog (/data/code/exchange/exchange/src/job/transfer2Pog.js:62:52)
    at processTicksAndRejections (internal/process/task_queues.js:93:5)
    at async /data/code/exchange/exchange/src/job/mqHandler.js:13:9'}
{"date":"2019-11-06T12:35:40.421","level":"ERROR","category":"transfer2Pog.js","host":"ubuntu","pid":"26421","data":'pogceshi2222接收转账操作失败: TypeError: Cannot read property 'processed' of undefined
    at transfer2Pog (/data/code/exchange/exchange/src/job/transfer2Pog.js:62:52)
    at processTicksAndRejections (internal/process/task_queues.js:93:5)
    at async /data/code/exchange/exchange/src/job/mqHandler.js:13:9'}
{"date":"2019-11-06T12:35:40.422","level":"ERROR","category":"transfer2Pog.js","host":"ubuntu","pid":"26421","data":'this error from transfer2Pog(),the error trace is O% TypeError: Cannot read property 'processed' of undefined
    at transfer2Pog (/data/code/exchange/exchange/src/job/transfer2Pog.js:62:52)
    at processTicksAndRejections (internal/process/task_queues.js:93:5)
    at async /data/code/exchange/exchange/src/job/mqHandler.js:13:9'}
{"date":"2019-11-06T12:35:50.420","level":"ERROR","category":"transfer2Pog.js","host":"ubuntu","pid":"26421","data":'pogceshi2222接收转账操作失败: TypeError: Cannot read property 'processed' of undefined
    at transfer2Pog (/data/code/exchange/exchange/src/job/transfer2Pog.js:62:52)
    at processTicksAndRejections (internal/process/task_queues.js:93:5)
    at async /data/code/exchange/exchange/src/job/mqHandler.js:13:9'}
{"date":"2019-11-06T12:35:50.421","level":"ERROR","category":"transfer2Pog.js","host":"ubuntu","pid":"26421","data":'this error from transfer2Pog(),the error trace is O% TypeError: Cannot read property 'processed' of undefined
    at transfer2Pog (/data/code/exchange/exchange/src/job/transfer2Pog.js:62:52)
    at processTicksAndRejections (internal/process/task_queues.js:93:5)
    at async /data/code/exchange/exchange/src/job/mqHandler.js:13:9'}
{"date":"2019-11-06T12:36:00.422","level":"ERROR","category":"transfer2Pog.js","host":"ubuntu","pid":"26421","data":'pogceshi2222接收转账操作失败: TypeError: Cannot read property 'processed' of undefined
    at transfer2Pog (/data/code/exchange/exchange/src/job/transfer2Pog.js:62:52)
    at processTicksAndRejections (internal/process/task_queues.js:93:5)
    at async /data/code/exchange/exchange/src/job/mqHandler.js:13:9'}
{"date":"2019-11-06T12:36:00.423","level":"ERROR","category":"transfer2Pog.js","host":"ubuntu","pid":"26421","data":'this error from transfer2Pog(),the error trace is O% TypeError: Cannot read property 'processed' of undefined
    at transfer2Pog (/data/code/exchange/exchange/src/job/transfer2Pog.js:62:52)
    at processTicksAndRejections (internal/process/task_queues.js:93:5)
    at async /data/code/exchange/exchange/src/job/mqHandler.js:13:9'}
{"date":"2019-11-06T12:36:10.421","level":"ERROR","category":"transfer2Pog.js","host":"ubuntu","pid":"26421","data":'pogceshi2222接收转账操作失败: TypeError: Cannot read property 'processed' of undefined
    at transfer2Pog (/data/code/exchange/exchange/src/job/transfer2Pog.js:62:52)
    at processTicksAndRejections (internal/process/task_queues.js:93:5)
    at async /data/code/exchange/exchange/src/job/mqHandler.js:13:9'}
{"date":"2019-11-06T12:36:10.422","level":"ERROR","category":"transfer2Pog.js","host":"ubuntu","pid":"26421","data":'this error from transfer2Pog(),the error trace is O% TypeError: Cannot read property 'processed' of undefined
    at transfer2Pog (/data/code/exchange/exchange/src/job/transfer2Pog.js:62:52)
    at processTicksAndRejections (internal/process/task_queues.js:93:5)
    at async /data/code/exchange/exchange/src/job/mqHandler.js:13:9'}
{"date":"2019-11-06T12:36:20.420","level":"ERROR","category":"transfer2Pog.js","host":"ubuntu","pid":"26421","data":'pogceshi2222接收转账操作失败: TypeError: Cannot read property 'processed' of undefined
    at transfer2Pog (/data/code/exchange/exchange/src/job/transfer2Pog.js:62:52)
    at processTicksAndRejections (internal/process/task_queues.js:93:5)
    at async /data/code/exchange/exchange/src/job/mqHandler.js:13:9'}
{"date":"2019-11-06T12:36:20.421","level":"ERROR","category":"transfer2Pog.js","host":"ubuntu","pid":"26421","data":'this error from transfer2Pog(),the error trace is O% TypeError: Cannot read property 'processed' of undefined
    at transfer2Pog (/data/code/exchange/exchange/src/job/transfer2Pog.js:62:52)
    at processTicksAndRejections (internal/process/task_queues.js:93:5)
    at async /data/code/exchange/exchange/src/job/mqHandler.js:13:9'}
{"date":"2019-11-06T12:36:30.419","level":"ERROR","category":"transfer2Pog.js","host":"ubuntu","pid":"26421","data":'pogceshi2222接收转账操作失败: TypeError: Cannot read property 'processed' of undefined
    at transfer2Pog (/data/code/exchange/exchange/src/job/transfer2Pog.js:62:52)
    at processTicksAndRejections (internal/process/task_queues.js:93:5)
    at async /data/code/exchange/exchange/src/job/mqHandler.js:13:9'}
{"date":"2019-11-06T12:36:30.420","level":"ERROR","category":"transfer2Pog.js","host":"ubuntu","pid":"26421","data":'this error from transfer2Pog(),the error trace is O% TypeError: Cannot read property 'processed' of undefined
    at transfer2Pog (/data/code/exchange/exchange/src/job/transfer2Pog.js:62:52)
    at processTicksAndRejections (internal/process/task_queues.js:93:5)
    at async /data/code/exchange/exchange/src/job/mqHandler.js:13:9'}
{"date":"2019-11-06T12:36:40.419","level":"ERROR","category":"transfer2Pog.js","host":"ubuntu","pid":"26421","data":'pogceshi2222接收转账操作失败: TypeError: Cannot read property 'processed' of undefined
    at transfer2Pog (/data/code/exchange/exchange/src/job/transfer2Pog.js:62:52)
    at processTicksAndRejections (internal/process/task_queues.js:93:5)
    at async /data/code/exchange/exchange/src/job/mqHandler.js:13:9'}
{"date":"2019-11-06T12:36:40.420","level":"ERROR","category":"transfer2Pog.js","host":"ubuntu","pid":"26421","data":'this error from transfer2Pog(),the error trace is O% TypeError: Cannot read property 'processed' of undefined
    at transfer2Pog (/data/code/exchange/exchange/src/job/transfer2Pog.js:62:52)
    at processTicksAndRejections (internal/process/task_queues.js:93:5)
    at async /data/code/exchange/exchange/src/job/mqHandler.js:13:9'}
{"date":"2019-11-06T12:36:50.420","level":"ERROR","category":"transfer2Pog.js","host":"ubuntu","pid":"26421","data":'pogceshi2222接收转账操作失败: TypeError: Cannot read property 'processed' of undefined
    at transfer2Pog (/data/code/exchange/exchange/src/job/transfer2Pog.js:62:52)
    at processTicksAndRejections (internal/process/task_queues.js:93:5)
    at async /data/code/exchange/exchange/src/job/mqHandler.js:13:9'}
{"date":"2019-11-06T12:36:50.420","level":"ERROR","category":"transfer2Pog.js","host":"ubuntu","pid":"26421","data":'this error from transfer2Pog(),the error trace is O% TypeError: Cannot read property 'processed' of undefined
    at transfer2Pog (/data/code/exchange/exchange/src/job/transfer2Pog.js:62:52)
    at processTicksAndRejections (internal/process/task_queues.js:93:5)
    at async /data/code/exchange/exchange/src/job/mqHandler.js:13:9'}
{"date":"2019-11-06T12:37:00.419","level":"ERROR","category":"transfer2Pog.js","host":"ubuntu","pid":"26421","data":'pogceshi2222接收转账操作失败: TypeError: Cannot read property 'processed' of undefined
    at transfer2Pog (/data/code/exchange/exchange/src/job/transfer2Pog.js:62:52)
    at processTicksAndRejections (internal/process/task_queues.js:93:5)
    at async /data/code/exchange/exchange/src/job/mqHandler.js:13:9'}
{"date":"2019-11-06T12:37:00.419","level":"ERROR","category":"transfer2Pog.js","host":"ubuntu","pid":"26421","data":'this error from transfer2Pog(),the error trace is O% TypeError: Cannot read property 'processed' of undefined
    at transfer2Pog (/data/code/exchange/exchange/src/job/transfer2Pog.js:62:52)
    at processTicksAndRejections (internal/process/task_queues.js:93:5)
    at async /data/code/exchange/exchange/src/job/mqHandler.js:13:9'}
{"date":"2019-11-06T12:37:10.418","level":"ERROR","category":"transfer2Pog.js","host":"ubuntu","pid":"26421","data":'pogceshi2222接收转账操作失败: TypeError: Cannot read property 'processed' of undefined
    at transfer2Pog (/data/code/exchange/exchange/src/job/transfer2Pog.js:62:52)
    at processTicksAndRejections (internal/process/task_queues.js:93:5)
    at async /data/code/exchange/exchange/src/job/mqHandler.js:13:9'}
{"date":"2019-11-06T12:37:10.419","level":"ERROR","category":"transfer2Pog.js","host":"ubuntu","pid":"26421","data":'this error from transfer2Pog(),the error trace is O% TypeError: Cannot read property 'processed' of undefined
    at transfer2Pog (/data/code/exchange/exchange/src/job/transfer2Pog.js:62:52)
    at processTicksAndRejections (internal/process/task_queues.js:93:5)
    at async /data/code/exchange/exchange/src/job/mqHandler.js:13:9'}
{"date":"2019-11-06T12:37:20.420","level":"ERROR","category":"transfer2Pog.js","host":"ubuntu","pid":"26421","data":'pogceshi2222接收转账操作失败: TypeError: Cannot read property 'processed' of undefined
    at transfer2Pog (/data/code/exchange/exchange/src/job/transfer2Pog.js:62:52)
    at processTicksAndRejections (internal/process/task_queues.js:93:5)
    at async /data/code/exchange/exchange/src/job/mqHandler.js:13:9'}
{"date":"2019-11-06T12:37:20.421","level":"ERROR","category":"transfer2Pog.js","host":"ubuntu","pid":"26421","data":'this error from transfer2Pog(),the error trace is O% TypeError: Cannot read property 'processed' of undefined
    at transfer2Pog (/data/code/exchange/exchange/src/job/transfer2Pog.js:62:52)
    at processTicksAndRejections (internal/process/task_queues.js:93:5)
    at async /data/code/exchange/exchange/src/job/mqHandler.js:13:9'}
{"date":"2019-11-06T12:37:30.418","level":"ERROR","category":"transfer2Pog.js","host":"ubuntu","pid":"26421","data":'pogceshi2222接收转账操作失败: TypeError: Cannot read property 'processed' of undefined
    at transfer2Pog (/data/code/exchange/exchange/src/job/transfer2Pog.js:62:52)
    at processTicksAndRejections (internal/process/task_queues.js:93:5)
    at async /data/code/exchange/exchange/src/job/mqHandler.js:13:9'}
{"date":"2019-11-06T12:37:30.419","level":"ERROR","category":"transfer2Pog.js","host":"ubuntu","pid":"26421","data":'this error from transfer2Pog(),the error trace is O% TypeError: Cannot read property 'processed' of undefined
    at transfer2Pog (/data/code/exchange/exchange/src/job/transfer2Pog.js:62:52)
    at processTicksAndRejections (internal/process/task_queues.js:93:5)
    at async /data/code/exchange/exchange/src/job/mqHandler.js:13:9'}
{"date":"2019-11-06T12:37:40.421","level":"ERROR","category":"transfer2Pog.js","host":"ubuntu","pid":"26421","data":'pogceshi2222接收转账操作失败: TypeError: Cannot read property 'processed' of undefined
    at transfer2Pog (/data/code/exchange/exchange/src/job/transfer2Pog.js:62:52)
    at processTicksAndRejections (internal/process/task_queues.js:93:5)
    at async /data/code/exchange/exchange/src/job/mqHandler.js:13:9'}
{"date":"2019-11-06T12:37:40.422","level":"ERROR","category":"transfer2Pog.js","host":"ubuntu","pid":"26421","data":'this error from transfer2Pog(),the error trace is O% TypeError: Cannot read property 'processed' of undefined
    at transfer2Pog (/data/code/exchange/exchange/src/job/transfer2Pog.js:62:52)
    at processTicksAndRejections (internal/process/task_queues.js:93:5)
    at async /data/code/exchange/exchange/src/job/mqHandler.js:13:9'}
{"date":"2019-11-06T12:37:50.419","level":"ERROR","category":"transfer2Pog.js","host":"ubuntu","pid":"26421","data":'pogceshi2222接收转账操作失败: TypeError: Cannot read property 'processed' of undefined
    at transfer2Pog (/data/code/exchange/exchange/src/job/transfer2Pog.js:62:52)
    at processTicksAndRejections (internal/process/task_queues.js:93:5)
    at async /data/code/exchange/exchange/src/job/mqHandler.js:13:9'}
{"date":"2019-11-06T12:37:50.420","level":"ERROR","category":"transfer2Pog.js","host":"ubuntu","pid":"26421","data":'this error from transfer2Pog(),the error trace is O% TypeError: Cannot read property 'processed' of undefined
    at transfer2Pog (/data/code/exchange/exchange/src/job/transfer2Pog.js:62:52)
    at processTicksAndRejections (internal/process/task_queues.js:93:5)
    at async /data/code/exchange/exchange/src/job/mqHandler.js:13:9'}
{"date":"2019-11-06T12:38:00.418","level":"ERROR","category":"transfer2Pog.js","host":"ubuntu","pid":"26421","data":'pogceshi2222接收转账操作失败: TypeError: Cannot read property 'processed' of undefined
    at transfer2Pog (/data/code/exchange/exchange/src/job/transfer2Pog.js:62:52)
    at processTicksAndRejections (internal/process/task_queues.js:93:5)
    at async /data/code/exchange/exchange/src/job/mqHandler.js:13:9'}
{"date":"2019-11-06T12:38:00.419","level":"ERROR","category":"transfer2Pog.js","host":"ubuntu","pid":"26421","data":'this error from transfer2Pog(),the error trace is O% TypeError: Cannot read property 'processed' of undefined
    at transfer2Pog (/data/code/exchange/exchange/src/job/transfer2Pog.js:62:52)
    at processTicksAndRejections (internal/process/task_queues.js:93:5)
    at async /data/code/exchange/exchange/src/job/mqHandler.js:13:9'}
{"date":"2019-11-06T12:38:10.419","level":"ERROR","category":"transfer2Pog.js","host":"ubuntu","pid":"26421","data":'pogceshi2222接收转账操作失败: TypeError: Cannot read property 'processed' of undefined
    at transfer2Pog (/data/code/exchange/exchange/src/job/transfer2Pog.js:62:52)
    at processTicksAndRejections (internal/process/task_queues.js:93:5)
    at async /data/code/exchange/exchange/src/job/mqHandler.js:13:9'}
{"date":"2019-11-06T12:38:10.420","level":"ERROR","category":"transfer2Pog.js","host":"ubuntu","pid":"26421","data":'this error from transfer2Pog(),the error trace is O% TypeError: Cannot read property 'processed' of undefined
    at transfer2Pog (/data/code/exchange/exchange/src/job/transfer2Pog.js:62:52)
    at processTicksAndRejections (internal/process/task_queues.js:93:5)
    at async /data/code/exchange/exchange/src/job/mqHandler.js:13:9'}
{"date":"2019-11-06T12:38:20.420","level":"ERROR","category":"transfer2Pog.js","host":"ubuntu","pid":"26421","data":'pogceshi2222接收转账操作失败: TypeError: Cannot read property 'processed' of undefined
    at transfer2Pog (/data/code/exchange/exchange/src/job/transfer2Pog.js:62:52)
    at processTicksAndRejections (internal/process/task_queues.js:93:5)
    at async /data/code/exchange/exchange/src/job/mqHandler.js:13:9'}
{"date":"2019-11-06T12:38:20.421","level":"ERROR","category":"transfer2Pog.js","host":"ubuntu","pid":"26421","data":'this error from transfer2Pog(),the error trace is O% TypeError: Cannot read property 'processed' of undefined
    at transfer2Pog (/data/code/exchange/exchange/src/job/transfer2Pog.js:62:52)
    at processTicksAndRejections (internal/process/task_queues.js:93:5)
    at async /data/code/exchange/exchange/src/job/mqHandler.js:13:9'}
