[36m[2019-11-07T06:14:36.567] [DEBUG] listenEthTrx.js - [39mtransaction:  {
    "id": "weWy-mxIc",
    "eth_txid": "0x36fde4ee463804940bed014675e0949894e0a051befe77282d96dea7a6307216",
    "recharge_time": "2019-11-06T21:58:23.000Z",
    "pog_account": "shanheue",
    "ue_value": "000000000000000000000010.00000000",
    "usdt_value": "000000000000000000000010.00000000"
}
[36m[2019-11-07T06:14:36.645] [DEBUG] listenEthTrx.js - [39mäº¤æ˜“æœªç¡®è®¤ï¼Œè½¬è´¦ä¸åˆæ³•ï¼š 0x36fde4ee463804940bed014675e0949894e0a051befe77282d96dea7a6307216
[36m[2019-11-07T06:14:38.648] [DEBUG] listenEthTrx.js - [39mtransaction:  {
    "id": "weWy-mxIc",
    "eth_txid": "0x36fde4ee463804940bed014675e0949894e0a051befe77282d96dea7a6307216",
    "recharge_time": "2019-11-06T21:58:23.000Z",
    "pog_account": "shanheue",
    "ue_value": "000000000000000000000010.00000000",
    "usdt_value": "000000000000000000000010.00000000"
}
[36m[2019-11-07T06:14:38.725] [DEBUG] listenEthTrx.js - [39mäº¤æ˜“æœªç¡®è®¤ï¼Œè½¬è´¦ä¸åˆæ³•ï¼š 0x36fde4ee463804940bed014675e0949894e0a051befe77282d96dea7a6307216
[36m[2019-11-07T06:14:40.728] [DEBUG] listenEthTrx.js - [39mtransaction:  {
    "id": "weWy-mxIc",
    "eth_txid": "0x36fde4ee463804940bed014675e0949894e0a051befe77282d96dea7a6307216",
    "recharge_time": "2019-11-06T21:58:23.000Z",
    "pog_account": "shanheue",
    "ue_value": "000000000000000000000010.00000000",
    "usdt_value": "000000000000000000000010.00000000"
}
[36m[2019-11-07T06:14:40.807] [DEBUG] listenEthTrx.js - [39mäº¤æ˜“æœªç¡®è®¤ï¼Œè½¬è´¦ä¸åˆæ³•ï¼š 0x36fde4ee463804940bed014675e0949894e0a051befe77282d96dea7a6307216
[36m[2019-11-07T06:14:42.808] [DEBUG] listenEthTrx.js - [39mtransaction:  {
    "id": "weWy-mxIc",
    "eth_txid": "0x36fde4ee463804940bed014675e0949894e0a051befe77282d96dea7a6307216",
    "recharge_time": "2019-11-06T21:58:23.000Z",
    "pog_account": "shanheue",
    "ue_value": "000000000000000000000010.00000000",
    "usdt_value": "000000000000000000000010.00000000"
}
[36m[2019-11-07T06:14:42.887] [DEBUG] listenEthTrx.js - [39mäº¤æ˜“æœªç¡®è®¤ï¼Œè½¬è´¦ä¸åˆæ³•ï¼š 0x36fde4ee463804940bed014675e0949894e0a051befe77282d96dea7a6307216
[36m[2019-11-07T06:14:44.888] [DEBUG] listenEthTrx.js - [39mtransaction:  {
    "id": "weWy-mxIc",
    "eth_txid": "0x36fde4ee463804940bed014675e0949894e0a051befe77282d96dea7a6307216",
    "recharge_time": "2019-11-06T21:58:23.000Z",
    "pog_account": "shanheue",
    "ue_value": "000000000000000000000010.00000000",
    "usdt_value": "000000000000000000000010.00000000"
}
[36m[2019-11-07T06:14:44.966] [DEBUG] listenEthTrx.js - [39mäº¤æ˜“æœªç¡®è®¤ï¼Œè½¬è´¦ä¸åˆæ³•ï¼š 0x36fde4ee463804940bed014675e0949894e0a051befe77282d96dea7a6307216
[36m[2019-11-07T06:14:46.969] [DEBUG] listenEthTrx.js - [39mtransaction:  {
    "id": "weWy-mxIc",
    "eth_txid": "0x36fde4ee463804940bed014675e0949894e0a051befe77282d96dea7a6307216",
    "recharge_time": "2019-11-06T21:58:23.000Z",
    "pog_account": "shanheue",
    "ue_value": "000000000000000000000010.00000000",
    "usdt_value": "000000000000000000000010.00000000"
}
[36m[2019-11-07T06:14:47.047] [DEBUG] listenEthTrx.js - [39mäº¤æ˜“æœªç¡®è®¤ï¼Œè½¬è´¦ä¸åˆæ³•ï¼š 0x36fde4ee463804940bed014675e0949894e0a051befe77282d96dea7a6307216
[36m[2019-11-07T06:14:49.050] [DEBUG] listenEthTrx.js - [39mtransaction:  {
    "id": "weWy-mxIc",
    "eth_txid": "0x36fde4ee463804940bed014675e0949894e0a051befe77282d96dea7a6307216",
    "recharge_time": "2019-11-06T21:58:23.000Z",
    "pog_account": "shanheue",
    "ue_value": "000000000000000000000010.00000000",
    "usdt_value": "000000000000000000000010.00000000"
}
[36m[2019-11-07T06:14:49.127] [DEBUG] listenEthTrx.js - [39mäº¤æ˜“æœªç¡®è®¤ï¼Œè½¬è´¦ä¸åˆæ³•ï¼š 0x36fde4ee463804940bed014675e0949894e0a051befe77282d96dea7a6307216
[36m[2019-11-07T06:14:51.131] [DEBUG] listenEthTrx.js - [39mtransaction:  {
    "id": "weWy-mxIc",
    "eth_txid": "0x36fde4ee463804940bed014675e0949894e0a051befe77282d96dea7a6307216",
    "recharge_time": "2019-11-06T21:58:23.000Z",
    "pog_account": "shanheue",
    "ue_value": "000000000000000000000010.00000000",
    "usdt_value": "000000000000000000000010.00000000"
}
[36m[2019-11-07T06:14:51.208] [DEBUG] listenEthTrx.js - [39mäº¤æ˜“æœªç¡®è®¤ï¼Œè½¬è´¦ä¸åˆæ³•ï¼š 0x36fde4ee463804940bed014675e0949894e0a051befe77282d96dea7a6307216
[36m[2019-11-07T06:14:53.212] [DEBUG] listenEthTrx.js - [39mtransaction:  {
    "id": "weWy-mxIc",
    "eth_txid": "0x36fde4ee463804940bed014675e0949894e0a051befe77282d96dea7a6307216",
    "recharge_time": "2019-11-06T21:58:23.000Z",
    "pog_account": "shanheue",
    "ue_value": "000000000000000000000010.00000000",
    "usdt_value": "000000000000000000000010.00000000"
}
[36m[2019-11-07T06:14:53.291] [DEBUG] listenEthTrx.js - [39mäº¤æ˜“æœªç¡®è®¤ï¼Œè½¬è´¦ä¸åˆæ³•ï¼š 0x36fde4ee463804940bed014675e0949894e0a051befe77282d96dea7a6307216
[36m[2019-11-07T06:14:55.294] [DEBUG] listenEthTrx.js - [39mtransaction:  {
    "id": "weWy-mxIc",
    "eth_txid": "0x36fde4ee463804940bed014675e0949894e0a051befe77282d96dea7a6307216",
    "recharge_time": "2019-11-06T21:58:23.000Z",
    "pog_account": "shanheue",
    "ue_value": "000000000000000000000010.00000000",
    "usdt_value": "000000000000000000000010.00000000"
}
[36m[2019-11-07T06:14:55.372] [DEBUG] listenEthTrx.js - [39mäº¤æ˜“æœªç¡®è®¤ï¼Œè½¬è´¦ä¸åˆæ³•ï¼š 0x36fde4ee463804940bed014675e0949894e0a051befe77282d96dea7a6307216
[36m[2019-11-07T06:14:57.373] [DEBUG] listenEthTrx.js - [39mtransaction:  {
    "id": "weWy-mxIc",
    "eth_txid": "0x36fde4ee463804940bed014675e0949894e0a051befe77282d96dea7a6307216",
    "recharge_time": "2019-11-06T21:58:23.000Z",
    "pog_account": "shanheue",
    "ue_value": "000000000000000000000010.00000000",
    "usdt_value": "000000000000000000000010.00000000"
}
[36m[2019-11-07T06:14:57.451] [DEBUG] listenEthTrx.js - [39mäº¤æ˜“æœªç¡®è®¤ï¼Œè½¬è´¦ä¸åˆæ³•ï¼š 0x36fde4ee463804940bed014675e0949894e0a051befe77282d96dea7a6307216
[36m[2019-11-07T06:14:59.454] [DEBUG] listenEthTrx.js - [39mtransaction:  {
    "id": "weWy-mxIc",
    "eth_txid": "0x36fde4ee463804940bed014675e0949894e0a051befe77282d96dea7a6307216",
    "recharge_time": "2019-11-06T21:58:23.000Z",
    "pog_account": "shanheue",
    "ue_value": "000000000000000000000010.00000000",
    "usdt_value": "000000000000000000000010.00000000"
}
[36m[2019-11-07T06:14:59.532] [DEBUG] listenEthTrx.js - [39mäº¤æ˜“æœªç¡®è®¤ï¼Œè½¬è´¦ä¸åˆæ³•ï¼š 0x36fde4ee463804940bed014675e0949894e0a051befe77282d96dea7a6307216
[36m[2019-11-07T06:15:01.534] [DEBUG] listenEthTrx.js - [39mtransaction:  {
    "id": "weWy-mxIc",
    "eth_txid": "0x36fde4ee463804940bed014675e0949894e0a051befe77282d96dea7a6307216",
    "recharge_time": "2019-11-06T21:58:23.000Z",
    "pog_account": "shanheue",
    "ue_value": "000000000000000000000010.00000000",
    "usdt_value": "000000000000000000000010.00000000"
}
[36m[2019-11-07T06:15:01.612] [DEBUG] listenEthTrx.js - [39mäº¤æ˜“æœªç¡®è®¤ï¼Œè½¬è´¦ä¸åˆæ³•ï¼š 0x36fde4ee463804940bed014675e0949894e0a051befe77282d96dea7a6307216
[36m[2019-11-07T06:15:03.614] [DEBUG] listenEthTrx.js - [39mtransaction:  {
    "id": "weWy-mxIc",
    "eth_txid": "0x36fde4ee463804940bed014675e0949894e0a051befe77282d96dea7a6307216",
    "recharge_time": "2019-11-06T21:58:23.000Z",
    "pog_account": "shanheue",
    "ue_value": "000000000000000000000010.00000000",
    "usdt_value": "000000000000000000000010.00000000"
}
[36m[2019-11-07T06:15:03.692] [DEBUG] listenEthTrx.js - [39mäº¤æ˜“æœªç¡®è®¤ï¼Œè½¬è´¦ä¸åˆæ³•ï¼š 0x36fde4ee463804940bed014675e0949894e0a051befe77282d96dea7a6307216
[36m[2019-11-07T06:15:05.695] [DEBUG] listenEthTrx.js - [39mtransaction:  {
    "id": "weWy-mxIc",
    "eth_txid": "0x36fde4ee463804940bed014675e0949894e0a051befe77282d96dea7a6307216",
    "recharge_time": "2019-11-06T21:58:23.000Z",
    "pog_account": "shanheue",
    "ue_value": "000000000000000000000010.00000000",
    "usdt_value": "000000000000000000000010.00000000"
}
[36m[2019-11-07T06:15:05.773] [DEBUG] listenEthTrx.js - [39mäº¤æ˜“æœªç¡®è®¤ï¼Œè½¬è´¦ä¸åˆæ³•ï¼š 0x36fde4ee463804940bed014675e0949894e0a051befe77282d96dea7a6307216
[36m[2019-11-07T06:15:07.777] [DEBUG] listenEthTrx.js - [39mtransaction:  {
    "id": "weWy-mxIc",
    "eth_txid": "0x36fde4ee463804940bed014675e0949894e0a051befe77282d96dea7a6307216",
    "recharge_time": "2019-11-06T21:58:23.000Z",
    "pog_account": "shanheue",
    "ue_value": "000000000000000000000010.00000000",
    "usdt_value": "000000000000000000000010.00000000"
}
[36m[2019-11-07T06:15:07.854] [DEBUG] listenEthTrx.js - [39mäº¤æ˜“æœªç¡®è®¤ï¼Œè½¬è´¦ä¸åˆæ³•ï¼š 0x36fde4ee463804940bed014675e0949894e0a051befe77282d96dea7a6307216
[36m[2019-11-07T06:15:09.857] [DEBUG] listenEthTrx.js - [39mtransaction:  {
    "id": "weWy-mxIc",
    "eth_txid": "0x36fde4ee463804940bed014675e0949894e0a051befe77282d96dea7a6307216",
    "recharge_time": "2019-11-06T21:58:23.000Z",
    "pog_account": "shanheue",
    "ue_value": "000000000000000000000010.00000000",
    "usdt_value": "000000000000000000000010.00000000"
}
[36m[2019-11-07T06:15:09.934] [DEBUG] listenEthTrx.js - [39mäº¤æ˜“æœªç¡®è®¤ï¼Œè½¬è´¦ä¸åˆæ³•ï¼š 0x36fde4ee463804940bed014675e0949894e0a051befe77282d96dea7a6307216
[36m[2019-11-07T06:15:11.939] [DEBUG] listenEthTrx.js - [39mtransaction:  {
    "id": "weWy-mxIc",
    "eth_txid": "0x36fde4ee463804940bed014675e0949894e0a051befe77282d96dea7a6307216",
    "recharge_time": "2019-11-06T21:58:23.000Z",
    "pog_account": "shanheue",
    "ue_value": "000000000000000000000010.00000000",
    "usdt_value": "000000000000000000000010.00000000"
}
[36m[2019-11-07T06:15:12.016] [DEBUG] listenEthTrx.js - [39mäº¤æ˜“æœªç¡®è®¤ï¼Œè½¬è´¦ä¸åˆæ³•ï¼š 0x36fde4ee463804940bed014675e0949894e0a051befe77282d96dea7a6307216
[36m[2019-11-07T06:15:14.019] [DEBUG] listenEthTrx.js - [39mtransaction:  {
    "id": "weWy-mxIc",
    "eth_txid": "0x36fde4ee463804940bed014675e0949894e0a051befe77282d96dea7a6307216",
    "recharge_time": "2019-11-06T21:58:23.000Z",
    "pog_account": "shanheue",
    "ue_value": "000000000000000000000010.00000000",
    "usdt_value": "000000000000000000000010.00000000"
}
[36m[2019-11-07T06:15:14.097] [DEBUG] listenEthTrx.js - [39mäº¤æ˜“æœªç¡®è®¤ï¼Œè½¬è´¦ä¸åˆæ³•ï¼š 0x36fde4ee463804940bed014675e0949894e0a051befe77282d96dea7a6307216
[36m[2019-11-07T06:15:16.100] [DEBUG] listenEthTrx.js - [39mtransaction:  {
    "id": "weWy-mxIc",
    "eth_txid": "0x36fde4ee463804940bed014675e0949894e0a051befe77282d96dea7a6307216",
    "recharge_time": "2019-11-06T21:58:23.000Z",
    "pog_account": "shanheue",
    "ue_value": "000000000000000000000010.00000000",
    "usdt_value": "000000000000000000000010.00000000"
}
[36m[2019-11-07T06:15:16.178] [DEBUG] listenEthTrx.js - [39mäº¤æ˜“æœªç¡®è®¤ï¼Œè½¬è´¦ä¸åˆæ³•ï¼š 0x36fde4ee463804940bed014675e0949894e0a051befe77282d96dea7a6307216
[36m[2019-11-07T06:15:18.181] [DEBUG] listenEthTrx.js - [39mtransaction:  {
    "id": "weWy-mxIc",
    "eth_txid": "0x36fde4ee463804940bed014675e0949894e0a051befe77282d96dea7a6307216",
    "recharge_time": "2019-11-06T21:58:23.000Z",
    "pog_account": "shanheue",
    "ue_value": "000000000000000000000010.00000000",
    "usdt_value": "000000000000000000000010.00000000"
}
[36m[2019-11-07T06:15:18.258] [DEBUG] listenEthTrx.js - [39mäº¤æ˜“æœªç¡®è®¤ï¼Œè½¬è´¦ä¸åˆæ³•ï¼š 0x36fde4ee463804940bed014675e0949894e0a051befe77282d96dea7a6307216
[36m[2019-11-07T06:15:20.261] [DEBUG] listenEthTrx.js - [39mtransaction:  {
    "id": "weWy-mxIc",
    "eth_txid": "0x36fde4ee463804940bed014675e0949894e0a051befe77282d96dea7a6307216",
    "recharge_time": "2019-11-06T21:58:23.000Z",
    "pog_account": "shanheue",
    "ue_value": "000000000000000000000010.00000000",
    "usdt_value": "000000000000000000000010.00000000"
}
[36m[2019-11-07T06:15:20.339] [DEBUG] listenEthTrx.js - [39mäº¤æ˜“æœªç¡®è®¤ï¼Œè½¬è´¦ä¸åˆæ³•ï¼š 0x36fde4ee463804940bed014675e0949894e0a051befe77282d96dea7a6307216
[36m[2019-11-07T06:15:22.342] [DEBUG] listenEthTrx.js - [39mtransaction:  {
    "id": "weWy-mxIc",
    "eth_txid": "0x36fde4ee463804940bed014675e0949894e0a051befe77282d96dea7a6307216",
    "recharge_time": "2019-11-06T21:58:23.000Z",
    "pog_account": "shanheue",
    "ue_value": "000000000000000000000010.00000000",
    "usdt_value": "000000000000000000000010.00000000"
}
[36m[2019-11-07T06:15:22.420] [DEBUG] listenEthTrx.js - [39mäº¤æ˜“æœªç¡®è®¤ï¼Œè½¬è´¦ä¸åˆæ³•ï¼š 0x36fde4ee463804940bed014675e0949894e0a051befe77282d96dea7a6307216
[36m[2019-11-07T06:15:24.423] [DEBUG] listenEthTrx.js - [39mtransaction:  {
    "id": "weWy-mxIc",
    "eth_txid": "0x36fde4ee463804940bed014675e0949894e0a051befe77282d96dea7a6307216",
    "recharge_time": "2019-11-06T21:58:23.000Z",
    "pog_account": "shanheue",
    "ue_value": "000000000000000000000010.00000000",
    "usdt_value": "000000000000000000000010.00000000"
}
[36m[2019-11-07T06:15:24.504] [DEBUG] listenEthTrx.js - [39mäº¤æ˜“æœªç¡®è®¤ï¼Œè½¬è´¦ä¸åˆæ³•ï¼š 0x36fde4ee463804940bed014675e0949894e0a051befe77282d96dea7a6307216
[36m[2019-11-07T06:15:26.507] [DEBUG] listenEthTrx.js - [39mtransaction:  {
    "id": "weWy-mxIc",
    "eth_txid": "0x36fde4ee463804940bed014675e0949894e0a051befe77282d96dea7a6307216",
    "recharge_time": "2019-11-06T21:58:23.000Z",
    "pog_account": "shanheue",
    "ue_value": "000000000000000000000010.00000000",
    "usdt_value": "000000000000000000000010.00000000"
}
[36m[2019-11-07T06:15:26.584] [DEBUG] listenEthTrx.js - [39mäº¤æ˜“æœªç¡®è®¤ï¼Œè½¬è´¦ä¸åˆæ³•ï¼š 0x36fde4ee463804940bed014675e0949894e0a051befe77282d96dea7a6307216
[36m[2019-11-07T06:15:28.588] [DEBUG] listenEthTrx.js - [39mtransaction:  {
    "id": "weWy-mxIc",
    "eth_txid": "0x36fde4ee463804940bed014675e0949894e0a051befe77282d96dea7a6307216",
    "recharge_time": "2019-11-06T21:58:23.000Z",
    "pog_account": "shanheue",
    "ue_value": "000000000000000000000010.00000000",
    "usdt_value": "000000000000000000000010.00000000"
}
[36m[2019-11-07T06:15:28.666] [DEBUG] listenEthTrx.js - [39mäº¤æ˜“æœªç¡®è®¤ï¼Œè½¬è´¦ä¸åˆæ³•ï¼š 0x36fde4ee463804940bed014675e0949894e0a051befe77282d96dea7a6307216
[36m[2019-11-07T06:15:30.669] [DEBUG] listenEthTrx.js - [39mtransaction:  {
    "id": "weWy-mxIc",
    "eth_txid": "0x36fde4ee463804940bed014675e0949894e0a051befe77282d96dea7a6307216",
    "recharge_time": "2019-11-06T21:58:23.000Z",
    "pog_account": "shanheue",
    "ue_value": "000000000000000000000010.00000000",
    "usdt_value": "000000000000000000000010.00000000"
}
[36m[2019-11-07T06:15:30.747] [DEBUG] listenEthTrx.js - [39mäº¤æ˜“æœªç¡®è®¤ï¼Œè½¬è´¦ä¸åˆæ³•ï¼š 0x36fde4ee463804940bed014675e0949894e0a051befe77282d96dea7a6307216
[36m[2019-11-07T06:15:32.751] [DEBUG] listenEthTrx.js - [39mtransaction:  {
    "id": "weWy-mxIc",
    "eth_txid": "0x36fde4ee463804940bed014675e0949894e0a051befe77282d96dea7a6307216",
    "recharge_time": "2019-11-06T21:58:23.000Z",
    "pog_account": "shanheue",
    "ue_value": "000000000000000000000010.00000000",
    "usdt_value": "000000000000000000000010.00000000"
}
[36m[2019-11-07T06:15:32.828] [DEBUG] listenEthTrx.js - [39mäº¤æ˜“æœªç¡®è®¤ï¼Œè½¬è´¦ä¸åˆæ³•ï¼š 0x36fde4ee463804940bed014675e0949894e0a051befe77282d96dea7a6307216
[36m[2019-11-07T06:15:34.832] [DEBUG] listenEthTrx.js - [39mtransaction:  {
    "id": "weWy-mxIc",
    "eth_txid": "0x36fde4ee463804940bed014675e0949894e0a051befe77282d96dea7a6307216",
    "recharge_time": "2019-11-06T21:58:23.000Z",
    "pog_account": "shanheue",
    "ue_value": "000000000000000000000010.00000000",
    "usdt_value": "000000000000000000000010.00000000"
}
[36m[2019-11-07T06:15:35.147] [DEBUG] listenEthTrx.js - [39mäº¤æ˜“æœªç¡®è®¤ï¼Œè½¬è´¦ä¸åˆæ³•ï¼š 0x36fde4ee463804940bed014675e0949894e0a051befe77282d96dea7a6307216
[36m[2019-11-07T06:15:37.150] [DEBUG] listenEthTrx.js - [39mtransaction:  {
    "id": "weWy-mxIc",
    "eth_txid": "0x36fde4ee463804940bed014675e0949894e0a051befe77282d96dea7a6307216",
    "recharge_time": "2019-11-06T21:58:23.000Z",
    "pog_account": "shanheue",
    "ue_value": "000000000000000000000010.00000000",
    "usdt_value": "000000000000000000000010.00000000"
}
[36m[2019-11-07T06:15:37.230] [DEBUG] listenEthTrx.js - [39mäº¤æ˜“æœªç¡®è®¤ï¼Œè½¬è´¦ä¸åˆæ³•ï¼š 0x36fde4ee463804940bed014675e0949894e0a051befe77282d96dea7a6307216
[36m[2019-11-07T06:15:39.234] [DEBUG] listenEthTrx.js - [39mtransaction:  {
    "id": "weWy-mxIc",
    "eth_txid": "0x36fde4ee463804940bed014675e0949894e0a051befe77282d96dea7a6307216",
    "recharge_time": "2019-11-06T21:58:23.000Z",
    "pog_account": "shanheue",
    "ue_value": "000000000000000000000010.00000000",
    "usdt_value": "000000000000000000000010.00000000"
}
[36m[2019-11-07T06:15:39.312] [DEBUG] listenEthTrx.js - [39mäº¤æ˜“æœªç¡®è®¤ï¼Œè½¬è´¦ä¸åˆæ³•ï¼š 0x36fde4ee463804940bed014675e0949894e0a051befe77282d96dea7a6307216
[36m[2019-11-07T06:15:41.315] [DEBUG] listenEthTrx.js - [39mtransaction:  {
    "id": "weWy-mxIc",
    "eth_txid": "0x36fde4ee463804940bed014675e0949894e0a051befe77282d96dea7a6307216",
    "recharge_time": "2019-11-06T21:58:23.000Z",
    "pog_account": "shanheue",
    "ue_value": "000000000000000000000010.00000000",
    "usdt_value": "000000000000000000000010.00000000"
}
[36m[2019-11-07T06:15:41.392] [DEBUG] listenEthTrx.js - [39mäº¤æ˜“æœªç¡®è®¤ï¼Œè½¬è´¦ä¸åˆæ³•ï¼š 0x36fde4ee463804940bed014675e0949894e0a051befe77282d96dea7a6307216
[36m[2019-11-07T06:15:43.395] [DEBUG] listenEthTrx.js - [39mtransaction:  {
    "id": "weWy-mxIc",
    "eth_txid": "0x36fde4ee463804940bed014675e0949894e0a051befe77282d96dea7a6307216",
    "recharge_time": "2019-11-06T21:58:23.000Z",
    "pog_account": "shanheue",
    "ue_value": "000000000000000000000010.00000000",
    "usdt_value": "000000000000000000000010.00000000"
}
[36m[2019-11-07T06:15:43.473] [DEBUG] listenEthTrx.js - [39mäº¤æ˜“æœªç¡®è®¤ï¼Œè½¬è´¦ä¸åˆæ³•ï¼š 0x36fde4ee463804940bed014675e0949894e0a051befe77282d96dea7a6307216
