(node:27916) [DEP0066] DeprecationWarning: OutgoingMessage.prototype._headers is deprecated
Error: Returned error: There are too many transactions in the queue. Your transaction was dropped due to limit. Try increasing the fee.
    at Object.ErrorResponse (/data/code/exchange/exchange/node_modules/web3-core-helpers/src/errors.js:29:16)
    at /data/code/exchange/exchange/node_modules/web3-core-requestmanager/src/index.js:140:36
    at XMLHttpRequest.request.onreadystatechange (/data/code/exchange/exchange/node_modules/web3-providers-http/src/index.js:96:13)
    at XMLHttpRequestEventTarget.dispatchEvent (/data/code/exchange/exchange/node_modules/xhr2-cookies/dist/xml-http-request-event-target.js:34:22)
    at XMLHttpRequest._setReadyState (/data/code/exchange/exchange/node_modules/xhr2-cookies/dist/xml-http-request.js:208:14)
    at XMLHttpRequest._onHttpResponseEnd (/data/code/exchange/exchange/node_modules/xhr2-cookies/dist/xml-http-request.js:318:14)
    at IncomingMessage.<anonymous> (/data/code/exchange/exchange/node_modules/xhr2-cookies/dist/xml-http-request.js:289:61)
    at IncomingMessage.emit (events.js:215:7)
    at endReadableNT (_stream_readable.js:1183:12)
    at processTicksAndRejections (internal/process/task_queues.js:80:21)
Error: Returned error: There are too many transactions in the queue. Your transaction was dropped due to limit. Try increasing the fee.
    at Object.ErrorResponse (/data/code/exchange/exchange/node_modules/web3-core-helpers/src/errors.js:29:16)
    at /data/code/exchange/exchange/node_modules/web3-core-requestmanager/src/index.js:140:36
    at XMLHttpRequest.request.onreadystatechange (/data/code/exchange/exchange/node_modules/web3-providers-http/src/index.js:96:13)
    at XMLHttpRequestEventTarget.dispatchEvent (/data/code/exchange/exchange/node_modules/xhr2-cookies/dist/xml-http-request-event-target.js:34:22)
    at XMLHttpRequest._setReadyState (/data/code/exchange/exchange/node_modules/xhr2-cookies/dist/xml-http-request.js:208:14)
    at XMLHttpRequest._onHttpResponseEnd (/data/code/exchange/exchange/node_modules/xhr2-cookies/dist/xml-http-request.js:318:14)
    at IncomingMessage.<anonymous> (/data/code/exchange/exchange/node_modules/xhr2-cookies/dist/xml-http-request.js:289:61)
    at IncomingMessage.emit (events.js:215:7)
    at endReadableNT (_stream_readable.js:1183:12)
    at processTicksAndRejections (internal/process/task_queues.js:80:21)
Error: Returned error: There are too many transactions in the queue. Your transaction was dropped due to limit. Try increasing the fee.
    at Object.ErrorResponse (/data/code/exchange/exchange/node_modules/web3-core-helpers/src/errors.js:29:16)
    at /data/code/exchange/exchange/node_modules/web3-core-requestmanager/src/index.js:140:36
    at XMLHttpRequest.request.onreadystatechange (/data/code/exchange/exchange/node_modules/web3-providers-http/src/index.js:96:13)
    at XMLHttpRequestEventTarget.dispatchEvent (/data/code/exchange/exchange/node_modules/xhr2-cookies/dist/xml-http-request-event-target.js:34:22)
    at XMLHttpRequest._setReadyState (/data/code/exchange/exchange/node_modules/xhr2-cookies/dist/xml-http-request.js:208:14)
    at XMLHttpRequest._onHttpResponseEnd (/data/code/exchange/exchange/node_modules/xhr2-cookies/dist/xml-http-request.js:318:14)
    at IncomingMessage.<anonymous> (/data/code/exchange/exchange/node_modules/xhr2-cookies/dist/xml-http-request.js:289:61)
    at IncomingMessage.emit (events.js:215:7)
    at endReadableNT (_stream_readable.js:1183:12)
    at processTicksAndRejections (internal/process/task_queues.js:80:21)
(node:3981) [DEP0066] DeprecationWarning: OutgoingMessage.prototype._headers is deprecated
Error: Returned error: There are too many transactions in the queue. Your transaction was dropped due to limit. Try increasing the fee.
    at Object.ErrorResponse (/data/code/exchange/exchange/node_modules/web3-core-helpers/src/errors.js:29:16)
    at /data/code/exchange/exchange/node_modules/web3-core-requestmanager/src/index.js:140:36
    at XMLHttpRequest.request.onreadystatechange (/data/code/exchange/exchange/node_modules/web3-providers-http/src/index.js:96:13)
    at XMLHttpRequestEventTarget.dispatchEvent (/data/code/exchange/exchange/node_modules/xhr2-cookies/dist/xml-http-request-event-target.js:34:22)
    at XMLHttpRequest._setReadyState (/data/code/exchange/exchange/node_modules/xhr2-cookies/dist/xml-http-request.js:208:14)
    at XMLHttpRequest._onHttpResponseEnd (/data/code/exchange/exchange/node_modules/xhr2-cookies/dist/xml-http-request.js:318:14)
    at IncomingMessage.<anonymous> (/data/code/exchange/exchange/node_modules/xhr2-cookies/dist/xml-http-request.js:289:61)
    at IncomingMessage.emit (events.js:215:7)
    at endReadableNT (_stream_readable.js:1183:12)
    at processTicksAndRejections (internal/process/task_queues.js:80:21)
Error: Returned error: Transaction nonce is too low. Try incrementing the nonce.
    at Object.ErrorResponse (/data/code/exchange/exchange/node_modules/web3-core-helpers/src/errors.js:29:16)
    at /data/code/exchange/exchange/node_modules/web3-core-requestmanager/src/index.js:140:36
    at XMLHttpRequest.request.onreadystatechange (/data/code/exchange/exchange/node_modules/web3-providers-http/src/index.js:96:13)
    at XMLHttpRequestEventTarget.dispatchEvent (/data/code/exchange/exchange/node_modules/xhr2-cookies/dist/xml-http-request-event-target.js:34:22)
    at XMLHttpRequest._setReadyState (/data/code/exchange/exchange/node_modules/xhr2-cookies/dist/xml-http-request.js:208:14)
    at XMLHttpRequest._onHttpResponseEnd (/data/code/exchange/exchange/node_modules/xhr2-cookies/dist/xml-http-request.js:318:14)
    at IncomingMessage.<anonymous> (/data/code/exchange/exchange/node_modules/xhr2-cookies/dist/xml-http-request.js:289:61)
    at IncomingMessage.emit (events.js:215:7)
    at endReadableNT (_stream_readable.js:1183:12)
    at processTicksAndRejections (internal/process/task_queues.js:80:21)
